1*****************************************************************************
 *                                                                           *
 *       DATE  9/ 4/16       LOG OF 95 X86_64 Windows_NT NASTRAN JOB         *
 *                                                                           *
 *****************************************************************************

   WALL               TOTAL       INCREMENTAL      MODULE              MODULE/
   CLOCK               CPU            CPU            CPU             SUBROUTINE
   TIME              SECONDS        SECONDS        SECONDS             STATUS

 ------------------------------------------------------------------------------

 22:26:56.593         0.000          0.000                    SEM1  BEGN
 22:26:56.594         0.000          0.000                    GNFI
 22:26:56.594         0.000          0.000                    TTIO
 22:26:56.596         0.000          0.000                    TTLP
 22:26:56.597         0.000          0.000                    XCSA
 ID    D01011C,RESTART                                                   
 22:26:56.639         0.000          0.000                    IFP1
 TITLE    = DELTA WING              RESTART, REAL EIGENVALUE ANALYSIS    
 22:26:56.642         0.000          0.000                    XSOR
 22:26:56.662         0.000          0.000                    IFP   BEGN
 22:26:56.663         0.000          0.000                    IFP   END 
 22:26:56.663         0.000          0.000                    XGPI
 22:26:56.666         0.000          0.000                    BAND  IT  BEGN
 22:26:56.666         0.000          0.000                    BAND  IT  QUIT
 22:26:56.666         0.000          0.000                    SEM1  END 
 22:26:56.666         0.000          0.000                       4  PARAM     BEGN
 22:26:56.666         0.000          0.000          0.000        4  PARAM     END 
 22:26:56.666         0.000          0.000                      23  EQUIV     BEGN
 22:26:56.666         0.000          0.000          0.000       23  EQUIV     END 
 22:26:56.666         0.000          0.000                      26  PARAM     BEGN
 22:26:56.666         0.000          0.000          0.000       26  PARAM     END 
 22:26:56.666         0.000          0.000                    XSFA      BEGN
 22:26:56.667         0.000          0.000                    XSFA      END 
 22:26:56.667         0.000          0.000                      27  EMG       BEGN
 22:26:56.675         0.016          0.000          0.016       27  EMG       END 
 22:26:56.675         0.016          0.000                      32  COND      BEGN
 22:26:56.675         0.016          0.000          0.000       32  COND      END 
 22:26:56.675         0.016          0.000                      33  EMA       BEGN
 22:26:56.676         0.016          0.000          0.000       33  EMA       END 
 22:26:56.676         0.016          0.000                      48  PURGE     BEGN
 22:26:56.676         0.016          0.000          0.000       48  PURGE     END 
 22:26:56.676         0.016          0.000                      49  EQUIV     BEGN
 22:26:56.676         0.016          0.000          0.000       49  EQUIV     END 
 22:26:56.676         0.016          0.000                      50  COND      BEGN
 22:26:56.676         0.016          0.000          0.000       50  COND      END 
 22:26:56.676         0.016          0.000                      54  EQUIV     BEGN
 22:26:56.676         0.016          0.000          0.000       54  EQUIV     END 
 22:26:56.676         0.016          0.000                      55  COND      BEGN
 22:26:56.676         0.016          0.000          0.000       55  COND      END 
 22:26:56.676         0.016          0.000                      56  SCE1      BEGN
 22:26:56.677         0.016          0.000          0.000       56  SCE1      END 
 22:26:56.677         0.016          0.000                      59  EQUIV     BEGN
 22:26:56.677         0.016          0.000          0.000       59  EQUIV     END 
 22:26:56.677         0.016          0.000                      60  COND      BEGN
 22:26:56.677         0.016          0.000          0.000       60  COND      END 
 22:26:56.677         0.016          0.000                      64  COND      BEGN
 22:26:56.677         0.016          0.000          0.000       64  COND      END 
 22:26:56.677         0.016          0.000                    XSFA      BEGN
 22:26:56.677         0.016          0.000                    XSFA      END 
 22:26:56.677         0.016          0.000                      70  DPD       BEGN
 22:26:56.677         0.016          0.000          0.000       70  DPD       END 
 22:26:56.677         0.016          0.000                      71  COND      BEGN
 22:26:56.677         0.016          0.000          0.000       71  COND      END 
 22:26:56.677         0.016          0.000                      73  READ      BEGN
 22:26:56.677         0.016          0.000                    SMCO  MP  BEGN          
 22:26:56.678         0.016          0.000                    SMCO  MP  END           
 22:26:56.678         0.016          0.000                    FBS2  BEGN
 22:26:56.678         0.016          0.000                    FBS2  END 
 22:26:56.678         0.016          0.000                    FBS2  BEGN
 22:26:56.678         0.016          0.000                    FBS2  END 
 22:26:56.678         0.016          0.000                    FBS2  BEGN
 22:26:56.678         0.016          0.000                    FBS2  END 
 22:26:56.678         0.016          0.000                    FBS2  BEGN
 22:26:56.678         0.016          0.000                    FBS2  END 
 22:26:56.679         0.016          0.000                    SMCO  MP  BEGN          
 22:26:56.679         0.016          0.000                    SMCO  MP  END           
 22:26:56.679         0.016          0.000                    FBS2  BEGN
 22:26:56.679         0.016          0.000                    FBS2  END 
 22:26:56.679         0.016          0.000                    FBS2  BEGN
 22:26:56.679         0.016          0.000                    FBS2  END 
 22:26:56.679         0.016          0.000                    FBS2  BEGN
 22:26:56.679         0.016          0.000                    FBS2  END 
 22:26:56.679         0.016          0.000                    FBS2  BEGN
 22:26:56.679         0.016          0.000                    FBS2  END 
 22:26:56.679         0.016          0.000                    FBS2  BEGN
 22:26:56.680         0.016          0.000                    FBS2  END 
 22:26:56.680         0.016          0.000                    FBS2  BEGN
 22:26:56.680         0.016          0.000                    FBS2  END 
 22:26:56.680         0.016          0.000                    FBS2  BEGN
 22:26:56.680         0.016          0.000                    FBS2  END 
 22:26:56.680         0.016          0.000                    SMCO  MP  BEGN          
 22:26:56.680         0.016          0.000                    SMCO  MP  END           
 22:26:56.680         0.016          0.000                    FBS2  BEGN
 22:26:56.680         0.016          0.000                    FBS2  END 
 22:26:56.680         0.016          0.000                    FBS2  BEGN
 22:26:56.680         0.016          0.000                    FBS2  END 
 22:26:56.681         0.016          0.000                    FBS2  BEGN
 22:26:56.681         0.016          0.000                    FBS2  END 
 22:26:56.681         0.016          0.000                    FBS2  BEGN
 22:26:56.681         0.016          0.000                    FBS2  END 
 22:26:56.681         0.016          0.000                    FBS2  BEGN
 22:26:56.681         0.016          0.000                    FBS2  END 
 22:26:56.681         0.016          0.000                    FBS2  BEGN
 22:26:56.681         0.016          0.000                    FBS2  END 
 22:26:56.681         0.016          0.000                    SMCO  MP  BEGN          
 22:26:56.681         0.016          0.000                    SMCO  MP  END           
 22:26:56.682         0.016          0.000                    FBS2  BEGN
 22:26:56.682         0.016          0.000                    FBS2  END 
 22:26:56.682         0.016          0.000                    FBS2  BEGN
 22:26:56.682         0.016          0.000                    FBS2  END 
 22:26:56.682         0.016          0.000                    MMA       BEGN
 22:26:56.682         0.016          0.000                    MMA2  1   BEGN
 22:26:56.682         0.016          0.000                    MMA2  1   END 
   METHOD USED = 21NT  ACTUAL NUMBER OF PASSES =   1
 22:26:56.682         0.016          0.000                    MMA       END 
 22:26:56.682         0.016          0.000                    MMA       BEGN
 22:26:56.682         0.016          0.000                    MMA1  0   BEGN
 22:26:56.682         0.016          0.000                    MMA1  0   END 
   METHOD USED = 10T   ACTUAL NUMBER OF PASSES =   1
 22:26:56.682         0.016          0.000                    MMA       END 
 22:26:56.682         0.016          0.000          0.000       73  READ      END 
 22:26:56.682         0.016          0.000                      74  OFP       BEGN
 22:26:56.682         0.016          0.000          0.000       74  OFP       END 
 22:26:56.682         0.016          0.000                      75  COND      BEGN
 22:26:56.682         0.016          0.000          0.000       75  COND      END 
 22:26:56.682         0.016          0.000                      76  OFP       BEGN
 22:26:56.683         0.016          0.000          0.000       76  OFP       END 
 22:26:56.683         0.016          0.000                      77  SDR1      BEGN
 22:26:56.683         0.016          0.000                    MMA       BEGN
 22:26:56.683         0.016          0.000                    MMA2  1   BEGN
 22:26:56.683         0.016          0.000                    MMA2  1   END 
   METHOD USED = 21T   ACTUAL NUMBER OF PASSES =   1
 22:26:56.683         0.016          0.000                    MMA       END 
 22:26:56.683         0.016          0.000          0.000       77  SDR1      END 
 22:26:56.683         0.016          0.000                      78  COND      BEGN
 22:26:56.683         0.016          0.000          0.000       78  COND      END 
 22:26:56.683         0.016          0.000                      82  SDR2      BEGN
 22:26:56.684         0.016          0.000          0.000       82  SDR2      END 
 22:26:56.684         0.016          0.000                      83  OFP       BEGN
 22:26:56.737         0.047          0.031          0.031       83  OFP       END 
 22:26:56.737         0.047          0.000                      84  SCAN      BEGN
 22:26:56.737         0.047          0.000          0.000       84  SCAN      END 
 22:26:56.737         0.047          0.000                      85  OFP       BEGN
 22:26:56.737         0.047          0.000          0.000       85  OFP       END 
 22:26:56.737         0.047          0.000                      86  GPFDR     BEGN
 22:26:56.737         0.047          0.000          0.000       86  GPFDR     END 
 22:26:56.737         0.047          0.000                      87  OFP       BEGN
 22:26:56.737         0.047          0.000          0.000       87  OFP       END 
 22:26:56.737         0.047          0.000                      93  JUMP      BEGN
 22:26:56.737         0.047          0.000          0.000       93  JUMP      END 
 22:26:56.737         0.047          0.000                     103  PURGE     BEGN
 22:26:56.737         0.047          0.000          0.000      103  PURGE     END 
 22:26:56.737         0.047          0.000                     104  EXIT      BEGN
1     STATISTICS ON IN-MEMORY DATA BASE AND DISK I/O USAGE

         LENGTH (IN WORDS) OF OPEN CORE ALLOCATED                   2000000
         LENGTH (IN WORDS) OF IN-MEMORY DATA BASE ALLOCATED        12000000
         NUMBER OF BLOCKS USED IN THE IN-MEMORY DATA BASE               125
         NUMBER OF BLOCKS ALLOCATED FOR THE IN-MEMORY DATA            11661
         PERCENTAGE OF IN-MEMORY DATA USED                                1%
         TOTAL BLOCKS WRITTEN TO DISK                              20000006
         BLOCK SIZE (IN WORDS)                                         1024
         NUMBER OF OPENS TO DISK FILES                                   14
         NUMBER OF CLOSES TO DISK FILES                                  14
         NUMBER OF WRITES TO DISK FILES                                   9
         NUMBER OF READS FROM DISK FILES                                 94
         MEMORY (IN WORDS) NOT USED BY IN-MEM. DATA BASE           11916688
