1*****************************************************************************
 *                                                                           *
 *       DATE 12/27/16       LOG OF 95 X86_64 Windows_NT NASTRAN JOB         *
 *                                                                           *
 *****************************************************************************

   WALL               TOTAL       INCREMENTAL      MODULE              MODULE/
   CLOCK               CPU            CPU            CPU             SUBROUTINE
   TIME              SECONDS        SECONDS        SECONDS             STATUS

 ------------------------------------------------------------------------------

 10:32:41.487         0.000          0.000                    SEM1  BEGN
 10:32:41.488         0.000          0.000                    GNFI
 10:32:41.489         0.000          0.000                    TTIO
 10:32:41.491         0.000          0.000                    TTLP
 10:32:41.491         0.000          0.000                    XCSA
 ID    D04011A,NASTRAN                                                   
 10:32:41.511         0.000          0.000                    IFP1
 TITLE    = DIFFERENTIAL STIFFNESS ANALYSIS FOR A HANGING CABLE          
 10:32:41.515         0.000          0.000                    XSOR
 10:32:41.521         0.000          0.000                    IFP   BEGN
 10:32:41.521         0.000          0.000                    IFP   END 
 10:32:41.521         0.000          0.000                    XGPI
 10:32:41.522         0.000          0.000                    BAND  IT  BEGN
 10:32:41.522         0.000          0.000                    BAND  IT  QUIT
 10:32:41.522         0.000          0.000                    SEM1  END 
 10:32:41.523         0.000          0.000                       3  PARAM     BEGN
 10:32:41.523         0.000          0.000          0.000        3  PARAM     END 
 10:32:41.523         0.000          0.000                    XSFA      BEGN
 10:32:41.523         0.000          0.000                    XSFA      END 
 10:32:41.523         0.000          0.000                       4  GP1       BEGN
 10:32:41.529         0.000          0.000          0.000        4  GP1       END 
 10:32:41.529         0.000          0.000                       5  ANISOP    BEGN
 10:32:41.529         0.000          0.000          0.000        5  ANISOP    END 
 10:32:41.529         0.000          0.000                       6  EQUIV     BEGN
 10:32:41.529         0.000          0.000          0.000        6  EQUIV     END 
 10:32:41.529         0.000          0.000                       7  COND      BEGN
 10:32:41.529         0.000          0.000          0.000        7  COND      END 
 10:32:41.529         0.000          0.000                       8  PLTTRAN   BEGN
 10:32:41.529         0.000          0.000          0.000        8  PLTTRAN   END 
 10:32:41.529         0.000          0.000                       9  GP2       BEGN
 10:32:41.529         0.000          0.000          0.000        9  GP2       END 
 10:32:41.529         0.000          0.000                      10  PARAML    BEGN
 10:32:41.529         0.000          0.000          0.000       10  PARAML    END 
 10:32:41.529         0.000          0.000                      11  PURGE     BEGN
 10:32:41.529         0.000          0.000          0.000       11  PURGE     END 
 10:32:41.529         0.000          0.000                      12  COND      BEGN
 10:32:41.529         0.000          0.000          0.000       12  COND      END 
 10:32:41.529         0.000          0.000                      21  GP3       BEGN
 10:32:41.529         0.000          0.000          0.000       21  GP3       END 
 10:32:41.529         0.000          0.000                      22  PARAM     BEGN
 10:32:41.529         0.000          0.000          0.000       22  PARAM     END 
 10:32:41.529         0.000          0.000                      23  TA1       BEGN
 10:32:41.529         0.000          0.000          0.000       23  TA1       END 
 10:32:41.529         0.000          0.000                      24  EQUIV     BEGN
 10:32:41.529         0.000          0.000          0.000       24  EQUIV     END 
 10:32:41.529         0.000          0.000                      25  COND      BEGN
 10:32:41.529         0.000          0.000          0.000       25  COND      END 
 10:32:41.529         0.000          0.000                      26  PARAM     BEGN
 10:32:41.529         0.000          0.000          0.000       26  PARAM     END 
 10:32:41.529         0.000          0.000                      27  EMG       BEGN
 10:32:41.534         0.000          0.000          0.000       27  EMG       END 
 10:32:41.534         0.000          0.000                      28  PURGE     BEGN
 10:32:41.534         0.000          0.000          0.000       28  PURGE     END 
 10:32:41.534         0.000          0.000                      29  COND      BEGN
 10:32:41.534         0.000          0.000          0.000       29  COND      END 
 10:32:41.534         0.000          0.000                      30  EMA       BEGN
 10:32:41.534         0.000          0.000          0.000       30  EMA       END 
 10:32:41.534         0.000          0.000                      31  PURGE     BEGN
 10:32:41.534         0.000          0.000          0.000       31  PURGE     END 
 10:32:41.534         0.000          0.000                      33  COND      BEGN
 10:32:41.534         0.000          0.000          0.000       33  COND      END 
 10:32:41.534         0.000          0.000                      34  EMA       BEGN
 10:32:41.534         0.000          0.000          0.000       34  EMA       END 
 10:32:41.534         0.000          0.000                      35  PURGE     BEGN
 10:32:41.534         0.000          0.000          0.000       35  PURGE     END 
 10:32:41.534         0.000          0.000                      37  COND      BEGN
 10:32:41.534         0.000          0.000          0.000       37  COND      END 
 10:32:41.534         0.000          0.000                      42  EQUIV     BEGN
 10:32:41.534         0.000          0.000          0.000       42  EQUIV     END 
 10:32:41.534         0.000          0.000                      43  COND      BEGN
 10:32:41.534         0.000          0.000          0.000       43  COND      END 
 10:32:41.534         0.000          0.000                      46  GPSTGEN   BEGN
 10:32:41.534         0.000          0.000          0.000       46  GPSTGEN   END 
 10:32:41.534         0.000          0.000                      47  PARAM     BEGN
 10:32:41.534         0.000          0.000          0.000       47  PARAM     END 
 10:32:41.534         0.000          0.000                    XSFA      BEGN
 10:32:41.534         0.000          0.000                    XSFA      END 
 10:32:41.534         0.000          0.000                      48  CASE      BEGN
 10:32:41.534         0.000          0.000          0.000       48  CASE      END 
 10:32:41.534         0.000          0.000                      49  GP4       BEGN
 10:32:41.534         0.000          0.000          0.000       49  GP4       END 
 10:32:41.534         0.000          0.000                      50  OFP       BEGN
 10:32:41.534         0.000          0.000          0.000       50  OFP       END 
 10:32:41.534         0.000          0.000                      51  COND      BEGN
 10:32:41.535         0.000          0.000          0.000       51  COND      END 
 10:32:41.535         0.000          0.000                      52  COND      BEGN
 10:32:41.535         0.000          0.000          0.000       52  COND      END 
 10:32:41.535         0.000          0.000                      55  PURGE     BEGN
 10:32:41.535         0.000          0.000          0.000       55  PURGE     END 
 10:32:41.535         0.000          0.000                      56  EQUIV     BEGN
 10:32:41.535         0.000          0.000          0.000       56  EQUIV     END 
 10:32:41.535         0.000          0.000                      57  COND      BEGN
 10:32:41.535         0.000          0.000          0.000       57  COND      END 
 10:32:41.535         0.000          0.000                      61  EQUIV     BEGN
 10:32:41.535         0.000          0.000          0.000       61  EQUIV     END 
 10:32:41.535         0.000          0.000                      62  COND      BEGN
 10:32:41.535         0.000          0.000          0.000       62  COND      END 
 10:32:41.535         0.000          0.000                    XSFA      BEGN
 10:32:41.535         0.000          0.000                    XSFA      END 
 10:32:41.535         0.000          0.000                      63  SCE1      BEGN
 10:32:41.535         0.000          0.000          0.000       63  SCE1      END 
 10:32:41.535         0.000          0.000                      65  EQUIV     BEGN
 10:32:41.535         0.000          0.000          0.000       65  EQUIV     END 
 10:32:41.535         0.000          0.000                      66  COND      BEGN
 10:32:41.535         0.000          0.000          0.000       66  COND      END 
 10:32:41.535         0.000          0.000                    XSFA      BEGN
 10:32:41.535         0.000          0.000                    XSFA      END 
 10:32:41.535         0.000          0.000                      69  RBMG2     BEGN
 10:32:41.535         0.000          0.000                    SMCO  MP  BEGN          
 10:32:41.535         0.000          0.000                    SMCO  MP  END           
 10:32:41.535         0.000          0.000          0.000       69  RBMG2     END 
 10:32:41.535         0.000          0.000                      70  SSG1      BEGN
 10:32:41.539         0.000          0.000                    MMA       BEGN
 10:32:41.539         0.000          0.000                    MMA3  1   BEGN
 10:32:41.539         0.000          0.000                    MMA3  1   END 
   METHOD USED = 31NT  ACTUAL NUMBER OF PASSES =   1
 10:32:41.539         0.000          0.000                    MMA       END 
 10:32:41.543         0.000          0.000          0.000       70  SSG1      END 
 10:32:41.543         0.000          0.000                      71  EQUIV     BEGN
 10:32:41.543         0.000          0.000          0.000       71  EQUIV     END 
 10:32:41.543         0.000          0.000                      72  COND      BEGN
 10:32:41.543         0.000          0.000          0.000       72  COND      END 
 10:32:41.543         0.000          0.000                      73  SSG2      BEGN
 10:32:41.543         0.000          0.000                    MMA       BEGN
       MMA - NULL MATRIX PRODUCT
 10:32:41.543         0.000          0.000                    MMA       END 
 10:32:41.543         0.000          0.000          0.000       73  SSG2      END 
 10:32:41.543         0.000          0.000                      75  SSG3      BEGN
 10:32:41.543         0.000          0.000                    FBSI  BEGN
 10:32:41.543         0.000          0.000                    FBS2  BEGN
 10:32:41.543         0.000          0.000                    FBS2  END 
 10:32:41.543         0.000          0.000                    FBSI  END 
 10:32:41.543         0.000          0.000                    MMA       BEGN
 10:32:41.543         0.000          0.000                    MMA2  1   BEGN
 10:32:41.543         0.000          0.000                    MMA2  1   END 
   METHOD USED = 21NT  ACTUAL NUMBER OF PASSES =   1
 10:32:41.543         0.000          0.000                    MMA       END 
 10:32:41.543         0.000          0.000          0.000       75  SSG3      END 
 10:32:41.543         0.000          0.000                      76  COND      BEGN
 10:32:41.543         0.000          0.000          0.000       76  COND      END 
 10:32:41.543         0.000          0.000                    XSFA      BEGN
 10:32:41.544         0.000          0.000                    XSFA      END 
 10:32:41.544         0.000          0.000                      80  SDR1      BEGN
 10:32:41.544         0.000          0.000                    MMA       BEGN
 10:32:41.544         0.000          0.000                    MMA2  1   BEGN
 10:32:41.544         0.000          0.000                    MMA2  1   END 
   METHOD USED = 21T   ACTUAL NUMBER OF PASSES =   1
 10:32:41.544         0.000          0.000                    MMA       END 
 10:32:41.544         0.000          0.000          0.000       80  SDR1      END 
 10:32:41.544         0.000          0.000                      81  SDR2      BEGN
 10:32:41.544         0.000          0.000          0.000       81  SDR2      END 
 10:32:41.544         0.000          0.000                      82  OFP       BEGN
 10:32:41.557         0.000          0.000          0.000       82  OFP       END 
 10:32:41.557         0.000          0.000                      83  OFP       BEGN
 10:32:41.557         0.000          0.000          0.000       83  OFP       END 
 10:32:41.557         0.000          0.000                      84  SCAN      BEGN
 10:32:41.557         0.000          0.000          0.000       84  SCAN      END 
 10:32:41.557         0.000          0.000                      85  OFP       BEGN
 10:32:41.557         0.000          0.000          0.000       85  OFP       END 
 10:32:41.557         0.000          0.000                      86  COND      BEGN
 10:32:41.557         0.000          0.000          0.000       86  COND      END 
 10:32:41.557         0.000          0.000                      90  TA1       BEGN
 10:32:41.557         0.000          0.000          0.000       90  TA1       END 
 10:32:41.557         0.000          0.000                      91  DSMG1     BEGN
 10:32:41.558         0.000          0.000          0.000       91  DSMG1     END 
 10:32:41.558         0.000          0.000                      92  PARAM     BEGN
 10:32:41.558         0.000          0.000          0.000       92  PARAM     END 
 10:32:41.558         0.000          0.000                      93  PARAM     BEGN
 10:32:41.558         0.000          0.000          0.000       93  PARAM     END 
 10:32:41.558         0.000          0.000                      94  PARAMR    BEGN
 10:32:41.558         0.000          0.000          0.000       94  PARAMR    END 
 10:32:41.558         0.000          0.000                      95  PARAML    BEGN
 10:32:41.558         0.000          0.000          0.000       95  PARAML    END 
 10:32:41.558         0.000          0.000                      97  EQUIV     BEGN
 10:32:41.558         0.000          0.000          0.000       97  EQUIV     END 
 10:32:41.558         0.000          0.000                      98  PARAM     BEGN
 10:32:41.558         0.000          0.000          0.000       98  PARAM     END 
 10:32:41.558         0.000          0.000                      99  EQUIV     BEGN
 10:32:41.558         0.000          0.000          0.000       99  EQUIV     END 
 10:32:41.558         0.000          0.000                     100  COND      BEGN
 10:32:41.558         0.000          0.000          0.000      100  COND      END 
 10:32:41.559         0.000          0.000                     103  EQUIV     BEGN
 10:32:41.559         0.000          0.000          0.000      103  EQUIV     END 
 10:32:41.559         0.000          0.000                     104  COND      BEGN
 10:32:41.559         0.000          0.000          0.000      104  COND      END 
 10:32:41.559         0.000          0.000                     105  SCE1      BEGN
 10:32:41.559         0.000          0.000          0.000      105  SCE1      END 
 10:32:41.559         0.000          0.000                     107  EQUIV     BEGN
 10:32:41.559         0.000          0.000          0.000      107  EQUIV     END 
 10:32:41.559         0.000          0.000                     108  COND      BEGN
 10:32:41.559         0.000          0.000          0.000      108  COND      END 
 10:32:41.559         0.000          0.000                     111  ADD       BEGN
 10:32:41.559         0.000          0.000          0.000      111  ADD       END 
 10:32:41.559         0.000          0.000                     112  ADD       BEGN
 10:32:41.559         0.000          0.000          0.000      112  ADD       END 
 10:32:41.559         0.000          0.000                     113  ADD       BEGN
 10:32:41.559         0.000          0.000          0.000      113  ADD       END 
 10:32:41.559         0.000          0.000                     114  COND      BEGN
 10:32:41.559         0.000          0.000          0.000      114  COND      END 
 10:32:41.559         0.000          0.000                    XSFA      BEGN
 10:32:41.559         0.000          0.000                    XSFA      END 
 10:32:41.559         0.000          0.000                     125  ADD       BEGN
 10:32:41.560         0.000          0.000          0.000      125  ADD       END 
 10:32:41.560         0.000          0.000                     126  RBMG2     BEGN
 10:32:41.560         0.000          0.000                    SMCO  MP  BEGN          
 10:32:41.560         0.000          0.000                    SMCO  MP  END           
 10:32:41.560         0.000          0.000          0.000      126  RBMG2     END 
 10:32:41.560         0.000          0.000                     127  PRTPARM   BEGN
 10:32:41.560         0.000          0.000          0.000      127  PRTPARM   END 
 10:32:41.560         0.000          0.000                     128  PRTPARM   BEGN
 10:32:41.560         0.000          0.000          0.000      128  PRTPARM   END 
 10:32:41.560         0.000          0.000                     130  PARAM     BEGN
 10:32:41.560         0.000          0.000          0.000      130  PARAM     END 
 10:32:41.560         0.000          0.000                     131  SSG2      BEGN
 10:32:41.560         0.000          0.000                    MMA       BEGN
       MMA - NULL MATRIX PRODUCT
 10:32:41.560         0.000          0.000                    MMA       END 
 10:32:41.560         0.000          0.000          0.000      131  SSG2      END 
 10:32:41.560         0.000          0.000                     132  SSG3      BEGN
 10:32:41.560         0.000          0.000                    FBSI  BEGN
 10:32:41.560         0.000          0.000                    FBS2  BEGN
 10:32:41.560         0.000          0.000                    FBS2  END 
 10:32:41.560         0.000          0.000                    FBSI  END 
 10:32:41.560         0.000          0.000                    MMA       BEGN
 10:32:41.560         0.000          0.000                    MMA2  1   BEGN
 10:32:41.560         0.000          0.000                    MMA2  1   END 
   METHOD USED = 21NT  ACTUAL NUMBER OF PASSES =   1
 10:32:41.560         0.000          0.000                    MMA       END 
 10:32:41.560         0.000          0.000          0.000      132  SSG3      END 
 10:32:41.560         0.000          0.000                     133  COND      BEGN
 10:32:41.560         0.000          0.000          0.000      133  COND      END 
 10:32:41.560         0.000          0.000                     136  SDR1      BEGN
 10:32:41.561         0.000          0.000                    MMA       BEGN
 10:32:41.561         0.000          0.000                    MMA2  1   BEGN
 10:32:41.561         0.000          0.000                    MMA2  1   END 
   METHOD USED = 21T   ACTUAL NUMBER OF PASSES =   1
 10:32:41.561         0.000          0.000                    MMA       END 
 10:32:41.561         0.000          0.000          0.000      136  SDR1      END 
 10:32:41.561         0.000          0.000                     137  ADD       BEGN
 10:32:41.561         0.000          0.000          0.000      137  ADD       END 
 10:32:41.561         0.000          0.000                     138  DSMG1     BEGN
 10:32:41.561         0.000          0.000          0.000      138  DSMG1     END 
 10:32:41.561         0.000          0.000                     139  MPYAD     BEGN
 10:32:41.561         0.000          0.000                    MMA       BEGN
 10:32:41.561         0.000          0.000                    MMA3  1   BEGN
 10:32:41.561         0.000          0.000                    MMA3  1   END 
   METHOD USED = 31NT  ACTUAL NUMBER OF PASSES =   1
 10:32:41.561         0.000          0.000                    MMA       END 
 10:32:41.561         0.000          0.000          0.000      139  MPYAD     END 
 10:32:41.561         0.000          0.000                     140  DSCHK     BEGN
 10:32:41.562         0.000          0.000                    MMA       BEGN
 10:32:41.562         0.000          0.000                    MMA3  2   BEGN
 10:32:41.562         0.000          0.000                    MMA3  2   END 
   METHOD USED = 32T   ACTUAL NUMBER OF PASSES =   1
 10:32:41.562         0.000          0.000                    MMA       END 
 10:32:41.562         0.000          0.000                    MMA       BEGN
 10:32:41.562         0.000          0.000                    MMA3  1   BEGN
 10:32:41.562         0.000          0.000                    MMA3  1   END 
   METHOD USED = 31T   ACTUAL NUMBER OF PASSES =   1
 10:32:41.562         0.000          0.000                    MMA       END 
 10:32:41.562         0.000          0.000          0.000      140  DSCHK     END 
 10:32:41.562         0.000          0.000                     141  COND      BEGN
 10:32:41.562         0.000          0.000          0.000      141  COND      END 
 10:32:41.562         0.000          0.000                     142  COND      BEGN
 10:32:41.562         0.000          0.000          0.000      142  COND      END 
 10:32:41.562         0.000          0.000                     143  EQUIV     BEGN
 10:32:41.562         0.000          0.000          0.000      143  EQUIV     END 
 10:32:41.562         0.000          0.000                     144  REPT      BEGN
 10:32:41.562         0.000          0.000          0.000      144  REPT      END 
 10:32:41.562         0.000          0.000                     130  PARAM     BEGN
 10:32:41.562         0.000          0.000          0.000      130  PARAM     END 
 10:32:41.562         0.000          0.000                    XSFA      BEGN
 10:32:41.562         0.000          0.000                    XSFA      END 
 10:32:41.562         0.000          0.000                     131  SSG2      BEGN
 10:32:41.562         0.000          0.000                    MMA       BEGN
       MMA - NULL MATRIX PRODUCT
 10:32:41.562         0.000          0.000                    MMA       END 
 10:32:41.562         0.000          0.000          0.000      131  SSG2      END 
 10:32:41.563         0.000          0.000                     132  SSG3      BEGN
 10:32:41.563         0.000          0.000                    FBSI  BEGN
 10:32:41.563         0.000          0.000                    FBS2  BEGN
 10:32:41.563         0.000          0.000                    FBS2  END 
 10:32:41.563         0.000          0.000                    FBSI  END 
 10:32:41.563         0.000          0.000                    MMA       BEGN
 10:32:41.563         0.000          0.000                    MMA2  1   BEGN
 10:32:41.563         0.000          0.000                    MMA2  1   END 
   METHOD USED = 21NT  ACTUAL NUMBER OF PASSES =   1
 10:32:41.563         0.000          0.000                    MMA       END 
 10:32:41.563         0.000          0.000          0.000      132  SSG3      END 
 10:32:41.563         0.000          0.000                     133  COND      BEGN
 10:32:41.563         0.000          0.000          0.000      133  COND      END 
 10:32:41.563         0.000          0.000                     136  SDR1      BEGN
 10:32:41.563         0.000          0.000                    MMA       BEGN
 10:32:41.563         0.000          0.000                    MMA2  1   BEGN
 10:32:41.563         0.000          0.000                    MMA2  1   END 
   METHOD USED = 21T   ACTUAL NUMBER OF PASSES =   1
 10:32:41.563         0.000          0.000                    MMA       END 
 10:32:41.563         0.000          0.000          0.000      136  SDR1      END 
 10:32:41.563         0.000          0.000                     137  ADD       BEGN
 10:32:41.563         0.000          0.000          0.000      137  ADD       END 
 10:32:41.563         0.000          0.000                     138  DSMG1     BEGN
 10:32:41.563         0.000          0.000          0.000      138  DSMG1     END 
 10:32:41.563         0.000          0.000                     139  MPYAD     BEGN
 10:32:41.563         0.000          0.000                    MMA       BEGN
 10:32:41.563         0.000          0.000                    MMA3  1   BEGN
 10:32:41.563         0.000          0.000                    MMA3  1   END 
   METHOD USED = 31NT  ACTUAL NUMBER OF PASSES =   1
 10:32:41.563         0.000          0.000                    MMA       END 
 10:32:41.563         0.000          0.000          0.000      139  MPYAD     END 
 10:32:41.563         0.000          0.000                     140  DSCHK     BEGN
 10:32:41.563         0.000          0.000                    MMA       BEGN
 10:32:41.563         0.000          0.000                    MMA3  2   BEGN
 10:32:41.563         0.000          0.000                    MMA3  2   END 
   METHOD USED = 32T   ACTUAL NUMBER OF PASSES =   1
 10:32:41.563         0.000          0.000                    MMA       END 
 10:32:41.563         0.000          0.000                    MMA       BEGN
 10:32:41.563         0.000          0.000                    MMA3  1   BEGN
 10:32:41.564         0.000          0.000                    MMA3  1   END 
   METHOD USED = 31T   ACTUAL NUMBER OF PASSES =   1
 10:32:41.564         0.000          0.000                    MMA       END 
 10:32:41.564         0.000          0.000          0.000      140  DSCHK     END 
 10:32:41.564         0.000          0.000                     141  COND      BEGN
 10:32:41.564         0.000          0.000          0.000      141  COND      END 
 10:32:41.564         0.000          0.000                     153  SDR2      BEGN
 10:32:41.564         0.000          0.000          0.000      153  SDR2      END 
 10:32:41.564         0.000          0.000                     154  OFP       BEGN
 10:32:41.574         0.016          0.000          0.016      154  OFP       END 
 10:32:41.574         0.016          0.000                     155  OFP       BEGN
 10:32:41.574         0.016          0.000          0.000      155  OFP       END 
 10:32:41.574         0.016          0.000                     156  COND      BEGN
 10:32:41.574         0.016          0.000          0.000      156  COND      END 
 10:32:41.574         0.016          0.000                     160  JUMP      BEGN
 10:32:41.574         0.016          0.000          0.000      160  JUMP      END 
 10:32:41.574         0.016          0.000                     172  PURGE     BEGN
 10:32:41.574         0.016          0.000          0.000      172  PURGE     END 
 10:32:41.574         0.016          0.000                     173  EXIT      BEGN
1     STATISTICS ON IN-MEMORY DATA BASE AND DISK I/O USAGE

         LENGTH (IN WORDS) OF OPEN CORE ALLOCATED                   2000000
         LENGTH (IN WORDS) OF IN-MEMORY DATA BASE ALLOCATED        12000000
         NUMBER OF BLOCKS USED IN THE IN-MEMORY DATA BASE                52
         NUMBER OF BLOCKS ALLOCATED FOR THE IN-MEMORY DATA            11661
         PERCENTAGE OF IN-MEMORY DATA USED                                0%
         TOTAL BLOCKS WRITTEN TO DISK                              20000003
         BLOCK SIZE (IN WORDS)                                         1024
         NUMBER OF OPENS TO DISK FILES                                    6
         NUMBER OF CLOSES TO DISK FILES                                   6
         NUMBER OF WRITES TO DISK FILES                                   5
         NUMBER OF READS FROM DISK FILES                                  6
         MEMORY (IN WORDS) NOT USED BY IN-MEM. DATA BASE           11992097
