1*****************************************************************************
 *                                                                           *
 *       DATE 10/ 8/16       LOG OF 95 X86_64 Windows_NT NASTRAN JOB         *
 *                                                                           *
 *****************************************************************************

   WALL               TOTAL       INCREMENTAL      MODULE              MODULE/
   CLOCK               CPU            CPU            CPU             SUBROUTINE
   TIME              SECONDS        SECONDS        SECONDS             STATUS

 ------------------------------------------------------------------------------

 17:46:21.620         0.000          0.000                    SEM1  BEGN
 17:46:21.622         0.000          0.000                    GNFI
 17:46:21.622         0.000          0.000                    TTIO
 17:46:21.625         0.000          0.000                    TTLP
 17:46:21.625         0.000          0.000                    XCSA
 ID    D01121A,NASTRAN                                                   
 17:46:21.641         0.000          0.000                    IFP1
 TITLE    = LINEAR STEADY STATE HEAT CONDUCTION THROUGH A WASHER         
 17:46:21.643         0.000          0.000                    XSOR
 17:46:21.648         0.016          0.000                    IFP   BEGN
 17:46:21.648         0.016          0.000                    IFP   END 
 17:46:21.648         0.016          0.000                    XGPI
 17:46:21.649         0.016          0.000                    BAND  IT  BEGN
 17:46:21.649         0.016          0.000                    BAND  IT  QUIT
 17:46:21.649         0.016          0.000                    SEM1  END 
 17:46:21.649         0.016          0.000                       4  PARAM     BEGN
 17:46:21.649         0.016          0.000          0.000        4  PARAM     END 
 17:46:21.650         0.016          0.000                    XSFA      BEGN
 17:46:21.650         0.016          0.000                    XSFA      END 
 17:46:21.650         0.016          0.000                       5  GP1       BEGN
 17:46:21.657         0.016          0.000          0.000        5  GP1       END 
 17:46:21.657         0.016          0.000                       6  ANISOP    BEGN
 17:46:21.657         0.016          0.000          0.000        6  ANISOP    END 
 17:46:21.657         0.016          0.000                       7  EQUIV     BEGN
 17:46:21.657         0.016          0.000          0.000        7  EQUIV     END 
 17:46:21.657         0.016          0.000                       8  PLTTRAN   BEGN
 17:46:21.657         0.016          0.000          0.000        8  PLTTRAN   END 
 17:46:21.657         0.016          0.000                       9  GP2       BEGN
 17:46:21.657         0.016          0.000          0.000        9  GP2       END 
 17:46:21.657         0.016          0.000                      10  PARAML    BEGN
 17:46:21.657         0.016          0.000          0.000       10  PARAML    END 
 17:46:21.657         0.016          0.000                      11  PURGE     BEGN
 17:46:21.657         0.016          0.000          0.000       11  PURGE     END 
 17:46:21.657         0.016          0.000                      12  COND      BEGN
 17:46:21.657         0.016          0.000          0.000       12  COND      END 
 17:46:21.657         0.016          0.000                      21  GP3       BEGN
 17:46:21.657         0.016          0.000          0.000       21  GP3       END 
 17:46:21.657         0.016          0.000                      22  TA1       BEGN
 17:46:21.658         0.016          0.000          0.000       22  TA1       END 
 17:46:21.658         0.016          0.000                      23  PARAM     BEGN
 17:46:21.658         0.016          0.000          0.000       23  PARAM     END 
 17:46:21.658         0.016          0.000                      24  COND      BEGN
 17:46:21.658         0.016          0.000          0.000       24  COND      END 
 17:46:21.658         0.016          0.000                      25  PURGE     BEGN
 17:46:21.658         0.016          0.000          0.000       25  PURGE     END 
 17:46:21.658         0.016          0.000                      26  COND      BEGN
 17:46:21.658         0.016          0.000          0.000       26  COND      END 
 17:46:21.658         0.016          0.000                      27  PARAM     BEGN
 17:46:21.658         0.016          0.000          0.000       27  PARAM     END 
 17:46:21.658         0.016          0.000                      28  EMG       BEGN
 17:46:21.665         0.016          0.000          0.000       28  EMG       END 
 17:46:21.665         0.016          0.000                      29  PURGE     BEGN
 17:46:21.665         0.016          0.000          0.000       29  PURGE     END 
 17:46:21.665         0.016          0.000                      30  COND      BEGN
 17:46:21.665         0.016          0.000          0.000       30  COND      END 
 17:46:21.665         0.016          0.000                      31  EMA       BEGN
 17:46:21.665         0.016          0.000          0.000       31  EMA       END 
 17:46:21.665         0.016          0.000                      32  PURGE     BEGN
 17:46:21.665         0.016          0.000          0.000       32  PURGE     END 
 17:46:21.665         0.016          0.000                      34  EQUIV     BEGN
 17:46:21.665         0.016          0.000          0.000       34  EQUIV     END 
 17:46:21.665         0.016          0.000                      35  COND      BEGN
 17:46:21.665         0.016          0.000          0.000       35  COND      END 
 17:46:21.665         0.016          0.000                      38  GPSTGEN   BEGN
 17:46:21.665         0.016          0.000          0.000       38  GPSTGEN   END 
 17:46:21.665         0.016          0.000                      39  PARAM     BEGN
 17:46:21.665         0.016          0.000          0.000       39  PARAM     END 
 17:46:21.665         0.016          0.000                    XSFA      BEGN
 17:46:21.666         0.016          0.000                    XSFA      END 
 17:46:21.666         0.016          0.000                      41  GP4       BEGN
 17:46:21.666         0.016          0.000          0.000       41  GP4       END 
 17:46:21.666         0.016          0.000                      42  OFP       BEGN
 17:46:21.666         0.016          0.000          0.000       42  OFP       END 
 17:46:21.666         0.016          0.000                      43  COND      BEGN
 17:46:21.666         0.016          0.000          0.000       43  COND      END 
 17:46:21.666         0.016          0.000                      44  PARAM     BEGN
 17:46:21.666         0.016          0.000          0.000       44  PARAM     END 
 17:46:21.666         0.016          0.000                      45  PURGE     BEGN
 17:46:21.666         0.016          0.000          0.000       45  PURGE     END 
 17:46:21.666         0.016          0.000                      46  EQUIV     BEGN
 17:46:21.666         0.016          0.000          0.000       46  EQUIV     END 
 17:46:21.666         0.016          0.000                      47  COND      BEGN
 17:46:21.666         0.016          0.000          0.000       47  COND      END 
 17:46:21.666         0.016          0.000                      51  EQUIV     BEGN
 17:46:21.666         0.016          0.000          0.000       51  EQUIV     END 
 17:46:21.666         0.016          0.000                      52  COND      BEGN
 17:46:21.666         0.016          0.000          0.000       52  COND      END 
 17:46:21.666         0.016          0.000                      53  SCE1      BEGN
 17:46:21.666         0.016          0.000          0.000       53  SCE1      END 
 17:46:21.666         0.016          0.000                      55  EQUIV     BEGN
 17:46:21.666         0.016          0.000          0.000       55  EQUIV     END 
 17:46:21.666         0.016          0.000                      56  COND      BEGN
 17:46:21.666         0.016          0.000          0.000       56  COND      END 
 17:46:21.666         0.016          0.000                      59  EQUIV     BEGN
 17:46:21.666         0.016          0.000          0.000       59  EQUIV     END 
 17:46:21.666         0.016          0.000                      60  COND      BEGN
 17:46:21.666         0.016          0.000          0.000       60  COND      END 
 17:46:21.666         0.016          0.000                      63  RBMG2     BEGN
 17:46:21.666         0.016          0.000                    SMCO  MP  BEGN          
 17:46:21.667         0.016          0.000                    SMCO  MP  END           
 17:46:21.667         0.016          0.000          0.000       63  RBMG2     END 
 17:46:21.667         0.016          0.000                      64  COND      BEGN
 17:46:21.667         0.016          0.000          0.000       64  COND      END 
 17:46:21.667         0.016          0.000                      67  SSG1      BEGN
 17:46:21.671         0.016          0.000          0.000       67  SSG1      END 
 17:46:21.671         0.016          0.000                      68  EQUIV     BEGN
 17:46:21.671         0.016          0.000          0.000       68  EQUIV     END 
 17:46:21.671         0.016          0.000                      69  COND      BEGN
 17:46:21.671         0.016          0.000          0.000       69  COND      END 
 17:46:21.671         0.016          0.000                      70  SSG2      BEGN
 17:46:21.672         0.016          0.000                    MMA       BEGN
       MMA - NULL MATRIX PRODUCT
 17:46:21.672         0.016          0.000                    MMA       END 
 17:46:21.672         0.016          0.000          0.000       70  SSG2      END 
 17:46:21.672         0.016          0.000                      72  SSG3      BEGN
 17:46:21.672         0.016          0.000                    FBSI  BEGN
 17:46:21.672         0.016          0.000                    FBS2  BEGN
 17:46:21.672         0.016          0.000                    FBS2  END 
 17:46:21.672         0.016          0.000                    FBSI  END 
 17:46:21.672         0.016          0.000                    MMA       BEGN
 17:46:21.672         0.016          0.000                    MMA2  1   BEGN
 17:46:21.672         0.016          0.000                    MMA2  1   END 
   METHOD USED = 21NT  ACTUAL NUMBER OF PASSES =   1
 17:46:21.672         0.016          0.000                    MMA       END 
 17:46:21.672         0.016          0.000          0.000       72  SSG3      END 
 17:46:21.672         0.016          0.000                      73  COND      BEGN
 17:46:21.672         0.016          0.000          0.000       73  COND      END 
 17:46:21.672         0.016          0.000                      74  MATGPR    BEGN
 17:46:21.672         0.016          0.000          0.000       74  MATGPR    END 
 17:46:21.672         0.016          0.000                      75  MATGPR    BEGN
 17:46:21.672         0.016          0.000          0.000       75  MATGPR    END 
 17:46:21.672         0.016          0.000                      77  SDR1      BEGN
 17:46:21.672         0.016          0.000                    MMA       BEGN
 17:46:21.672         0.016          0.000                    MMA2  1   BEGN
 17:46:21.672         0.016          0.000                    MMA2  1   END 
   METHOD USED = 21T   ACTUAL NUMBER OF PASSES =   1
 17:46:21.673         0.016          0.000                    MMA       END 
 17:46:21.673         0.016          0.000          0.000       77  SDR1      END 
 17:46:21.673         0.016          0.000                      81  PARAM     BEGN
 17:46:21.673         0.016          0.000          0.000       81  PARAM     END 
 17:46:21.673         0.016          0.000                      82  COND      BEGN
 17:46:21.673         0.016          0.000          0.000       82  COND      END 
 17:46:21.673         0.016          0.000                      84  SDR2      BEGN
 17:46:21.673         0.016          0.000          0.000       84  SDR2      END 
 17:46:21.673         0.016          0.000                      85  OFP       BEGN
 17:46:21.677         0.016          0.000          0.000       85  OFP       END 
 17:46:21.677         0.016          0.000                      86  COND      BEGN
 17:46:21.677         0.016          0.000          0.000       86  COND      END 
 17:46:21.677         0.016          0.000                      90  JUMP      BEGN
 17:46:21.677         0.016          0.000          0.000       90  JUMP      END 
 17:46:21.677         0.016          0.000                     100  PURGE     BEGN
 17:46:21.677         0.016          0.000          0.000      100  PURGE     END 
 17:46:21.677         0.016          0.000                     101  EXIT      BEGN
1     STATISTICS ON IN-MEMORY DATA BASE AND DISK I/O USAGE

         LENGTH (IN WORDS) OF OPEN CORE ALLOCATED                   2000000
         LENGTH (IN WORDS) OF IN-MEMORY DATA BASE ALLOCATED        12000000
         NUMBER OF BLOCKS USED IN THE IN-MEMORY DATA BASE                45
         NUMBER OF BLOCKS ALLOCATED FOR THE IN-MEMORY DATA            11661
         PERCENTAGE OF IN-MEMORY DATA USED                                0%
         TOTAL BLOCKS WRITTEN TO DISK                              40000004
         BLOCK SIZE (IN WORDS)                                         1024
         NUMBER OF OPENS TO DISK FILES                                    6
         NUMBER OF CLOSES TO DISK FILES                                   6
         NUMBER OF WRITES TO DISK FILES                                   6
         NUMBER OF READS FROM DISK FILES                                  7
         MEMORY (IN WORDS) NOT USED BY IN-MEM. DATA BASE           11999328
