1*****************************************************************************
 *                                                                           *
 *       DATE 12/26/16       LOG OF 95 X86_64 Windows_NT NASTRAN JOB         *
 *                                                                           *
 *****************************************************************************

   WALL               TOTAL       INCREMENTAL      MODULE              MODULE/
   CLOCK               CPU            CPU            CPU             SUBROUTINE
   TIME              SECONDS        SECONDS        SECONDS             STATUS

 ------------------------------------------------------------------------------

 17:21:37.896         0.000          0.000                    SEM1  BEGN
 17:21:37.897         0.000          0.000                    GNFI
 17:21:37.898         0.000          0.000                    TTIO
 17:21:37.900         0.000          0.000                    TTLP
 17:21:37.900         0.000          0.000                    XCSA
 ID    D02035A,NASTRAN                                                   
 17:21:37.915         0.000          0.000                    ASDM  BEGN
 17:21:37.922         0.000          0.000                    ASDM  END 
 17:21:37.922         0.000          0.000                    IFP1
 TITLE    = TRUSS DYNAMIC ANALYSIS USING AUTOMATED MODAL SYNTHESIS       
 17:21:37.925         0.000          0.000                    XSOR
 17:21:37.929         0.000          0.000                    IFP   BEGN
 17:21:37.930         0.000          0.000                    IFP   END 
 17:21:37.930         0.000          0.000                    XGPI
 17:21:37.932         0.000          0.000                    BAND  IT  BEGN
 17:21:37.941         0.000          0.000                    BAND  IT  END 
 17:21:37.941         0.000          0.000                    SEM1  END 
 17:21:37.941         0.000          0.000                       4  PARAM     BEGN
 17:21:37.941         0.000          0.000          0.000        4  PARAM     END 
 17:21:37.941         0.000          0.000                    XSFA      BEGN
 17:21:37.941         0.000          0.000                    XSFA      END 
 17:21:37.941         0.000          0.000                       5  GP1       BEGN
 17:21:37.945         0.000          0.000          0.000        5  GP1       END 
 17:21:37.945         0.000          0.000                       6  ANISOP    BEGN
 17:21:37.945         0.000          0.000          0.000        6  ANISOP    END 
 17:21:37.945         0.000          0.000                       7  EQUIV     BEGN
 17:21:37.945         0.000          0.000          0.000        7  EQUIV     END 
 17:21:37.946         0.000          0.000                       8  PLTTRAN   BEGN
 17:21:37.946         0.000          0.000          0.000        8  PLTTRAN   END 
 17:21:37.946         0.000          0.000                       9  PURGE     BEGN
 17:21:37.946         0.000          0.000          0.000        9  PURGE     END 
 17:21:37.946         0.000          0.000                      10  COND      BEGN
 17:21:37.946         0.000          0.000          0.000       10  COND      END 
 17:21:37.946         0.000          0.000                      11  GP2       BEGN
 17:21:37.946         0.000          0.000          0.000       11  GP2       END 
 17:21:37.946         0.000          0.000                      12  PARAML    BEGN
 17:21:37.946         0.000          0.000          0.000       12  PARAML    END 
 17:21:37.946         0.000          0.000                      13  PURGE     BEGN
 17:21:37.946         0.000          0.000          0.000       13  PURGE     END 
 17:21:37.946         0.000          0.000                      14  COND      BEGN
 17:21:37.946         0.000          0.000          0.000       14  COND      END 
 17:21:37.946         0.000          0.000                      23  GP3       BEGN
 17:21:37.946         0.000          0.000          0.000       23  GP3       END 
 17:21:37.946         0.000          0.000                      24  TA1       BEGN
 17:21:37.946         0.000          0.000          0.000       24  TA1       END 
 17:21:37.946         0.000          0.000                      25  EQUIV     BEGN
 17:21:37.946         0.000          0.000          0.000       25  EQUIV     END 
 17:21:37.946         0.000          0.000                      26  PURGE     BEGN
 17:21:37.946         0.000          0.000          0.000       26  PURGE     END 
 17:21:37.946         0.000          0.000                      27  COND      BEGN
 17:21:37.946         0.000          0.000          0.000       27  COND      END 
 17:21:37.946         0.000          0.000                      28  PARAM     BEGN
 17:21:37.946         0.000          0.000          0.000       28  PARAM     END 
 17:21:37.946         0.000          0.000                      29  PARAM     BEGN
 17:21:37.946         0.000          0.000          0.000       29  PARAM     END 
 17:21:37.946         0.000          0.000                      30  PARAM     BEGN
 17:21:37.946         0.000          0.000          0.000       30  PARAM     END 
 17:21:37.946         0.000          0.000                      31  PARAM     BEGN
 17:21:37.946         0.000          0.000          0.000       31  PARAM     END 
 17:21:37.946         0.000          0.000                      32  EMG       BEGN
 17:21:37.951         0.000          0.000          0.000       32  EMG       END 
 17:21:37.951         0.000          0.000                      33  PURGE     BEGN
 17:21:37.951         0.000          0.000          0.000       33  PURGE     END 
 17:21:37.951         0.000          0.000                      34  COND      BEGN
 17:21:37.951         0.000          0.000          0.000       34  COND      END 
 17:21:37.951         0.000          0.000                      35  EMA       BEGN
 17:21:37.952         0.000          0.000          0.000       35  EMA       END 
 17:21:37.952         0.000          0.000                      37  COND      BEGN
 17:21:37.952         0.000          0.000          0.000       37  COND      END 
 17:21:37.952         0.000          0.000                      38  EMA       BEGN
 17:21:37.952         0.000          0.000          0.000       38  EMA       END 
 17:21:37.952         0.000          0.000                      39  PURGE     BEGN
 17:21:37.952         0.000          0.000          0.000       39  PURGE     END 
 17:21:37.952         0.000          0.000                      41  COND      BEGN
 17:21:37.952         0.000          0.000          0.000       41  COND      END 
 17:21:37.952         0.000          0.000                      45  COND      BEGN
 17:21:37.952         0.000          0.000          0.000       45  COND      END 
 17:21:37.952         0.000          0.000                      48  PURGE     BEGN
 17:21:37.952         0.000          0.000          0.000       48  PURGE     END 
 17:21:37.952         0.000          0.000                      49  PURGE     BEGN
 17:21:37.952         0.000          0.000          0.000       49  PURGE     END 
 17:21:37.952         0.000          0.000                      50  PURGE     BEGN
 17:21:37.952         0.000          0.000          0.000       50  PURGE     END 
 17:21:37.952         0.000          0.000                      51  COND      BEGN
 17:21:37.952         0.000          0.000          0.000       51  COND      END 
 17:21:37.952         0.000          0.000                      52  COND      BEGN
 17:21:37.952         0.000          0.000          0.000       52  COND      END 
 17:21:37.952         0.000          0.000                      53  GPWG      BEGN
 17:21:37.953         0.000          0.000                    TRAN  POSE
 17:21:37.953         0.000          0.000                    TRAN  POSE
 17:21:37.953         0.000          0.000                    MMA       BEGN
 17:21:37.953         0.000          0.000                    MMA3  1   BEGN
 17:21:37.953         0.000          0.000                    MMA3  1   END 
   METHOD USED = 31NT  ACTUAL NUMBER OF PASSES =   1
 17:21:37.953         0.000          0.000                    MMA       END 
 17:21:37.953         0.000          0.000                    MMA       BEGN
 17:21:37.953         0.000          0.000                    MMA3  2   BEGN
 17:21:37.953         0.000          0.000                    MMA3  2   END 
   METHOD USED = 32T   ACTUAL NUMBER OF PASSES =   1
 17:21:37.953         0.000          0.000                    MMA       END 
 17:21:37.953         0.000          0.000          0.000       53  GPWG      END 
 17:21:37.954         0.000          0.000                      54  OFP       BEGN
 17:21:37.954         0.000          0.000          0.000       54  OFP       END 
 17:21:37.954         0.000          0.000                      56  EQUIV     BEGN
 17:21:37.954         0.000          0.000          0.000       56  EQUIV     END 
 17:21:37.954         0.000          0.000                      57  COND      BEGN
 17:21:37.954         0.000          0.000          0.000       57  COND      END 
 17:21:37.954         0.000          0.000                      60  GPSTGEN   BEGN
 17:21:37.954         0.000          0.000          0.000       60  GPSTGEN   END 
 17:21:37.954         0.000          0.000                      61  PARAM     BEGN
 17:21:37.954         0.000          0.000          0.000       61  PARAM     END 
 17:21:37.954         0.000          0.000                    XSFA      BEGN
 17:21:37.954         0.000          0.000                    XSFA      END 
 17:21:37.954         0.000          0.000                      62  GP4       BEGN
 17:21:37.954         0.000          0.000          0.000       62  GP4       END 
 17:21:37.954         0.000          0.000                      63  OFP       BEGN
 17:21:37.954         0.000          0.000          0.000       63  OFP       END 
 17:21:37.954         0.000          0.000                      64  PURGE     BEGN
 17:21:37.954         0.000          0.000          0.000       64  PURGE     END 
 17:21:37.954         0.000          0.000                      65  EQUIV     BEGN
 17:21:37.954         0.000          0.000          0.000       65  EQUIV     END 
 17:21:37.954         0.000          0.000                      66  COND      BEGN
 17:21:37.954         0.000          0.000          0.000       66  COND      END 
 17:21:37.954         0.000          0.000                      70  EQUIV     BEGN
 17:21:37.954         0.000          0.000          0.000       70  EQUIV     END 
 17:21:37.954         0.000          0.000                      71  COND      BEGN
 17:21:37.954         0.000          0.000          0.000       71  COND      END 
 17:21:37.954         0.000          0.000                    XSFA      BEGN
 17:21:37.955         0.000          0.000                    XSFA      END 
 17:21:37.955         0.000          0.000                      72  SCE1      BEGN
 17:21:37.955         0.000          0.000          0.000       72  SCE1      END 
 17:21:37.955         0.000          0.000                      74  EQUIV     BEGN
 17:21:37.955         0.000          0.000          0.000       74  EQUIV     END 
 17:21:37.955         0.000          0.000                      75  EQUIV     BEGN
 17:21:37.955         0.000          0.000          0.000       75  EQUIV     END 
 17:21:37.955         0.000          0.000                      76  EQUIV     BEGN
 17:21:37.955         0.000          0.000          0.000       76  EQUIV     END 
 17:21:37.955         0.000          0.000                      77  EQUIV     BEGN
 17:21:37.955         0.000          0.000          0.000       77  EQUIV     END 
 17:21:37.955         0.000          0.000                      78  COND      BEGN
 17:21:37.955         0.000          0.000          0.000       78  COND      END 
 17:21:37.955         0.000          0.000                      88  PARAM     BEGN
 17:21:37.955         0.000          0.000          0.000       88  PARAM     END 
 17:21:37.955         0.000          0.000                    XSFA      BEGN
 17:21:37.955         0.000          0.000                    XSFA      END 
 17:21:37.955         0.000          0.000                      89  DPD       BEGN
 17:21:37.955         0.000          0.000          0.000       89  DPD       END 
 17:21:37.955         0.000          0.000                      90  COND      BEGN
 17:21:37.955         0.000          0.000          0.000       90  COND      END 
 17:21:37.955         0.000          0.000                      91  PURGE     BEGN
 17:21:37.955         0.000          0.000          0.000       91  PURGE     END 
 17:21:37.955         0.000          0.000                      92  EQUIV     BEGN
 17:21:37.955         0.000          0.000          0.000       92  EQUIV     END 
 17:21:37.955         0.000          0.000                     137  PARAM     BEGN
 17:21:37.955         0.000          0.000          0.000      137  PARAM     END 
 17:21:37.955         0.000          0.000                     137  SSG1      BEGN
 17:21:37.955         0.000          0.000                    MMA       BEGN
 17:21:37.955         0.000          0.000                    MMA3  1   BEGN
 17:21:37.956         0.000          0.000                    MMA3  1   END 
   METHOD USED = 31NT  ACTUAL NUMBER OF PASSES =   1
 17:21:37.956         0.000          0.000                    MMA       END 
 17:21:37.960         0.000          0.000          0.000      137  SSG1      END 
 17:21:37.960         0.000          0.000                     137  SSG2      BEGN
 17:21:37.960         0.000          0.000                    MMA       BEGN
       MMA - NULL MATRIX PRODUCT
 17:21:37.960         0.000          0.000                    MMA       END 
 17:21:37.960         0.000          0.000          0.000      137  SSG2      END 
 17:21:37.960         0.000          0.000                     137  RCOVR3    BEGN
 17:21:37.965         0.000          0.000                    MMA       BEGN
 17:21:37.965         0.000          0.000                    MMA2  1   BEGN
 17:21:37.965         0.000          0.000                    MMA2  1   END 
   METHOD USED = 21NT  ACTUAL NUMBER OF PASSES =   1
 17:21:37.965         0.000          0.000                    MMA       END 
 17:21:37.965         0.000          0.000                    MMA       BEGN
       MMA - NULL MATRIX PRODUCT
 17:21:37.965         0.000          0.000                    MMA       END 
 17:21:37.969         0.016          0.000          0.016      137  RCOVR3    END 
 17:21:37.969         0.016          0.000                     138  SDR1      BEGN
 17:21:37.970         0.016          0.000                    MMA       BEGN
       MMA - NULL MATRIX PRODUCT
 17:21:37.970         0.016          0.000                    MMA       END 
 17:21:37.970         0.016          0.000          0.000      138  SDR1      END 
 17:21:37.970         0.016          0.000                     139  UMERGE    BEGN
 17:21:37.970         0.016          0.000          0.000      139  UMERGE    END 
 17:21:37.970         0.016          0.000                     139  ADD       BEGN
 17:21:37.970         0.016          0.000          0.000      139  ADD       END 
 17:21:37.970         0.016          0.000                     139  EQUIV     BEGN
 17:21:37.970         0.016          0.000          0.000      139  EQUIV     END 
 17:21:37.971         0.016          0.000                     139  EQUIV     BEGN
 17:21:37.971         0.016          0.000          0.000      139  EQUIV     END 
 17:21:37.971         0.016          0.000                    XSFA      BEGN
 17:21:37.971         0.016          0.000                    XSFA      END 
 17:21:37.971         0.016          0.000                     140  SDR2      BEGN
 17:21:37.972         0.016          0.000          0.000      140  SDR2      END 
 17:21:37.972         0.016          0.000                     141  SDR3      BEGN
 17:21:37.973         0.016          0.000          0.000      141  SDR3      END 
 17:21:37.973         0.016          0.000                     142  OFP       BEGN
 17:21:38.529         0.266          0.250          0.250      142  OFP       END 
 17:21:38.529         0.266          0.000                     143  SCAN      BEGN
 17:21:38.529         0.266          0.000          0.000      143  SCAN      END 
 17:21:38.529         0.266          0.000                     144  OFP       BEGN
 17:21:38.529         0.266          0.000          0.000      144  OFP       END 
 17:21:38.529         0.266          0.000                     145  COND      BEGN
 17:21:38.529         0.266          0.000          0.000      145  COND      END 
 17:21:38.529         0.266          0.000                     149  XYTRAN    BEGN
 17:21:38.529         0.266          0.000          0.000      149  XYTRAN    END 
 17:21:38.529         0.266          0.000                     150  XYPLOT    BEGN
 17:21:38.529         0.266          0.000          0.000      150  XYPLOT    END 
 17:21:38.529         0.266          0.000                     154  SOFUT     BEGN
 17:21:38.534         0.266          0.000          0.000      154  SOFUT     END 
 17:21:38.534         0.266          0.000                     155  JUMP      BEGN
 17:21:38.534         0.266          0.000          0.000      155  JUMP      END 
 17:21:38.534         0.266          0.000                     161  PURGE     BEGN
 17:21:38.534         0.266          0.000          0.000      161  PURGE     END 
 17:21:38.534         0.266          0.000                     162  EXIT      BEGN
1     STATISTICS ON IN-MEMORY DATA BASE AND DISK I/O USAGE

         LENGTH (IN WORDS) OF OPEN CORE ALLOCATED                   2000000
         LENGTH (IN WORDS) OF IN-MEMORY DATA BASE ALLOCATED        12000000
         NUMBER OF BLOCKS USED IN THE IN-MEMORY DATA BASE               100
         NUMBER OF BLOCKS ALLOCATED FOR THE IN-MEMORY DATA            11661
         PERCENTAGE OF IN-MEMORY DATA USED                                0%
         TOTAL BLOCKS WRITTEN TO DISK                              40000003
         BLOCK SIZE (IN WORDS)                                         1024
         NUMBER OF OPENS TO DISK FILES                                   13
         NUMBER OF CLOSES TO DISK FILES                                  13
         NUMBER OF WRITES TO DISK FILES                                  10
         NUMBER OF READS FROM DISK FILES                                 36
         MEMORY (IN WORDS) NOT USED BY IN-MEM. DATA BASE           11942513
