1*****************************************************************************
 *                                                                           *
 *       DATE 12/27/16       LOG OF 95 X86_64 Windows_NT NASTRAN JOB         *
 *                                                                           *
 *****************************************************************************

   WALL               TOTAL       INCREMENTAL      MODULE              MODULE/
   CLOCK               CPU            CPU            CPU             SUBROUTINE
   TIME              SECONDS        SECONDS        SECONDS             STATUS

 ------------------------------------------------------------------------------

 11:08:09.665         0.000          0.000                    SEM1  BEGN
 11:08:09.666         0.000          0.000                    GNFI
 11:08:09.666         0.000          0.000                    TTIO
 11:08:09.669         0.000          0.000                    TTLP
 11:08:09.670         0.000          0.000                    XCSA
 ID    D09022A,NASTRAN                                                   
 11:08:09.689         0.000          0.000                    IFP1
 TITLE    = TRANSIENT ANALYSIS OF A 1000 CELL STRING                     
 11:08:09.692         0.000          0.000                    XSOR
 11:08:09.697         0.000          0.000                    IFP   BEGN
 11:08:09.698         0.000          0.000                    IFP   END 
 11:08:09.698         0.000          0.000                    XGPI
 11:08:09.700         0.000          0.000                    BAND  IT  BEGN
 11:08:09.700         0.000          0.000                    BAND  IT  QUIT
 11:08:09.700         0.000          0.000                    SEM1  END 
 11:08:09.700         0.000          0.000                       1  PARAM     BEGN
 11:08:09.700         0.000          0.000          0.000        1  PARAM     END 
 11:08:09.700         0.000          0.000                    XSFA      BEGN
 11:08:09.700         0.000          0.000                    XSFA      END 
 11:08:09.700         0.000          0.000                       1  INPUT     BEGN
 11:08:09.700         0.000          0.000          0.000        1  INPUT     END 
 11:08:09.700         0.000          0.000                       1  EQUIV     BEGN
 11:08:09.700         0.000          0.000          0.000        1  EQUIV     END 
 11:08:09.700         0.000          0.000                       4  PARAM     BEGN
 11:08:09.700         0.000          0.000          0.000        4  PARAM     END 
 11:08:09.701         0.000          0.000                    XSFA      BEGN
 11:08:09.701         0.000          0.000                    XSFA      END 
 11:08:09.701         0.000          0.000                       5  GP1       BEGN
 11:08:09.702         0.000          0.000          0.000        5  GP1       END 
 11:08:09.702         0.000          0.000                       6  ANISOP    BEGN
 11:08:09.702         0.000          0.000          0.000        6  ANISOP    END 
 11:08:09.702         0.000          0.000                       7  EQUIV     BEGN
 11:08:09.702         0.000          0.000          0.000        7  EQUIV     END 
 11:08:09.702         0.000          0.000                       8  PLTTRAN   BEGN
 11:08:09.702         0.000          0.000          0.000        8  PLTTRAN   END 
 11:08:09.702         0.000          0.000                       9  PURGE     BEGN
 11:08:09.702         0.000          0.000          0.000        9  PURGE     END 
 11:08:09.702         0.000          0.000                      10  COND      BEGN
 11:08:09.702         0.000          0.000          0.000       10  COND      END 
 11:08:09.702         0.000          0.000                      11  GP2       BEGN
 11:08:09.703         0.000          0.000          0.000       11  GP2       END 
 11:08:09.703         0.000          0.000                      12  PARAML    BEGN
 11:08:09.703         0.000          0.000          0.000       12  PARAML    END 
 11:08:09.703         0.000          0.000                      13  PURGE     BEGN
 11:08:09.703         0.000          0.000          0.000       13  PURGE     END 
 11:08:09.703         0.000          0.000                      14  COND      BEGN
 11:08:09.703         0.000          0.000          0.000       14  COND      END 
 11:08:09.703         0.000          0.000                      23  GP3       BEGN
 11:08:09.703         0.000          0.000          0.000       23  GP3       END 
 11:08:09.703         0.000          0.000                      24  TA1       BEGN
 11:08:09.705         0.000          0.000          0.000       24  TA1       END 
 11:08:09.705         0.000          0.000                      25  EQUIV     BEGN
 11:08:09.705         0.000          0.000          0.000       25  EQUIV     END 
 11:08:09.705         0.000          0.000                      26  PURGE     BEGN
 11:08:09.705         0.000          0.000          0.000       26  PURGE     END 
 11:08:09.705         0.000          0.000                      27  COND      BEGN
 11:08:09.705         0.000          0.000          0.000       27  COND      END 
 11:08:09.705         0.000          0.000                      28  PARAM     BEGN
 11:08:09.705         0.000          0.000          0.000       28  PARAM     END 
 11:08:09.706         0.000          0.000                      29  PARAM     BEGN
 11:08:09.706         0.000          0.000          0.000       29  PARAM     END 
 11:08:09.706         0.000          0.000                      30  PARAM     BEGN
 11:08:09.706         0.000          0.000          0.000       30  PARAM     END 
 11:08:09.706         0.000          0.000                      31  PARAM     BEGN
 11:08:09.706         0.000          0.000          0.000       31  PARAM     END 
 11:08:09.706         0.000          0.000                      32  EMG       BEGN
 11:08:09.713         0.000          0.000          0.000       32  EMG       END 
 11:08:09.713         0.000          0.000                      33  PURGE     BEGN
 11:08:09.713         0.000          0.000          0.000       33  PURGE     END 
 11:08:09.713         0.000          0.000                      34  COND      BEGN
 11:08:09.713         0.000          0.000          0.000       34  COND      END 
 11:08:09.713         0.000          0.000                      35  EMA       BEGN
 11:08:09.715         0.000          0.000          0.000       35  EMA       END 
 11:08:09.715         0.000          0.000                      37  COND      BEGN
 11:08:09.715         0.000          0.000          0.000       37  COND      END 
 11:08:09.715         0.000          0.000                      38  EMA       BEGN
 11:08:09.716         0.000          0.000          0.000       38  EMA       END 
 11:08:09.716         0.000          0.000                      39  PURGE     BEGN
 11:08:09.716         0.000          0.000          0.000       39  PURGE     END 
 11:08:09.716         0.000          0.000                      41  COND      BEGN
 11:08:09.716         0.000          0.000          0.000       41  COND      END 
 11:08:09.716         0.000          0.000                      45  COND      BEGN
 11:08:09.716         0.000          0.000          0.000       45  COND      END 
 11:08:09.716         0.000          0.000                      48  PURGE     BEGN
 11:08:09.716         0.000          0.000          0.000       48  PURGE     END 
 11:08:09.716         0.000          0.000                      49  PURGE     BEGN
 11:08:09.716         0.000          0.000          0.000       49  PURGE     END 
 11:08:09.716         0.000          0.000                      50  PURGE     BEGN
 11:08:09.716         0.000          0.000          0.000       50  PURGE     END 
 11:08:09.716         0.000          0.000                      51  COND      BEGN
 11:08:09.716         0.000          0.000          0.000       51  COND      END 
 11:08:09.716         0.000          0.000                      56  EQUIV     BEGN
 11:08:09.716         0.000          0.000          0.000       56  EQUIV     END 
 11:08:09.716         0.000          0.000                      57  COND      BEGN
 11:08:09.716         0.000          0.000          0.000       57  COND      END 
 11:08:09.716         0.000          0.000                      60  GPSTGEN   BEGN
 11:08:09.717         0.000          0.000          0.000       60  GPSTGEN   END 
 11:08:09.717         0.000          0.000                      61  PARAM     BEGN
 11:08:09.717         0.000          0.000          0.000       61  PARAM     END 
 11:08:09.717         0.000          0.000                    XSFA      BEGN
 11:08:09.717         0.000          0.000                    XSFA      END 
 11:08:09.717         0.000          0.000                      62  GP4       BEGN
 11:08:09.717         0.000          0.000          0.000       62  GP4       END 
 11:08:09.717         0.000          0.000                      63  OFP       BEGN
 11:08:09.717         0.000          0.000          0.000       63  OFP       END 
 11:08:09.717         0.000          0.000                      64  PURGE     BEGN
 11:08:09.717         0.000          0.000          0.000       64  PURGE     END 
 11:08:09.717         0.000          0.000                      65  EQUIV     BEGN
 11:08:09.717         0.000          0.000          0.000       65  EQUIV     END 
 11:08:09.717         0.000          0.000                      66  COND      BEGN
 11:08:09.717         0.000          0.000          0.000       66  COND      END 
 11:08:09.717         0.000          0.000                      70  EQUIV     BEGN
 11:08:09.717         0.000          0.000          0.000       70  EQUIV     END 
 11:08:09.717         0.000          0.000                      71  COND      BEGN
 11:08:09.717         0.000          0.000          0.000       71  COND      END 
 11:08:09.717         0.000          0.000                      74  EQUIV     BEGN
 11:08:09.717         0.000          0.000          0.000       74  EQUIV     END 
 11:08:09.717         0.000          0.000                      75  EQUIV     BEGN
 11:08:09.717         0.000          0.000          0.000       75  EQUIV     END 
 11:08:09.717         0.000          0.000                      76  EQUIV     BEGN
 11:08:09.717         0.000          0.000          0.000       76  EQUIV     END 
 11:08:09.717         0.000          0.000                      77  EQUIV     BEGN
 11:08:09.717         0.000          0.000          0.000       77  EQUIV     END 
 11:08:09.717         0.000          0.000                      78  COND      BEGN
 11:08:09.717         0.000          0.000          0.000       78  COND      END 
 11:08:09.717         0.000          0.000                    XSFA      BEGN
 11:08:09.718         0.000          0.000                    XSFA      END 
 11:08:09.718         0.000          0.000                      89  DPD       BEGN
 11:08:09.718         0.000          0.000          0.000       89  DPD       END 
 11:08:09.718         0.000          0.000                      90  COND      BEGN
 11:08:09.718         0.000          0.000          0.000       90  COND      END 
 11:08:09.718         0.000          0.000                      91  PURGE     BEGN
 11:08:09.718         0.000          0.000          0.000       91  PURGE     END 
 11:08:09.718         0.000          0.000                      92  EQUIV     BEGN
 11:08:09.718         0.000          0.000          0.000       92  EQUIV     END 
 11:08:09.718         0.000          0.000                      93  BMG       BEGN
 11:08:09.718         0.000          0.000          0.000       93  BMG       END 
 11:08:09.718         0.000          0.000                      94  PARAM     BEGN
 11:08:09.718         0.000          0.000          0.000       94  PARAM     END 
 11:08:09.718         0.000          0.000                      95  PURGE     BEGN
 11:08:09.718         0.000          0.000          0.000       95  PURGE     END 
 11:08:09.718         0.000          0.000                      96  COND      BEGN
 11:08:09.718         0.000          0.000          0.000       96  COND      END 
 11:08:09.718         0.000          0.000                      99  MTRXIN    BEGN
 11:08:09.718         0.000          0.000          0.000       99  MTRXIN    END 
 11:08:09.718         0.000          0.000                     100  PARAM     BEGN
 11:08:09.718         0.000          0.000          0.000      100  PARAM     END 
 11:08:09.718         0.000          0.000                     101  PARAM     BEGN
 11:08:09.718         0.000          0.000          0.000      101  PARAM     END 
 11:08:09.718         0.000          0.000                     102  EQUIV     BEGN
 11:08:09.718         0.000          0.000          0.000      102  EQUIV     END 
 11:08:09.718         0.000          0.000                     103  COND      BEGN
 11:08:09.718         0.000          0.000          0.000      103  COND      END 
 11:08:09.718         0.000          0.000                     109  PARAM     BEGN
 11:08:09.718         0.000          0.000          0.000      109  PARAM     END 
 11:08:09.718         0.000          0.000                     110  PARAM     BEGN
 11:08:09.718         0.000          0.000          0.000      110  PARAM     END 
 11:08:09.718         0.000          0.000                     111  PARAM     BEGN
 11:08:09.719         0.000          0.000          0.000      111  PARAM     END 
 11:08:09.719         0.000          0.000                     112  PURGE     BEGN
 11:08:09.719         0.000          0.000          0.000      112  PURGE     END 
 11:08:09.719         0.000          0.000                     113  EQUIV     BEGN
 11:08:09.719         0.000          0.000          0.000      113  EQUIV     END 
 11:08:09.719         0.000          0.000                     114  COND      BEGN
 11:08:09.719         0.000          0.000          0.000      114  COND      END 
 11:08:09.719         0.000          0.000                    XSFA      BEGN
 11:08:09.719         0.000          0.000                    XSFA      END 
 11:08:09.719         0.000          0.000                     115  GKAD      BEGN
 11:08:09.719         0.000          0.000          0.000      115  GKAD      END 
 11:08:09.719         0.000          0.000                     117  EQUIV     BEGN
 11:08:09.719         0.000          0.000          0.000      117  EQUIV     END 
 11:08:09.719         0.000          0.000                     118  PARAM     BEGN
 11:08:09.719         0.000          0.000          0.000      118  PARAM     END 
 11:08:09.719         0.000          0.000                     119  PARAM     BEGN
 11:08:09.719         0.000          0.000          0.000      119  PARAM     END 
 11:08:09.719         0.000          0.000                     121  PURGE     BEGN
 11:08:09.719         0.000          0.000          0.000      121  PURGE     END 
 11:08:09.719         0.000          0.000                     122  CASE      BEGN
 11:08:09.719         0.000          0.000          0.000      122  CASE      END 
 11:08:09.719         0.000          0.000                     123  PARAM     BEGN
 11:08:09.719         0.000          0.000          0.000      123  PARAM     END 
 11:08:09.719         0.000          0.000                     124  TRLG      BEGN
 11:08:09.719         0.000          0.000          0.000      124  TRLG      END 
 11:08:09.719         0.000          0.000                     125  EQUIV     BEGN
 11:08:09.719         0.000          0.000          0.000      125  EQUIV     END 
 11:08:09.719         0.000          0.000                    XSFA      BEGN
 11:08:09.719         0.000          0.000                    XSFA      END 
 11:08:09.719         0.000          0.000                     126  TRD       BEGN
 11:08:09.727         0.000          0.000                    SMCO  MP  BEGN          
 11:08:09.728         0.000          0.000                    SMCO  MP  END           
 11:08:09.745         0.000          0.000                    FBS2  BEGN
 11:08:09.746         0.000          0.000                    FBS2  END 
 11:08:09.746         0.000          0.000                    FBS2  BEGN
 11:08:09.746         0.000          0.000                    FBS2  END 
 11:08:09.746         0.000          0.000                    FBS2  BEGN
 11:08:09.747         0.000          0.000                    FBS2  END 
 11:08:09.747         0.000          0.000                    FBS2  BEGN
 11:08:09.747         0.000          0.000                    FBS2  END 
 11:08:09.747         0.000          0.000                    FBS2  BEGN
 11:08:09.747         0.000          0.000                    FBS2  END 
 11:08:09.748         0.000          0.000                    FBS2  BEGN
 11:08:09.748         0.000          0.000                    FBS2  END 
 11:08:09.748         0.000          0.000                    FBS2  BEGN
 11:08:09.748         0.000          0.000                    FBS2  END 
 11:08:09.749         0.000          0.000                    FBS2  BEGN
 11:08:09.749         0.000          0.000                    FBS2  END 
 11:08:09.749         0.000          0.000                    FBS2  BEGN
 11:08:09.749         0.000          0.000                    FBS2  END 
 11:08:09.749         0.000          0.000                    FBS2  BEGN
 11:08:09.750         0.000          0.000                    FBS2  END 
 11:08:09.750         0.000          0.000                    FBS2  BEGN
 11:08:09.750         0.000          0.000                    FBS2  END 
 11:08:09.750         0.000          0.000                    FBS2  BEGN
 11:08:09.751         0.000          0.000                    FBS2  END 
 11:08:09.751         0.000          0.000                    FBS2  BEGN
 11:08:09.751         0.000          0.000                    FBS2  END 
 11:08:09.751         0.000          0.000                    FBS2  BEGN
 11:08:09.751         0.000          0.000                    FBS2  END 
 11:08:09.752         0.000          0.000                    FBS2  BEGN
 11:08:09.752         0.000          0.000                    FBS2  END 
 11:08:09.752         0.000          0.000                    FBS2  BEGN
 11:08:09.752         0.000          0.000                    FBS2  END 
 11:08:09.752         0.000          0.000                    FBS2  BEGN
 11:08:09.753         0.000          0.000                    FBS2  END 
 11:08:09.753         0.000          0.000                    FBS2  BEGN
 11:08:09.753         0.000          0.000                    FBS2  END 
 11:08:09.753         0.000          0.000                    FBS2  BEGN
 11:08:09.753         0.000          0.000                    FBS2  END 
 11:08:09.754         0.000          0.000                    FBS2  BEGN
 11:08:09.754         0.000          0.000                    FBS2  END 
 11:08:09.754         0.000          0.000                    FBS2  BEGN
 11:08:09.754         0.000          0.000                    FBS2  END 
 11:08:09.754         0.000          0.000                    FBS2  BEGN
 11:08:09.755         0.000          0.000                    FBS2  END 
 11:08:09.755         0.000          0.000                    FBS2  BEGN
 11:08:09.755         0.000          0.000                    FBS2  END 
 11:08:09.755         0.000          0.000                    FBS2  BEGN
 11:08:09.756         0.000          0.000                    FBS2  END 
 11:08:09.756         0.000          0.000                    FBS2  BEGN
 11:08:09.756         0.000          0.000                    FBS2  END 
 11:08:09.756         0.000          0.000                    FBS2  BEGN
 11:08:09.756         0.000          0.000                    FBS2  END 
 11:08:09.757         0.000          0.000                    FBS2  BEGN
 11:08:09.757         0.000          0.000                    FBS2  END 
 11:08:09.757         0.000          0.000                    FBS2  BEGN
 11:08:09.757         0.000          0.000                    FBS2  END 
 11:08:09.757         0.000          0.000                    FBS2  BEGN
 11:08:09.758         0.000          0.000                    FBS2  END 
 11:08:09.758         0.000          0.000                    FBS2  BEGN
 11:08:09.758         0.000          0.000                    FBS2  END 
 11:08:09.758         0.000          0.000                    FBS2  BEGN
 11:08:09.759         0.000          0.000                    FBS2  END 
 11:08:09.759         0.000          0.000                    FBS2  BEGN
 11:08:09.759         0.000          0.000                    FBS2  END 
 11:08:09.759         0.000          0.000                    FBS2  BEGN
 11:08:09.759         0.000          0.000                    FBS2  END 
 11:08:09.760         0.000          0.000                    FBS2  BEGN
 11:08:09.760         0.000          0.000                    FBS2  END 
 11:08:09.760         0.000          0.000                    FBS2  BEGN
 11:08:09.760         0.000          0.000                    FBS2  END 
 11:08:09.761         0.000          0.000                    FBS2  BEGN
 11:08:09.761         0.000          0.000                    FBS2  END 
 11:08:09.761         0.000          0.000                    FBS2  BEGN
 11:08:09.761         0.000          0.000                    FBS2  END 
 11:08:09.761         0.000          0.000                    FBS2  BEGN
 11:08:09.762         0.000          0.000                    FBS2  END 
 11:08:09.762         0.000          0.000                    FBS2  BEGN
 11:08:09.762         0.000          0.000                    FBS2  END 
 11:08:09.762         0.000          0.000                    FBS2  BEGN
 11:08:09.763         0.000          0.000                    FBS2  END 
 11:08:09.763         0.000          0.000                    FBS2  BEGN
 11:08:09.763         0.000          0.000                    FBS2  END 
 11:08:09.763         0.000          0.000                    FBS2  BEGN
 11:08:09.763         0.000          0.000                    FBS2  END 
 11:08:09.764         0.000          0.000                    FBS2  BEGN
 11:08:09.764         0.000          0.000                    FBS2  END 
 11:08:09.764         0.000          0.000                    FBS2  BEGN
 11:08:09.764         0.000          0.000                    FBS2  END 
 11:08:09.765         0.000          0.000                    FBS2  BEGN
 11:08:09.765         0.000          0.000                    FBS2  END 
 11:08:09.765         0.000          0.000                    FBS2  BEGN
 11:08:09.765         0.000          0.000                    FBS2  END 
 11:08:09.765         0.000          0.000                    FBS2  BEGN
 11:08:09.766         0.000          0.000                    FBS2  END 
 11:08:09.766         0.000          0.000                    FBS2  BEGN
 11:08:09.766         0.000          0.000                    FBS2  END 
 11:08:09.766         0.000          0.000                    FBS2  BEGN
 11:08:09.766         0.000          0.000                    FBS2  END 
 11:08:09.767         0.000          0.000                    FBS2  BEGN
 11:08:09.767         0.000          0.000                    FBS2  END 
 11:08:09.767         0.000          0.000                    FBS2  BEGN
 11:08:09.767         0.000          0.000                    FBS2  END 
 11:08:09.767         0.000          0.000          0.000      126  TRD       END 
 11:08:09.767         0.000          0.000                     127  VDR       BEGN
 11:08:09.772         0.000          0.000          0.000      127  VDR       END 
 11:08:09.772         0.000          0.000                     128  COND      BEGN
 11:08:09.772         0.000          0.000          0.000      128  COND      END 
 11:08:09.772         0.000          0.000                     134  PARAM     BEGN
 11:08:09.772         0.000          0.000          0.000      134  PARAM     END 
 11:08:09.772         0.000          0.000                     135  COND      BEGN
 11:08:09.772         0.000          0.000          0.000      135  COND      END 
 11:08:09.772         0.000          0.000                     136  EQUIV     BEGN
 11:08:09.772         0.000          0.000          0.000      136  EQUIV     END 
 11:08:09.772         0.000          0.000                     137  COND      BEGN
 11:08:09.772         0.000          0.000          0.000      137  COND      END 
 11:08:09.772         0.000          0.000                    XSFA      BEGN
 11:08:09.772         0.000          0.000                    XSFA      END 
 11:08:09.772         0.000          0.000                     140  SDR2      BEGN
 11:08:09.773         0.000          0.000          0.000      140  SDR2      END 
 11:08:09.773         0.000          0.000                     141  SDR3      BEGN
 11:08:09.774         0.000          0.000          0.000      141  SDR3      END 
 11:08:09.774         0.000          0.000                     142  OFP       BEGN
 11:08:10.063         0.125          0.000          0.125      142  OFP       END 
 11:08:10.063         0.125          0.000                     143  SCAN      BEGN
 11:08:10.063         0.125          0.000          0.000      143  SCAN      END 
 11:08:10.063         0.125          0.000                     144  OFP       BEGN
 11:08:10.063         0.125          0.000          0.000      144  OFP       END 
 11:08:10.063         0.125          0.000                     145  COND      BEGN
 11:08:10.063         0.125          0.000          0.000      145  COND      END 
 11:08:10.063         0.125          0.000                     149  XYTRAN    BEGN
 11:08:10.063         0.125          0.000          0.000      149  XYTRAN    END 
 11:08:10.063         0.125          0.000                     150  XYPLOT    BEGN
 11:08:10.063         0.125          0.000          0.000      150  XYPLOT    END 
 11:08:10.063         0.125          0.000                     155  JUMP      BEGN
 11:08:10.063         0.125          0.000          0.000      155  JUMP      END 
 11:08:10.063         0.125          0.000                     161  PURGE     BEGN
 11:08:10.063         0.125          0.000          0.000      161  PURGE     END 
 11:08:10.063         0.125          0.000                     162  EXIT      BEGN
1     STATISTICS ON IN-MEMORY DATA BASE AND DISK I/O USAGE

         LENGTH (IN WORDS) OF OPEN CORE ALLOCATED                   2000000
         LENGTH (IN WORDS) OF IN-MEMORY DATA BASE ALLOCATED        12000000
         NUMBER OF BLOCKS USED IN THE IN-MEMORY DATA BASE               288
         NUMBER OF BLOCKS ALLOCATED FOR THE IN-MEMORY DATA            11661
         PERCENTAGE OF IN-MEMORY DATA USED                                2%
         TOTAL BLOCKS WRITTEN TO DISK                              20000002
         BLOCK SIZE (IN WORDS)                                         1024
         NUMBER OF OPENS TO DISK FILES                                    8
         NUMBER OF CLOSES TO DISK FILES                                   8
         NUMBER OF WRITES TO DISK FILES                                   5
         NUMBER OF READS FROM DISK FILES                                  7
         MEMORY (IN WORDS) NOT USED BY IN-MEM. DATA BASE           11748309
