1*****************************************************************************
 *                                                                           *
 *       DATE 12/27/16       LOG OF 95 X86_64 Windows_NT NASTRAN JOB         *
 *                                                                           *
 *****************************************************************************

   WALL               TOTAL       INCREMENTAL      MODULE              MODULE/
   CLOCK               CPU            CPU            CPU             SUBROUTINE
   TIME              SECONDS        SECONDS        SECONDS             STATUS

 ------------------------------------------------------------------------------

 10:20:19.718         0.000          0.000                    SEM1  BEGN
 10:20:19.719         0.000          0.000                    GNFI
 10:20:19.719         0.000          0.000                    TTIO
 10:20:19.721         0.000          0.000                    TTLP
 10:20:19.722         0.000          0.000                    XCSA
 ID    D03041A,NASTRAN                                                   
 10:20:19.737         0.000          0.000                    IFP1
 TITLE    = ACOUSTIC CAVITY ANALYSIS                                     
 10:20:19.741         0.000          0.000                    XSOR
 10:20:19.749         0.000          0.000                    IFP   BEGN
 10:20:19.751         0.000          0.000                    IFP   END 
 10:20:19.751         0.000          0.000                    IFP5  BEGN
 10:20:19.751         0.000          0.000                    IFP5  END 
 10:20:19.751         0.000          0.000                    XGPI
 10:20:19.752         0.000          0.000                    BAND  IT  BEGN
 10:20:19.768         0.000          0.000                    BAND  IT  END 
 10:20:19.768         0.000          0.000                    SEM1  END 
 10:20:19.768         0.000          0.000                       4  PARAM     BEGN
 10:20:19.768         0.000          0.000          0.000        4  PARAM     END 
 10:20:19.768         0.000          0.000                    XSFA      BEGN
 10:20:19.768         0.000          0.000                    XSFA      END 
 10:20:19.768         0.000          0.000                       5  GP1       BEGN
 10:20:19.772         0.000          0.000          0.000        5  GP1       END 
 10:20:19.772         0.000          0.000                       6  ANISOP    BEGN
 10:20:19.772         0.000          0.000          0.000        6  ANISOP    END 
 10:20:19.772         0.000          0.000                       7  EQUIV     BEGN
 10:20:19.772         0.000          0.000          0.000        7  EQUIV     END 
 10:20:19.772         0.000          0.000                       8  PLTTRAN   BEGN
 10:20:19.772         0.000          0.000          0.000        8  PLTTRAN   END 
 10:20:19.772         0.000          0.000                       9  GP2       BEGN
 10:20:19.772         0.000          0.000          0.000        9  GP2       END 
 10:20:19.773         0.000          0.000                      10  PARAML    BEGN
 10:20:19.773         0.000          0.000          0.000       10  PARAML    END 
 10:20:19.773         0.000          0.000                      11  PURGE     BEGN
 10:20:19.773         0.000          0.000          0.000       11  PURGE     END 
 10:20:19.773         0.000          0.000                      12  COND      BEGN
 10:20:19.773         0.000          0.000          0.000       12  COND      END 
 10:20:19.773         0.000          0.000                      13  PLTSET    BEGN
 10:20:19.779         0.000          0.000          0.000       13  PLTSET    END 
 10:20:19.779         0.000          0.000                      14  PRTMSG    BEGN
 10:20:19.779         0.000          0.000          0.000       14  PRTMSG    END 
 10:20:19.779         0.000          0.000                      15  PARAM     BEGN
 10:20:19.779         0.000          0.000          0.000       15  PARAM     END 
 10:20:19.779         0.000          0.000                      16  PARAM     BEGN
 10:20:19.779         0.000          0.000          0.000       16  PARAM     END 
 10:20:19.779         0.000          0.000                      17  COND      BEGN
 10:20:19.779         0.000          0.000          0.000       17  COND      END 
 10:20:19.779         0.000          0.000                      18  PLOT      BEGN
 10:20:19.787         0.000          0.000          0.000       18  PLOT      END 
 10:20:19.787         0.000          0.000                      19  PRTMSG    BEGN
 10:20:19.788         0.000          0.000          0.000       19  PRTMSG    END 
 10:20:19.788         0.000          0.000                      21  GP3       BEGN
 10:20:19.788         0.000          0.000          0.000       21  GP3       END 
 10:20:19.788         0.000          0.000                      22  TA1       BEGN
 10:20:19.789         0.000          0.000          0.000       22  TA1       END 
 10:20:19.789         0.000          0.000                      23  EQUIV     BEGN
 10:20:19.789         0.000          0.000          0.000       23  EQUIV     END 
 10:20:19.789         0.000          0.000                      24  COND      BEGN
 10:20:19.789         0.000          0.000          0.000       24  COND      END 
 10:20:19.789         0.000          0.000                      25  PARAM     BEGN
 10:20:19.789         0.000          0.000          0.000       25  PARAM     END 
 10:20:19.789         0.000          0.000                      26  PARAM     BEGN
 10:20:19.789         0.000          0.000          0.000       26  PARAM     END 
 10:20:19.789         0.000          0.000                      27  EMG       BEGN
 10:20:19.794         0.000          0.000          0.000       27  EMG       END 
 10:20:19.794         0.000          0.000                      28  PURGE     BEGN
 10:20:19.794         0.000          0.000          0.000       28  PURGE     END 
 10:20:19.794         0.000          0.000                      29  COND      BEGN
 10:20:19.794         0.000          0.000          0.000       29  COND      END 
 10:20:19.794         0.000          0.000                      30  EMA       BEGN
 10:20:19.794         0.000          0.000          0.000       30  EMA       END 
 10:20:19.794         0.000          0.000                      32  COND      BEGN
 10:20:19.794         0.000          0.000          0.000       32  COND      END 
 10:20:19.794         0.000          0.000                      33  EMA       BEGN
 10:20:19.795         0.000          0.000          0.000       33  EMA       END 
 10:20:19.795         0.000          0.000                      34  PURGE     BEGN
 10:20:19.795         0.000          0.000          0.000       34  PURGE     END 
 10:20:19.795         0.000          0.000                      35  COND      BEGN
 10:20:19.795         0.000          0.000          0.000       35  COND      END 
 10:20:19.795         0.000          0.000                      39  EQUIV     BEGN
 10:20:19.795         0.000          0.000          0.000       39  EQUIV     END 
 10:20:19.795         0.000          0.000                      40  COND      BEGN
 10:20:19.795         0.000          0.000          0.000       40  COND      END 
 10:20:19.795         0.000          0.000                      43  GPSTGEN   BEGN
 10:20:19.795         0.000          0.000          0.000       43  GPSTGEN   END 
 10:20:19.795         0.000          0.000                      44  PARAM     BEGN
 10:20:19.795         0.000          0.000          0.000       44  PARAM     END 
 10:20:19.795         0.000          0.000                    XSFA      BEGN
 10:20:19.795         0.000          0.000                    XSFA      END 
 10:20:19.795         0.000          0.000                      45  GP4       BEGN
 10:20:19.795         0.000          0.000          0.000       45  GP4       END 
 10:20:19.795         0.000          0.000                      46  OFP       BEGN
 10:20:19.796         0.000          0.000          0.000       46  OFP       END 
 10:20:19.796         0.000          0.000                      47  COND      BEGN
 10:20:19.796         0.000          0.000          0.000       47  COND      END 
 10:20:19.796         0.000          0.000                      48  PURGE     BEGN
 10:20:19.796         0.000          0.000          0.000       48  PURGE     END 
 10:20:19.796         0.000          0.000                      49  EQUIV     BEGN
 10:20:19.796         0.000          0.000          0.000       49  EQUIV     END 
 10:20:19.796         0.000          0.000                      50  COND      BEGN
 10:20:19.796         0.000          0.000          0.000       50  COND      END 
 10:20:19.796         0.000          0.000                      54  EQUIV     BEGN
 10:20:19.796         0.000          0.000          0.000       54  EQUIV     END 
 10:20:19.796         0.000          0.000                      55  COND      BEGN
 10:20:19.796         0.000          0.000          0.000       55  COND      END 
 10:20:19.796         0.000          0.000                    XSFA      BEGN
 10:20:19.796         0.000          0.000                    XSFA      END 
 10:20:19.796         0.000          0.000                      56  SCE1      BEGN
 10:20:19.796         0.000          0.000          0.000       56  SCE1      END 
 10:20:19.796         0.000          0.000                      58  EQUIV     BEGN
 10:20:19.796         0.000          0.000          0.000       58  EQUIV     END 
 10:20:19.796         0.000          0.000                      59  EQUIV     BEGN
 10:20:19.796         0.000          0.000          0.000       59  EQUIV     END 
 10:20:19.796         0.000          0.000                      60  COND      BEGN
 10:20:19.796         0.000          0.000          0.000       60  COND      END 
 10:20:19.796         0.000          0.000                      64  COND      BEGN
 10:20:19.796         0.000          0.000          0.000       64  COND      END 
 10:20:19.796         0.000          0.000                    XSFA      BEGN
 10:20:19.796         0.000          0.000                    XSFA      END 
 10:20:19.796         0.000          0.000                      65  RBMG1     BEGN
 10:20:19.797         0.000          0.000          0.000       65  RBMG1     END 
 10:20:19.797         0.000          0.000                      66  RBMG2     BEGN
 10:20:19.797         0.000          0.000                    SMCO  MP  BEGN          
 10:20:19.798         0.000          0.000                    SMCO  MP  END           
 10:20:19.798         0.000          0.000          0.000       66  RBMG2     END 
 10:20:19.798         0.000          0.000                      67  RBMG3     BEGN
 10:20:19.799         0.000          0.000                    FBSI  BEGN
 10:20:19.800         0.000          0.000                    FBS2  BEGN
 10:20:19.800         0.000          0.000                    FBS2  END 
 10:20:19.800         0.000          0.000                    FBSI  END 
 10:20:19.800         0.000          0.000                    MMA       BEGN
 10:20:19.800         0.000          0.000                    MMA2  1   BEGN
 10:20:19.800         0.000          0.000                    MMA2  1   END 
   METHOD USED = 21T   ACTUAL NUMBER OF PASSES =   1
 10:20:19.800         0.000          0.000                    MMA       END 
 10:20:19.800         0.000          0.000          0.000       67  RBMG3     END 
 10:20:19.800         0.000          0.000                      68  RBMG4     BEGN
 10:20:19.800         0.000          0.000                    MMA       BEGN
 10:20:19.800         0.000          0.000                    MMA2  1   BEGN
 10:20:19.800         0.000          0.000                    MMA2  1   END 
   METHOD USED = 21NT  ACTUAL NUMBER OF PASSES =   1
 10:20:19.800         0.000          0.000                    MMA       END 
 10:20:19.800         0.000          0.000                    MMA       BEGN
 10:20:19.800         0.000          0.000                    MMA2  1   BEGN
 10:20:19.800         0.000          0.000                    MMA2  1   END 
   METHOD USED = 21T   ACTUAL NUMBER OF PASSES =   1
 10:20:19.800         0.000          0.000                    MMA       END 
 10:20:19.800         0.000          0.000                    MMA       BEGN
 10:20:19.800         0.000          0.000                    MMA1  0   BEGN
 10:20:19.800         0.000          0.000                    MMA1  0   END 
   METHOD USED = 10T   ACTUAL NUMBER OF PASSES =   1
 10:20:19.800         0.000          0.000                    MMA       END 
 10:20:19.800         0.000          0.000          0.000       68  RBMG4     END 
 10:20:19.800         0.000          0.000                      70  DPD       BEGN
 10:20:19.800         0.000          0.000          0.000       70  DPD       END 
 10:20:19.800         0.000          0.000                      71  COND      BEGN
 10:20:19.800         0.000          0.000          0.000       71  COND      END 
 10:20:19.800         0.000          0.000                      72  PARAM     BEGN
 10:20:19.800         0.000          0.000          0.000       72  PARAM     END 
 10:20:19.800         0.000          0.000                      73  READ      BEGN
 10:20:19.801         0.000          0.000                    MMA       BEGN
 10:20:19.801         0.000          0.000                    MMA1  0   BEGN
 10:20:19.801         0.000          0.000                    MMA1  0   END 
   METHOD USED = 10NT  ACTUAL NUMBER OF PASSES =   1
 10:20:19.801         0.000          0.000                    MMA       END 
 10:20:19.801         0.000          0.000                    SMCO  MP  BEGN          
 10:20:19.801         0.000          0.000                    SMCO  MP  END           
 10:20:19.801         0.000          0.000                    FBS2  BEGN
 10:20:19.801         0.000          0.000                    FBS2  END 
 10:20:19.802         0.000          0.000                    FBS2  BEGN
 10:20:19.802         0.000          0.000                    FBS2  END 
 10:20:19.802         0.000          0.000                    FBS2  BEGN
 10:20:19.802         0.000          0.000                    FBS2  END 
 10:20:19.802         0.000          0.000                    FBS2  BEGN
 10:20:19.802         0.000          0.000                    FBS2  END 
 10:20:19.802         0.000          0.000                    SMCO  MP  BEGN          
 10:20:19.803         0.000          0.000                    SMCO  MP  END           
 10:20:19.803         0.000          0.000                    FBS2  BEGN
 10:20:19.803         0.000          0.000                    FBS2  END 
 10:20:19.803         0.000          0.000                    FBS2  BEGN
 10:20:19.803         0.000          0.000                    FBS2  END 
 10:20:19.803         0.000          0.000                    FBS2  BEGN
 10:20:19.803         0.000          0.000                    FBS2  END 
 10:20:19.803         0.000          0.000                    FBS2  BEGN
 10:20:19.803         0.000          0.000                    FBS2  END 
 10:20:19.803         0.000          0.000                    FBS2  BEGN
 10:20:19.803         0.000          0.000                    FBS2  END 
 10:20:19.804         0.000          0.000                    FBS2  BEGN
 10:20:19.804         0.000          0.000                    FBS2  END 
 10:20:19.804         0.000          0.000                    FBS2  BEGN
 10:20:19.804         0.000          0.000                    FBS2  END 
 10:20:19.804         0.000          0.000                    FBS2  BEGN
 10:20:19.804         0.000          0.000                    FBS2  END 
 10:20:19.804         0.000          0.000                    SMCO  MP  BEGN          
 10:20:19.804         0.000          0.000                    SMCO  MP  END           
 10:20:19.805         0.000          0.000                    FBS2  BEGN
 10:20:19.805         0.000          0.000                    FBS2  END 
 10:20:19.805         0.000          0.000                    FBS2  BEGN
 10:20:19.805         0.000          0.000                    FBS2  END 
 10:20:19.805         0.000          0.000                    FBS2  BEGN
 10:20:19.805         0.000          0.000                    FBS2  END 
 10:20:19.805         0.000          0.000                    FBS2  BEGN
 10:20:19.805         0.000          0.000                    FBS2  END 
 10:20:19.805         0.000          0.000                    FBS2  BEGN
 10:20:19.805         0.000          0.000                    FBS2  END 
 10:20:19.806         0.000          0.000                    FBS2  BEGN
 10:20:19.806         0.000          0.000                    FBS2  END 
 10:20:19.806         0.000          0.000                    SMCO  MP  BEGN          
 10:20:19.806         0.000          0.000                    SMCO  MP  END           
 10:20:19.806         0.000          0.000                    FBS2  BEGN
 10:20:19.806         0.000          0.000                    FBS2  END 
 10:20:19.807         0.000          0.000                    FBS2  BEGN
 10:20:19.807         0.000          0.000                    FBS2  END 
 10:20:19.807         0.000          0.000                    FBS2  BEGN
 10:20:19.807         0.000          0.000                    FBS2  END 
 10:20:19.807         0.000          0.000                    FBS2  BEGN
 10:20:19.807         0.000          0.000                    FBS2  END 
 10:20:19.807         0.000          0.000                    FBS2  BEGN
 10:20:19.807         0.000          0.000                    FBS2  END 
 10:20:19.807         0.000          0.000                    FBS2  BEGN
 10:20:19.807         0.000          0.000                    FBS2  END 
 10:20:19.808         0.000          0.000                    FBS2  BEGN
 10:20:19.808         0.000          0.000                    FBS2  END 
 10:20:19.808         0.000          0.000                    SMCO  MP  BEGN          
 10:20:19.808         0.000          0.000                    SMCO  MP  END           
 10:20:19.808         0.000          0.000                    FBS2  BEGN
 10:20:19.808         0.000          0.000                    FBS2  END 
 10:20:19.808         0.000          0.000                    FBS2  BEGN
 10:20:19.809         0.000          0.000                    FBS2  END 
 10:20:19.809         0.000          0.000                    FBS2  BEGN
 10:20:19.809         0.000          0.000                    FBS2  END 
 10:20:19.809         0.000          0.000                    FBS2  BEGN
 10:20:19.809         0.000          0.000                    FBS2  END 
 10:20:19.809         0.000          0.000                    FBS2  BEGN
 10:20:19.809         0.000          0.000                    FBS2  END 
 10:20:19.809         0.000          0.000                    FBS2  BEGN
 10:20:19.809         0.000          0.000                    FBS2  END 
 10:20:19.809         0.000          0.000                    FBS2  BEGN
 10:20:19.810         0.000          0.000                    FBS2  END 
 10:20:19.810         0.000          0.000                    SMCO  MP  BEGN          
 10:20:19.810         0.000          0.000                    SMCO  MP  END           
 10:20:19.810         0.000          0.000                    FBS2  BEGN
 10:20:19.810         0.000          0.000                    FBS2  END 
 10:20:19.810         0.000          0.000                    FBS2  BEGN
 10:20:19.811         0.000          0.000                    FBS2  END 
 10:20:19.811         0.000          0.000                    FBS2  BEGN
 10:20:19.811         0.000          0.000                    FBS2  END 
 10:20:19.811         0.000          0.000                    FBS2  BEGN
 10:20:19.811         0.000          0.000                    FBS2  END 
 10:20:19.811         0.000          0.000                    FBS2  BEGN
 10:20:19.811         0.000          0.000                    FBS2  END 
 10:20:19.811         0.000          0.000                    FBS2  BEGN
 10:20:19.811         0.000          0.000                    FBS2  END 
 10:20:19.812         0.000          0.000                    MMA       BEGN
 10:20:19.812         0.000          0.000                    MMA2  1   BEGN
 10:20:19.812         0.000          0.000                    MMA2  1   END 
   METHOD USED = 21NT  ACTUAL NUMBER OF PASSES =   1
 10:20:19.812         0.000          0.000                    MMA       END 
 10:20:19.812         0.000          0.000                    MMA       BEGN
 10:20:19.812         0.000          0.000                    MMA1  0   BEGN
 10:20:19.812         0.000          0.000                    MMA1  0   END 
   METHOD USED = 10T   ACTUAL NUMBER OF PASSES =   1
 10:20:19.812         0.000          0.000                    MMA       END 
 10:20:19.812         0.000          0.000          0.000       73  READ      END 
 10:20:19.812         0.000          0.000                      74  OFP       BEGN
 10:20:19.812         0.000          0.000          0.000       74  OFP       END 
 10:20:19.812         0.000          0.000                      75  COND      BEGN
 10:20:19.812         0.000          0.000          0.000       75  COND      END 
 10:20:19.812         0.000          0.000                      76  OFP       BEGN
 10:20:19.814         0.000          0.000          0.000       76  OFP       END 
 10:20:19.814         0.000          0.000                      77  SDR1      BEGN
 10:20:19.814         0.000          0.000                    MMA       BEGN
       MMA - NULL MATRIX PRODUCT
 10:20:19.814         0.000          0.000                    MMA       END 
 10:20:19.814         0.000          0.000          0.000       77  SDR1      END 
 10:20:19.814         0.000          0.000                      78  COND      BEGN
 10:20:19.814         0.000          0.000          0.000       78  COND      END 
 10:20:19.814         0.000          0.000                      82  SDR2      BEGN
 10:20:19.816         0.000          0.000          0.000       82  SDR2      END 
 10:20:19.816         0.000          0.000                      83  OFP       BEGN
 10:20:20.086         0.156          0.000          0.156       83  OFP       END 
 10:20:20.086         0.156          0.000                    XSFA      BEGN
 10:20:20.087         0.156          0.000                    XSFA      END 
 10:20:20.087         0.156          0.000                      84  SCAN      BEGN
 10:20:20.087         0.156          0.000          0.000       84  SCAN      END 
 10:20:20.087         0.156          0.000                      85  OFP       BEGN
 10:20:20.087         0.156          0.000          0.000       85  OFP       END 
 10:20:20.087         0.156          0.000                      86  GPFDR     BEGN
 10:20:20.087         0.156          0.000          0.000       86  GPFDR     END 
 10:20:20.087         0.156          0.000                      87  OFP       BEGN
 10:20:20.087         0.156          0.000          0.000       87  OFP       END 
 10:20:20.087         0.156          0.000                      88  PURGE     BEGN
 10:20:20.087         0.156          0.000          0.000       88  PURGE     END 
 10:20:20.087         0.156          0.000                      89  COND      BEGN
 10:20:20.087         0.156          0.000          0.000       89  COND      END 
 10:20:20.087         0.156          0.000                      90  PLOT      BEGN
 10:20:20.100         0.156          0.000          0.000       90  PLOT      END 
 10:20:20.100         0.156          0.000                      91  PRTMSG    BEGN
 10:20:20.102         0.156          0.000          0.000       91  PRTMSG    END 
 10:20:20.102         0.156          0.000                      93  JUMP      BEGN
 10:20:20.102         0.156          0.000          0.000       93  JUMP      END 
 10:20:20.102         0.156          0.000                     103  PURGE     BEGN
 10:20:20.102         0.156          0.000          0.000      103  PURGE     END 
 10:20:20.103         0.156          0.000                     104  EXIT      BEGN
1     STATISTICS ON IN-MEMORY DATA BASE AND DISK I/O USAGE

         LENGTH (IN WORDS) OF OPEN CORE ALLOCATED                   2000000
         LENGTH (IN WORDS) OF IN-MEMORY DATA BASE ALLOCATED        12000000
         NUMBER OF BLOCKS USED IN THE IN-MEMORY DATA BASE                97
         NUMBER OF BLOCKS ALLOCATED FOR THE IN-MEMORY DATA            11661
         PERCENTAGE OF IN-MEMORY DATA USED                                0%
         TOTAL BLOCKS WRITTEN TO DISK                              20000008
         BLOCK SIZE (IN WORDS)                                         1024
         NUMBER OF OPENS TO DISK FILES                                    6
         NUMBER OF CLOSES TO DISK FILES                                   6
         NUMBER OF WRITES TO DISK FILES                                  10
         NUMBER OF READS FROM DISK FILES                                 11
         MEMORY (IN WORDS) NOT USED BY IN-MEM. DATA BASE           11945612
