1*****************************************************************************
 *                                                                           *
 *       DATE 12/27/16       LOG OF 95 X86_64 Windows_NT NASTRAN JOB         *
 *                                                                           *
 *****************************************************************************

   WALL               TOTAL       INCREMENTAL      MODULE              MODULE/
   CLOCK               CPU            CPU            CPU             SUBROUTINE
   TIME              SECONDS        SECONDS        SECONDS             STATUS

 ------------------------------------------------------------------------------

 12:18:37.490        -0.016          0.000                    SEM1  BEGN
 12:18:37.491        -0.016          0.000                    GNFI
 12:18:37.492        -0.016          0.000                    TTIO
 12:18:37.494        -0.016          0.000                    TTLP
 12:18:37.494        -0.016          0.000                    XCSA
 ID    D13011A,NASTRAN                                                   
 12:18:37.516         0.000          0.016                    IFP1
 TITLE    = NORMAL MODES ANALYSIS WITH DIFFERENTIAL STIFFNESS            
 12:18:37.520         0.000          0.000                    XSOR
 12:18:37.528         0.000          0.000                    IFP   BEGN
 12:18:37.529         0.000          0.000                    IFP   END 
 12:18:37.529         0.000          0.000                    XGPI
 12:18:37.530         0.000          0.000                    BAND  IT  BEGN
 12:18:37.544         0.000          0.000                    BAND  IT  END 
 12:18:37.544         0.000          0.000                    SEM1  END 
 12:18:37.544         0.000          0.000                       4  PARAM     BEGN
 12:18:37.544         0.000          0.000          0.000        4  PARAM     END 
 12:18:37.544         0.000          0.000                    XSFA      BEGN
 12:18:37.544         0.000          0.000                    XSFA      END 
 12:18:37.544         0.000          0.000                       5  GP1       BEGN
 12:18:37.548         0.000          0.000          0.000        5  GP1       END 
 12:18:37.548         0.000          0.000                       6  ANISOP    BEGN
 12:18:37.548         0.000          0.000          0.000        6  ANISOP    END 
 12:18:37.548         0.000          0.000                       7  EQUIV     BEGN
 12:18:37.548         0.000          0.000          0.000        7  EQUIV     END 
 12:18:37.548         0.000          0.000                       8  PLTTRAN   BEGN
 12:18:37.548         0.000          0.000          0.000        8  PLTTRAN   END 
 12:18:37.548         0.000          0.000                       9  GP2       BEGN
 12:18:37.548         0.000          0.000          0.000        9  GP2       END 
 12:18:37.548         0.000          0.000                      10  PARAML    BEGN
 12:18:37.548         0.000          0.000          0.000       10  PARAML    END 
 12:18:37.548         0.000          0.000                      11  PURGE     BEGN
 12:18:37.548         0.000          0.000          0.000       11  PURGE     END 
 12:18:37.548         0.000          0.000                      12  COND      BEGN
 12:18:37.548         0.000          0.000          0.000       12  COND      END 
 12:18:37.548         0.000          0.000                      21  GP3       BEGN
 12:18:37.548         0.000          0.000          0.000       21  GP3       END 
 12:18:37.548         0.000          0.000                      22  TA1       BEGN
 12:18:37.549         0.000          0.000          0.000       22  TA1       END 
 12:18:37.549         0.000          0.000                      23  EQUIV     BEGN
 12:18:37.549         0.000          0.000          0.000       23  EQUIV     END 
 12:18:37.549         0.000          0.000                      24  COND      BEGN
 12:18:37.549         0.000          0.000          0.000       24  COND      END 
 12:18:37.549         0.000          0.000                      25  PARAM     BEGN
 12:18:37.549         0.000          0.000          0.000       25  PARAM     END 
 12:18:37.549         0.000          0.000                      26  PARAM     BEGN
 12:18:37.549         0.000          0.000          0.000       26  PARAM     END 
 12:18:37.549         0.000          0.000                      27  EMG       BEGN
 12:18:37.554         0.000          0.000          0.000       27  EMG       END 
 12:18:37.554         0.000          0.000                      28  PURGE     BEGN
 12:18:37.554         0.000          0.000          0.000       28  PURGE     END 
 12:18:37.554         0.000          0.000                      29  COND      BEGN
 12:18:37.554         0.000          0.000          0.000       29  COND      END 
 12:18:37.554         0.000          0.000                      30  EMA       BEGN
 12:18:37.555         0.000          0.000          0.000       30  EMA       END 
 12:18:37.555         0.000          0.000                      31  PURGE     BEGN
 12:18:37.555         0.000          0.000          0.000       31  PURGE     END 
 12:18:37.555         0.000          0.000                      33  COND      BEGN
 12:18:37.555         0.000          0.000          0.000       33  COND      END 
 12:18:37.555         0.000          0.000                      34  EMA       BEGN
 12:18:37.556         0.000          0.000          0.000       34  EMA       END 
 12:18:37.556         0.000          0.000                      35  PURGE     BEGN
 12:18:37.556         0.000          0.000          0.000       35  PURGE     END 
 12:18:37.556         0.000          0.000                      36  COND      BEGN
 12:18:37.556         0.000          0.000          0.000       36  COND      END 
 12:18:37.556         0.000          0.000                      40  EQUIV     BEGN
 12:18:37.556         0.000          0.000          0.000       40  EQUIV     END 
 12:18:37.556         0.000          0.000                      41  COND      BEGN
 12:18:37.556         0.000          0.000          0.000       41  COND      END 
 12:18:37.556         0.000          0.000                      44  GPSTGEN   BEGN
 12:18:37.557         0.000          0.000          0.000       44  GPSTGEN   END 
 12:18:37.557         0.000          0.000                      45  PARAM     BEGN
 12:18:37.557         0.000          0.000          0.000       45  PARAM     END 
 12:18:37.557         0.000          0.000                    XSFA      BEGN
 12:18:37.557         0.000          0.000                    XSFA      END 
 12:18:37.557         0.000          0.000                      46  GP4       BEGN
 12:18:37.557         0.000          0.000          0.000       46  GP4       END 
 12:18:37.557         0.000          0.000                      47  OFP       BEGN
 12:18:37.557         0.000          0.000          0.000       47  OFP       END 
 12:18:37.557         0.000          0.000                      48  COND      BEGN
 12:18:37.557         0.000          0.000          0.000       48  COND      END 
 12:18:37.557         0.000          0.000                      49  COND      BEGN
 12:18:37.557         0.000          0.000          0.000       49  COND      END 
 12:18:37.557         0.000          0.000                      52  PARAM     BEGN
 12:18:37.557         0.000          0.000          0.000       52  PARAM     END 
 12:18:37.557         0.000          0.000                      53  PURGE     BEGN
 12:18:37.557         0.000          0.000          0.000       53  PURGE     END 
 12:18:37.557         0.000          0.000                      54  EQUIV     BEGN
 12:18:37.557         0.000          0.000          0.000       54  EQUIV     END 
 12:18:37.557         0.000          0.000                      55  COND      BEGN
 12:18:37.557         0.000          0.000          0.000       55  COND      END 
 12:18:37.557         0.000          0.000                      59  EQUIV     BEGN
 12:18:37.557         0.000          0.000          0.000       59  EQUIV     END 
 12:18:37.557         0.000          0.000                      60  COND      BEGN
 12:18:37.557         0.000          0.000          0.000       60  COND      END 
 12:18:37.557         0.000          0.000                    XSFA      BEGN
 12:18:37.557         0.000          0.000                    XSFA      END 
 12:18:37.557         0.000          0.000                      61  SCE1      BEGN
 12:18:37.558         0.000          0.000          0.000       61  SCE1      END 
 12:18:37.558         0.000          0.000                      63  EQUIV     BEGN
 12:18:37.558         0.000          0.000          0.000       63  EQUIV     END 
 12:18:37.558         0.000          0.000                      64  COND      BEGN
 12:18:37.558         0.000          0.000          0.000       64  COND      END 
 12:18:37.558         0.000          0.000                    XSFA      BEGN
 12:18:37.558         0.000          0.000                    XSFA      END 
 12:18:37.558         0.000          0.000                      67  RBMG2     BEGN
 12:18:37.558         0.000          0.000                    SMCO  MP  BEGN          
 12:18:37.558         0.000          0.000                    SMCO  MP  END           
 12:18:37.558         0.000          0.000          0.000       67  RBMG2     END 
 12:18:37.558         0.000          0.000                      68  SSG1      BEGN
 12:18:37.562         0.000          0.000          0.000       68  SSG1      END 
 12:18:37.562         0.000          0.000                      69  EQUIV     BEGN
 12:18:37.562         0.000          0.000          0.000       69  EQUIV     END 
 12:18:37.563         0.000          0.000                      70  COND      BEGN
 12:18:37.563         0.000          0.000          0.000       70  COND      END 
 12:18:37.563         0.000          0.000                      71  SSG2      BEGN
 12:18:37.563         0.000          0.000                    MMA       BEGN
       MMA - NULL MATRIX PRODUCT
 12:18:37.563         0.000          0.000                    MMA       END 
 12:18:37.563         0.000          0.000          0.000       71  SSG2      END 
 12:18:37.563         0.000          0.000                      73  SSG3      BEGN
 12:18:37.563         0.000          0.000                    FBSI  BEGN
 12:18:37.563         0.000          0.000                    FBS2  BEGN
 12:18:37.563         0.000          0.000                    FBS2  END 
 12:18:37.563         0.000          0.000                    FBSI  END 
 12:18:37.563         0.000          0.000                    MMA       BEGN
 12:18:37.563         0.000          0.000                    MMA3  1   BEGN
 12:18:37.563         0.000          0.000                    MMA3  1   END 
   METHOD USED = 31NT  ACTUAL NUMBER OF PASSES =   1
 12:18:37.563         0.000          0.000                    MMA       END 
 12:18:37.563         0.000          0.000          0.000       73  SSG3      END 
 12:18:37.563         0.000          0.000                      74  COND      BEGN
 12:18:37.563         0.000          0.000          0.000       74  COND      END 
 12:18:37.563         0.000          0.000                      78  SDR1      BEGN
 12:18:37.563         0.000          0.000                    MMA       BEGN
 12:18:37.563         0.000          0.000                    MMA3  2   BEGN
 12:18:37.563         0.000          0.000                    MMA3  2   END 
   METHOD USED = 32T   ACTUAL NUMBER OF PASSES =   1
 12:18:37.563         0.000          0.000                    MMA       END 
 12:18:37.563         0.000          0.000          0.000       78  SDR1      END 
 12:18:37.563         0.000          0.000                      79  SDR2      BEGN
 12:18:37.564         0.000          0.000          0.000       79  SDR2      END 
 12:18:37.564         0.000          0.000                      80  OFP       BEGN
 12:18:37.569         0.000          0.000          0.000       80  OFP       END 
 12:18:37.569         0.000          0.000                      81  OFP       BEGN
 12:18:37.569         0.000          0.000          0.000       81  OFP       END 
 12:18:37.569         0.000          0.000                      82  SCAN      BEGN
 12:18:37.569         0.000          0.000          0.000       82  SCAN      END 
 12:18:37.569         0.000          0.000                      83  OFP       BEGN
 12:18:37.569         0.000          0.000          0.000       83  OFP       END 
 12:18:37.569         0.000          0.000                      84  COND      BEGN
 12:18:37.569         0.000          0.000          0.000       84  COND      END 
 12:18:37.569         0.000          0.000                    XSFA      BEGN
 12:18:37.569         0.000          0.000                    XSFA      END 
 12:18:37.569         0.000          0.000                      88  TA1       BEGN
 12:18:37.570         0.000          0.000          0.000       88  TA1       END 
 12:18:37.570         0.000          0.000                      89  DSMG1     BEGN
 12:18:37.572         0.000          0.000          0.000       89  DSMG1     END 
 12:18:37.572         0.000          0.000                      90  EQUIV     BEGN
 12:18:37.572         0.000          0.000          0.000       90  EQUIV     END 
 12:18:37.572         0.000          0.000                      91  COND      BEGN
 12:18:37.572         0.000          0.000          0.000       91  COND      END 
 12:18:37.572         0.000          0.000                      94  EQUIV     BEGN
 12:18:37.572         0.000          0.000          0.000       94  EQUIV     END 
 12:18:37.572         0.000          0.000                      95  COND      BEGN
 12:18:37.572         0.000          0.000          0.000       95  COND      END 
 12:18:37.572         0.000          0.000                    XSFA      BEGN
 12:18:37.572         0.000          0.000                    XSFA      END 
 12:18:37.572         0.000          0.000                      96  SCE1      BEGN
 12:18:37.573         0.000          0.000          0.000       96  SCE1      END 
 12:18:37.573         0.000          0.000                      98  EQUIV     BEGN
 12:18:37.573         0.000          0.000          0.000       98  EQUIV     END 
 12:18:37.573         0.000          0.000                      99  COND      BEGN
 12:18:37.573         0.000          0.000          0.000       99  COND      END 
 12:18:37.573         0.000          0.000                     103  PARAM     BEGN
 12:18:37.573         0.000          0.000          0.000      103  PARAM     END 
 12:18:37.573         0.000          0.000                     104  EQUIV     BEGN
 12:18:37.573         0.000          0.000          0.000      104  EQUIV     END 
 12:18:37.573         0.000          0.000                     105  PARAM     BEGN
 12:18:37.573         0.000          0.000          0.000      105  PARAM     END 
 12:18:37.573         0.000          0.000                    XSFA      BEGN
 12:18:37.573         0.000          0.000                    XSFA      END 
 12:18:37.573         0.000          0.000                     106  DSMG2     BEGN
 12:18:37.575         0.000          0.000          0.000      106  DSMG2     END 
 12:18:37.575         0.000          0.000                     107  RBMG2     BEGN
 12:18:37.575         0.000          0.000                    SMCO  MP  BEGN          
 12:18:37.575         0.000          0.000                    SMCO  MP  END           
 12:18:37.575         0.000          0.000          0.000      107  RBMG2     END 
 12:18:37.575         0.000          0.000                     108  PRTPARM   BEGN
 12:18:37.575         0.000          0.000          0.000      108  PRTPARM   END 
 12:18:37.575         0.000          0.000                     109  PRTPARM   BEGN
 12:18:37.575         0.000          0.000          0.000      109  PRTPARM   END 
 12:18:37.575         0.000          0.000                     110  SSG3      BEGN
 12:18:37.575         0.000          0.000                    FBSI  BEGN
 12:18:37.575         0.000          0.000                    FBS2  BEGN
 12:18:37.575         0.000          0.000                    FBS2  END 
 12:18:37.575         0.000          0.000                    FBSI  END 
 12:18:37.575         0.000          0.000                    MMA       BEGN
 12:18:37.575         0.000          0.000                    MMA3  1   BEGN
 12:18:37.576         0.000          0.000                    MMA3  1   END 
   METHOD USED = 31NT  ACTUAL NUMBER OF PASSES =   1
 12:18:37.576         0.000          0.000                    MMA       END 
 12:18:37.576         0.000          0.000          0.000      110  SSG3      END 
 12:18:37.576         0.000          0.000                     111  COND      BEGN
 12:18:37.576         0.000          0.000          0.000      111  COND      END 
 12:18:37.576         0.000          0.000                     114  SDR1      BEGN
 12:18:37.576         0.000          0.000                    MMA       BEGN
 12:18:37.576         0.000          0.000                    MMA3  2   BEGN
 12:18:37.576         0.000          0.000                    MMA3  2   END 
   METHOD USED = 32T   ACTUAL NUMBER OF PASSES =   1
 12:18:37.576         0.000          0.000                    MMA       END 
 12:18:37.576         0.000          0.000          0.000      114  SDR1      END 
 12:18:37.576         0.000          0.000                     115  SDR2      BEGN
 12:18:37.576         0.000          0.000          0.000      115  SDR2      END 
 12:18:37.576         0.000          0.000                     116  OFP       BEGN
 12:18:37.581         0.000          0.000          0.000      116  OFP       END 
 12:18:37.581         0.000          0.000                     117  OFP       BEGN
 12:18:37.581         0.000          0.000          0.000      117  OFP       END 
 12:18:37.581         0.000          0.000                    XSFA      BEGN
 12:18:37.581         0.000          0.000                    XSFA      END 
 12:18:37.581         0.000          0.000                     118  DPD       BEGN
 12:18:37.581         0.000          0.000          0.000      118  DPD       END 
 12:18:37.581         0.000          0.000                     119  COND      BEGN
 12:18:37.581         0.000          0.000          0.000      119  COND      END 
 12:18:37.581         0.000          0.000                     120  PARAM     BEGN
 12:18:37.581         0.000          0.000          0.000      120  PARAM     END 
 12:18:37.581         0.000          0.000                     121  READ      BEGN
 12:18:37.582         0.000          0.000                    SMCO  MP  BEGN          
 12:18:37.582         0.000          0.000                    SMCO  MP  END           
 12:18:37.582         0.000          0.000                    FBS2  BEGN
 12:18:37.582         0.000          0.000                    FBS2  END 
 12:18:37.582         0.000          0.000                    FBS2  BEGN
 12:18:37.582         0.000          0.000                    FBS2  END 
 12:18:37.582         0.000          0.000                    FBS2  BEGN
 12:18:37.583         0.000          0.000                    FBS2  END 
 12:18:37.583         0.000          0.000                    FBS2  BEGN
 12:18:37.583         0.000          0.000                    FBS2  END 
 12:18:37.583         0.000          0.000                    FBS2  BEGN
 12:18:37.583         0.000          0.000                    FBS2  END 
 12:18:37.583         0.000          0.000                    FBS2  BEGN
 12:18:37.583         0.000          0.000                    FBS2  END 
 12:18:37.583         0.000          0.000                    FBS2  BEGN
 12:18:37.583         0.000          0.000                    FBS2  END 
 12:18:37.583         0.000          0.000                    FBS2  BEGN
 12:18:37.583         0.000          0.000                    FBS2  END 
 12:18:37.584         0.000          0.000                    SMCO  MP  BEGN          
 12:18:37.584         0.000          0.000                    SMCO  MP  END           
 12:18:37.584         0.000          0.000                    FBS2  BEGN
 12:18:37.584         0.000          0.000                    FBS2  END 
 12:18:37.584         0.000          0.000                    FBS2  BEGN
 12:18:37.584         0.000          0.000                    FBS2  END 
 12:18:37.585         0.000          0.000                    FBS2  BEGN
 12:18:37.585         0.000          0.000                    FBS2  END 
 12:18:37.585         0.000          0.000                    FBS2  BEGN
 12:18:37.585         0.000          0.000                    FBS2  END 
 12:18:37.585         0.000          0.000                    FBS2  BEGN
 12:18:37.585         0.000          0.000                    FBS2  END 
 12:18:37.585         0.000          0.000                    FBS2  BEGN
 12:18:37.585         0.000          0.000                    FBS2  END 
 12:18:37.585         0.000          0.000                    FBS2  BEGN
 12:18:37.585         0.000          0.000                    FBS2  END 
 12:18:37.586         0.000          0.000                    SMCO  MP  BEGN          
 12:18:37.586         0.000          0.000                    SMCO  MP  END           
 12:18:37.586         0.000          0.000                    FBS2  BEGN
 12:18:37.586         0.000          0.000                    FBS2  END 
 12:18:37.587         0.000          0.000                    FBS2  BEGN
 12:18:37.587         0.000          0.000                    FBS2  END 
 12:18:37.587         0.000          0.000                    FBS2  BEGN
 12:18:37.587         0.000          0.000                    FBS2  END 
 12:18:37.587         0.000          0.000                    FBS2  BEGN
 12:18:37.587         0.000          0.000                    FBS2  END 
 12:18:37.587         0.000          0.000                    FBS2  BEGN
 12:18:37.587         0.000          0.000                    FBS2  END 
 12:18:37.587         0.000          0.000                    MMA       BEGN
 12:18:37.587         0.000          0.000                    MMA2  1   BEGN
 12:18:37.588         0.000          0.000                    MMA2  1   END 
   METHOD USED = 21NT  ACTUAL NUMBER OF PASSES =   1
 12:18:37.588         0.000          0.000                    MMA       END 
 12:18:37.588         0.000          0.000                    MMA       BEGN
 12:18:37.588         0.000          0.000                    MMA1  0   BEGN
 12:18:37.588         0.000          0.000                    MMA1  0   END 
   METHOD USED = 10T   ACTUAL NUMBER OF PASSES =   1
 12:18:37.588         0.000          0.000                    MMA       END 
 12:18:37.588         0.000          0.000          0.000      121  READ      END 
 12:18:37.588         0.000          0.000                     122  OFP       BEGN
 12:18:37.588         0.000          0.000          0.000      122  OFP       END 
 12:18:37.588         0.000          0.000                     123  COND      BEGN
 12:18:37.588         0.000          0.000          0.000      123  COND      END 
 12:18:37.588         0.000          0.000                     124  OFP       BEGN
 12:18:37.588         0.000          0.000          0.000      124  OFP       END 
 12:18:37.588         0.000          0.000                     125  SDR1      BEGN
 12:18:37.589         0.000          0.000                    MMA       BEGN
 12:18:37.589         0.000          0.000                    MMA2  1   BEGN
 12:18:37.589         0.000          0.000                    MMA2  1   END 
   METHOD USED = 21T   ACTUAL NUMBER OF PASSES =   1
 12:18:37.589         0.000          0.000                    MMA       END 
 12:18:37.589         0.000          0.000          0.000      125  SDR1      END 
 12:18:37.589         0.000          0.000                     126  CASE      BEGN
 12:18:37.589         0.000          0.000          0.000      126  CASE      END 
 12:18:37.589         0.000          0.000                     127  SDR2      BEGN
 12:18:37.589         0.000          0.000          0.000      127  SDR2      END 
 12:18:37.589         0.000          0.000                     128  OFP       BEGN
 12:18:37.602         0.000          0.000          0.000      128  OFP       END 
 12:18:37.602         0.000          0.000                     129  OFP       BEGN
 12:18:37.602         0.000          0.000          0.000      129  OFP       END 
 12:18:37.602         0.000          0.000                     130  COND      BEGN
 12:18:37.602         0.000          0.000          0.000      130  COND      END 
 12:18:37.602         0.000          0.000                     134  JUMP      BEGN
 12:18:37.602         0.000          0.000          0.000      134  JUMP      END 
 12:18:37.602         0.000          0.000                     148  PURGE     BEGN
 12:18:37.602         0.000          0.000          0.000      148  PURGE     END 
 12:18:37.602         0.000          0.000                     149  EXIT      BEGN
1     STATISTICS ON IN-MEMORY DATA BASE AND DISK I/O USAGE

         LENGTH (IN WORDS) OF OPEN CORE ALLOCATED                   2000000
         LENGTH (IN WORDS) OF IN-MEMORY DATA BASE ALLOCATED        12000000
         NUMBER OF BLOCKS USED IN THE IN-MEMORY DATA BASE               111
         NUMBER OF BLOCKS ALLOCATED FOR THE IN-MEMORY DATA            11661
         PERCENTAGE OF IN-MEMORY DATA USED                                0%
         TOTAL BLOCKS WRITTEN TO DISK                              40000007
         BLOCK SIZE (IN WORDS)                                         1024
         NUMBER OF OPENS TO DISK FILES                                    6
         NUMBER OF CLOSES TO DISK FILES                                   6
         NUMBER OF WRITES TO DISK FILES                                   9
         NUMBER OF READS FROM DISK FILES                                 10
         MEMORY (IN WORDS) NOT USED BY IN-MEM. DATA BASE           11931150
