1*****************************************************************************
 *                                                                           *
 *       DATE 12/26/16       LOG OF 95 X86_64 Windows_NT NASTRAN JOB         *
 *                                                                           *
 *****************************************************************************

   WALL               TOTAL       INCREMENTAL      MODULE              MODULE/
   CLOCK               CPU            CPU            CPU             SUBROUTINE
   TIME              SECONDS        SECONDS        SECONDS             STATUS

 ------------------------------------------------------------------------------

 17:13:12.682         0.000          0.000                    SEM1  BEGN
 17:13:12.690         0.000          0.000                    GNFI
 17:13:12.691         0.000          0.000                    TTIO
 17:13:12.693         0.000          0.000                    TTLP
 17:13:12.693         0.000          0.000                    XCSA
 ID    D02032A,NASTRAN                                                   
 17:13:12.712         0.000          0.000                    ASDM  BEGN
 17:13:12.719         0.000          0.000                    ASDM  END 
 17:13:12.719         0.000          0.000                    IFP1
 TITLE    = TRUSS DYNAMIC ANALYSIS USING AUTOMATED MODAL SYNTHESIS       
 17:13:12.723         0.000          0.000                    XSOR
 17:13:12.728         0.000          0.000                    IFP   BEGN
 17:13:12.728         0.000          0.000                    IFP   END 
 17:13:12.728         0.000          0.000                    XGPI
 17:13:12.730         0.000          0.000                    BAND  IT  BEGN
 17:13:12.740         0.016          0.000                    BAND  IT  END 
 17:13:12.740         0.016          0.000                    SEM1  END 
 17:13:12.740         0.016          0.000                       4  PARAM     BEGN
 17:13:12.740         0.016          0.000          0.000        4  PARAM     END 
 17:13:12.740         0.016          0.000                       4  PARAM     BEGN
 17:13:12.740         0.016          0.000          0.000        4  PARAM     END 
 17:13:12.740         0.016          0.000                    XSFA      BEGN
 17:13:12.740         0.016          0.000                    XSFA      END 
 17:13:12.740         0.016          0.000                       4  SGEN      BEGN
 17:13:12.740         0.016          0.000          0.000        4  SGEN      END 
 17:13:12.740         0.016          0.000                       4  EQUIV     BEGN
 17:13:12.740         0.016          0.000          0.000        4  EQUIV     END 
 17:13:12.740         0.016          0.000                    XSFA      BEGN
 17:13:12.740         0.016          0.000                    XSFA      END 
 17:13:12.740         0.016          0.000                       5  GP1       BEGN
 17:13:12.744         0.016          0.000          0.000        5  GP1       END 
 17:13:12.744         0.016          0.000                       6  ANISOP    BEGN
 17:13:12.744         0.016          0.000          0.000        6  ANISOP    END 
 17:13:12.744         0.016          0.000                       7  EQUIV     BEGN
 17:13:12.744         0.016          0.000          0.000        7  EQUIV     END 
 17:13:12.744         0.016          0.000                       8  PLTTRAN   BEGN
 17:13:12.744         0.016          0.000          0.000        8  PLTTRAN   END 
 17:13:12.744         0.016          0.000                       9  GP2       BEGN
 17:13:12.744         0.016          0.000          0.000        9  GP2       END 
 17:13:12.744         0.016          0.000                      10  PARAML    BEGN
 17:13:12.744         0.016          0.000          0.000       10  PARAML    END 
 17:13:12.744         0.016          0.000                      11  PURGE     BEGN
 17:13:12.744         0.016          0.000          0.000       11  PURGE     END 
 17:13:12.744         0.016          0.000                      12  COND      BEGN
 17:13:12.744         0.016          0.000          0.000       12  COND      END 
 17:13:12.745         0.016          0.000                      21  GP3       BEGN
 17:13:12.745         0.016          0.000          0.000       21  GP3       END 
 17:13:12.745         0.016          0.000                      22  TA1       BEGN
 17:13:12.745         0.016          0.000          0.000       22  TA1       END 
 17:13:12.745         0.016          0.000                      23  EQUIV     BEGN
 17:13:12.745         0.016          0.000          0.000       23  EQUIV     END 
 17:13:12.745         0.016          0.000                      24  COND      BEGN
 17:13:12.745         0.016          0.000          0.000       24  COND      END 
 17:13:12.745         0.016          0.000                      25  PARAM     BEGN
 17:13:12.745         0.016          0.000          0.000       25  PARAM     END 
 17:13:12.745         0.016          0.000                      26  PARAM     BEGN
 17:13:12.745         0.016          0.000          0.000       26  PARAM     END 
 17:13:12.745         0.016          0.000                      27  EMG       BEGN
 17:13:12.749         0.016          0.000          0.000       27  EMG       END 
 17:13:12.749         0.016          0.000                      28  PURGE     BEGN
 17:13:12.749         0.016          0.000          0.000       28  PURGE     END 
 17:13:12.749         0.016          0.000                      29  COND      BEGN
 17:13:12.749         0.016          0.000          0.000       29  COND      END 
 17:13:12.749         0.016          0.000                      30  EMA       BEGN
 17:13:12.749         0.016          0.000          0.000       30  EMA       END 
 17:13:12.749         0.016          0.000                      31  PURGE     BEGN
 17:13:12.749         0.016          0.000          0.000       31  PURGE     END 
 17:13:12.749         0.016          0.000                      33  COND      BEGN
 17:13:12.749         0.016          0.000          0.000       33  COND      END 
 17:13:12.749         0.016          0.000                      34  EMA       BEGN
 17:13:12.749         0.016          0.000          0.000       34  EMA       END 
 17:13:12.749         0.016          0.000                      35  PURGE     BEGN
 17:13:12.749         0.016          0.000          0.000       35  PURGE     END 
 17:13:12.749         0.016          0.000                      36  COND      BEGN
 17:13:12.749         0.016          0.000          0.000       36  COND      END 
 17:13:12.749         0.016          0.000                      40  EQUIV     BEGN
 17:13:12.749         0.016          0.000          0.000       40  EQUIV     END 
 17:13:12.749         0.016          0.000                      41  COND      BEGN
 17:13:12.749         0.016          0.000          0.000       41  COND      END 
 17:13:12.749         0.016          0.000                      44  GPSTGEN   BEGN
 17:13:12.750         0.016          0.000          0.000       44  GPSTGEN   END 
 17:13:12.750         0.016          0.000                      45  PARAM     BEGN
 17:13:12.750         0.016          0.000          0.000       45  PARAM     END 
 17:13:12.750         0.016          0.000                    XSFA      BEGN
 17:13:12.750         0.016          0.000                    XSFA      END 
 17:13:12.750         0.016          0.000                      47  GP4       BEGN
 17:13:12.750         0.016          0.000          0.000       47  GP4       END 
 17:13:12.750         0.016          0.000                      48  OFP       BEGN
 17:13:12.750         0.016          0.000          0.000       48  OFP       END 
 17:13:12.750         0.016          0.000                      49  COND      BEGN
 17:13:12.750         0.016          0.000          0.000       49  COND      END 
 17:13:12.750         0.016          0.000                      50  PARAM     BEGN
 17:13:12.750         0.016          0.000          0.000       50  PARAM     END 
 17:13:12.750         0.016          0.000                      50  COND      BEGN
 17:13:12.750         0.016          0.000          0.000       50  COND      END 
 17:13:12.750         0.016          0.000                      51  PURGE     BEGN
 17:13:12.750         0.016          0.000          0.000       51  PURGE     END 
 17:13:12.750         0.016          0.000                      52  EQUIV     BEGN
 17:13:12.750         0.016          0.000          0.000       52  EQUIV     END 
 17:13:12.750         0.016          0.000                      53  COND      BEGN
 17:13:12.750         0.016          0.000          0.000       53  COND      END 
 17:13:12.750         0.016          0.000                      57  EQUIV     BEGN
 17:13:12.750         0.016          0.000          0.000       57  EQUIV     END 
 17:13:12.750         0.016          0.000                      58  COND      BEGN
 17:13:12.750         0.016          0.000          0.000       58  COND      END 
 17:13:12.750         0.016          0.000                    XSFA      BEGN
 17:13:12.750         0.016          0.000                    XSFA      END 
 17:13:12.750         0.016          0.000                      59  SCE1      BEGN
 17:13:12.750         0.016          0.000          0.000       59  SCE1      END 
 17:13:12.750         0.016          0.000                      61  EQUIV     BEGN
 17:13:12.750         0.016          0.000          0.000       61  EQUIV     END 
 17:13:12.750         0.016          0.000                      62  COND      BEGN
 17:13:12.750         0.016          0.000          0.000       62  COND      END 
 17:13:12.750         0.016          0.000                    XSFA      BEGN
 17:13:12.750         0.016          0.000                    XSFA      END 
 17:13:12.750         0.016          0.000                      69  SSG1      BEGN
 17:13:12.751         0.016          0.000                    MMA       BEGN
 17:13:12.751         0.016          0.000                    MMA3  1   BEGN
 17:13:12.751         0.016          0.000                    MMA3  1   END 
   METHOD USED = 31NT  ACTUAL NUMBER OF PASSES =   1
 17:13:12.751         0.016          0.000                    MMA       END 
 17:13:12.755         0.016          0.000          0.000       69  SSG1      END 
 17:13:12.755         0.016          0.000                      97  SUBPH1    BEGN
 17:13:12.763         0.016          0.000          0.000       97  SUBPH1    END 
 17:13:12.764         0.016          0.000                      97  COND      BEGN
 17:13:12.764         0.016          0.000          0.000       97  COND      END 
 17:13:12.764         0.016          0.000                      97  EQUIV     BEGN
 17:13:12.764         0.016          0.000          0.000       97  EQUIV     END 
 17:13:12.764         0.016          0.000                      97  COND      BEGN
 17:13:12.764         0.016          0.000          0.000       97  COND      END 
 17:13:12.764         0.016          0.000                      97  SSG2      BEGN
 17:13:12.764         0.016          0.000                    MMA       BEGN
       MMA - NULL MATRIX PRODUCT
 17:13:12.764         0.016          0.000                    MMA       END 
 17:13:12.764         0.016          0.000          0.000       97  SSG2      END 
 17:13:12.764         0.016          0.000                      97  SOFO      BEGN
 17:13:12.768         0.016          0.000          0.000       97  SOFO      END 
 17:13:12.768         0.016          0.000                      97  EQUIV     BEGN
 17:13:12.768         0.016          0.000          0.000       97  EQUIV     END 
 17:13:12.768         0.016          0.000                      97  SOFUT     BEGN
 17:13:12.773         0.016          0.000          0.000       97  SOFUT     END 
 17:13:12.773         0.016          0.000                      97  JUMP      BEGN
 17:13:12.773         0.016          0.000          0.000       97  JUMP      END 
 17:13:12.773         0.016          0.000                     111  PURGE     BEGN
 17:13:12.773         0.016          0.000          0.000      111  PURGE     END 
 17:13:12.773         0.016          0.000                     112  EXIT      BEGN
1     STATISTICS ON IN-MEMORY DATA BASE AND DISK I/O USAGE

         LENGTH (IN WORDS) OF OPEN CORE ALLOCATED                   2000000
         LENGTH (IN WORDS) OF IN-MEMORY DATA BASE ALLOCATED        12000000
         NUMBER OF BLOCKS USED IN THE IN-MEMORY DATA BASE                46
         NUMBER OF BLOCKS ALLOCATED FOR THE IN-MEMORY DATA            11661
         PERCENTAGE OF IN-MEMORY DATA USED                                0%
         TOTAL BLOCKS WRITTEN TO DISK                              40000003
         BLOCK SIZE (IN WORDS)                                         1024
         NUMBER OF OPENS TO DISK FILES                                   14
         NUMBER OF CLOSES TO DISK FILES                                  14
         NUMBER OF WRITES TO DISK FILES                                  26
         NUMBER OF READS FROM DISK FILES                                 32
         MEMORY (IN WORDS) NOT USED BY IN-MEM. DATA BASE           11998295
