1*****************************************************************************
 *                                                                           *
 *       DATE 10/ 2/16       LOG OF 95 X86_64 Windows_NT NASTRAN JOB         *
 *                                                                           *
 *****************************************************************************

   WALL               TOTAL       INCREMENTAL      MODULE              MODULE/
   CLOCK               CPU            CPU            CPU             SUBROUTINE
   TIME              SECONDS        SECONDS        SECONDS             STATUS

 ------------------------------------------------------------------------------

 17:41:12.752         0.000          0.000                    SEM1  BEGN
 17:41:12.754         0.000          0.000                    GNFI
 17:41:12.754         0.000          0.000                    TTIO
 17:41:12.757         0.000          0.000                    TTLP
 17:41:12.757         0.000          0.000                    XCSA
 ID    D01021B,RESTART                                                   
 17:41:12.786         0.000          0.000                    IFP1
 TITLE    = SPHERICAL SHELL         RESTART WITH CLAMPED BOUNDARY        
 17:41:12.789         0.000          0.000                    XSOR
 17:41:12.794         0.000          0.000                    IFP   BEGN
 17:41:12.794         0.000          0.000                    IFP   END 
 17:41:12.794         0.000          0.000                    XGPI
 17:41:12.798         0.000          0.000                    BAND  IT  BEGN
 17:41:12.798         0.000          0.000                    BAND  IT  QUIT
 17:41:12.798         0.000          0.000                    SEM1  END 
 17:41:12.798         0.000          0.000                       4  SETVAL    BEGN
 17:41:12.798         0.000          0.000          0.000        4  SETVAL    END 
 17:41:12.798         0.000          0.000                       5  PARAM     BEGN
 17:41:12.798         0.000          0.000          0.000        5  PARAM     END 
 17:41:12.799         0.000          0.000                      16  PARAML    BEGN
 17:41:12.799         0.000          0.000          0.000       16  PARAML    END 
 17:41:12.799         0.000          0.000                      17  PURGE     BEGN
 17:41:12.799         0.000          0.000          0.000       17  PURGE     END 
 17:41:12.799         0.000          0.000                      18  COND      BEGN
 17:41:12.799         0.000          0.000          0.000       18  COND      END 
 17:41:12.799         0.000          0.000                      30  EQUIV     BEGN
 17:41:12.799         0.000          0.000          0.000       30  EQUIV     END 
 17:41:12.799         0.000          0.000                      58  PARAM     BEGN
 17:41:12.799         0.000          0.000          0.000       58  PARAM     END 
 17:41:12.799         0.000          0.000                    XSFA      BEGN
 17:41:12.799         0.000          0.000                    XSFA      END 
 17:41:12.799         0.000          0.000                      60  GP4       BEGN
 17:41:12.799         0.000          0.000          0.000       60  GP4       END 
 17:41:12.799         0.000          0.000                      61  OFP       BEGN
 17:41:12.799         0.000          0.000          0.000       61  OFP       END 
 17:41:12.799         0.000          0.000                      62  COND      BEGN
 17:41:12.799         0.000          0.000          0.000       62  COND      END 
 17:41:12.799         0.000          0.000                      63  PARAM     BEGN
 17:41:12.799         0.000          0.000          0.000       63  PARAM     END 
 17:41:12.799         0.000          0.000                      64  PURGE     BEGN
 17:41:12.799         0.000          0.000          0.000       64  PURGE     END 
 17:41:12.799         0.000          0.000                      70  EQUIV     BEGN
 17:41:12.799         0.000          0.000          0.000       70  EQUIV     END 
 17:41:12.799         0.000          0.000                      71  COND      BEGN
 17:41:12.799         0.000          0.000          0.000       71  COND      END 
 17:41:12.800         0.000          0.000                      72  SCE1      BEGN
 17:41:12.800         0.000          0.000          0.000       72  SCE1      END 
 17:41:12.800         0.000          0.000                      74  EQUIV     BEGN
 17:41:12.800         0.000          0.000          0.000       74  EQUIV     END 
 17:41:12.800         0.000          0.000                      75  COND      BEGN
 17:41:12.800         0.000          0.000          0.000       75  COND      END 
 17:41:12.800         0.000          0.000                      78  EQUIV     BEGN
 17:41:12.800         0.000          0.000          0.000       78  EQUIV     END 
 17:41:12.800         0.000          0.000                      79  COND      BEGN
 17:41:12.800         0.000          0.000          0.000       79  COND      END 
 17:41:12.800         0.000          0.000                      82  RBMG2     BEGN
 17:41:12.800         0.000          0.000                    SMCO  MP  BEGN          
 17:41:12.800         0.000          0.000                    SMCO  MP  END           
 17:41:12.800         0.000          0.000          0.000       82  RBMG2     END 
 17:41:12.800         0.000          0.000                      83  COND      BEGN
 17:41:12.800         0.000          0.000          0.000       83  COND      END 
 17:41:12.800         0.000          0.000                      87  EQUIV     BEGN
 17:41:12.800         0.000          0.000          0.000       87  EQUIV     END 
 17:41:12.800         0.000          0.000                      88  COND      BEGN
 17:41:12.800         0.000          0.000          0.000       88  COND      END 
 17:41:12.800         0.000          0.000                      89  SSG2      BEGN
 17:41:12.801         0.000          0.000                    MMA       BEGN
       MMA - NULL MATRIX PRODUCT
 17:41:12.801         0.000          0.000                    MMA       END 
 17:41:12.801         0.000          0.000          0.000       89  SSG2      END 
 17:41:12.801         0.000          0.000                      91  SSG3      BEGN
 17:41:12.801         0.000          0.000                    FBSI  BEGN
 17:41:12.801         0.000          0.000                    FBS2  BEGN
 17:41:12.801         0.000          0.000                    FBS2  END 
 17:41:12.801         0.000          0.000                    FBSI  END 
 17:41:12.801         0.000          0.000                    MMA       BEGN
 17:41:12.801         0.000          0.000                    MMA2  1   BEGN
 17:41:12.801         0.000          0.000                    MMA2  1   END 
   METHOD USED = 21NT  ACTUAL NUMBER OF PASSES =   1
 17:41:12.801         0.000          0.000                    MMA       END 
 17:41:12.801         0.000          0.000          0.000       91  SSG3      END 
 17:41:12.801         0.000          0.000                      92  COND      BEGN
 17:41:12.801         0.000          0.000          0.000       92  COND      END 
 17:41:12.801         0.000          0.000                      96  SDR1      BEGN
 17:41:12.801         0.000          0.000                    MMA       BEGN
 17:41:12.801         0.000          0.000                    MMA2  1   BEGN
 17:41:12.801         0.000          0.000                    MMA2  1   END 
   METHOD USED = 21T   ACTUAL NUMBER OF PASSES =   1
 17:41:12.801         0.000          0.000                    MMA       END 
 17:41:12.801         0.000          0.000          0.000       96  SDR1      END 
 17:41:12.801         0.000          0.000                     103  GPFDR     BEGN
 17:41:12.801         0.000          0.000          0.000      103  GPFDR     END 
 17:41:12.801         0.000          0.000                     104  PURGE     BEGN
 17:41:12.801         0.000          0.000          0.000      104  PURGE     END 
 17:41:12.801         0.000          0.000                     105  OFP       BEGN
 17:41:12.801         0.000          0.000          0.000      105  OFP       END 
 17:41:12.801         0.000          0.000                    XSFA      BEGN
 17:41:12.802         0.000          0.000                    XSFA      END 
 17:41:12.802         0.000          0.000                     110  SDR2      BEGN
 17:41:12.803         0.000          0.000          0.000      110  SDR2      END 
 17:41:12.803         0.000          0.000                     111  COND      BEGN
 17:41:12.803         0.000          0.000          0.000      111  COND      END 
 17:41:12.803         0.000          0.000                     114  PURGE     BEGN
 17:41:12.803         0.000          0.000          0.000      114  PURGE     END 
 17:41:12.803         0.000          0.000                     115  COND      BEGN
 17:41:12.803         0.000          0.000          0.000      115  COND      END 
 17:41:12.803         0.000          0.000                     120  PURGE     BEGN
 17:41:12.803         0.000          0.000          0.000      120  PURGE     END 
 17:41:12.803         0.000          0.000                     121  COND      BEGN
 17:41:12.803         0.000          0.000          0.000      121  COND      END 
 17:41:12.803         0.000          0.000                     140  PURGE     BEGN
 17:41:12.803         0.000          0.000          0.000      140  PURGE     END 
 17:41:12.803         0.000          0.000                     141  COND      BEGN
 17:41:12.803         0.000          0.000          0.000      141  COND      END 
 17:41:12.803         0.000          0.000                     146  OFP       BEGN
 17:41:12.833         0.016          0.000          0.016      146  OFP       END 
 17:41:12.833         0.016          0.000                     147  OFP       BEGN
 17:41:12.833         0.016          0.000          0.000      147  OFP       END 
 17:41:12.833         0.016          0.000                     148  SCAN      BEGN
 17:41:12.833         0.016          0.000          0.000      148  SCAN      END 
 17:41:12.833         0.016          0.000                     149  OFP       BEGN
 17:41:12.833         0.016          0.000          0.000      149  OFP       END 
 17:41:12.833         0.016          0.000                     150  OFP       BEGN
 17:41:12.833         0.016          0.000          0.000      150  OFP       END 
 17:41:12.833         0.016          0.000                     152  COND      BEGN
 17:41:12.833         0.016          0.000          0.000      152  COND      END 
 17:41:12.833         0.016          0.000                     157  COND      BEGN
 17:41:12.833         0.016          0.000          0.000      157  COND      END 
 17:41:12.833         0.016          0.000                     171  PURGE     BEGN
 17:41:12.833         0.016          0.000          0.000      171  PURGE     END 
 17:41:12.833         0.016          0.000                     228  EXIT      BEGN
1     STATISTICS ON IN-MEMORY DATA BASE AND DISK I/O USAGE

         LENGTH (IN WORDS) OF OPEN CORE ALLOCATED                   2000000
         LENGTH (IN WORDS) OF IN-MEMORY DATA BASE ALLOCATED        12000000
         NUMBER OF BLOCKS USED IN THE IN-MEMORY DATA BASE                83
         NUMBER OF BLOCKS ALLOCATED FOR THE IN-MEMORY DATA            11661
         PERCENTAGE OF IN-MEMORY DATA USED                                0%
         TOTAL BLOCKS WRITTEN TO DISK                              40000004
         BLOCK SIZE (IN WORDS)                                         1024
         NUMBER OF OPENS TO DISK FILES                                   14
         NUMBER OF CLOSES TO DISK FILES                                  14
         NUMBER OF WRITES TO DISK FILES                                   7
         NUMBER OF READS FROM DISK FILES                                 87
         MEMORY (IN WORDS) NOT USED BY IN-MEM. DATA BASE           11960074
