1*****************************************************************************
 *                                                                           *
 *       DATE 12/27/16       LOG OF 95 X86_64 Windows_NT NASTRAN JOB         *
 *                                                                           *
 *****************************************************************************

   WALL               TOTAL       INCREMENTAL      MODULE              MODULE/
   CLOCK               CPU            CPU            CPU             SUBROUTINE
   TIME              SECONDS        SECONDS        SECONDS             STATUS

 ------------------------------------------------------------------------------

 11:13:10.572         0.000          0.000                    SEM1  BEGN
 11:13:10.573         0.000          0.000                    GNFI
 11:13:10.574         0.000          0.000                    TTIO
 11:13:10.576         0.000          0.000                    TTLP
 11:13:10.577         0.000          0.000                    XCSA
 ID    D10011A,NASTRAN                                                   
 11:13:10.605         0.000          0.000                    IFP1
 TITLE    = COMPLEX EIGENVALUE ANALYSIS OF A ROCKET CONTROL SYSTEM       
 11:13:10.608         0.000          0.000                    XSOR
 11:13:10.614         0.000          0.000                    IFP   BEGN
 11:13:10.615         0.000          0.000                    IFP   END 
 11:13:10.615         0.000          0.000                    XGPI
 11:13:10.618         0.000          0.000                    BAND  IT  BEGN
 11:13:10.618         0.000          0.000                    BAND  IT  QUIT
 11:13:10.618         0.000          0.000                    SEM1  END 
 11:13:10.618         0.000          0.000                       4  PARAM     BEGN
 11:13:10.618         0.000          0.000          0.000        4  PARAM     END 
 11:13:10.618         0.000          0.000                    XSFA      BEGN
 11:13:10.618         0.000          0.000                    XSFA      END 
 11:13:10.618         0.000          0.000                       5  GP1       BEGN
 11:13:10.627         0.000          0.000          0.000        5  GP1       END 
 11:13:10.627         0.000          0.000                       6  ANISOP    BEGN
 11:13:10.627         0.000          0.000          0.000        6  ANISOP    END 
 11:13:10.627         0.000          0.000                       7  EQUIV     BEGN
 11:13:10.627         0.000          0.000          0.000        7  EQUIV     END 
 11:13:10.627         0.000          0.000                       8  PLTTRAN   BEGN
 11:13:10.627         0.000          0.000          0.000        8  PLTTRAN   END 
 11:13:10.627         0.000          0.000                       9  GP2       BEGN
 11:13:10.627         0.000          0.000          0.000        9  GP2       END 
 11:13:10.627         0.000          0.000                      10  PARAML    BEGN
 11:13:10.627         0.000          0.000          0.000       10  PARAML    END 
 11:13:10.627         0.000          0.000                      11  PURGE     BEGN
 11:13:10.627         0.000          0.000          0.000       11  PURGE     END 
 11:13:10.627         0.000          0.000                      12  COND      BEGN
 11:13:10.627         0.000          0.000          0.000       12  COND      END 
 11:13:10.627         0.000          0.000                      21  GP3       BEGN
 11:13:10.627         0.000          0.000          0.000       21  GP3       END 
 11:13:10.627         0.000          0.000                      22  TA1       BEGN
 11:13:10.627         0.000          0.000          0.000       22  TA1       END 
 11:13:10.627         0.000          0.000                      23  EQUIV     BEGN
 11:13:10.627         0.000          0.000          0.000       23  EQUIV     END 
 11:13:10.628         0.000          0.000                      24  COND      BEGN
 11:13:10.628         0.000          0.000          0.000       24  COND      END 
 11:13:10.628         0.000          0.000                      25  PARAM     BEGN
 11:13:10.628         0.000          0.000          0.000       25  PARAM     END 
 11:13:10.628         0.000          0.000                      26  PARAM     BEGN
 11:13:10.628         0.000          0.000          0.000       26  PARAM     END 
 11:13:10.628         0.000          0.000                      27  EMG       BEGN
 11:13:10.633         0.000          0.000          0.000       27  EMG       END 
 11:13:10.633         0.000          0.000                      28  PURGE     BEGN
 11:13:10.633         0.000          0.000          0.000       28  PURGE     END 
 11:13:10.633         0.000          0.000                      29  COND      BEGN
 11:13:10.633         0.000          0.000          0.000       29  COND      END 
 11:13:10.633         0.000          0.000                      30  EMA       BEGN
 11:13:10.633         0.000          0.000          0.000       30  EMA       END 
 11:13:10.633         0.000          0.000                      31  PURGE     BEGN
 11:13:10.633         0.000          0.000          0.000       31  PURGE     END 
 11:13:10.633         0.000          0.000                      33  COND      BEGN
 11:13:10.633         0.000          0.000          0.000       33  COND      END 
 11:13:10.633         0.000          0.000                      34  EMA       BEGN
 11:13:10.633         0.000          0.000          0.000       34  EMA       END 
 11:13:10.633         0.000          0.000                      35  PURGE     BEGN
 11:13:10.633         0.000          0.000          0.000       35  PURGE     END 
 11:13:10.633         0.000          0.000                      36  COND      BEGN
 11:13:10.633         0.000          0.000          0.000       36  COND      END 
 11:13:10.633         0.000          0.000                      37  GPWG      BEGN
 11:13:10.634         0.000          0.000                    TRAN  POSE
 11:13:10.634         0.000          0.000                    TRAN  POSE
 11:13:10.634         0.000          0.000                    MMA       BEGN
 11:13:10.634         0.000          0.000                    MMA3  1   BEGN
 11:13:10.634         0.000          0.000                    MMA3  1   END 
   METHOD USED = 31NT  ACTUAL NUMBER OF PASSES =   1
 11:13:10.634         0.000          0.000                    MMA       END 
 11:13:10.634         0.000          0.000                    MMA       BEGN
 11:13:10.634         0.000          0.000                    MMA3  2   BEGN
 11:13:10.634         0.000          0.000                    MMA3  2   END 
   METHOD USED = 32T   ACTUAL NUMBER OF PASSES =   1
 11:13:10.634         0.000          0.000                    MMA       END 
 11:13:10.634         0.000          0.000          0.000       37  GPWG      END 
 11:13:10.634         0.000          0.000                      38  OFP       BEGN
 11:13:10.634         0.000          0.000          0.000       38  OFP       END 
 11:13:10.634         0.000          0.000                      40  EQUIV     BEGN
 11:13:10.634         0.000          0.000          0.000       40  EQUIV     END 
 11:13:10.634         0.000          0.000                      41  COND      BEGN
 11:13:10.634         0.000          0.000          0.000       41  COND      END 
 11:13:10.634         0.000          0.000                      44  GPSTGEN   BEGN
 11:13:10.634         0.000          0.000          0.000       44  GPSTGEN   END 
 11:13:10.634         0.000          0.000                      45  PARAM     BEGN
 11:13:10.634         0.000          0.000          0.000       45  PARAM     END 
 11:13:10.634         0.000          0.000                    XSFA      BEGN
 11:13:10.634         0.000          0.000                    XSFA      END 
 11:13:10.634         0.000          0.000                      46  GP4       BEGN
 11:13:10.634         0.000          0.000          0.000       46  GP4       END 
 11:13:10.635         0.000          0.000                      47  OFP       BEGN
 11:13:10.636         0.000          0.000          0.000       47  OFP       END 
 11:13:10.636         0.000          0.000                      48  PARAM     BEGN
 11:13:10.636         0.000          0.000          0.000       48  PARAM     END 
 11:13:10.636         0.000          0.000                      49  PURGE     BEGN
 11:13:10.636         0.000          0.000          0.000       49  PURGE     END 
 11:13:10.636         0.016          0.000                      50  EQUIV     BEGN
 11:13:10.636         0.016          0.000          0.000       50  EQUIV     END 
 11:13:10.636         0.016          0.000                      51  COND      BEGN
 11:13:10.636         0.016          0.000          0.000       51  COND      END 
 11:13:10.636         0.016          0.000                      52  MCE1      BEGN
 11:13:10.636         0.016          0.000          0.000       52  MCE1      END 
 11:13:10.636         0.016          0.000                      53  MCE2      BEGN
 11:13:10.636         0.016          0.000                    MMA       BEGN
 11:13:10.636         0.016          0.000                    MMA3  1   BEGN
 11:13:10.636         0.016          0.000                    MMA3  1   END 
   METHOD USED = 31NT  ACTUAL NUMBER OF PASSES =   1
 11:13:10.636         0.016          0.000                    MMA       END 
 11:13:10.636         0.016          0.000                    MMA       BEGN
 11:13:10.636         0.016          0.000                    MMA3  2   BEGN
 11:13:10.637         0.016          0.000                    MMA3  2   END 
   METHOD USED = 32T   ACTUAL NUMBER OF PASSES =   1
 11:13:10.637         0.016          0.000                    MMA       END 
 11:13:10.637         0.016          0.000                    MMA       BEGN
 11:13:10.637         0.016          0.000                    MMA3  2   BEGN
 11:13:10.637         0.016          0.000                    MMA3  2   END 
   METHOD USED = 32T   ACTUAL NUMBER OF PASSES =   1
 11:13:10.637         0.016          0.000                    MMA       END 
 11:13:10.637         0.016          0.000                    MMA       BEGN
 11:13:10.637         0.016          0.000                    MMA3  1   BEGN
 11:13:10.637         0.016          0.000                    MMA3  1   END 
   METHOD USED = 31NT  ACTUAL NUMBER OF PASSES =   1
 11:13:10.637         0.016          0.000                    MMA       END 
 11:13:10.637         0.016          0.000                    MMA       BEGN
 11:13:10.637         0.016          0.000                    MMA3  2   BEGN
 11:13:10.637         0.016          0.000                    MMA3  2   END 
   METHOD USED = 32T   ACTUAL NUMBER OF PASSES =   1
 11:13:10.637         0.016          0.000                    MMA       END 
 11:13:10.637         0.016          0.000                    MMA       BEGN
 11:13:10.637         0.016          0.000                    MMA3  2   BEGN
 11:13:10.637         0.016          0.000                    MMA3  2   END 
   METHOD USED = 32T   ACTUAL NUMBER OF PASSES =   1
 11:13:10.637         0.016          0.000                    MMA       END 
 11:13:10.637         0.016          0.000          0.000       53  MCE2      END 
 11:13:10.637         0.016          0.000                      55  EQUIV     BEGN
 11:13:10.637         0.016          0.000          0.000       55  EQUIV     END 
 11:13:10.637         0.016          0.000                      56  COND      BEGN
 11:13:10.637         0.016          0.000          0.000       56  COND      END 
 11:13:10.637         0.016          0.000                      57  SCE1      BEGN
 11:13:10.638         0.016          0.000          0.000       57  SCE1      END 
 11:13:10.638         0.016          0.000                      59  EQUIV     BEGN
 11:13:10.638         0.016          0.000          0.000       59  EQUIV     END 
 11:13:10.638         0.016          0.000                      60  EQUIV     BEGN
 11:13:10.638         0.016          0.000          0.000       60  EQUIV     END 
 11:13:10.638         0.016          0.000                      61  COND      BEGN
 11:13:10.638         0.016          0.000          0.000       61  COND      END 
 11:13:10.638         0.016          0.000                      65  COND      BEGN
 11:13:10.638         0.016          0.000          0.000       65  COND      END 
 11:13:10.638         0.016          0.000                    XSFA      BEGN
 11:13:10.638         0.016          0.000                    XSFA      END 
 11:13:10.638         0.016          0.000                      66  RBMG1     BEGN
 11:13:10.638         0.016          0.000          0.000       66  RBMG1     END 
 11:13:10.638         0.016          0.000                      67  RBMG2     BEGN
 11:13:10.638         0.016          0.000                    SMCO  MP  BEGN          
 11:13:10.638         0.016          0.000                    SMCO  MP  END           
 11:13:10.638         0.016          0.000          0.000       67  RBMG2     END 
 11:13:10.638         0.016          0.000                      68  RBMG3     BEGN
 11:13:10.638         0.016          0.000                    FBSI  BEGN
 11:13:10.638         0.016          0.000                    FBS2  BEGN
 11:13:10.638         0.016          0.000                    FBS2  END 
 11:13:10.638         0.016          0.000                    FBSI  END 
 11:13:10.638         0.016          0.000                    MMA       BEGN
 11:13:10.638         0.016          0.000                    MMA2  1   BEGN
 11:13:10.638         0.016          0.000                    MMA2  1   END 
   METHOD USED = 21T   ACTUAL NUMBER OF PASSES =   1
 11:13:10.638         0.016          0.000                    MMA       END 
 11:13:10.638         0.016          0.000          0.000       68  RBMG3     END 
 11:13:10.638         0.016          0.000                      69  RBMG4     BEGN
 11:13:10.638         0.016          0.000                    MMA       BEGN
 11:13:10.638         0.016          0.000                    MMA2  1   BEGN
 11:13:10.638         0.016          0.000                    MMA2  1   END 
   METHOD USED = 21NT  ACTUAL NUMBER OF PASSES =   1
 11:13:10.638         0.016          0.000                    MMA       END 
 11:13:10.638         0.016          0.000                    MMA       BEGN
       MMA - NULL MATRIX PRODUCT
 11:13:10.638         0.016          0.000                    MMA       END 
 11:13:10.638         0.016          0.000                    MMA       BEGN
 11:13:10.638         0.016          0.000                    MMA1  0   BEGN
 11:13:10.638         0.016          0.000                    MMA1  0   END 
   METHOD USED = 10T   ACTUAL NUMBER OF PASSES =   1
 11:13:10.638         0.016          0.000                    MMA       END 
 11:13:10.638         0.016          0.000          0.000       69  RBMG4     END 
 11:13:10.638         0.016          0.000                      71  DPD       BEGN
 11:13:10.638         0.016          0.000          0.000       71  DPD       END 
 11:13:10.638         0.016          0.000                      72  COND      BEGN
 11:13:10.639         0.016          0.000          0.000       72  COND      END 
 11:13:10.639         0.016          0.000                      73  EQUIV     BEGN
 11:13:10.639         0.016          0.000          0.000       73  EQUIV     END 
 11:13:10.639         0.016          0.000                      74  PARAM     BEGN
 11:13:10.639         0.016          0.000          0.000       74  PARAM     END 
 11:13:10.639         0.016          0.000                      75  READ      BEGN
 11:13:10.639         0.016          0.000                    MMA       BEGN
 11:13:10.639         0.016          0.000                    MMA1  0   BEGN
 11:13:10.639         0.016          0.000                    MMA1  0   END 
   METHOD USED = 10NT  ACTUAL NUMBER OF PASSES =   1
 11:13:10.639         0.016          0.000                    MMA       END 
 11:13:10.639         0.016          0.000                    SMCO  MP  BEGN          
 11:13:10.639         0.016          0.000                    SMCO  MP  END           
 11:13:10.639         0.016          0.000                    FBS2  BEGN
 11:13:10.639         0.016          0.000                    FBS2  END 
 11:13:10.639         0.016          0.000                    FBS2  BEGN
 11:13:10.639         0.016          0.000                    FBS2  END 
 11:13:10.639         0.016          0.000                    FBS2  BEGN
 11:13:10.639         0.016          0.000                    FBS2  END 
 11:13:10.639         0.016          0.000                    FBS2  BEGN
 11:13:10.639         0.016          0.000                    FBS2  END 
 11:13:10.639         0.016          0.000                    FBS2  BEGN
 11:13:10.639         0.016          0.000                    FBS2  END 
 11:13:10.639         0.016          0.000                    FBS2  BEGN
 11:13:10.639         0.016          0.000                    FBS2  END 
 11:13:10.639         0.016          0.000                    FBS2  BEGN
 11:13:10.639         0.016          0.000                    FBS2  END 
 11:13:10.639         0.016          0.000                    FBS2  BEGN
 11:13:10.639         0.016          0.000                    FBS2  END 
 11:13:10.639         0.016          0.000                    SMCO  MP  BEGN          
 11:13:10.639         0.016          0.000                    SMCO  MP  END           
 11:13:10.639         0.016          0.000                    FBS2  BEGN
 11:13:10.640         0.016          0.000                    FBS2  END 
 11:13:10.640         0.016          0.000                    FBS2  BEGN
 11:13:10.640         0.016          0.000                    FBS2  END 
 11:13:10.640         0.016          0.000                    FBS2  BEGN
 11:13:10.640         0.016          0.000                    FBS2  END 
 11:13:10.640         0.016          0.000                    FBS2  BEGN
 11:13:10.640         0.016          0.000                    FBS2  END 
 11:13:10.640         0.016          0.000                    FBS2  BEGN
 11:13:10.640         0.016          0.000                    FBS2  END 
 11:13:10.640         0.016          0.000                    FBS2  BEGN
 11:13:10.640         0.016          0.000                    FBS2  END 
 11:13:10.640         0.016          0.000                    FBS2  BEGN
 11:13:10.640         0.016          0.000                    FBS2  END 
 11:13:10.640         0.016          0.000                    SMCO  MP  BEGN          
 11:13:10.640         0.016          0.000                    SMCO  MP  END           
 11:13:10.640         0.016          0.000                    FBS2  BEGN
 11:13:10.640         0.016          0.000                    FBS2  END 
 11:13:10.640         0.016          0.000                    FBS2  BEGN
 11:13:10.640         0.016          0.000                    FBS2  END 
 11:13:10.640         0.016          0.000                    FBS2  BEGN
 11:13:10.640         0.016          0.000                    FBS2  END 
 11:13:10.640         0.016          0.000                    FBS2  BEGN
 11:13:10.640         0.016          0.000                    FBS2  END 
 11:13:10.640         0.016          0.000                    FBS2  BEGN
 11:13:10.640         0.016          0.000                    FBS2  END 
 11:13:10.640         0.016          0.000                    FBS2  BEGN
 11:13:10.640         0.016          0.000                    FBS2  END 
 11:13:10.640         0.016          0.000                    FBS2  BEGN
 11:13:10.640         0.016          0.000                    FBS2  END 
 11:13:10.640         0.016          0.000                    SMCO  MP  BEGN          
 11:13:10.640         0.016          0.000                    SMCO  MP  END           
 11:13:10.640         0.016          0.000                    FBS2  BEGN
 11:13:10.640         0.016          0.000                    FBS2  END 
 11:13:10.641         0.016          0.000                    FBS2  BEGN
 11:13:10.641         0.016          0.000                    FBS2  END 
 11:13:10.641         0.016          0.000                    FBS2  BEGN
 11:13:10.641         0.016          0.000                    FBS2  END 
 11:13:10.641         0.016          0.000                    FBS2  BEGN
 11:13:10.641         0.016          0.000                    FBS2  END 
 11:13:10.641         0.016          0.000                    FBS2  BEGN
 11:13:10.641         0.016          0.000                    FBS2  END 
 11:13:10.641         0.016          0.000                    FBS2  BEGN
 11:13:10.641         0.016          0.000                    FBS2  END 
 11:13:10.641         0.016          0.000                    FBS2  BEGN
 11:13:10.641         0.016          0.000                    FBS2  END 
 11:13:10.641         0.016          0.000                    FBS2  BEGN
 11:13:10.641         0.016          0.000                    FBS2  END 
 11:13:10.641         0.016          0.000                    FBS2  BEGN
 11:13:10.641         0.016          0.000                    FBS2  END 
 11:13:10.641         0.016          0.000                    FBS2  BEGN
 11:13:10.641         0.016          0.000                    FBS2  END 
 11:13:10.641         0.016          0.000                    FBS2  BEGN
 11:13:10.641         0.016          0.000                    FBS2  END 
 11:13:10.641         0.016          0.000                    SMCO  MP  BEGN          
 11:13:10.641         0.016          0.000                    SMCO  MP  END           
 11:13:10.641         0.016          0.000                    FBS2  BEGN
 11:13:10.641         0.016          0.000                    FBS2  END 
 11:13:10.641         0.016          0.000                    FBS2  BEGN
 11:13:10.641         0.016          0.000                    FBS2  END 
 11:13:10.641         0.016          0.000                    MMA       BEGN
 11:13:10.641         0.016          0.000                    MMA2  1   BEGN
 11:13:10.641         0.016          0.000                    MMA2  1   END 
   METHOD USED = 21NT  ACTUAL NUMBER OF PASSES =   1
 11:13:10.641         0.016          0.000                    MMA       END 
 11:13:10.641         0.016          0.000                    MMA       BEGN
 11:13:10.641         0.016          0.000                    MMA1  0   BEGN
 11:13:10.641         0.016          0.000                    MMA1  0   END 
   METHOD USED = 10T   ACTUAL NUMBER OF PASSES =   1
 11:13:10.641         0.016          0.000                    MMA       END 
 11:13:10.642         0.016          0.000                    MMA       BEGN
 11:13:10.642         0.016          0.000                    MMA2  1   BEGN
 11:13:10.642         0.016          0.000                    MMA2  1   END 
   METHOD USED = 21NT  ACTUAL NUMBER OF PASSES =   1
 11:13:10.642         0.016          0.000                    MMA       END 
 11:13:10.642         0.016          0.000                    MMA       BEGN
 11:13:10.642         0.016          0.000                    MMA1  0   BEGN
 11:13:10.642         0.016          0.000                    MMA1  0   END 
   METHOD USED = 10T   ACTUAL NUMBER OF PASSES =   1
 11:13:10.642         0.016          0.000                    MMA       END 
 11:13:10.642         0.016          0.000          0.000       75  READ      END 
 11:13:10.642         0.016          0.000                      76  OFP       BEGN
 11:13:10.642         0.016          0.000          0.000       76  OFP       END 
 11:13:10.642         0.016          0.000                      77  COND      BEGN
 11:13:10.642         0.016          0.000          0.000       77  COND      END 
 11:13:10.642         0.016          0.000                      78  OFP       BEGN
 11:13:10.643         0.016          0.000          0.000       78  OFP       END 
 11:13:10.643         0.016          0.000                      79  PARAM     BEGN
 11:13:10.643         0.016          0.000          0.000       79  PARAM     END 
 11:13:10.643         0.016          0.000                      80  PARAM     BEGN
 11:13:10.643         0.016          0.000          0.000       80  PARAM     END 
 11:13:10.643         0.016          0.000                      82  PURGE     BEGN
 11:13:10.643         0.016          0.000          0.000       82  PURGE     END 
 11:13:10.643         0.016          0.000                      83  CASE      BEGN
 11:13:10.643         0.016          0.000          0.000       83  CASE      END 
 11:13:10.643         0.016          0.000                      84  MTRXIN    BEGN
 11:13:10.643         0.016          0.000          0.000       84  MTRXIN    END 
 11:13:10.643         0.016          0.000                      85  PURGE     BEGN
 11:13:10.643         0.016          0.000          0.000       85  PURGE     END 
 11:13:10.643         0.016          0.000                      86  EQUIV     BEGN
 11:13:10.643         0.016          0.000          0.000       86  EQUIV     END 
 11:13:10.643         0.016          0.000                      87  GKAD      BEGN
 11:13:10.644         0.016          0.000                    MMA       BEGN
       MMA - NULL MATRIX PRODUCT
 11:13:10.644         0.016          0.000                    MMA       END 
 11:13:10.644         0.016          0.000                    MMA       BEGN
       MMA - NULL MATRIX PRODUCT
 11:13:10.644         0.016          0.000                    MMA       END 
 11:13:10.644         0.016          0.000                    MMA       BEGN
       MMA - NULL MATRIX PRODUCT
 11:13:10.644         0.016          0.000                    MMA       END 
 11:13:10.644         0.016          0.000                    MMA       BEGN
       MMA - NULL MATRIX PRODUCT
 11:13:10.644         0.016          0.000                    MMA       END 
 11:13:10.644         0.016          0.000                    MMA       BEGN
       MMA - NULL MATRIX PRODUCT
 11:13:10.644         0.016          0.000                    MMA       END 
 11:13:10.644         0.016          0.000                    MMA       BEGN
       MMA - NULL MATRIX PRODUCT
 11:13:10.644         0.016          0.000                    MMA       END 
 11:13:10.644         0.016          0.000                    MMA       BEGN
       MMA - NULL MATRIX PRODUCT
 11:13:10.644         0.016          0.000                    MMA       END 
 11:13:10.644         0.016          0.000                    MMA       BEGN
       MMA - NULL MATRIX PRODUCT
 11:13:10.644         0.016          0.000                    MMA       END 
 11:13:10.644         0.016          0.000                    MMA       BEGN
       MMA - NULL MATRIX PRODUCT
 11:13:10.644         0.016          0.000                    MMA       END 
 11:13:10.644         0.016          0.000          0.000       87  GKAD      END 
 11:13:10.644         0.016          0.000                      88  GKAM      BEGN
 11:13:10.645         0.016          0.000                    MMA       BEGN
 11:13:10.645         0.016          0.000                    MMA3  1   BEGN
 11:13:10.645         0.016          0.000                    MMA3  1   END 
   METHOD USED = 31NT  ACTUAL NUMBER OF PASSES =   1
 11:13:10.645         0.016          0.000                    MMA       END 
 11:13:10.645         0.016          0.000                    MMA       BEGN
 11:13:10.646         0.016          0.000                    MMA3  2   BEGN
 11:13:10.646         0.016          0.000                    MMA3  2   END 
   METHOD USED = 32T   ACTUAL NUMBER OF PASSES =   1
 11:13:10.646         0.016          0.000                    MMA       END 
 11:13:10.646         0.016          0.000                    MMA       BEGN
 11:13:10.646         0.016          0.000                    MMA3  1   BEGN
 11:13:10.646         0.016          0.000                    MMA3  1   END 
   METHOD USED = 31NT  ACTUAL NUMBER OF PASSES =   1
 11:13:10.646         0.016          0.000                    MMA       END 
 11:13:10.646         0.016          0.000                    MMA       BEGN
 11:13:10.646         0.016          0.000                    MMA3  2   BEGN
 11:13:10.646         0.016          0.000                    MMA3  2   END 
   METHOD USED = 32T   ACTUAL NUMBER OF PASSES =   1
 11:13:10.646         0.016          0.000                    MMA       END 
 11:13:10.646         0.016          0.000                    MMA       BEGN
 11:13:10.646         0.016          0.000                    MMA3  1   BEGN
 11:13:10.646         0.016          0.000                    MMA3  1   END 
   METHOD USED = 31NT  ACTUAL NUMBER OF PASSES =   1
 11:13:10.646         0.016          0.000                    MMA       END 
 11:13:10.646         0.016          0.000                    MMA       BEGN
 11:13:10.646         0.016          0.000                    MMA3  2   BEGN
 11:13:10.646         0.016          0.000                    MMA3  2   END 
   METHOD USED = 32T   ACTUAL NUMBER OF PASSES =   1
 11:13:10.646         0.016          0.000                    MMA       END 
 11:13:10.646         0.016          0.000          0.000       88  GKAM      END 
 11:13:10.646         0.016          0.000                      88  MATGPR    BEGN
 11:13:10.646         0.016          0.000          0.000       88  MATGPR    END 
 11:13:10.646         0.016          0.000                    XSFA      BEGN
 11:13:10.647         0.016          0.000                    XSFA      END 
 11:13:10.647         0.016          0.000                      89  CEAD      BEGN
 11:13:10.647         0.016          0.000                    CDCO  MP  BEGN
 11:13:10.647         0.016          0.000                    CDCO  MP  END 
 11:13:10.647         0.016          0.000                    CDCO  MP  BEGN
 11:13:10.647         0.016          0.000                    CDCO  MP  END 
 11:13:10.647         0.016          0.000                    CDCO  MP  BEGN
 11:13:10.647         0.016          0.000                    CDCO  MP  END 
 11:13:10.647         0.016          0.000                    CDCO  MP  BEGN
 11:13:10.647         0.016          0.000                    CDCO  MP  END 
 11:13:10.647         0.016          0.000                    CDCO  MP  BEGN
 11:13:10.647         0.016          0.000                    CDCO  MP  END 
 11:13:10.647         0.016          0.000                    CDCO  MP  BEGN
 11:13:10.647         0.016          0.000                    CDCO  MP  END 
 11:13:10.647         0.016          0.000                    CDCO  MP  BEGN
 11:13:10.647         0.016          0.000                    CDCO  MP  END 
 11:13:10.647         0.016          0.000                    CDCO  MP  BEGN
 11:13:10.648         0.016          0.000                    CDCO  MP  END 
 11:13:10.648         0.016          0.000                    CDCO  MP  BEGN
 11:13:10.648         0.016          0.000                    CDCO  MP  END 
 11:13:10.648         0.016          0.000                    CDCO  MP  BEGN
 11:13:10.648         0.016          0.000                    CDCO  MP  END 
 11:13:10.648         0.016          0.000                    CDCO  MP  BEGN
 11:13:10.648         0.016          0.000                    CDCO  MP  END 
 11:13:10.648         0.016          0.000                    CDCO  MP  BEGN
 11:13:10.648         0.016          0.000                    CDCO  MP  END 
 11:13:10.648         0.016          0.000                    CDCO  MP  BEGN
 11:13:10.648         0.016          0.000                    CDCO  MP  END 
 11:13:10.648         0.016          0.000                    CDCO  MP  BEGN
 11:13:10.648         0.016          0.000                    CDCO  MP  END 
 11:13:10.648         0.016          0.000                    CDCO  MP  BEGN
 11:13:10.648         0.016          0.000                    CDCO  MP  END 
 11:13:10.648         0.016          0.000                    CDCO  MP  BEGN
 11:13:10.648         0.016          0.000                    CDCO  MP  END 
 11:13:10.648         0.016          0.000                    CDCO  MP  BEGN
 11:13:10.649         0.016          0.000                    CDCO  MP  END 
 11:13:10.649         0.016          0.000                    CDCO  MP  BEGN
 11:13:10.649         0.016          0.000                    CDCO  MP  END 
 11:13:10.649         0.016          0.000                    CDCO  MP  BEGN
 11:13:10.649         0.016          0.000                    CDCO  MP  END 
 11:13:10.649         0.016          0.000                    CDCO  MP  BEGN
 11:13:10.649         0.016          0.000                    CDCO  MP  END 
 11:13:10.649         0.016          0.000                    CDCO  MP  BEGN
 11:13:10.649         0.016          0.000                    CDCO  MP  END 
 11:13:10.649         0.016          0.000                    CDCO  MP  BEGN
 11:13:10.649         0.016          0.000                    CDCO  MP  END 
 11:13:10.649         0.016          0.000                    CDCO  MP  BEGN
 11:13:10.649         0.016          0.000                    CDCO  MP  END 
 11:13:10.649         0.016          0.000                    CDCO  MP  BEGN
 11:13:10.649         0.016          0.000                    CDCO  MP  END 
 11:13:10.649         0.016          0.000                    CDCO  MP  BEGN
 11:13:10.649         0.016          0.000                    CDCO  MP  END 
 11:13:10.649         0.016          0.000                    CDCO  MP  BEGN
 11:13:10.649         0.016          0.000                    CDCO  MP  END 
 11:13:10.649         0.016          0.000                    CDCO  MP  BEGN
 11:13:10.650         0.016          0.000                    CDCO  MP  END 
 11:13:10.650         0.016          0.000                    CDCO  MP  BEGN
 11:13:10.650         0.016          0.000                    CDCO  MP  END 
 11:13:10.650         0.016          0.000                    CDCO  MP  BEGN
 11:13:10.650         0.016          0.000                    CDCO  MP  END 
 11:13:10.650         0.016          0.000                    CDCO  MP  BEGN
 11:13:10.650         0.016          0.000                    CDCO  MP  END 
 11:13:10.650         0.016          0.000                    CDCO  MP  BEGN
 11:13:10.650         0.016          0.000                    CDCO  MP  END 
 11:13:10.650         0.016          0.000                    CDCO  MP  BEGN
 11:13:10.650         0.016          0.000                    CDCO  MP  END 
 11:13:10.650         0.016          0.000                    CDCO  MP  BEGN
 11:13:10.650         0.016          0.000                    CDCO  MP  END 
 11:13:10.650         0.016          0.000                    CDCO  MP  BEGN
 11:13:10.650         0.016          0.000                    CDCO  MP  END 
 11:13:10.650         0.016          0.000                    CDCO  MP  BEGN
 11:13:10.650         0.016          0.000                    CDCO  MP  END 
 11:13:10.650         0.016          0.000                    CDCO  MP  BEGN
 11:13:10.650         0.016          0.000                    CDCO  MP  END 
 11:13:10.650         0.016          0.000                    CDCO  MP  BEGN
 11:13:10.651         0.016          0.000                    CDCO  MP  END 
 11:13:10.651         0.016          0.000                    CDCO  MP  BEGN
 11:13:10.651         0.016          0.000                    CDCO  MP  END 
 11:13:10.651         0.016          0.000                    CDCO  MP  BEGN
 11:13:10.651         0.016          0.000                    CDCO  MP  END 
 11:13:10.651         0.016          0.000          0.000       89  CEAD      END 
 11:13:10.651         0.016          0.000                      90  OFP       BEGN
 11:13:10.653         0.016          0.000          0.000       90  OFP       END 
 11:13:10.653         0.016          0.000                      91  COND      BEGN
 11:13:10.653         0.016          0.000          0.000       91  COND      END 
 11:13:10.653         0.016          0.000                      92  OFP       BEGN
 11:13:10.653         0.016          0.000          0.000       92  OFP       END 
 11:13:10.653         0.016          0.000                      93  VDR       BEGN
 11:13:10.653         0.016          0.000          0.000       93  VDR       END 
 11:13:10.653         0.016          0.000                      94  COND      BEGN
 11:13:10.653         0.016          0.000          0.000       94  COND      END 
 11:13:10.653         0.016          0.000                      95  OFP       BEGN
 11:13:10.660         0.016          0.000          0.000       95  OFP       END 
 11:13:10.660         0.016          0.000                      97  COND      BEGN
 11:13:10.660         0.016          0.000          0.000       97  COND      END 
 11:13:10.660         0.016          0.000                      98  DDR1      BEGN
 11:13:10.660         0.016          0.000                    MMA       BEGN
 11:13:10.660         0.016          0.000                    MMA2  1   BEGN
 11:13:10.661         0.016          0.000                    MMA2  1   END 
   METHOD USED = 21NT  ACTUAL NUMBER OF PASSES =   1
 11:13:10.661         0.016          0.000                    MMA       END 
 11:13:10.661         0.016          0.000          0.000       98  DDR1      END 
 11:13:10.661         0.016          0.000                      99  EQUIV     BEGN
 11:13:10.661         0.016          0.000          0.000       99  EQUIV     END 
 11:13:10.661         0.016          0.000                     100  COND      BEGN
 11:13:10.661         0.016          0.000          0.000      100  COND      END 
 11:13:10.661         0.016          0.000                     101  SDR1      BEGN
 11:13:10.661         0.016          0.000                    MMA       BEGN
       MMA - NULL MATRIX PRODUCT
 11:13:10.661         0.016          0.000                    MMA       END 
 11:13:10.661         0.016          0.000                    MMA       BEGN
 11:13:10.661         0.016          0.000                    MMA3  1   BEGN
 11:13:10.661         0.016          0.000                    MMA3  1   END 
   METHOD USED = 31NT  ACTUAL NUMBER OF PASSES =   1
 11:13:10.661         0.016          0.000                    MMA       END 
 11:13:10.661         0.016          0.000          0.000      101  SDR1      END 
 11:13:10.661         0.016          0.000                     103  SDR2      BEGN
 11:13:10.661         0.016          0.000          0.000      103  SDR2      END 
 11:13:10.661         0.016          0.000                     104  OFP       BEGN
 11:13:10.671         0.016          0.000          0.000      104  OFP       END 
 11:13:10.671         0.016          0.000                     109  JUMP      BEGN
 11:13:10.671         0.016          0.000          0.000      109  JUMP      END 
 11:13:10.671         0.016          0.000                     119  PURGE     BEGN
 11:13:10.671         0.016          0.000          0.000      119  PURGE     END 
 11:13:10.671         0.016          0.000                     120  EXIT      BEGN
1     STATISTICS ON IN-MEMORY DATA BASE AND DISK I/O USAGE

         LENGTH (IN WORDS) OF OPEN CORE ALLOCATED                   2000000
         LENGTH (IN WORDS) OF IN-MEMORY DATA BASE ALLOCATED        12000000
         NUMBER OF BLOCKS USED IN THE IN-MEMORY DATA BASE                45
         NUMBER OF BLOCKS ALLOCATED FOR THE IN-MEMORY DATA            11661
         PERCENTAGE OF IN-MEMORY DATA USED                                0%
         TOTAL BLOCKS WRITTEN TO DISK                              20000005
         BLOCK SIZE (IN WORDS)                                         1024
         NUMBER OF OPENS TO DISK FILES                                    8
         NUMBER OF CLOSES TO DISK FILES                                   8
         NUMBER OF WRITES TO DISK FILES                                   8
         NUMBER OF READS FROM DISK FILES                                 10
         MEMORY (IN WORDS) NOT USED BY IN-MEM. DATA BASE           11999328
