1*****************************************************************************
 *                                                                           *
 *       DATE 12/11/16       LOG OF 95 X86_64 Windows_NT NASTRAN JOB         *
 *                                                                           *
 *****************************************************************************

   WALL               TOTAL       INCREMENTAL      MODULE              MODULE/
   CLOCK               CPU            CPU            CPU             SUBROUTINE
   TIME              SECONDS        SECONDS        SECONDS             STATUS

 ------------------------------------------------------------------------------

 22:02:37.451         0.000          0.000                    SEM1  BEGN
 22:02:37.453         0.000          0.000                    GNFI
 22:02:37.453         0.000          0.000                    TTIO
 22:02:37.455         0.000          0.000                    TTLP
 22:02:37.456         0.000          0.000                    XCSA
 ID    D02021A,NASTRAN                                                   
 22:02:37.468         0.000          0.000                    ASDM  BEGN
 22:02:37.475         0.000          0.000                    ASDM  END 
 22:02:37.475         0.000          0.000                    IFP1
 TITLE    = WINDMILL PANEL SECTIONS FOR AUTOMATED MULTI-STAGE SUBSTRUCTUR
 22:02:37.479         0.000          0.000                    XSOR
 22:02:37.483         0.000          0.000                    IFP   BEGN
 22:02:37.484         0.000          0.000                    IFP   END 
 22:02:37.484         0.000          0.000                    XGPI
 22:02:37.485         0.000          0.000                    BAND  IT  BEGN
 22:02:37.496         0.016          0.000                    BAND  IT  END 
 22:02:37.496         0.016          0.000                    SEM1  END 
 22:02:37.496         0.016          0.000                       4  PARAM     BEGN
 22:02:37.496         0.016          0.000          0.000        4  PARAM     END 
 22:02:37.496         0.016          0.000                       4  PARAM     BEGN
 22:02:37.496         0.016          0.000          0.000        4  PARAM     END 
 22:02:37.496         0.016          0.000                    XSFA      BEGN
 22:02:37.496         0.016          0.000                    XSFA      END 
 22:02:37.496         0.016          0.000                       4  SGEN      BEGN
 22:02:37.496         0.016          0.000          0.000        4  SGEN      END 
 22:02:37.496         0.016          0.000                       4  EQUIV     BEGN
 22:02:37.496         0.016          0.000          0.000        4  EQUIV     END 
 22:02:37.496         0.016          0.000                    XSFA      BEGN
 22:02:37.497         0.016          0.000                    XSFA      END 
 22:02:37.497         0.016          0.000                       5  GP1       BEGN
 22:02:37.501         0.016          0.000          0.000        5  GP1       END 
 22:02:37.501         0.016          0.000                       6  ANISOP    BEGN
 22:02:37.501         0.016          0.000          0.000        6  ANISOP    END 
 22:02:37.501         0.016          0.000                       7  EQUIV     BEGN
 22:02:37.501         0.016          0.000          0.000        7  EQUIV     END 
 22:02:37.501         0.016          0.000                       8  PLTTRAN   BEGN
 22:02:37.501         0.016          0.000          0.000        8  PLTTRAN   END 
 22:02:37.501         0.016          0.000                       9  GP2       BEGN
 22:02:37.501         0.016          0.000          0.000        9  GP2       END 
 22:02:37.501         0.016          0.000                      10  PARAML    BEGN
 22:02:37.501         0.016          0.000          0.000       10  PARAML    END 
 22:02:37.501         0.016          0.000                      11  PURGE     BEGN
 22:02:37.501         0.016          0.000          0.000       11  PURGE     END 
 22:02:37.501         0.016          0.000                      12  COND      BEGN
 22:02:37.501         0.016          0.000          0.000       12  COND      END 
 22:02:37.501         0.016          0.000                      13  PLTSET    BEGN
 22:02:37.504         0.016          0.000          0.000       13  PLTSET    END 
 22:02:37.504         0.016          0.000                      14  PRTMSG    BEGN
 22:02:37.504         0.016          0.000          0.000       14  PRTMSG    END 
 22:02:37.504         0.016          0.000                      15  PARAM     BEGN
 22:02:37.504         0.016          0.000          0.000       15  PARAM     END 
 22:02:37.504         0.016          0.000                      16  PARAM     BEGN
 22:02:37.504         0.016          0.000          0.000       16  PARAM     END 
 22:02:37.504         0.016          0.000                      17  COND      BEGN
 22:02:37.504         0.016          0.000          0.000       17  COND      END 
 22:02:37.504         0.016          0.000                      18  PLOT      BEGN
 22:02:37.505         0.016          0.000          0.000       18  PLOT      END 
 22:02:37.506         0.016          0.000                      19  PRTMSG    BEGN
 22:02:37.506         0.016          0.000          0.000       19  PRTMSG    END 
 22:02:37.506         0.016          0.000                      21  GP3       BEGN
 22:02:37.506         0.016          0.000          0.000       21  GP3       END 
 22:02:37.506         0.016          0.000                      22  TA1       BEGN
 22:02:37.507         0.016          0.000          0.000       22  TA1       END 
 22:02:37.507         0.016          0.000                      23  EQUIV     BEGN
 22:02:37.507         0.016          0.000          0.000       23  EQUIV     END 
 22:02:37.507         0.016          0.000                      24  COND      BEGN
 22:02:37.507         0.016          0.000          0.000       24  COND      END 
 22:02:37.507         0.016          0.000                      25  PARAM     BEGN
 22:02:37.507         0.016          0.000          0.000       25  PARAM     END 
 22:02:37.507         0.016          0.000                      26  PARAM     BEGN
 22:02:37.507         0.016          0.000          0.000       26  PARAM     END 
 22:02:37.507         0.016          0.000                      27  EMG       BEGN
 22:02:37.511         0.016          0.000          0.000       27  EMG       END 
 22:02:37.511         0.016          0.000                      28  PURGE     BEGN
 22:02:37.511         0.016          0.000          0.000       28  PURGE     END 
 22:02:37.511         0.016          0.000                      29  COND      BEGN
 22:02:37.511         0.016          0.000          0.000       29  COND      END 
 22:02:37.511         0.016          0.000                      30  EMA       BEGN
 22:02:37.512         0.016          0.000          0.000       30  EMA       END 
 22:02:37.512         0.016          0.000                      31  PURGE     BEGN
 22:02:37.512         0.016          0.000          0.000       31  PURGE     END 
 22:02:37.512         0.016          0.000                      33  COND      BEGN
 22:02:37.512         0.016          0.000          0.000       33  COND      END 
 22:02:37.512         0.016          0.000                      34  EMA       BEGN
 22:02:37.512         0.016          0.000          0.000       34  EMA       END 
 22:02:37.512         0.016          0.000                      35  PURGE     BEGN
 22:02:37.512         0.016          0.000          0.000       35  PURGE     END 
 22:02:37.512         0.016          0.000                      36  COND      BEGN
 22:02:37.512         0.016          0.000          0.000       36  COND      END 
 22:02:37.512         0.016          0.000                      40  EQUIV     BEGN
 22:02:37.512         0.016          0.000          0.000       40  EQUIV     END 
 22:02:37.513         0.016          0.000                      41  COND      BEGN
 22:02:37.513         0.016          0.000          0.000       41  COND      END 
 22:02:37.513         0.016          0.000                      44  GPSTGEN   BEGN
 22:02:37.513         0.016          0.000          0.000       44  GPSTGEN   END 
 22:02:37.513         0.016          0.000                      45  PARAM     BEGN
 22:02:37.513         0.016          0.000          0.000       45  PARAM     END 
 22:02:37.513         0.016          0.000                    XSFA      BEGN
 22:02:37.513         0.016          0.000                    XSFA      END 
 22:02:37.513         0.016          0.000                      47  GP4       BEGN
 22:02:37.513         0.016          0.000          0.000       47  GP4       END 
 22:02:37.513         0.016          0.000                      48  OFP       BEGN
 22:02:37.513         0.016          0.000          0.000       48  OFP       END 
 22:02:37.513         0.016          0.000                      49  COND      BEGN
 22:02:37.513         0.016          0.000          0.000       49  COND      END 
 22:02:37.513         0.016          0.000                      50  PARAM     BEGN
 22:02:37.513         0.016          0.000          0.000       50  PARAM     END 
 22:02:37.513         0.016          0.000                      50  COND      BEGN
 22:02:37.513         0.016          0.000          0.000       50  COND      END 
 22:02:37.513         0.016          0.000                      51  PURGE     BEGN
 22:02:37.513         0.016          0.000          0.000       51  PURGE     END 
 22:02:37.513         0.016          0.000                      52  EQUIV     BEGN
 22:02:37.513         0.016          0.000          0.000       52  EQUIV     END 
 22:02:37.513         0.016          0.000                      53  COND      BEGN
 22:02:37.513         0.016          0.000          0.000       53  COND      END 
 22:02:37.513         0.016          0.000                      57  EQUIV     BEGN
 22:02:37.513         0.016          0.000          0.000       57  EQUIV     END 
 22:02:37.513         0.016          0.000                      58  COND      BEGN
 22:02:37.513         0.016          0.000          0.000       58  COND      END 
 22:02:37.513         0.016          0.000                      59  SCE1      BEGN
 22:02:37.514         0.016          0.000          0.000       59  SCE1      END 
 22:02:37.514         0.016          0.000                      61  EQUIV     BEGN
 22:02:37.514         0.016          0.000          0.000       61  EQUIV     END 
 22:02:37.514         0.016          0.000                      62  COND      BEGN
 22:02:37.514         0.016          0.000          0.000       62  COND      END 
 22:02:37.514         0.016          0.000                      69  SSG1      BEGN
 22:02:37.518         0.016          0.000          0.000       69  SSG1      END 
 22:02:37.518         0.016          0.000                      97  SUBPH1    BEGN
 22:02:37.531         0.016          0.000          0.000       97  SUBPH1    END 
 22:02:37.531         0.016          0.000                      97  COND      BEGN
 22:02:37.531         0.016          0.000          0.000       97  COND      END 
 22:02:37.531         0.016          0.000                      97  EQUIV     BEGN
 22:02:37.531         0.016          0.000          0.000       97  EQUIV     END 
 22:02:37.531         0.016          0.000                      97  COND      BEGN
 22:02:37.531         0.016          0.000          0.000       97  COND      END 
 22:02:37.531         0.016          0.000                    XSFA      BEGN
 22:02:37.531         0.016          0.000                    XSFA      END 
 22:02:37.531         0.016          0.000                      97  SSG2      BEGN
 22:02:37.531         0.016          0.000                    MMA       BEGN
       MMA - NULL MATRIX PRODUCT
 22:02:37.531         0.016          0.000                    MMA       END 
 22:02:37.531         0.016          0.000          0.000       97  SSG2      END 
 22:02:37.531         0.016          0.000                      97  SOFO      BEGN
 22:02:37.534         0.016          0.000          0.000       97  SOFO      END 
 22:02:37.534         0.016          0.000                      97  EQUIV     BEGN
 22:02:37.534         0.016          0.000          0.000       97  EQUIV     END 
 22:02:37.534         0.016          0.000                      97  SOFUT     BEGN
 22:02:37.538         0.016          0.000          0.000       97  SOFUT     END 
 22:02:37.538         0.016          0.000                      97  JUMP      BEGN
 22:02:37.538         0.016          0.000          0.000       97  JUMP      END 
 22:02:37.538         0.016          0.000                     111  PURGE     BEGN
 22:02:37.538         0.016          0.000          0.000      111  PURGE     END 
 22:02:37.538         0.016          0.000                     112  EXIT      BEGN
1     STATISTICS ON IN-MEMORY DATA BASE AND DISK I/O USAGE

         LENGTH (IN WORDS) OF OPEN CORE ALLOCATED                   2000000
         LENGTH (IN WORDS) OF IN-MEMORY DATA BASE ALLOCATED        12000000
         NUMBER OF BLOCKS USED IN THE IN-MEMORY DATA BASE                70
         NUMBER OF BLOCKS ALLOCATED FOR THE IN-MEMORY DATA            11661
         PERCENTAGE OF IN-MEMORY DATA USED                                0%
         TOTAL BLOCKS WRITTEN TO DISK                              40000004
         BLOCK SIZE (IN WORDS)                                         1024
         NUMBER OF OPENS TO DISK FILES                                   14
         NUMBER OF CLOSES TO DISK FILES                                  14
         NUMBER OF WRITES TO DISK FILES                                  36
         NUMBER OF READS FROM DISK FILES                                 36
         MEMORY (IN WORDS) NOT USED BY IN-MEM. DATA BASE           11973503
