1*****************************************************************************
 *                                                                           *
 *       DATE 12/27/16       LOG OF 95 X86_64 Windows_NT NASTRAN JOB         *
 *                                                                           *
 *****************************************************************************

   WALL               TOTAL       INCREMENTAL      MODULE              MODULE/
   CLOCK               CPU            CPU            CPU             SUBROUTINE
   TIME              SECONDS        SECONDS        SECONDS             STATUS

 ------------------------------------------------------------------------------

 12:20:12.958         0.000          0.000                    SEM1  BEGN
 12:20:12.960         0.000          0.000                    GNFI
 12:20:12.960         0.000          0.000                    TTIO
 12:20:12.962         0.000          0.000                    TTLP
 12:20:12.963         0.000          0.000                    XCSA
 ID    D14011A,NASTRAN                                                   
 12:20:12.983         0.000          0.000                    IFP1
 TITLE    = STATIC ANALYSIS OF A CIRCULAR PLATE                          
 12:20:12.987         0.000          0.000                    XSOR
 12:20:12.990         0.000          0.000                    IFP   BEGN
 12:20:12.990         0.000          0.000                    IFP   END 
 12:20:12.990         0.000          0.000                    XGPI
 12:20:12.992         0.000          0.000                    BAND  IT  BEGN
 12:20:13.001         0.000          0.000                    BAND  IT  END 
 12:20:13.001         0.000          0.000                    SEM1  END 
 12:20:13.001         0.000          0.000                       5  PARAM     BEGN
 12:20:13.001         0.000          0.000          0.000        5  PARAM     END 
 12:20:13.002         0.000          0.000                       6  PARAM     BEGN
 12:20:13.002         0.000          0.000          0.000        6  PARAM     END 
 12:20:13.002         0.000          0.000                    XSFA      BEGN
 12:20:13.002         0.000          0.000                    XSFA      END 
 12:20:13.002         0.000          0.000                       7  GP1       BEGN
 12:20:13.007         0.000          0.000          0.000        7  GP1       END 
 12:20:13.007         0.000          0.000                       8  ANISOP    BEGN
 12:20:13.008         0.000          0.000          0.000        8  ANISOP    END 
 12:20:13.008         0.000          0.000                       9  EQUIV     BEGN
 12:20:13.008         0.000          0.000          0.000        9  EQUIV     END 
 12:20:13.008         0.000          0.000                      10  PLTTRAN   BEGN
 12:20:13.008         0.000          0.000          0.000       10  PLTTRAN   END 
 12:20:13.008         0.000          0.000                      11  GP2       BEGN
 12:20:13.008         0.000          0.000          0.000       11  GP2       END 
 12:20:13.008         0.000          0.000                      12  PARAML    BEGN
 12:20:13.008         0.000          0.000          0.000       12  PARAML    END 
 12:20:13.008         0.000          0.000                      13  PURGE     BEGN
 12:20:13.008         0.000          0.000          0.000       13  PURGE     END 
 12:20:13.008         0.000          0.000                      14  COND      BEGN
 12:20:13.008         0.000          0.000          0.000       14  COND      END 
 12:20:13.008         0.000          0.000                      23  GP3       BEGN
 12:20:13.008         0.000          0.000          0.000       23  GP3       END 
 12:20:13.008         0.000          0.000                      24  PARAM     BEGN
 12:20:13.008         0.000          0.000          0.000       24  PARAM     END 
 12:20:13.008         0.000          0.000                      25  TA1       BEGN
 12:20:13.008         0.000          0.000          0.000       25  TA1       END 
 12:20:13.008         0.000          0.000                      26  EQUIV     BEGN
 12:20:13.008         0.000          0.000          0.000       26  EQUIV     END 
 12:20:13.008         0.000          0.000                      27  PARAM     BEGN
 12:20:13.008         0.000          0.000          0.000       27  PARAM     END 
 12:20:13.008         0.000          0.000                      28  COND      BEGN
 12:20:13.008         0.000          0.000          0.000       28  COND      END 
 12:20:13.008         0.000          0.000                      29  COND      BEGN
 12:20:13.009         0.000          0.000          0.000       29  COND      END 
 12:20:13.009         0.000          0.000                      30  PARAM     BEGN
 12:20:13.009         0.000          0.000          0.000       30  PARAM     END 
 12:20:13.009         0.000          0.000                      31  EMG       BEGN
 12:20:13.014         0.000          0.000          0.000       31  EMG       END 
 12:20:13.014         0.000          0.000                      32  PURGE     BEGN
 12:20:13.014         0.000          0.000          0.000       32  PURGE     END 
 12:20:13.014         0.000          0.000                      33  COND      BEGN
 12:20:13.014         0.000          0.000          0.000       33  COND      END 
 12:20:13.014         0.000          0.000                      34  EMA       BEGN
 12:20:13.014         0.000          0.000          0.000       34  EMA       END 
 12:20:13.014         0.000          0.000                      35  PURGE     BEGN
 12:20:13.014         0.000          0.000          0.000       35  PURGE     END 
 12:20:13.014         0.000          0.000                      37  COND      BEGN
 12:20:13.014         0.000          0.000          0.000       37  COND      END 
 12:20:13.014         0.000          0.000                      41  COND      BEGN
 12:20:13.014         0.000          0.000          0.000       41  COND      END 
 12:20:13.014         0.000          0.000                      46  EQUIV     BEGN
 12:20:13.014         0.000          0.000          0.000       46  EQUIV     END 
 12:20:13.014         0.000          0.000                      47  COND      BEGN
 12:20:13.014         0.000          0.000          0.000       47  COND      END 
 12:20:13.014         0.000          0.000                      50  GPSTGEN   BEGN
 12:20:13.014         0.000          0.000          0.000       50  GPSTGEN   END 
 12:20:13.014         0.000          0.000                      51  PARAM     BEGN
 12:20:13.014         0.000          0.000          0.000       51  PARAM     END 
 12:20:13.014         0.000          0.000                    XSFA      BEGN
 12:20:13.015         0.000          0.000                    XSFA      END 
 12:20:13.015         0.000          0.000                      52  GP4       BEGN
 12:20:13.015         0.000          0.000          0.000       52  GP4       END 
 12:20:13.015         0.000          0.000                      53  OFP       BEGN
 12:20:13.015         0.000          0.000          0.000       53  OFP       END 
 12:20:13.015         0.000          0.000                      54  COND      BEGN
 12:20:13.015         0.000          0.000          0.000       54  COND      END 
 12:20:13.015         0.000          0.000                      55  PARAM     BEGN
 12:20:13.015         0.000          0.000          0.000       55  PARAM     END 
 12:20:13.015         0.000          0.000                      56  COND      BEGN
 12:20:13.015         0.000          0.000          0.000       56  COND      END 
 12:20:13.015         0.000          0.000                      57  PURGE     BEGN
 12:20:13.015         0.000          0.000          0.000       57  PURGE     END 
 12:20:13.015         0.000          0.000                      58  GPCYC     BEGN
 12:20:13.015         0.000          0.000          0.000       58  GPCYC     END 
 12:20:13.015         0.000          0.000                      59  COND      BEGN
 12:20:13.015         0.000          0.000          0.000       59  COND      END 
 12:20:13.015         0.000          0.000                      60  EQUIV     BEGN
 12:20:13.015         0.000          0.000          0.000       60  EQUIV     END 
 12:20:13.015         0.000          0.000                      61  COND      BEGN
 12:20:13.015         0.000          0.000          0.000       61  COND      END 
 12:20:13.015         0.000          0.000                      65  EQUIV     BEGN
 12:20:13.015         0.000          0.000          0.000       65  EQUIV     END 
 12:20:13.015         0.000          0.000                      66  COND      BEGN
 12:20:13.015         0.000          0.000          0.000       66  COND      END 
 12:20:13.015         0.000          0.000                      67  SCE1      BEGN
 12:20:13.015         0.000          0.000          0.000       67  SCE1      END 
 12:20:13.015         0.000          0.000                      69  EQUIV     BEGN
 12:20:13.015         0.000          0.000          0.000       69  EQUIV     END 
 12:20:13.015         0.000          0.000                      70  COND      BEGN
 12:20:13.015         0.000          0.000          0.000       70  COND      END 
 12:20:13.015         0.000          0.000                    XSFA      BEGN
 12:20:13.016         0.000          0.000                    XSFA      END 
 12:20:13.016         0.000          0.000                      73  SSG1      BEGN
 12:20:13.020         0.000          0.000          0.000       73  SSG1      END 
 12:20:13.020         0.000          0.000                      74  EQUIV     BEGN
 12:20:13.020         0.000          0.000          0.000       74  EQUIV     END 
 12:20:13.020         0.000          0.000                      75  COND      BEGN
 12:20:13.020         0.000          0.000          0.000       75  COND      END 
 12:20:13.020         0.000          0.000                      76  SSG2      BEGN
 12:20:13.021         0.000          0.000                    MMA       BEGN
       MMA - NULL MATRIX PRODUCT
 12:20:13.021         0.000          0.000                    MMA       END 
 12:20:13.021         0.000          0.000          0.000       76  SSG2      END 
 12:20:13.021         0.000          0.000                      77  COND      BEGN
 12:20:13.021         0.000          0.000          0.000       77  COND      END 
 12:20:13.021         0.000          0.000                      82  EQUIV     BEGN
 12:20:13.021         0.000          0.000          0.000       82  EQUIV     END 
 12:20:13.021         0.000          0.000                      83  COND      BEGN
 12:20:13.021         0.000          0.000          0.000       83  COND      END 
 12:20:13.021         0.000          0.000                      84  CYCT1     BEGN
 12:20:13.021         0.000          0.000                    MMA       BEGN
 12:20:13.021         0.000          0.000                    MMA2  1   BEGN
 12:20:13.021         0.000          0.000                    MMA2  1   END 
   METHOD USED = 21NT  ACTUAL NUMBER OF PASSES =   1
 12:20:13.021         0.000          0.000                    MMA       END 
 12:20:13.021         0.000          0.000          0.000       84  CYCT1     END 
 12:20:13.021         0.000          0.000                      86  COND      BEGN
 12:20:13.021         0.000          0.000          0.000       86  COND      END 
 12:20:13.021         0.000          0.000                      87  PARAM     BEGN
 12:20:13.021         0.000          0.000          0.000       87  PARAM     END 
 12:20:13.021         0.000          0.000                      89  CYCT2     BEGN
 12:20:13.021         0.000          0.000                    MMA       BEGN
 12:20:13.021         0.000          0.000                    MMA3  1   BEGN
 12:20:13.021         0.000          0.000                    MMA3  1   END 
   METHOD USED = 31NT  ACTUAL NUMBER OF PASSES =   1
 12:20:13.021         0.000          0.000                    MMA       END 
 12:20:13.021         0.000          0.000                    MMA       BEGN
 12:20:13.021         0.000          0.000                    MMA3  2   BEGN
 12:20:13.021         0.000          0.000                    MMA3  2   END 
   METHOD USED = 32T   ACTUAL NUMBER OF PASSES =   1
 12:20:13.021         0.000          0.000                    MMA       END 
 12:20:13.021         0.000          0.000                    MMA       BEGN
 12:20:13.021         0.000          0.000                    MMA3  1   BEGN
 12:20:13.021         0.000          0.000                    MMA3  1   END 
   METHOD USED = 31NT  ACTUAL NUMBER OF PASSES =   1
 12:20:13.021         0.000          0.000                    MMA       END 
 12:20:13.021         0.000          0.000                    MMA       BEGN
 12:20:13.021         0.000          0.000                    MMA3  2   BEGN
 12:20:13.022         0.000          0.000                    MMA3  2   END 
   METHOD USED = 32T   ACTUAL NUMBER OF PASSES =   1
 12:20:13.022         0.000          0.000                    MMA       END 
 12:20:13.022         0.000          0.000                    MMA       BEGN
 12:20:13.022         0.000          0.000                    MMA3  2   BEGN
 12:20:13.022         0.000          0.000                    MMA3  2   END 
   METHOD USED = 32T   ACTUAL NUMBER OF PASSES =   1
 12:20:13.022         0.000          0.000                    MMA       END 
 12:20:13.022         0.000          0.000                    MMA       BEGN
       MMA - NULL MATRIX PRODUCT
 12:20:13.022         0.000          0.000                    MMA       END 
 12:20:13.022         0.000          0.000          0.000       89  CYCT2     END 
 12:20:13.022         0.000          0.000                      90  COND      BEGN
 12:20:13.022         0.000          0.000          0.000       90  COND      END 
 12:20:13.022         0.000          0.000                      91  RBMG2     BEGN
 12:20:13.022         0.000          0.000                    SMCO  MP  BEGN          
 12:20:13.022         0.000          0.000                    SMCO  MP  END           
 12:20:13.022         0.000          0.000          0.000       91  RBMG2     END 
 12:20:13.022         0.000          0.000                      92  SSG3      BEGN
 12:20:13.022         0.000          0.000                    FBSI  BEGN
 12:20:13.022         0.000          0.000                    FBS2  BEGN
 12:20:13.022         0.000          0.000                    FBS2  END 
 12:20:13.022         0.000          0.000                    FBSI  END 
 12:20:13.022         0.000          0.000                    MMA       BEGN
 12:20:13.022         0.000          0.000                    MMA2  1   BEGN
 12:20:13.022         0.000          0.000                    MMA2  1   END 
   METHOD USED = 21NT  ACTUAL NUMBER OF PASSES =   1
 12:20:13.022         0.000          0.000                    MMA       END 
 12:20:13.022         0.000          0.000          0.000       92  SSG3      END 
 12:20:13.022         0.000          0.000                      93  CYCT2     BEGN
 12:20:13.022         0.000          0.000                    MMA       BEGN
 12:20:13.022         0.000          0.000                    MMA2  1   BEGN
 12:20:13.023         0.000          0.000                    MMA2  1   END 
   METHOD USED = 21NT  ACTUAL NUMBER OF PASSES =   1
 12:20:13.023         0.000          0.000                    MMA       END 
 12:20:13.023         0.000          0.000                    MMA       BEGN
 12:20:13.023         0.000          0.000                    MMA2  1   BEGN
 12:20:13.023         0.000          0.000                    MMA2  1   END 
   METHOD USED = 21NT  ACTUAL NUMBER OF PASSES =   1
 12:20:13.023         0.000          0.000                    MMA       END 
 12:20:13.023         0.000          0.000                    MMA       BEGN
 12:20:13.023         0.000          0.000                    MMA2  1   BEGN
 12:20:13.023         0.000          0.000                    MMA2  1   END 
   METHOD USED = 21NT  ACTUAL NUMBER OF PASSES =   1
 12:20:13.023         0.000          0.000                    MMA       END 
 12:20:13.023         0.000          0.000                    MMA       BEGN
 12:20:13.023         0.000          0.000                    MMA2  1   BEGN
 12:20:13.023         0.000          0.000                    MMA2  1   END 
   METHOD USED = 21NT  ACTUAL NUMBER OF PASSES =   1
 12:20:13.023         0.000          0.000                    MMA       END 
 12:20:13.023         0.000          0.000          0.000       93  CYCT2     END 
 12:20:13.023         0.000          0.000                      94  COND      BEGN
 12:20:13.023         0.000          0.000          0.000       94  COND      END 
 12:20:13.023         0.000          0.000                      95  COND      BEGN
 12:20:13.023         0.000          0.000          0.000       95  COND      END 
 12:20:13.023         0.000          0.000                      98  PARAM     BEGN
 12:20:13.023         0.000          0.000          0.000       98  PARAM     END 
 12:20:13.023         0.000          0.000                      99  PARAM     BEGN
 12:20:13.023         0.000          0.000          0.000       99  PARAM     END 
 12:20:13.023         0.000          0.000                     100  COND      BEGN
 12:20:13.023         0.000          0.000          0.000      100  COND      END 
 12:20:13.023         0.000          0.000                     101  REPT      BEGN
 12:20:13.023         0.000          0.000          0.000      101  REPT      END 
 12:20:13.023         0.000          0.000                      89  CYCT2     BEGN
 12:20:13.023         0.000          0.000                    MMA       BEGN
 12:20:13.023         0.000          0.000                    MMA3  1   BEGN
 12:20:13.023         0.000          0.000                    MMA3  1   END 
   METHOD USED = 31NT  ACTUAL NUMBER OF PASSES =   1
 12:20:13.023         0.000          0.000                    MMA       END 
 12:20:13.023         0.000          0.000                    MMA       BEGN
 12:20:13.023         0.000          0.000                    MMA3  2   BEGN
 12:20:13.023         0.000          0.000                    MMA3  2   END 
   METHOD USED = 32T   ACTUAL NUMBER OF PASSES =   1
 12:20:13.023         0.000          0.000                    MMA       END 
 12:20:13.023         0.000          0.000                    MMA       BEGN
 12:20:13.023         0.000          0.000                    MMA3  1   BEGN
 12:20:13.024         0.000          0.000                    MMA3  1   END 
   METHOD USED = 31NT  ACTUAL NUMBER OF PASSES =   1
 12:20:13.024         0.000          0.000                    MMA       END 
 12:20:13.024         0.000          0.000                    MMA       BEGN
 12:20:13.024         0.000          0.000                    MMA3  2   BEGN
 12:20:13.024         0.000          0.000                    MMA3  2   END 
   METHOD USED = 32T   ACTUAL NUMBER OF PASSES =   1
 12:20:13.024         0.000          0.000                    MMA       END 
 12:20:13.024         0.000          0.000                    MMA       BEGN
 12:20:13.024         0.000          0.000                    MMA3  2   BEGN
 12:20:13.024         0.000          0.000                    MMA3  2   END 
   METHOD USED = 32T   ACTUAL NUMBER OF PASSES =   1
 12:20:13.024         0.000          0.000                    MMA       END 
 12:20:13.024         0.000          0.000                    MMA       BEGN
       MMA - NULL MATRIX PRODUCT
 12:20:13.024         0.000          0.000                    MMA       END 
 12:20:13.024         0.000          0.000          0.000       89  CYCT2     END 
 12:20:13.024         0.000          0.000                      90  COND      BEGN
 12:20:13.024         0.000          0.000          0.000       90  COND      END 
 12:20:13.024         0.000          0.000                    XSFA      BEGN
 12:20:13.024         0.000          0.000                    XSFA      END 
 12:20:13.024         0.000          0.000                      91  RBMG2     BEGN
 12:20:13.024         0.000          0.000                    SMCO  MP  BEGN          
 12:20:13.024         0.000          0.000                    SMCO  MP  END           
 12:20:13.024         0.000          0.000          0.000       91  RBMG2     END 
 12:20:13.024         0.000          0.000                      92  SSG3      BEGN
 12:20:13.024         0.000          0.000                    FBSI  BEGN
 12:20:13.024         0.000          0.000                    FBS2  BEGN
 12:20:13.024         0.000          0.000                    FBS2  END 
 12:20:13.024         0.000          0.000                    FBSI  END 
 12:20:13.024         0.000          0.000                    MMA       BEGN
 12:20:13.024         0.000          0.000                    MMA2  1   BEGN
 12:20:13.025         0.000          0.000                    MMA2  1   END 
   METHOD USED = 21NT  ACTUAL NUMBER OF PASSES =   1
 12:20:13.025         0.000          0.000                    MMA       END 
 12:20:13.025         0.000          0.000          0.000       92  SSG3      END 
 12:20:13.025         0.000          0.000                      93  CYCT2     BEGN
 12:20:13.025         0.000          0.000                    MMA       BEGN
 12:20:13.025         0.000          0.000                    MMA2  1   BEGN
 12:20:13.025         0.000          0.000                    MMA2  1   END 
   METHOD USED = 21NT  ACTUAL NUMBER OF PASSES =   1
 12:20:13.025         0.000          0.000                    MMA       END 
 12:20:13.025         0.000          0.000                    MMA       BEGN
 12:20:13.025         0.000          0.000                    MMA2  1   BEGN
 12:20:13.025         0.000          0.000                    MMA2  1   END 
   METHOD USED = 21NT  ACTUAL NUMBER OF PASSES =   1
 12:20:13.025         0.000          0.000                    MMA       END 
 12:20:13.025         0.000          0.000                    MMA       BEGN
 12:20:13.025         0.000          0.000                    MMA2  1   BEGN
 12:20:13.025         0.000          0.000                    MMA2  1   END 
   METHOD USED = 21NT  ACTUAL NUMBER OF PASSES =   1
 12:20:13.025         0.000          0.000                    MMA       END 
 12:20:13.025         0.000          0.000                    MMA       BEGN
 12:20:13.025         0.000          0.000                    MMA2  1   BEGN
 12:20:13.025         0.000          0.000                    MMA2  1   END 
   METHOD USED = 21NT  ACTUAL NUMBER OF PASSES =   1
 12:20:13.025         0.000          0.000                    MMA       END 
 12:20:13.025         0.000          0.000                    MMA       BEGN
 12:20:13.025         0.000          0.000                    MMA2  1   BEGN
 12:20:13.025         0.000          0.000                    MMA2  1   END 
   METHOD USED = 21NT  ACTUAL NUMBER OF PASSES =   1
 12:20:13.025         0.000          0.000                    MMA       END 
 12:20:13.025         0.000          0.000                    MMA       BEGN
 12:20:13.025         0.000          0.000                    MMA2  1   BEGN
 12:20:13.025         0.000          0.000                    MMA2  1   END 
   METHOD USED = 21NT  ACTUAL NUMBER OF PASSES =   1
 12:20:13.025         0.000          0.000                    MMA       END 
 12:20:13.025         0.000          0.000          0.000       93  CYCT2     END 
 12:20:13.025         0.000          0.000                      94  COND      BEGN
 12:20:13.025         0.000          0.000          0.000       94  COND      END 
 12:20:13.025         0.000          0.000                      95  COND      BEGN
 12:20:13.025         0.000          0.000          0.000       95  COND      END 
 12:20:13.025         0.000          0.000                      98  PARAM     BEGN
 12:20:13.025         0.000          0.000          0.000       98  PARAM     END 
 12:20:13.025         0.000          0.000                      99  PARAM     BEGN
 12:20:13.025         0.000          0.000          0.000       99  PARAM     END 
 12:20:13.025         0.000          0.000                     100  COND      BEGN
 12:20:13.025         0.000          0.000          0.000      100  COND      END 
 12:20:13.025         0.000          0.000                     101  REPT      BEGN
 12:20:13.025         0.000          0.000          0.000      101  REPT      END 
 12:20:13.025         0.000          0.000                      89  CYCT2     BEGN
 12:20:13.025         0.000          0.000                    MMA       BEGN
 12:20:13.025         0.000          0.000                    MMA3  1   BEGN
 12:20:13.026         0.000          0.000                    MMA3  1   END 
   METHOD USED = 31NT  ACTUAL NUMBER OF PASSES =   1
 12:20:13.026         0.000          0.000                    MMA       END 
 12:20:13.026         0.000          0.000                    MMA       BEGN
 12:20:13.026         0.000          0.000                    MMA3  2   BEGN
 12:20:13.026         0.000          0.000                    MMA3  2   END 
   METHOD USED = 32T   ACTUAL NUMBER OF PASSES =   1
 12:20:13.026         0.000          0.000                    MMA       END 
 12:20:13.026         0.000          0.000                    MMA       BEGN
 12:20:13.026         0.000          0.000                    MMA3  1   BEGN
 12:20:13.026         0.000          0.000                    MMA3  1   END 
   METHOD USED = 31NT  ACTUAL NUMBER OF PASSES =   1
 12:20:13.026         0.000          0.000                    MMA       END 
 12:20:13.026         0.000          0.000                    MMA       BEGN
 12:20:13.026         0.000          0.000                    MMA3  2   BEGN
 12:20:13.026         0.000          0.000                    MMA3  2   END 
   METHOD USED = 32T   ACTUAL NUMBER OF PASSES =   1
 12:20:13.026         0.000          0.000                    MMA       END 
 12:20:13.026         0.000          0.000                    MMA       BEGN
 12:20:13.026         0.000          0.000                    MMA3  2   BEGN
 12:20:13.026         0.000          0.000                    MMA3  2   END 
   METHOD USED = 32T   ACTUAL NUMBER OF PASSES =   1
 12:20:13.026         0.000          0.000                    MMA       END 
 12:20:13.026         0.000          0.000                    MMA       BEGN
       MMA - NULL MATRIX PRODUCT
 12:20:13.026         0.000          0.000                    MMA       END 
 12:20:13.026         0.000          0.000          0.000       89  CYCT2     END 
 12:20:13.026         0.000          0.000                      90  COND      BEGN
 12:20:13.026         0.000          0.000          0.000       90  COND      END 
 12:20:13.026         0.000          0.000                    XSFA      BEGN
 12:20:13.026         0.000          0.000                    XSFA      END 
 12:20:13.026         0.000          0.000                      91  RBMG2     BEGN
 12:20:13.026         0.000          0.000                    SMCO  MP  BEGN          
 12:20:13.027         0.000          0.000                    SMCO  MP  END           
 12:20:13.027         0.000          0.000          0.000       91  RBMG2     END 
 12:20:13.027         0.000          0.000                      92  SSG3      BEGN
 12:20:13.027         0.000          0.000                    FBSI  BEGN
 12:20:13.027         0.000          0.000                    FBS2  BEGN
 12:20:13.027         0.000          0.000                    FBS2  END 
 12:20:13.027         0.000          0.000                    FBSI  END 
 12:20:13.027         0.000          0.000                    MMA       BEGN
 12:20:13.027         0.000          0.000                    MMA2  1   BEGN
 12:20:13.027         0.000          0.000                    MMA2  1   END 
   METHOD USED = 21NT  ACTUAL NUMBER OF PASSES =   1
 12:20:13.027         0.000          0.000                    MMA       END 
 12:20:13.027         0.000          0.000          0.000       92  SSG3      END 
 12:20:13.027         0.000          0.000                      93  CYCT2     BEGN
 12:20:13.027         0.000          0.000                    MMA       BEGN
 12:20:13.027         0.000          0.000                    MMA2  1   BEGN
 12:20:13.027         0.000          0.000                    MMA2  1   END 
   METHOD USED = 21NT  ACTUAL NUMBER OF PASSES =   1
 12:20:13.027         0.000          0.000                    MMA       END 
 12:20:13.027         0.000          0.000                    MMA       BEGN
 12:20:13.027         0.000          0.000                    MMA2  1   BEGN
 12:20:13.027         0.000          0.000                    MMA2  1   END 
   METHOD USED = 21NT  ACTUAL NUMBER OF PASSES =   1
 12:20:13.027         0.000          0.000                    MMA       END 
 12:20:13.027         0.000          0.000                    MMA       BEGN
 12:20:13.027         0.000          0.000                    MMA2  1   BEGN
 12:20:13.027         0.000          0.000                    MMA2  1   END 
   METHOD USED = 21NT  ACTUAL NUMBER OF PASSES =   1
 12:20:13.027         0.000          0.000                    MMA       END 
 12:20:13.027         0.000          0.000                    MMA       BEGN
 12:20:13.027         0.000          0.000                    MMA2  1   BEGN
 12:20:13.027         0.000          0.000                    MMA2  1   END 
   METHOD USED = 21NT  ACTUAL NUMBER OF PASSES =   1
 12:20:13.027         0.000          0.000                    MMA       END 
 12:20:13.027         0.000          0.000                    MMA       BEGN
 12:20:13.027         0.000          0.000                    MMA2  1   BEGN
 12:20:13.027         0.000          0.000                    MMA2  1   END 
   METHOD USED = 21NT  ACTUAL NUMBER OF PASSES =   1
 12:20:13.027         0.000          0.000                    MMA       END 
 12:20:13.027         0.000          0.000                    MMA       BEGN
 12:20:13.027         0.000          0.000                    MMA2  1   BEGN
 12:20:13.027         0.000          0.000                    MMA2  1   END 
   METHOD USED = 21NT  ACTUAL NUMBER OF PASSES =   1
 12:20:13.027         0.000          0.000                    MMA       END 
 12:20:13.027         0.000          0.000          0.000       93  CYCT2     END 
 12:20:13.027         0.000          0.000                      94  COND      BEGN
 12:20:13.027         0.000          0.000          0.000       94  COND      END 
 12:20:13.027         0.000          0.000                      95  COND      BEGN
 12:20:13.027         0.000          0.000          0.000       95  COND      END 
 12:20:13.027         0.000          0.000                      98  PARAM     BEGN
 12:20:13.027         0.000          0.000          0.000       98  PARAM     END 
 12:20:13.028         0.000          0.000                      99  PARAM     BEGN
 12:20:13.028         0.000          0.000          0.000       99  PARAM     END 
 12:20:13.028         0.000          0.000                     100  COND      BEGN
 12:20:13.028         0.000          0.000          0.000      100  COND      END 
 12:20:13.028         0.000          0.000                     104  EQUIV     BEGN
 12:20:13.028         0.000          0.000          0.000      104  EQUIV     END 
 12:20:13.028         0.000          0.000                     105  COND      BEGN
 12:20:13.028         0.000          0.000          0.000      105  COND      END 
 12:20:13.028         0.000          0.000                    XSFA      BEGN
 12:20:13.028         0.000          0.000                    XSFA      END 
 12:20:13.028         0.000          0.000                     106  CYCT1     BEGN
 12:20:13.028         0.000          0.000                    MMA       BEGN
 12:20:13.028         0.000          0.000                    MMA1  0   BEGN
 12:20:13.028         0.000          0.000                    MMA1  0   END 
   METHOD USED = 10NT  ACTUAL NUMBER OF PASSES =   1
 12:20:13.028         0.000          0.000                    MMA       END 
 12:20:13.028         0.000          0.000          0.000      106  CYCT1     END 
 12:20:13.028         0.000          0.000                     107  COND      BEGN
 12:20:13.028         0.000          0.000          0.000      107  COND      END 
 12:20:13.028         0.000          0.000                     109  SDR1      BEGN
 12:20:13.028         0.000          0.000                    MMA       BEGN
 12:20:13.028         0.000          0.000                    MMA2  1   BEGN
 12:20:13.028         0.000          0.000                    MMA2  1   END 
   METHOD USED = 21T   ACTUAL NUMBER OF PASSES =   1
 12:20:13.028         0.000          0.000                    MMA       END 
 12:20:13.028         0.000          0.000          0.000      109  SDR1      END 
 12:20:13.028         0.000          0.000                     110  COND      BEGN
 12:20:13.028         0.000          0.000          0.000      110  COND      END 
 12:20:13.028         0.000          0.000                     114  SDR2      BEGN
 12:20:13.028         0.000          0.000          0.000      114  SDR2      END 
 12:20:13.028         0.000          0.000                     115  OFP       BEGN
 12:20:13.098         0.047          0.000          0.047      115  OFP       END 
 12:20:13.098         0.047          0.000                     116  OFP       BEGN
 12:20:13.098         0.047          0.000          0.000      116  OFP       END 
 12:20:13.098         0.047          0.000                     117  SCAN      BEGN
 12:20:13.098         0.047          0.000          0.000      117  SCAN      END 
 12:20:13.098         0.047          0.000                     118  OFP       BEGN
 12:20:13.098         0.047          0.000          0.000      118  OFP       END 
 12:20:13.098         0.047          0.000                     119  COND      BEGN
 12:20:13.098         0.047          0.000          0.000      119  COND      END 
 12:20:13.098         0.047          0.000                     123  JUMP      BEGN
 12:20:13.098         0.047          0.000          0.000      123  JUMP      END 
 12:20:13.098         0.047          0.000                     137  PURGE     BEGN
 12:20:13.098         0.047          0.000          0.000      137  PURGE     END 
 12:20:13.098         0.047          0.000                     138  EXIT      BEGN
1     STATISTICS ON IN-MEMORY DATA BASE AND DISK I/O USAGE

         LENGTH (IN WORDS) OF OPEN CORE ALLOCATED                   2000000
         LENGTH (IN WORDS) OF IN-MEMORY DATA BASE ALLOCATED        12000000
         NUMBER OF BLOCKS USED IN THE IN-MEMORY DATA BASE                55
         NUMBER OF BLOCKS ALLOCATED FOR THE IN-MEMORY DATA            11661
         PERCENTAGE OF IN-MEMORY DATA USED                                0%
         TOTAL BLOCKS WRITTEN TO DISK                              40000005
         BLOCK SIZE (IN WORDS)                                         1024
         NUMBER OF OPENS TO DISK FILES                                    6
         NUMBER OF CLOSES TO DISK FILES                                   6
         NUMBER OF WRITES TO DISK FILES                                   7
         NUMBER OF READS FROM DISK FILES                                  8
         MEMORY (IN WORDS) NOT USED BY IN-MEM. DATA BASE           11988998
