1*****************************************************************************
 *                                                                           *
 *       DATE 12/27/16       LOG OF 95 X86_64 Windows_NT NASTRAN JOB         *
 *                                                                           *
 *****************************************************************************

   WALL               TOTAL       INCREMENTAL      MODULE              MODULE/
   CLOCK               CPU            CPU            CPU             SUBROUTINE
   TIME              SECONDS        SECONDS        SECONDS             STATUS

 ------------------------------------------------------------------------------

 12:10:43.378         0.000          0.000                    SEM1  BEGN
 12:10:43.379         0.000          0.000                    GNFI
 12:10:43.380         0.000          0.000                    TTIO
 12:10:43.383         0.000          0.000                    TTLP
 12:10:43.384         0.000          0.000                    XCSA
 ID    D11032A,NASTRAN                                                   
 12:10:43.401         0.000          0.000                    IFP1
 TITLE    = JET TRANSPORT WING DYNAMIC ANALYSIS                          
 12:10:43.405         0.016          0.000                    XSOR
 12:10:43.410         0.016          0.000                    IFP   BEGN
 12:10:43.411         0.016          0.000                    IFP   END 
 12:10:43.411         0.016          0.000                    XGPI
 12:10:43.413         0.016          0.000                    BAND  IT  BEGN
 12:10:43.413         0.016          0.000                    BAND  IT  QUIT
 12:10:43.413         0.016          0.000                    SEM1  END 
 12:10:43.413         0.016          0.000                       4  PARAM     BEGN
 12:10:43.413         0.016          0.000          0.000        4  PARAM     END 
 12:10:43.413         0.016          0.000                    XSFA      BEGN
 12:10:43.413         0.016          0.000                    XSFA      END 
 12:10:43.413         0.016          0.000                       5  GP1       BEGN
 12:10:43.419         0.031          0.016          0.016        5  GP1       END 
 12:10:43.419         0.031          0.000                       6  ANISOP    BEGN
 12:10:43.419         0.031          0.000          0.000        6  ANISOP    END 
 12:10:43.419         0.031          0.000                       7  EQUIV     BEGN
 12:10:43.419         0.031          0.000          0.000        7  EQUIV     END 
 12:10:43.419         0.031          0.000                       8  COND      BEGN
 12:10:43.420         0.031          0.000          0.000        8  COND      END 
 12:10:43.420         0.031          0.000                       9  GP2       BEGN
 12:10:43.420         0.031          0.000          0.000        9  GP2       END 
 12:10:43.420         0.031          0.000                      10  PARAML    BEGN
 12:10:43.420         0.031          0.000          0.000       10  PARAML    END 
 12:10:43.420         0.031          0.000                      11  PARAML    BEGN
 12:10:43.420         0.031          0.000          0.000       11  PARAML    END 
 12:10:43.420         0.031          0.000                      12  GP3       BEGN
 12:10:43.420         0.031          0.000          0.000       12  GP3       END 
 12:10:43.420         0.031          0.000                      13  TA1       BEGN
 12:10:43.420         0.031          0.000          0.000       13  TA1       END 
 12:10:43.420         0.031          0.000                      14  EQUIV     BEGN
 12:10:43.420         0.031          0.000          0.000       14  EQUIV     END 
 12:10:43.420         0.031          0.000                      15  COND      BEGN
 12:10:43.420         0.031          0.000          0.000       15  COND      END 
 12:10:43.420         0.031          0.000                      16  PARAM     BEGN
 12:10:43.420         0.031          0.000          0.000       16  PARAM     END 
 12:10:43.420         0.031          0.000                      17  PARAM     BEGN
 12:10:43.420         0.031          0.000          0.000       17  PARAM     END 
 12:10:43.420         0.031          0.000                      18  EMG       BEGN
 12:10:43.424         0.031          0.000          0.000       18  EMG       END 
 12:10:43.424         0.031          0.000                      19  PURGE     BEGN
 12:10:43.424         0.031          0.000          0.000       19  PURGE     END 
 12:10:43.424         0.031          0.000                      20  COND      BEGN
 12:10:43.424         0.031          0.000          0.000       20  COND      END 
 12:10:43.424         0.031          0.000                      21  EMA       BEGN
 12:10:43.425         0.031          0.000          0.000       21  EMA       END 
 12:10:43.425         0.031          0.000                      22  PURGE     BEGN
 12:10:43.425         0.031          0.000          0.000       22  PURGE     END 
 12:10:43.425         0.031          0.000                      24  COND      BEGN
 12:10:43.425         0.031          0.000          0.000       24  COND      END 
 12:10:43.425         0.031          0.000                      25  EMA       BEGN
 12:10:43.425         0.031          0.000          0.000       25  EMA       END 
 12:10:43.425         0.031          0.000                      26  PURGE     BEGN
 12:10:43.425         0.031          0.000          0.000       26  PURGE     END 
 12:10:43.425         0.031          0.000                      27  COND      BEGN
 12:10:43.425         0.031          0.000          0.000       27  COND      END 
 12:10:43.425         0.031          0.000                      31  EQUIV     BEGN
 12:10:43.425         0.031          0.000          0.000       31  EQUIV     END 
 12:10:43.425         0.031          0.000                      32  COND      BEGN
 12:10:43.425         0.031          0.000          0.000       32  COND      END 
 12:10:43.425         0.031          0.000                      33  SMA3      BEGN
 12:10:43.425         0.031          0.000          0.000       33  SMA3      END 
 12:10:43.425         0.031          0.000                      35  GPSTGEN   BEGN
 12:10:43.425         0.031          0.000          0.000       35  GPSTGEN   END 
 12:10:43.425         0.031          0.000                      36  GP4       BEGN
 12:10:43.425         0.031          0.000          0.000       36  GP4       END 
 12:10:43.425         0.031          0.000                      37  OFP       BEGN
 12:10:43.425         0.031          0.000          0.000       37  OFP       END 
 12:10:43.425         0.031          0.000                      38  PURGE     BEGN
 12:10:43.425         0.031          0.000          0.000       38  PURGE     END 
 12:10:43.425         0.031          0.000                      39  EQUIV     BEGN
 12:10:43.425         0.031          0.000          0.000       39  EQUIV     END 
 12:10:43.425         0.031          0.000                      40  COND      BEGN
 12:10:43.425         0.031          0.000          0.000       40  COND      END 
 12:10:43.425         0.031          0.000                      41  MCE1      BEGN
 12:10:43.425         0.031          0.000          0.000       41  MCE1      END 
 12:10:43.425         0.031          0.000                      42  MCE2      BEGN
 12:10:43.425         0.031          0.000                    MMA       BEGN
       MMA - NULL MATRIX PRODUCT
 12:10:43.426         0.031          0.000                    MMA       END 
 12:10:43.426         0.031          0.000                    MMA       BEGN
       MMA - NULL MATRIX PRODUCT
 12:10:43.426         0.031          0.000                    MMA       END 
 12:10:43.426         0.031          0.000                    MMA       BEGN
       MMA - NULL MATRIX PRODUCT
 12:10:43.426         0.031          0.000                    MMA       END 
 12:10:43.426         0.031          0.000                    MMA       BEGN
       MMA - NULL MATRIX PRODUCT
 12:10:43.426         0.031          0.000                    MMA       END 
 12:10:43.426         0.031          0.000                    MMA       BEGN
       MMA - NULL MATRIX PRODUCT
 12:10:43.426         0.031          0.000                    MMA       END 
 12:10:43.426         0.031          0.000                    MMA       BEGN
       MMA - NULL MATRIX PRODUCT
 12:10:43.426         0.031          0.000                    MMA       END 
 12:10:43.426         0.031          0.000          0.000       42  MCE2      END 
 12:10:43.426         0.031          0.000                      44  EQUIV     BEGN
 12:10:43.426         0.031          0.000          0.000       44  EQUIV     END 
 12:10:43.426         0.031          0.000                      45  COND      BEGN
 12:10:43.426         0.031          0.000          0.000       45  COND      END 
 12:10:43.426         0.031          0.000                      46  SCE1      BEGN
 12:10:43.426         0.031          0.000          0.000       46  SCE1      END 
 12:10:43.426         0.031          0.000                      48  EQUIV     BEGN
 12:10:43.426         0.031          0.000          0.000       48  EQUIV     END 
 12:10:43.426         0.031          0.000                      49  PURGE     BEGN
 12:10:43.426         0.031          0.000          0.000       49  PURGE     END 
 12:10:43.426         0.031          0.000                      50  COND      BEGN
 12:10:43.426         0.031          0.000          0.000       50  COND      END 
 12:10:43.426         0.031          0.000                      55  COND      BEGN
 12:10:43.426         0.031          0.000          0.000       55  COND      END 
 12:10:43.426         0.031          0.000                    XSFA      BEGN
 12:10:43.426         0.031          0.000                    XSFA      END 
 12:10:43.426         0.031          0.000                      56  RBMG1     BEGN
 12:10:43.426         0.031          0.000          0.000       56  RBMG1     END 
 12:10:43.426         0.031          0.000                      57  RBMG2     BEGN
 12:10:43.426         0.031          0.000                    SMCO  MP  BEGN          
 12:10:43.427         0.031          0.000                    SMCO  MP  END           
 12:10:43.427         0.031          0.000          0.000       57  RBMG2     END 
 12:10:43.427         0.031          0.000                      58  RBMG3     BEGN
 12:10:43.427         0.031          0.000                    FBSI  BEGN
 12:10:43.427         0.031          0.000                    FBS2  BEGN
 12:10:43.427         0.031          0.000                    FBS2  END 
 12:10:43.427         0.031          0.000                    FBSI  END 
 12:10:43.427         0.031          0.000                    MMA       BEGN
 12:10:43.427         0.031          0.000                    MMA1  0   BEGN
 12:10:43.427         0.031          0.000                    MMA1  0   END 
   METHOD USED = 10T   ACTUAL NUMBER OF PASSES =   1
 12:10:43.427         0.031          0.000                    MMA       END 
 12:10:43.427         0.031          0.000          0.000       58  RBMG3     END 
 12:10:43.427         0.031          0.000                      59  RBMG4     BEGN
 12:10:43.427         0.031          0.000                    MMA       BEGN
 12:10:43.427         0.031          0.000                    MMA2  1   BEGN
 12:10:43.427         0.031          0.000                    MMA2  1   END 
   METHOD USED = 21NT  ACTUAL NUMBER OF PASSES =   1
 12:10:43.427         0.031          0.000                    MMA       END 
 12:10:43.427         0.031          0.000                    MMA       BEGN
       MMA - NULL MATRIX PRODUCT
 12:10:43.427         0.031          0.000                    MMA       END 
 12:10:43.427         0.031          0.000                    MMA       BEGN
 12:10:43.427         0.031          0.000                    MMA1  0   BEGN
 12:10:43.427         0.031          0.000                    MMA1  0   END 
   METHOD USED = 10T   ACTUAL NUMBER OF PASSES =   1
 12:10:43.427         0.031          0.000                    MMA       END 
 12:10:43.427         0.031          0.000          0.000       59  RBMG4     END 
 12:10:43.427         0.031          0.000                      61  DPD       BEGN
 12:10:43.427         0.031          0.000          0.000       61  DPD       END 
 12:10:43.427         0.031          0.000                      62  COND      BEGN
 12:10:43.427         0.031          0.000          0.000       62  COND      END 
 12:10:43.427         0.031          0.000                      63  EQUIV     BEGN
 12:10:43.427         0.031          0.000          0.000       63  EQUIV     END 
 12:10:43.427         0.031          0.000                      64  READ      BEGN
 12:10:43.427         0.031          0.000                    MMA       BEGN
 12:10:43.427         0.031          0.000                    MMA1  0   BEGN
 12:10:43.427         0.031          0.000                    MMA1  0   END 
   METHOD USED = 10NT  ACTUAL NUMBER OF PASSES =   1
 12:10:43.427         0.031          0.000                    MMA       END 
 12:10:43.427         0.031          0.000                    GIVE  NS  BEGI  NS  
 12:10:43.427         0.031          0.000                    SMCO  MP  BEGN          
 12:10:43.427         0.031          0.000                    SMCO  MP  END           
 12:10:43.427         0.031          0.000                    TRAN  POSE
 12:10:43.428         0.031          0.000                    TRAN  POSE
 12:10:43.428         0.031          0.000                    MMA       BEGN
 12:10:43.428         0.031          0.000                    MMA1  1   BEGN
 12:10:43.428         0.031          0.000                    MMA1  1   END 
   METHOD USED = 11NT  ACTUAL NUMBER OF PASSES =   1
 12:10:43.428         0.031          0.000                    MMA       END 
 12:10:43.428         0.031          0.000                    MMA       BEGN
 12:10:43.428         0.031          0.000                    MMA2  1   BEGN
 12:10:43.428         0.031          0.000                    MMA2  1   END 
   METHOD USED = 21T   ACTUAL NUMBER OF PASSES =   1
 12:10:43.428         0.031          0.000                    MMA       END 
 12:10:43.428         0.031          0.000                    VALV  EC  BEGN
 12:10:43.428         0.031          0.000                    TRID  I   BEGN
 12:10:43.428         0.031          0.000                    TRID  I   END 
 12:10:43.428         0.031          0.000                    QRIT  ER  BEGN
 12:10:43.428         0.031          0.000                    QRIT  ER  END 
 12:10:43.428         0.031          0.000                    WILV  EC  BEGN
 12:10:43.428         0.031          0.000                    WILV  EC  END 
 12:10:43.428         0.031          0.000                    VALV  EC  END 
 12:10:43.428         0.031          0.000                    MMA       BEGN
 12:10:43.428         0.031          0.000                    MMA2  1   BEGN
 12:10:43.428         0.031          0.000                    MMA2  1   END 
   METHOD USED = 21NT  ACTUAL NUMBER OF PASSES =   1
 12:10:43.428         0.031          0.000                    MMA       END 
 12:10:43.428         0.031          0.000                    GIVE  NS  ENDS
 12:10:43.428         0.031          0.000                    MMA       BEGN
 12:10:43.428         0.031          0.000                    MMA2  1   BEGN
 12:10:43.428         0.031          0.000                    MMA2  1   END 
   METHOD USED = 21NT  ACTUAL NUMBER OF PASSES =   1
 12:10:43.428         0.031          0.000                    MMA       END 
 12:10:43.428         0.031          0.000                    MMA       BEGN
 12:10:43.428         0.031          0.000                    MMA1  0   BEGN
 12:10:43.428         0.031          0.000                    MMA1  0   END 
   METHOD USED = 10T   ACTUAL NUMBER OF PASSES =   1
 12:10:43.428         0.031          0.000                    MMA       END 
 12:10:43.428         0.031          0.000          0.000       64  READ      END 
 12:10:43.428         0.031          0.000                      65  OFP       BEGN
 12:10:43.428         0.031          0.000          0.000       65  OFP       END 
 12:10:43.428         0.031          0.000                      66  COND      BEGN
 12:10:43.428         0.031          0.000          0.000       66  COND      END 
 12:10:43.428         0.031          0.000                      67  OFP       BEGN
 12:10:43.431         0.031          0.000          0.000       67  OFP       END 
 12:10:43.431         0.031          0.000                      68  MTRXIN    BEGN
 12:10:43.431         0.031          0.000          0.000       68  MTRXIN    END 
 12:10:43.431         0.031          0.000                      69  EQUIV     BEGN
 12:10:43.431         0.031          0.000          0.000       69  EQUIV     END 
 12:10:43.431         0.031          0.000                      70  GKAD      BEGN
 12:10:43.431         0.031          0.000          0.000       70  GKAD      END 
 12:10:43.431         0.031          0.000                      71  GKAM      BEGN
 12:10:43.431         0.031          0.000          0.000       71  GKAM      END 
 12:10:43.431         0.031          0.000                      72  APD       BEGN
 12:10:43.432         0.031          0.000          0.000       72  APD       END 
 12:10:43.432         0.031          0.000                      73  PARAM     BEGN
 12:10:43.432         0.031          0.000          0.000       73  PARAM     END 
 12:10:43.432         0.031          0.000                      74  PURGE     BEGN
 12:10:43.432         0.031          0.000          0.000       74  PURGE     END 
 12:10:43.432         0.031          0.000                      75  COND      BEGN
 12:10:43.432         0.031          0.000          0.000       75  COND      END 
 12:10:43.432         0.031          0.000                    XSFA      BEGN
 12:10:43.432         0.031          0.000                    XSFA      END 
 12:10:43.432         0.031          0.000                      83  GI        BEGN
 12:10:43.433         0.031          0.000                    MMA       BEGN
 12:10:43.433         0.031          0.000                    MMA1  0   BEGN
 12:10:43.434         0.031          0.000                    MMA1  0   END 
   METHOD USED = 10T   ACTUAL NUMBER OF PASSES =   1
 12:10:43.434         0.031          0.000                    MMA       END 
 12:10:43.434         0.031          0.000          0.000       83  GI        END 
 12:10:43.434         0.031          0.000                      84  PARAM     BEGN
 12:10:43.434         0.031          0.000          0.000       84  PARAM     END 
 12:10:43.434         0.031          0.000                      85  AMG       BEGN
 12:10:43.452         0.031          0.000          0.000       85  AMG       END 
 12:10:43.452         0.031          0.000                      86  COND      BEGN
 12:10:43.452         0.031          0.000          0.000       86  COND      END 
 12:10:43.452         0.031          0.000                      89  PARAM     BEGN
 12:10:43.452         0.031          0.000          0.000       89  PARAM     END 
 12:10:43.452         0.031          0.000                      90  AMP       BEGN
 12:10:43.452         0.031          0.000                    MMA       BEGN
 12:10:43.452         0.031          0.000                    MMA1  0   BEGN
 12:10:43.452         0.031          0.000                    MMA1  0   END 
   METHOD USED = 10T   ACTUAL NUMBER OF PASSES =   1
 12:10:43.452         0.031          0.000                    MMA       END 
 12:10:43.452         0.031          0.000                    MMA       BEGN
 12:10:43.452         0.031          0.000                    MMA2  1   BEGN
 12:10:43.452         0.031          0.000                    MMA2  1   END 
   METHOD USED = 21T   ACTUAL NUMBER OF PASSES =   1
 12:10:43.452         0.031          0.000                    MMA       END 
 12:10:43.452         0.031          0.000                    MMA       BEGN
 12:10:43.452         0.031          0.000                    MMA2  1   BEGN
 12:10:43.452         0.031          0.000                    MMA2  1   END 
   METHOD USED = 21T   ACTUAL NUMBER OF PASSES =   1
 12:10:43.452         0.031          0.000                    MMA       END 
 12:10:43.453         0.031          0.000                    TRAN  POSE
 12:10:43.453         0.031          0.000                    TRAN  POSE
 12:10:43.453         0.031          0.000                    CDCO  MP  BEGN
 12:10:43.454         0.031          0.000                    CDCO  MP  END 
 12:10:43.454         0.031          0.000                    GFBS  BEGN
 12:10:43.454         0.031          0.000                    GFBS  END 
 12:10:43.454         0.031          0.000                    MMA       BEGN
 12:10:43.454         0.031          0.000                    MMA2  1   BEGN
 12:10:43.454         0.031          0.000                    MMA2  1   END 
   METHOD USED = 21NT  ACTUAL NUMBER OF PASSES =   1
 12:10:43.454         0.031          0.000                    MMA       END 
 12:10:43.454         0.031          0.000                    MMA       BEGN
 12:10:43.454         0.031          0.000                    MMA1  0   BEGN
 12:10:43.454         0.031          0.000                    MMA1  0   END 
   METHOD USED = 10T   ACTUAL NUMBER OF PASSES =   1
 12:10:43.454         0.031          0.000                    MMA       END 
 12:10:43.455         0.031          0.000                    TRAN  POSE
 12:10:43.455         0.031          0.000                    TRAN  POSE
 12:10:43.455         0.031          0.000                    CDCO  MP  BEGN
 12:10:43.456         0.031          0.000                    CDCO  MP  END 
 12:10:43.456         0.031          0.000                    GFBS  BEGN
 12:10:43.456         0.031          0.000                    GFBS  END 
 12:10:43.456         0.031          0.000                    MMA       BEGN
 12:10:43.456         0.031          0.000                    MMA2  1   BEGN
 12:10:43.456         0.031          0.000                    MMA2  1   END 
   METHOD USED = 21NT  ACTUAL NUMBER OF PASSES =   1
 12:10:43.456         0.031          0.000                    MMA       END 
 12:10:43.456         0.031          0.000                    MMA       BEGN
 12:10:43.456         0.031          0.000                    MMA1  0   BEGN
 12:10:43.456         0.031          0.000                    MMA1  0   END 
   METHOD USED = 10T   ACTUAL NUMBER OF PASSES =   1
 12:10:43.456         0.031          0.000                    MMA       END 
 12:10:43.457         0.031          0.000                    TRAN  POSE
 12:10:43.457         0.031          0.000                    TRAN  POSE
 12:10:43.457         0.031          0.000                    CDCO  MP  BEGN
 12:10:43.458         0.031          0.000                    CDCO  MP  END 
 12:10:43.458         0.031          0.000                    GFBS  BEGN
 12:10:43.458         0.031          0.000                    GFBS  END 
 12:10:43.458         0.031          0.000                    MMA       BEGN
 12:10:43.458         0.031          0.000                    MMA2  1   BEGN
 12:10:43.458         0.031          0.000                    MMA2  1   END 
   METHOD USED = 21NT  ACTUAL NUMBER OF PASSES =   1
 12:10:43.458         0.031          0.000                    MMA       END 
 12:10:43.458         0.031          0.000                    MMA       BEGN
 12:10:43.458         0.031          0.000                    MMA1  0   BEGN
 12:10:43.459         0.031          0.000                    MMA1  0   END 
   METHOD USED = 10T   ACTUAL NUMBER OF PASSES =   1
 12:10:43.459         0.031          0.000                    MMA       END 
 12:10:43.459         0.031          0.000                    MMA       BEGN
 12:10:43.459         0.031          0.000                    MMA1  0   BEGN
 12:10:43.459         0.031          0.000                    MMA1  0   END 
   METHOD USED = 10T   ACTUAL NUMBER OF PASSES =   1
 12:10:43.459         0.031          0.000                    MMA       END 
 12:10:43.459         0.031          0.000                    MMA       BEGN
 12:10:43.459         0.031          0.000                    MMA2  1   BEGN
 12:10:43.459         0.031          0.000                    MMA2  1   END 
   METHOD USED = 21T   ACTUAL NUMBER OF PASSES =   1
 12:10:43.459         0.031          0.000                    MMA       END 
 12:10:43.459         0.031          0.000                    CDCO  MP  BEGN
 12:10:43.460         0.031          0.000                    CDCO  MP  END 
 12:10:43.460         0.031          0.000                    GFBS  BEGN
 12:10:43.460         0.031          0.000                    GFBS  END 
 12:10:43.460         0.031          0.000                    MMA       BEGN
 12:10:43.460         0.031          0.000                    MMA2  1   BEGN
 12:10:43.460         0.031          0.000                    MMA2  1   END 
   METHOD USED = 21T   ACTUAL NUMBER OF PASSES =   1
 12:10:43.460         0.031          0.000                    MMA       END 
 12:10:43.460         0.031          0.000                    CDCO  MP  BEGN
 12:10:43.461         0.031          0.000                    CDCO  MP  END 
 12:10:43.462         0.031          0.000                    GFBS  BEGN
 12:10:43.462         0.031          0.000                    GFBS  END 
 12:10:43.462         0.031          0.000                    MMA       BEGN
 12:10:43.462         0.031          0.000                    MMA2  1   BEGN
 12:10:43.462         0.031          0.000                    MMA2  1   END 
   METHOD USED = 21T   ACTUAL NUMBER OF PASSES =   1
 12:10:43.462         0.031          0.000                    MMA       END 
 12:10:43.462         0.031          0.000                    CDCO  MP  BEGN
 12:10:43.463         0.031          0.000                    CDCO  MP  END 
 12:10:43.463         0.031          0.000                    GFBS  BEGN
 12:10:43.463         0.031          0.000                    GFBS  END 
 12:10:43.463         0.031          0.000          0.000       90  AMP       END 
 12:10:43.463         0.031          0.000                      91  FRLG      BEGN
 12:10:43.464         0.031          0.000                    MMA       BEGN
       MMA - NULL MATRIX PRODUCT
 12:10:43.464         0.031          0.000                    MMA       END 
 12:10:43.464         0.031          0.000                    MMA       BEGN
       MMA - NULL MATRIX PRODUCT
 12:10:43.464         0.031          0.000                    MMA       END 
 12:10:43.464         0.031          0.000          0.000       91  FRLG      END 
 12:10:43.464         0.031          0.000                      92  PARAM     BEGN
 12:10:43.464         0.031          0.000          0.000       92  PARAM     END 
 12:10:43.464         0.031          0.000                      93  PURGE     BEGN
 12:10:43.464         0.031          0.000          0.000       93  PURGE     END 
 12:10:43.464         0.031          0.000                      94  GUST      BEGN
 12:10:43.464         0.031          0.000                    MMA       BEGN
 12:10:43.464         0.031          0.000                    MMA1  0   BEGN
 12:10:43.465         0.031          0.000                    MMA1  0   END 
   METHOD USED = 10NT  ACTUAL NUMBER OF PASSES =   1
 12:10:43.465         0.031          0.000                    MMA       END 
 12:10:43.465         0.031          0.000          0.000       94  GUST      END 
 12:10:43.465         0.031          0.000                      95  EQUIV     BEGN
 12:10:43.465         0.031          0.000          0.000       95  EQUIV     END 
 12:10:43.465         0.031          0.000                      96  FRRD2     BEGN
 12:10:43.465         0.031          0.000                    MMA       BEGN
 12:10:43.465         0.031          0.000                    MMA1  0   BEGN
 12:10:43.466         0.031          0.000                    MMA1  0   END 
   METHOD USED = 10NT  ACTUAL NUMBER OF PASSES =   1
 12:10:43.466         0.031          0.000                    MMA       END 
 12:10:43.468         0.031          0.000          0.000       96  FRRD2     END 
 12:10:43.468         0.031          0.000                      97  EQUIV     BEGN
 12:10:43.469         0.031          0.000          0.000       97  EQUIV     END 
 12:10:43.469         0.031          0.000                      98  COND      BEGN
 12:10:43.469         0.031          0.000          0.000       98  COND      END 
 12:10:43.469         0.031          0.000                      99  IFT       BEGN
 12:10:43.469         0.031          0.000          0.000       99  IFT       END 
 12:10:43.469         0.031          0.000                     101  MODACC    BEGN
 12:10:43.469         0.031          0.000          0.000      101  MODACC    END 
 12:10:43.469         0.031          0.000                     102  ADR       BEGN
 12:10:43.469         0.031          0.000          0.000      102  ADR       END 
 12:10:43.469         0.031          0.000                     103  VDR       BEGN
 12:10:43.469         0.031          0.000          0.000      103  VDR       END 
 12:10:43.469         0.031          0.000                     104  COND      BEGN
 12:10:43.469         0.031          0.000          0.000      104  COND      END 
 12:10:43.469         0.031          0.000                     105  SDR3      BEGN
 12:10:43.469         0.031          0.000          0.000      105  SDR3      END 
 12:10:43.469         0.031          0.000                     106  OFP       BEGN
 12:10:43.487         0.047          0.016          0.016      106  OFP       END 
 12:10:43.487         0.047          0.000                     107  COND      BEGN
 12:10:43.487         0.047          0.000          0.000      107  COND      END 
 12:10:43.487         0.047          0.000                     108  XYTRAN    BEGN
 12:10:43.488         0.047          0.000          0.000      108  XYTRAN    END 
 12:10:43.488         0.047          0.000                     109  COND      BEGN
 12:10:43.488         0.047          0.000          0.000      109  COND      END 
 12:10:43.488         0.047          0.000                     110  XYPLOT    BEGN
 12:10:43.488         0.047          0.000          0.000      110  XYPLOT    END 
 12:10:43.488         0.047          0.000                     112  PARAM     BEGN
 12:10:43.488         0.047          0.000          0.000      112  PARAM     END 
 12:10:43.488         0.047          0.000                     113  COND      BEGN
 12:10:43.488         0.047          0.000          0.000      113  COND      END 
 12:10:43.488         0.047          0.000                     114  SDR1      BEGN
 12:10:43.488         0.047          0.000                    MMA       BEGN
 12:10:43.488         0.047          0.000                    MMA2  1   BEGN
 12:10:43.488         0.047          0.000                    MMA2  1   END 
   METHOD USED = 21T   ACTUAL NUMBER OF PASSES =   1
 12:10:43.488         0.047          0.000                    MMA       END 
 12:10:43.488         0.047          0.000                    MMA       BEGN
 12:10:43.488         0.047          0.000                    MMA1  1   BEGN
 12:10:43.488         0.047          0.000                    MMA1  1   END 
   METHOD USED = 11NT  ACTUAL NUMBER OF PASSES =   1
 12:10:43.488         0.047          0.000                    MMA       END 
 12:10:43.488         0.047          0.000          0.000      114  SDR1      END 
 12:10:43.488         0.047          0.000                     115  EQUIV     BEGN
 12:10:43.488         0.047          0.000          0.000      115  EQUIV     END 
 12:10:43.488         0.047          0.000                     116  COND      BEGN
 12:10:43.488         0.047          0.000          0.000      116  COND      END 
 12:10:43.488         0.047          0.000                     120  MPYAD     BEGN
 12:10:43.488         0.047          0.000                    MMA       BEGN
 12:10:43.488         0.047          0.000                    MMA1  0   BEGN
 12:10:43.488         0.047          0.000                    MMA1  0   END 
   METHOD USED = 10T   ACTUAL NUMBER OF PASSES =   1
 12:10:43.488         0.047          0.000                    MMA       END 
 12:10:43.489         0.047          0.000          0.000      120  MPYAD     END 
 12:10:43.489         0.047          0.000                     121  UMERGE    BEGN
 12:10:43.489         0.047          0.000          0.000      121  UMERGE    END 
 12:10:43.489         0.047          0.000                    XSFA      BEGN
 12:10:43.489         0.047          0.000                    XSFA      END 
 12:10:43.489         0.047          0.000                     122  UMERGE    BEGN
 12:10:43.489         0.047          0.000          0.000      122  UMERGE    END 
 12:10:43.489         0.047          0.000                     123  UMERGE    BEGN
 12:10:43.489         0.047          0.000          0.000      123  UMERGE    END 
 12:10:43.489         0.047          0.000                     124  SDR2      BEGN
 12:10:43.489         0.047          0.000          0.000      124  SDR2      END 
 12:10:43.489         0.047          0.000                     125  COND      BEGN
 12:10:43.489         0.047          0.000          0.000      125  COND      END 
 12:10:43.489         0.047          0.000                     129  SDR3      BEGN
 12:10:43.489         0.047          0.000          0.000      129  SDR3      END 
 12:10:43.489         0.047          0.000                     130  DDRMM     BEGN
 12:10:43.490         0.047          0.000                    MMA       BEGN
 12:10:43.490         0.047          0.000                    MMA1  1   BEGN
 12:10:43.490         0.047          0.000                    MMA1  1   END 
   METHOD USED = 11T   ACTUAL NUMBER OF PASSES =   1
 12:10:43.490         0.047          0.000                    MMA       END 
 12:10:43.490         0.047          0.000                    MMA       BEGN
 12:10:43.490         0.047          0.000                    MMA1  1   BEGN
 12:10:43.490         0.047          0.000                    MMA1  1   END 
   METHOD USED = 11T   ACTUAL NUMBER OF PASSES =   1
 12:10:43.490         0.047          0.000                    MMA       END 
 12:10:43.490         0.047          0.000          0.000      130  DDRMM     END 
 12:10:43.490         0.047          0.000                     131  OFP       BEGN
 12:10:43.562         0.125          0.078          0.078      131  OFP       END 
 12:10:43.562         0.125          0.000                     132  SCAN      BEGN
 12:10:43.562         0.125          0.000          0.000      132  SCAN      END 
 12:10:43.562         0.125          0.000                     133  OFP       BEGN
 12:10:43.562         0.125          0.000          0.000      133  OFP       END 
 12:10:43.562         0.125          0.000                     134  COND      BEGN
 12:10:43.562         0.125          0.000          0.000      134  COND      END 
 12:10:43.562         0.125          0.000                     140  COND      BEGN
 12:10:43.562         0.125          0.000          0.000      140  COND      END 
 12:10:43.562         0.125          0.000                     141  XYTRAN    BEGN
 12:10:43.563         0.125          0.000          0.000      141  XYTRAN    END 
 12:10:43.564         0.125          0.000                     142  COND      BEGN
 12:10:43.564         0.125          0.000          0.000      142  COND      END 
 12:10:43.564         0.125          0.000                     143  XYPLOT    BEGN
 12:10:43.564         0.125          0.000          0.000      143  XYPLOT    END 
 12:10:43.564         0.125          0.000                     145  COND      BEGN
 12:10:43.564         0.125          0.000          0.000      145  COND      END 
 12:10:43.564         0.125          0.000                     162  PURGE     BEGN
 12:10:43.564         0.125          0.000          0.000      162  PURGE     END 
 12:10:43.564         0.125          0.000                     163  EXIT      BEGN
1     STATISTICS ON IN-MEMORY DATA BASE AND DISK I/O USAGE

         LENGTH (IN WORDS) OF OPEN CORE ALLOCATED                   2000000
         LENGTH (IN WORDS) OF IN-MEMORY DATA BASE ALLOCATED        12000000
         NUMBER OF BLOCKS USED IN THE IN-MEMORY DATA BASE               133
         NUMBER OF BLOCKS ALLOCATED FOR THE IN-MEMORY DATA            11661
         PERCENTAGE OF IN-MEMORY DATA USED                                1%
         TOTAL BLOCKS WRITTEN TO DISK                              40000004
         BLOCK SIZE (IN WORDS)                                         1024
         NUMBER OF OPENS TO DISK FILES                                    6
         NUMBER OF CLOSES TO DISK FILES                                   6
         NUMBER OF WRITES TO DISK FILES                                   6
         NUMBER OF READS FROM DISK FILES                                  7
         MEMORY (IN WORDS) NOT USED BY IN-MEM. DATA BASE           11908424
