1*****************************************************************************
 *                                                                           *
 *       DATE 12/26/16       LOG OF 95 X86_64 Windows_NT NASTRAN JOB         *
 *                                                                           *
 *****************************************************************************

   WALL               TOTAL       INCREMENTAL      MODULE              MODULE/
   CLOCK               CPU            CPU            CPU             SUBROUTINE
   TIME              SECONDS        SECONDS        SECONDS             STATUS

 ------------------------------------------------------------------------------

 16:45:03.754        -0.016          0.000                    SEM1  BEGN
 16:45:03.756        -0.016          0.000                    GNFI
 16:45:03.756        -0.016          0.000                    TTIO
 16:45:03.758        -0.016          0.000                    TTLP
 16:45:03.759        -0.016          0.000                    XCSA
 ID    D02027A,NASTRAN                                                   
 16:45:03.778        -0.016          0.000                    ASDM  BEGN
 16:45:03.789        -0.016          0.000                    ASDM  END 
 16:45:03.789        -0.016          0.000                    IFP1
 TITLE    = WINDMILL PANEL SECTIONS FOR AUTOMATED MULTI-STAGE SUBSTRUCTUR
 16:45:03.793        -0.016          0.000                    XSOR
 16:45:03.797         0.000          0.016                    IFP   BEGN
 16:45:03.801         0.000          0.000                    IFP   END 
 16:45:03.801         0.000          0.000                    XGPI
 16:45:03.803         0.000          0.000                    SEM1  END 
 16:45:03.803         0.000          0.000                       4  PARAM     BEGN
 16:45:03.803         0.000          0.000          0.000        4  PARAM     END 
 16:45:03.803         0.000          0.000                       4  PARAM     BEGN
 16:45:03.803         0.000          0.000          0.000        4  PARAM     END 
 16:45:03.803         0.000          0.000                    XSFA      BEGN
 16:45:03.803         0.000          0.000                    XSFA      END 
 16:45:03.803         0.000          0.000                       4  SOFUT     BEGN
 16:45:03.809         0.000          0.000          0.000        4  SOFUT     END 
 16:45:03.809         0.000          0.000                       4  SOFUT     BEGN
 16:45:03.816         0.016          0.000          0.016        4  SOFUT     END 
 16:45:03.816         0.016          0.000                       4  SOFUT     BEGN
 16:45:03.820         0.016          0.000          0.000        4  SOFUT     END 
 16:45:03.820         0.016          0.000                       5  PARAM     BEGN
 16:45:03.820         0.016          0.000          0.000        5  PARAM     END 
 16:45:03.820         0.016          0.000                       5  SGEN      BEGN
 16:45:03.823         0.016          0.000          0.000        5  SGEN      END 
 16:45:03.823         0.016          0.000                       5  PURGE     BEGN
 16:45:03.823         0.016          0.000          0.000        5  PURGE     END 
 16:45:03.823         0.016          0.000                       5  EQUIV     BEGN
 16:45:03.823         0.016          0.000          0.000        5  EQUIV     END 
 16:45:03.823         0.016          0.000                       5  COND      BEGN
 16:45:03.823         0.016          0.000          0.000        5  COND      END 
 16:45:03.823         0.016          0.000                    XSFA      BEGN
 16:45:03.823         0.016          0.000                    XSFA      END 
 16:45:03.823         0.016          0.000                       6  ANISOP    BEGN
 16:45:03.823         0.016          0.000          0.000        6  ANISOP    END 
 16:45:03.823         0.016          0.000                       7  EQUIV     BEGN
 16:45:03.823         0.016          0.000          0.000        7  EQUIV     END 
 16:45:03.823         0.016          0.000                       8  PLTTRAN   BEGN
 16:45:03.823         0.016          0.000          0.000        8  PLTTRAN   END 
 16:45:03.823         0.016          0.000                       9  GP2       BEGN
 16:45:03.823         0.016          0.000          0.000        9  GP2       END 
 16:45:03.823         0.016          0.000                      21  GP3       BEGN
 16:45:03.823         0.016          0.000          0.000       21  GP3       END 
 16:45:03.823         0.016          0.000                      22  TA1       BEGN
 16:45:03.823         0.016          0.000          0.000       22  TA1       END 
 16:45:03.823         0.016          0.000                      23  EQUIV     BEGN
 16:45:03.823         0.016          0.000          0.000       23  EQUIV     END 
 16:45:03.823         0.016          0.000                      24  COND      BEGN
 16:45:03.823         0.016          0.000          0.000       24  COND      END 
 16:45:03.823         0.016          0.000                      43  SOFI      BEGN
 16:45:03.826         0.016          0.000          0.000       43  SOFI      END 
 16:45:03.826         0.016          0.000                      43  EQUIV     BEGN
 16:45:03.826         0.016          0.000          0.000       43  EQUIV     END 
 16:45:03.826         0.016          0.000                      43  EQUIV     BEGN
 16:45:03.826         0.016          0.000          0.000       43  EQUIV     END 
 16:45:03.826         0.016          0.000                      43  COND      BEGN
 16:45:03.826         0.016          0.000          0.000       43  COND      END 
 16:45:03.826         0.016          0.000                      44  PARAM     BEGN
 16:45:03.826         0.016          0.000          0.000       44  PARAM     END 
 16:45:03.826         0.016          0.000                      45  GP4       BEGN
 16:45:03.826         0.016          0.000          0.000       45  GP4       END 
 16:45:03.826         0.016          0.000                      46  OFP       BEGN
 16:45:03.826         0.016          0.000          0.000       46  OFP       END 
 16:45:03.826         0.016          0.000                      47  COND      BEGN
 16:45:03.826         0.016          0.000          0.000       47  COND      END 
 16:45:03.827         0.016          0.000                      48  PURGE     BEGN
 16:45:03.827         0.016          0.000          0.000       48  PURGE     END 
 16:45:03.827         0.016          0.000                      49  EQUIV     BEGN
 16:45:03.827         0.016          0.000          0.000       49  EQUIV     END 
 16:45:03.827         0.016          0.000                      50  COND      BEGN
 16:45:03.827         0.016          0.000          0.000       50  COND      END 
 16:45:03.827         0.016          0.000                      51  MCE1      BEGN
 16:45:03.827         0.016          0.000          0.000       51  MCE1      END 
 16:45:03.827         0.016          0.000                    XSFA      BEGN
 16:45:03.827         0.016          0.000                    XSFA      END 
 16:45:03.827         0.016          0.000                      52  MCE2      BEGN
 16:45:03.827         0.016          0.000                    MMA       BEGN
 16:45:03.827         0.016          0.000                    MMA1  0   BEGN
 16:45:03.828         0.016          0.000                    MMA1  0   END 
   METHOD USED = 10NT  ACTUAL NUMBER OF PASSES =   1
 16:45:03.828         0.016          0.000                    MMA       END 
 16:45:03.828         0.016          0.000                    MMA       BEGN
 16:45:03.828         0.016          0.000                    MMA1  0   BEGN
 16:45:03.828         0.016          0.000                    MMA1  0   END 
   METHOD USED = 10T   ACTUAL NUMBER OF PASSES =   1
 16:45:03.828         0.016          0.000                    MMA       END 
 16:45:03.828         0.016          0.000                    MMA       BEGN
 16:45:03.828         0.016          0.000                    MMA1  0   BEGN
 16:45:03.828         0.016          0.000                    MMA1  0   END 
   METHOD USED = 10T   ACTUAL NUMBER OF PASSES =   1
 16:45:03.828         0.016          0.000                    MMA       END 
 16:45:03.829         0.016          0.000                    MMA       BEGN
 16:45:03.829         0.016          0.000                    MMA1  0   BEGN
 16:45:03.829         0.016          0.000                    MMA1  0   END 
   METHOD USED = 10NT  ACTUAL NUMBER OF PASSES =   1
 16:45:03.829         0.016          0.000                    MMA       END 
 16:45:03.829         0.016          0.000                    MMA       BEGN
 16:45:03.829         0.016          0.000                    MMA1  0   BEGN
 16:45:03.829         0.016          0.000                    MMA1  0   END 
   METHOD USED = 10T   ACTUAL NUMBER OF PASSES =   1
 16:45:03.829         0.016          0.000                    MMA       END 
 16:45:03.829         0.016          0.000                    MMA       BEGN
 16:45:03.829         0.016          0.000                    MMA1  0   BEGN
 16:45:03.830         0.016          0.000                    MMA1  0   END 
   METHOD USED = 10T   ACTUAL NUMBER OF PASSES =   1
 16:45:03.830         0.016          0.000                    MMA       END 
 16:45:03.830         0.016          0.000          0.000       52  MCE2      END 
 16:45:03.830         0.016          0.000                      54  EQUIV     BEGN
 16:45:03.830         0.016          0.000          0.000       54  EQUIV     END 
 16:45:03.830         0.016          0.000                      55  COND      BEGN
 16:45:03.830         0.016          0.000          0.000       55  COND      END 
 16:45:03.830         0.016          0.000                      58  EQUIV     BEGN
 16:45:03.830         0.016          0.000          0.000       58  EQUIV     END 
 16:45:03.830         0.016          0.000                      59  EQUIV     BEGN
 16:45:03.830         0.016          0.000          0.000       59  EQUIV     END 
 16:45:03.830         0.016          0.000                      60  COND      BEGN
 16:45:03.830         0.016          0.000          0.000       60  COND      END 
 16:45:03.830         0.016          0.000                      64  COND      BEGN
 16:45:03.830         0.016          0.000          0.000       64  COND      END 
 16:45:03.830         0.016          0.000                    XSFA      BEGN
 16:45:03.830         0.016          0.000                    XSFA      END 
 16:45:03.830         0.016          0.000                      70  DPD       BEGN
 16:45:03.832         0.016          0.000          0.000       70  DPD       END 
 16:45:03.832         0.016          0.000                      71  COND      BEGN
 16:45:03.832         0.016          0.000          0.000       71  COND      END 
 16:45:03.832         0.016          0.000                      72  PARAM     BEGN
 16:45:03.832         0.016          0.000          0.000       72  PARAM     END 
 16:45:03.832         0.016          0.000                      73  READ      BEGN
 16:45:03.833         0.016          0.000                    SMCO  MP  BEGN          
 16:45:03.834         0.016          0.000                    SMCO  MP  END           
 16:45:03.835         0.016          0.000                    FBS2  BEGN
 16:45:03.835         0.016          0.000                    FBS2  END 
 16:45:03.835         0.016          0.000                    FBS2  BEGN
 16:45:03.835         0.016          0.000                    FBS2  END 
 16:45:03.836         0.016          0.000                    FBS2  BEGN
 16:45:03.836         0.016          0.000                    FBS2  END 
 16:45:03.836         0.016          0.000                    FBS2  BEGN
 16:45:03.836         0.016          0.000                    FBS2  END 
 16:45:03.836         0.016          0.000                    FBS2  BEGN
 16:45:03.836         0.016          0.000                    FBS2  END 
 16:45:03.837         0.016          0.000                    FBS2  BEGN
 16:45:03.837         0.016          0.000                    FBS2  END 
 16:45:03.837         0.016          0.000                    FBS2  BEGN
 16:45:03.837         0.016          0.000                    FBS2  END 
 16:45:03.838         0.016          0.000                    FBS2  BEGN
 16:45:03.838         0.016          0.000                    FBS2  END 
 16:45:03.838         0.016          0.000                    FBS2  BEGN
 16:45:03.838         0.016          0.000                    FBS2  END 
 16:45:03.838         0.016          0.000                    FBS2  BEGN
 16:45:03.838         0.016          0.000                    FBS2  END 
 16:45:03.839         0.016          0.000                    SMCO  MP  BEGN          
 16:45:03.840         0.016          0.000                    SMCO  MP  END           
 16:45:03.841         0.031          0.016                    FBS2  BEGN
 16:45:03.841         0.031          0.000                    FBS2  END 
 16:45:03.841         0.031          0.000                    FBS2  BEGN
 16:45:03.841         0.031          0.000                    FBS2  END 
 16:45:03.841         0.031          0.000                    FBS2  BEGN
 16:45:03.842         0.031          0.000                    FBS2  END 
 16:45:03.842         0.031          0.000                    MMA       BEGN
 16:45:03.842         0.031          0.000                    MMA1  0   BEGN
 16:45:03.842         0.031          0.000                    MMA1  0   END 
   METHOD USED = 10NT  ACTUAL NUMBER OF PASSES =   1
 16:45:03.842         0.031          0.000                    MMA       END 
 16:45:03.842         0.031          0.000                    MMA       BEGN
 16:45:03.842         0.031          0.000                    MMA1  0   BEGN
 16:45:03.842         0.031          0.000                    MMA1  0   END 
   METHOD USED = 10T   ACTUAL NUMBER OF PASSES =   1
 16:45:03.842         0.031          0.000                    MMA       END 
 16:45:03.842         0.031          0.000          0.016       73  READ      END 
 16:45:03.842         0.031          0.000                      74  OFP       BEGN
 16:45:03.842         0.031          0.000          0.000       74  OFP       END 
 16:45:03.842         0.031          0.000                      75  COND      BEGN
 16:45:03.842         0.031          0.000          0.000       75  COND      END 
 16:45:03.842         0.031          0.000                      76  OFP       BEGN
 16:45:03.843         0.031          0.000          0.000       76  OFP       END 
 16:45:03.843         0.031          0.000                      77  SDR1      BEGN
 16:45:03.843         0.031          0.000                    MMA       BEGN
 16:45:03.843         0.031          0.000                    MMA1  0   BEGN
 16:45:03.843         0.031          0.000                    MMA1  0   END 
   METHOD USED = 10NT  ACTUAL NUMBER OF PASSES =   1
 16:45:03.843         0.031          0.000                    MMA       END 
 16:45:03.843         0.031          0.000          0.000       77  SDR1      END 
 16:45:03.843         0.031          0.000                      95  COND      BEGN
 16:45:03.843         0.031          0.000          0.000       95  COND      END 
 16:45:03.843         0.031          0.000                      95  PARAM     BEGN
 16:45:03.843         0.031          0.000          0.000       95  PARAM     END 
 16:45:03.843         0.031          0.000                      95  RCOVR     BEGN
 16:45:03.851         0.031          0.000                    MMA       BEGN
 16:45:03.851         0.031          0.000                    MMA2  1   BEGN
 16:45:03.851         0.031          0.000                    MMA2  1   END 
   METHOD USED = 21NT  ACTUAL NUMBER OF PASSES =   1
 16:45:03.851         0.031          0.000                    MMA       END 
 16:45:03.859         0.031          0.000          0.000       95  RCOVR     END 
 16:45:03.859         0.031          0.000                      95  EQUIV     BEGN
 16:45:03.859         0.031          0.000          0.000       95  EQUIV     END 
 16:45:03.859         0.031          0.000                      95  COND      BEGN
 16:45:03.859         0.031          0.000          0.000       95  COND      END 
 16:45:03.859         0.031          0.000                      95  OFP       BEGN
 16:45:03.901         0.031          0.000          0.000       95  OFP       END 
 16:45:03.901         0.031          0.000                      95  COND      BEGN
 16:45:03.901         0.031          0.000          0.000       95  COND      END 
 16:45:03.901         0.031          0.000                      95  SOFO      BEGN
 16:45:03.901         0.031          0.000          0.000       95  SOFO      END 
 16:45:03.901         0.031          0.000                      95  JUMP      BEGN
 16:45:03.901         0.031          0.000          0.000       95  JUMP      END 
 16:45:03.901         0.031          0.000                     103  PURGE     BEGN
 16:45:03.901         0.031          0.000          0.000      103  PURGE     END 
 16:45:03.901         0.031          0.000                     104  EXIT      BEGN
1     STATISTICS ON IN-MEMORY DATA BASE AND DISK I/O USAGE

         LENGTH (IN WORDS) OF OPEN CORE ALLOCATED                   2000000
         LENGTH (IN WORDS) OF IN-MEMORY DATA BASE ALLOCATED        12000000
         NUMBER OF BLOCKS USED IN THE IN-MEMORY DATA BASE               212
         NUMBER OF BLOCKS ALLOCATED FOR THE IN-MEMORY DATA            11661
         PERCENTAGE OF IN-MEMORY DATA USED                                1%
         TOTAL BLOCKS WRITTEN TO DISK                              40000003
         BLOCK SIZE (IN WORDS)                                         1024
         NUMBER OF OPENS TO DISK FILES                                   22
         NUMBER OF CLOSES TO DISK FILES                                  22
         NUMBER OF WRITES TO DISK FILES                                 250
         NUMBER OF READS FROM DISK FILES                                476
         MEMORY (IN WORDS) NOT USED BY IN-MEM. DATA BASE           11826817
