1*****************************************************************************
 *                                                                           *
 *       DATE 12/26/16       LOG OF 95 X86_64 Windows_NT NASTRAN JOB         *
 *                                                                           *
 *****************************************************************************

   WALL               TOTAL       INCREMENTAL      MODULE              MODULE/
   CLOCK               CPU            CPU            CPU             SUBROUTINE
   TIME              SECONDS        SECONDS        SECONDS             STATUS

 ------------------------------------------------------------------------------

 18:49:03.349         0.000          0.000                    SEM1  BEGN
 18:49:03.350         0.000          0.000                    GNFI
 18:49:03.351         0.000          0.000                    TTIO
 18:49:03.353         0.000          0.000                    TTLP
 18:49:03.354         0.000          0.000                    XCSA
 ID    D03011A,NASTRAN                                                   
 18:49:03.367         0.000          0.000                    IFP1
 TITLE    = VIBRATIONS OF A 10 BY 20 PLATE                               
 18:49:03.374         0.000          0.000                    XSOR
 18:49:03.384         0.000          0.000                    IFP   BEGN
 18:49:03.385         0.000          0.000                    IFP   END 
 18:49:03.385         0.000          0.000                    XGPI
 18:49:03.386         0.000          0.000                    BAND  IT  BEGN
 18:49:03.397         0.016          0.000                    BAND  IT  END 
 18:49:03.397         0.016          0.000                    SEM1  END 
 18:49:03.397         0.016          0.000                       4  PARAM     BEGN
 18:49:03.397         0.016          0.000          0.000        4  PARAM     END 
 18:49:03.397         0.016          0.000                    XSFA      BEGN
 18:49:03.398         0.016          0.000                    XSFA      END 
 18:49:03.398         0.016          0.000                       5  GP1       BEGN
 18:49:03.402         0.016          0.000          0.000        5  GP1       END 
 18:49:03.402         0.016          0.000                       6  ANISOP    BEGN
 18:49:03.402         0.016          0.000          0.000        6  ANISOP    END 
 18:49:03.402         0.016          0.000                       7  EQUIV     BEGN
 18:49:03.402         0.016          0.000          0.000        7  EQUIV     END 
 18:49:03.402         0.016          0.000                       8  PLTTRAN   BEGN
 18:49:03.402         0.016          0.000          0.000        8  PLTTRAN   END 
 18:49:03.402         0.016          0.000                       9  GP2       BEGN
 18:49:03.402         0.016          0.000          0.000        9  GP2       END 
 18:49:03.402         0.016          0.000                      10  PARAML    BEGN
 18:49:03.402         0.016          0.000          0.000       10  PARAML    END 
 18:49:03.403         0.016          0.000                      11  PURGE     BEGN
 18:49:03.403         0.016          0.000          0.000       11  PURGE     END 
 18:49:03.403         0.016          0.000                      12  COND      BEGN
 18:49:03.403         0.016          0.000          0.000       12  COND      END 
 18:49:03.403         0.016          0.000                      13  PLTSET    BEGN
 18:49:03.407         0.016          0.000          0.000       13  PLTSET    END 
 18:49:03.407         0.016          0.000                      14  PRTMSG    BEGN
 18:49:03.407         0.016          0.000          0.000       14  PRTMSG    END 
 18:49:03.407         0.016          0.000                      15  PARAM     BEGN
 18:49:03.407         0.016          0.000          0.000       15  PARAM     END 
 18:49:03.407         0.016          0.000                      16  PARAM     BEGN
 18:49:03.407         0.016          0.000          0.000       16  PARAM     END 
 18:49:03.407         0.016          0.000                      17  COND      BEGN
 18:49:03.407         0.016          0.000          0.000       17  COND      END 
 18:49:03.407         0.016          0.000                      18  PLOT      BEGN
 18:49:03.421         0.016          0.000          0.000       18  PLOT      END 
 18:49:03.421         0.016          0.000                      19  PRTMSG    BEGN
 18:49:03.424         0.016          0.000          0.000       19  PRTMSG    END 
 18:49:03.424         0.016          0.000                      21  GP3       BEGN
 18:49:03.424         0.016          0.000          0.000       21  GP3       END 
 18:49:03.424         0.016          0.000                      22  TA1       BEGN
 18:49:03.425         0.016          0.000          0.000       22  TA1       END 
 18:49:03.425         0.016          0.000                      23  EQUIV     BEGN
 18:49:03.425         0.016          0.000          0.000       23  EQUIV     END 
 18:49:03.425         0.016          0.000                      24  COND      BEGN
 18:49:03.425         0.016          0.000          0.000       24  COND      END 
 18:49:03.425         0.016          0.000                      25  PARAM     BEGN
 18:49:03.425         0.016          0.000          0.000       25  PARAM     END 
 18:49:03.425         0.016          0.000                      26  PARAM     BEGN
 18:49:03.425         0.016          0.000          0.000       26  PARAM     END 
 18:49:03.425         0.016          0.000                      27  EMG       BEGN
 18:49:03.430         0.016          0.000          0.000       27  EMG       END 
 18:49:03.430         0.016          0.000                      28  PURGE     BEGN
 18:49:03.430         0.016          0.000          0.000       28  PURGE     END 
 18:49:03.430         0.016          0.000                      29  COND      BEGN
 18:49:03.430         0.016          0.000          0.000       29  COND      END 
 18:49:03.430         0.016          0.000                      30  EMA       BEGN
 18:49:03.437         0.016          0.000          0.000       30  EMA       END 
 18:49:03.437         0.016          0.000                      32  COND      BEGN
 18:49:03.437         0.016          0.000          0.000       32  COND      END 
 18:49:03.437         0.016          0.000                      33  EMA       BEGN
 18:49:03.441         0.016          0.000          0.000       33  EMA       END 
 18:49:03.441         0.016          0.000                      34  PURGE     BEGN
 18:49:03.441         0.016          0.000          0.000       34  PURGE     END 
 18:49:03.441         0.016          0.000                      35  COND      BEGN
 18:49:03.441         0.016          0.000          0.000       35  COND      END 
 18:49:03.441         0.016          0.000                      36  GPWG      BEGN
 18:49:03.442         0.016          0.000                    TRAN  POSE
 18:49:03.442         0.016          0.000                    TRAN  POSE
 18:49:03.442         0.016          0.000                    MMA       BEGN
 18:49:03.442         0.016          0.000                    MMA3  1   BEGN
 18:49:03.443         0.016          0.000                    MMA3  1   END 
   METHOD USED = 31NT  ACTUAL NUMBER OF PASSES =   1
 18:49:03.443         0.016          0.000                    MMA       END 
 18:49:03.443         0.016          0.000                    MMA       BEGN
 18:49:03.443         0.016          0.000                    MMA3  2   BEGN
 18:49:03.443         0.016          0.000                    MMA3  2   END 
   METHOD USED = 32T   ACTUAL NUMBER OF PASSES =   1
 18:49:03.443         0.016          0.000                    MMA       END 
 18:49:03.443         0.016          0.000          0.000       36  GPWG      END 
 18:49:03.443         0.016          0.000                      37  OFP       BEGN
 18:49:03.443         0.016          0.000          0.000       37  OFP       END 
 18:49:03.443         0.016          0.000                      39  EQUIV     BEGN
 18:49:03.443         0.016          0.000          0.000       39  EQUIV     END 
 18:49:03.443         0.016          0.000                      40  COND      BEGN
 18:49:03.443         0.016          0.000          0.000       40  COND      END 
 18:49:03.443         0.016          0.000                      43  GPSTGEN   BEGN
 18:49:03.444         0.016          0.000          0.000       43  GPSTGEN   END 
 18:49:03.444         0.016          0.000                      44  PARAM     BEGN
 18:49:03.444         0.016          0.000          0.000       44  PARAM     END 
 18:49:03.444         0.016          0.000                    XSFA      BEGN
 18:49:03.444         0.016          0.000                    XSFA      END 
 18:49:03.444         0.016          0.000                      45  GP4       BEGN
 18:49:03.445         0.016          0.000          0.000       45  GP4       END 
 18:49:03.445         0.016          0.000                      46  OFP       BEGN
 18:49:03.445         0.016          0.000          0.000       46  OFP       END 
 18:49:03.445         0.016          0.000                      47  COND      BEGN
 18:49:03.445         0.016          0.000          0.000       47  COND      END 
 18:49:03.445         0.016          0.000                      48  PURGE     BEGN
 18:49:03.445         0.016          0.000          0.000       48  PURGE     END 
 18:49:03.445         0.016          0.000                      49  EQUIV     BEGN
 18:49:03.445         0.016          0.000          0.000       49  EQUIV     END 
 18:49:03.445         0.016          0.000                      50  COND      BEGN
 18:49:03.445         0.016          0.000          0.000       50  COND      END 
 18:49:03.445         0.016          0.000                      54  EQUIV     BEGN
 18:49:03.445         0.016          0.000          0.000       54  EQUIV     END 
 18:49:03.445         0.016          0.000                      55  COND      BEGN
 18:49:03.445         0.016          0.000          0.000       55  COND      END 
 18:49:03.445         0.016          0.000                    XSFA      BEGN
 18:49:03.445         0.016          0.000                    XSFA      END 
 18:49:03.445         0.016          0.000                      56  SCE1      BEGN
 18:49:03.446         0.016          0.000          0.000       56  SCE1      END 
 18:49:03.446         0.016          0.000                      58  EQUIV     BEGN
 18:49:03.446         0.016          0.000          0.000       58  EQUIV     END 
 18:49:03.447         0.016          0.000                      59  EQUIV     BEGN
 18:49:03.447         0.016          0.000          0.000       59  EQUIV     END 
 18:49:03.447         0.016          0.000                      60  COND      BEGN
 18:49:03.447         0.016          0.000          0.000       60  COND      END 
 18:49:03.447         0.016          0.000                      64  COND      BEGN
 18:49:03.447         0.016          0.000          0.000       64  COND      END 
 18:49:03.447         0.016          0.000                      70  DPD       BEGN
 18:49:03.447         0.016          0.000          0.000       70  DPD       END 
 18:49:03.447         0.016          0.000                      71  COND      BEGN
 18:49:03.447         0.016          0.000          0.000       71  COND      END 
 18:49:03.447         0.016          0.000                      72  PARAM     BEGN
 18:49:03.447         0.016          0.000          0.000       72  PARAM     END 
 18:49:03.447         0.016          0.000                      73  READ      BEGN
 18:49:03.450         0.016          0.000                    SMCO  MP  BEGN          
 18:49:03.452         0.016          0.000                    SMCO  MP  END           
 18:49:03.452         0.016          0.000                    FBS2  BEGN
 18:49:03.452         0.016          0.000                    FBS2  END 
 18:49:03.453         0.016          0.000                    FBS2  BEGN
 18:49:03.453         0.016          0.000                    FBS2  END 
 18:49:03.453         0.016          0.000                    FBS2  BEGN
 18:49:03.453         0.016          0.000                    FBS2  END 
 18:49:03.453         0.016          0.000                    FBS2  BEGN
 18:49:03.453         0.016          0.000                    FBS2  END 
 18:49:03.454         0.016          0.000                    FBS2  BEGN
 18:49:03.454         0.016          0.000                    FBS2  END 
 18:49:03.454         0.016          0.000                    FBS2  BEGN
 18:49:03.454         0.016          0.000                    FBS2  END 
 18:49:03.454         0.016          0.000                    FBS2  BEGN
 18:49:03.454         0.016          0.000                    FBS2  END 
 18:49:03.455         0.016          0.000                    FBS2  BEGN
 18:49:03.455         0.016          0.000                    FBS2  END 
 18:49:03.455         0.016          0.000                    FBS2  BEGN
 18:49:03.455         0.016          0.000                    FBS2  END 
 18:49:03.455         0.016          0.000                    FBS2  BEGN
 18:49:03.456         0.016          0.000                    FBS2  END 
 18:49:03.458         0.016          0.000                    SMCO  MP  BEGN          
 18:49:03.460         0.016          0.000                    SMCO  MP  END           
 18:49:03.460         0.016          0.000                    FBS2  BEGN
 18:49:03.460         0.016          0.000                    FBS2  END 
 18:49:03.460         0.016          0.000                    FBS2  BEGN
 18:49:03.461         0.016          0.000                    FBS2  END 
 18:49:03.461         0.016          0.000                    FBS2  BEGN
 18:49:03.461         0.016          0.000                    FBS2  END 
 18:49:03.461         0.016          0.000                    FBS2  BEGN
 18:49:03.461         0.016          0.000                    FBS2  END 
 18:49:03.462         0.016          0.000                    FBS2  BEGN
 18:49:03.462         0.016          0.000                    FBS2  END 
 18:49:03.462         0.016          0.000                    FBS2  BEGN
 18:49:03.462         0.016          0.000                    FBS2  END 
 18:49:03.462         0.016          0.000                    FBS2  BEGN
 18:49:03.463         0.016          0.000                    FBS2  END 
 18:49:03.463         0.016          0.000                    FBS2  BEGN
 18:49:03.463         0.016          0.000                    FBS2  END 
 18:49:03.463         0.016          0.000                    FBS2  BEGN
 18:49:03.464         0.016          0.000                    FBS2  END 
 18:49:03.464         0.016          0.000                    FBS2  BEGN
 18:49:03.464         0.016          0.000                    FBS2  END 
 18:49:03.464         0.016          0.000                    FBS2  BEGN
 18:49:03.465         0.016          0.000                    FBS2  END 
 18:49:03.465         0.016          0.000                    FBS2  BEGN
 18:49:03.465         0.016          0.000                    FBS2  END 
 18:49:03.465         0.016          0.000                    FBS2  BEGN
 18:49:03.466         0.031          0.016                    FBS2  END 
 18:49:03.468         0.031          0.000                    SMCO  MP  BEGN          
 18:49:03.470         0.031          0.000                    SMCO  MP  END           
 18:49:03.470         0.031          0.000                    FBS2  BEGN
 18:49:03.470         0.031          0.000                    FBS2  END 
 18:49:03.471         0.031          0.000                    FBS2  BEGN
 18:49:03.471         0.031          0.000                    FBS2  END 
 18:49:03.471         0.031          0.000                    FBS2  BEGN
 18:49:03.471         0.031          0.000                    FBS2  END 
 18:49:03.472         0.031          0.000                    MMA       BEGN
 18:49:03.472         0.031          0.000                    MMA2  1   BEGN
 18:49:03.472         0.031          0.000                    MMA2  1   END 
   METHOD USED = 21NT  ACTUAL NUMBER OF PASSES =   1
 18:49:03.472         0.031          0.000                    MMA       END 
 18:49:03.472         0.031          0.000                    MMA       BEGN
 18:49:03.472         0.031          0.000                    MMA1  1   BEGN
 18:49:03.472         0.031          0.000                    MMA1  1   END 
   METHOD USED = 11T   ACTUAL NUMBER OF PASSES =   1
 18:49:03.472         0.031          0.000                    MMA       END 
 18:49:03.472         0.031          0.000          0.016       73  READ      END 
 18:49:03.472         0.031          0.000                      74  OFP       BEGN
 18:49:03.472         0.031          0.000          0.000       74  OFP       END 
 18:49:03.472         0.031          0.000                      75  COND      BEGN
 18:49:03.472         0.031          0.000          0.000       75  COND      END 
 18:49:03.472         0.031          0.000                      76  OFP       BEGN
 18:49:03.473         0.031          0.000          0.000       76  OFP       END 
 18:49:03.473         0.031          0.000                    XSFA      BEGN
 18:49:03.473         0.031          0.000                    XSFA      END 
 18:49:03.473         0.031          0.000                      77  SDR1      BEGN
 18:49:03.473         0.031          0.000                    MMA       BEGN
 18:49:03.473         0.031          0.000                    MMA2  1   BEGN
 18:49:03.474         0.031          0.000                    MMA2  1   END 
   METHOD USED = 21T   ACTUAL NUMBER OF PASSES =   1
 18:49:03.474         0.031          0.000                    MMA       END 
 18:49:03.474         0.031          0.000          0.000       77  SDR1      END 
 18:49:03.474         0.031          0.000                      78  COND      BEGN
 18:49:03.474         0.031          0.000          0.000       78  COND      END 
 18:49:03.474         0.031          0.000                      82  SDR2      BEGN
 18:49:03.474         0.031          0.000          0.000       82  SDR2      END 
 18:49:03.474         0.031          0.000                      83  OFP       BEGN
 18:49:03.539         0.062          0.031          0.031       83  OFP       END 
 18:49:03.539         0.062          0.000                      84  SCAN      BEGN
 18:49:03.539         0.062          0.000          0.000       84  SCAN      END 
 18:49:03.539         0.062          0.000                      85  OFP       BEGN
 18:49:03.539         0.062          0.000          0.000       85  OFP       END 
 18:49:03.539         0.062          0.000                      86  GPFDR     BEGN
 18:49:03.539         0.062          0.000          0.000       86  GPFDR     END 
 18:49:03.539         0.062          0.000                      87  OFP       BEGN
 18:49:03.539         0.062          0.000          0.000       87  OFP       END 
 18:49:03.539         0.062          0.000                      88  PURGE     BEGN
 18:49:03.539         0.062          0.000          0.000       88  PURGE     END 
 18:49:03.539         0.062          0.000                      89  COND      BEGN
 18:49:03.539         0.062          0.000          0.000       89  COND      END 
 18:49:03.539         0.062          0.000                      90  PLOT      BEGN
 18:49:03.546         0.078          0.016          0.016       90  PLOT      END 
 18:49:03.546         0.078          0.000                      91  PRTMSG    BEGN
 18:49:03.547         0.078          0.000          0.000       91  PRTMSG    END 
 18:49:03.547         0.078          0.000                      93  JUMP      BEGN
 18:49:03.548         0.078          0.000          0.000       93  JUMP      END 
 18:49:03.548         0.078          0.000                     103  PURGE     BEGN
 18:49:03.548         0.078          0.000          0.000      103  PURGE     END 
 18:49:03.548         0.078          0.000                     104  EXIT      BEGN
1     STATISTICS ON IN-MEMORY DATA BASE AND DISK I/O USAGE

         LENGTH (IN WORDS) OF OPEN CORE ALLOCATED                   2000000
         LENGTH (IN WORDS) OF IN-MEMORY DATA BASE ALLOCATED        12000000
         NUMBER OF BLOCKS USED IN THE IN-MEMORY DATA BASE               312
         NUMBER OF BLOCKS ALLOCATED FOR THE IN-MEMORY DATA            11661
         PERCENTAGE OF IN-MEMORY DATA USED                                2%
         TOTAL BLOCKS WRITTEN TO DISK                              40000013
         BLOCK SIZE (IN WORDS)                                         1024
         NUMBER OF OPENS TO DISK FILES                                    6
         NUMBER OF CLOSES TO DISK FILES                                   6
         NUMBER OF WRITES TO DISK FILES                                  15
         NUMBER OF READS FROM DISK FILES                                 16
         MEMORY (IN WORDS) NOT USED BY IN-MEM. DATA BASE           11723517
