1*****************************************************************************
 *                                                                           *
 *       DATE 12/27/16       LOG OF 95 X86_64 Windows_NT NASTRAN JOB         *
 *                                                                           *
 *****************************************************************************

   WALL               TOTAL       INCREMENTAL      MODULE              MODULE/
   CLOCK               CPU            CPU            CPU             SUBROUTINE
   TIME              SECONDS        SECONDS        SECONDS             STATUS

 ------------------------------------------------------------------------------

 11:59:32.540         0.000          0.000                    SEM1  BEGN
 11:59:32.541         0.000          0.000                    GNFI
 11:59:32.542         0.000          0.000                    TTIO
 11:59:32.544         0.000          0.000                    TTLP
 11:59:32.544         0.000          0.000                    XCSA
 ID    D11022A,NASTRAN                                                   
 11:59:32.562         0.000          0.000                    IFP1
 TITLE    = FREQUENCY RESPONSE OF A 500 CELL STRING                      
 11:59:32.566         0.000          0.000                    XSOR
 11:59:32.572         0.000          0.000                    IFP   BEGN
 11:59:32.573         0.000          0.000                    IFP   END 
 11:59:32.573         0.000          0.000                    XGPI
 11:59:32.576         0.016          0.000                    BAND  IT  BEGN
 11:59:32.576         0.016          0.000                    BAND  IT  QUIT
 11:59:32.576         0.016          0.000                    SEM1  END 
 11:59:32.576         0.016          0.000                       1  PARAM     BEGN
 11:59:32.576         0.016          0.000          0.000        1  PARAM     END 
 11:59:32.576         0.016          0.000                    XSFA      BEGN
 11:59:32.576         0.016          0.000                    XSFA      END 
 11:59:32.576         0.016          0.000                       1  INPUT     BEGN
 11:59:32.576         0.016          0.000          0.000        1  INPUT     END 
 11:59:32.576         0.016          0.000                       1  EQUIV     BEGN
 11:59:32.576         0.016          0.000          0.000        1  EQUIV     END 
 11:59:32.576         0.016          0.000                       4  PARAM     BEGN
 11:59:32.576         0.016          0.000          0.000        4  PARAM     END 
 11:59:32.576         0.016          0.000                    XSFA      BEGN
 11:59:32.576         0.016          0.000                    XSFA      END 
 11:59:32.576         0.016          0.000                       5  GP1       BEGN
 11:59:32.577         0.016          0.000          0.000        5  GP1       END 
 11:59:32.577         0.016          0.000                       6  ANISOP    BEGN
 11:59:32.577         0.016          0.000          0.000        6  ANISOP    END 
 11:59:32.577         0.016          0.000                       7  EQUIV     BEGN
 11:59:32.577         0.016          0.000          0.000        7  EQUIV     END 
 11:59:32.577         0.016          0.000                       8  PLTTRAN   BEGN
 11:59:32.577         0.016          0.000          0.000        8  PLTTRAN   END 
 11:59:32.577         0.016          0.000                       9  GP2       BEGN
 11:59:32.578         0.016          0.000          0.000        9  GP2       END 
 11:59:32.578         0.016          0.000                      10  PARAML    BEGN
 11:59:32.578         0.016          0.000          0.000       10  PARAML    END 
 11:59:32.578         0.016          0.000                      11  PURGE     BEGN
 11:59:32.578         0.016          0.000          0.000       11  PURGE     END 
 11:59:32.578         0.016          0.000                      12  COND      BEGN
 11:59:32.578         0.016          0.000          0.000       12  COND      END 
 11:59:32.578         0.016          0.000                      21  GP3       BEGN
 11:59:32.578         0.016          0.000          0.000       21  GP3       END 
 11:59:32.578         0.016          0.000                      22  TA1       BEGN
 11:59:32.579         0.016          0.000          0.000       22  TA1       END 
 11:59:32.579         0.016          0.000                      23  EQUIV     BEGN
 11:59:32.579         0.016          0.000          0.000       23  EQUIV     END 
 11:59:32.579         0.016          0.000                      24  COND      BEGN
 11:59:32.579         0.016          0.000          0.000       24  COND      END 
 11:59:32.579         0.016          0.000                      25  PARAM     BEGN
 11:59:32.579         0.016          0.000          0.000       25  PARAM     END 
 11:59:32.579         0.016          0.000                      26  PARAM     BEGN
 11:59:32.579         0.016          0.000          0.000       26  PARAM     END 
 11:59:32.579         0.016          0.000                      27  EMG       BEGN
 11:59:32.586         0.016          0.000          0.000       27  EMG       END 
 11:59:32.586         0.016          0.000                      28  PURGE     BEGN
 11:59:32.586         0.016          0.000          0.000       28  PURGE     END 
 11:59:32.586         0.016          0.000                      29  COND      BEGN
 11:59:32.586         0.016          0.000          0.000       29  COND      END 
 11:59:32.586         0.016          0.000                      30  EMA       BEGN
 11:59:32.587         0.016          0.000          0.000       30  EMA       END 
 11:59:32.587         0.016          0.000                      31  PURGE     BEGN
 11:59:32.587         0.016          0.000          0.000       31  PURGE     END 
 11:59:32.587         0.016          0.000                      33  COND      BEGN
 11:59:32.587         0.016          0.000          0.000       33  COND      END 
 11:59:32.587         0.016          0.000                      34  EMA       BEGN
 11:59:32.588         0.016          0.000          0.000       34  EMA       END 
 11:59:32.588         0.016          0.000                      35  PURGE     BEGN
 11:59:32.588         0.016          0.000          0.000       35  PURGE     END 
 11:59:32.588         0.016          0.000                      36  COND      BEGN
 11:59:32.588         0.016          0.000          0.000       36  COND      END 
 11:59:32.588         0.016          0.000                      40  EQUIV     BEGN
 11:59:32.588         0.016          0.000          0.000       40  EQUIV     END 
 11:59:32.588         0.016          0.000                      41  COND      BEGN
 11:59:32.588         0.016          0.000          0.000       41  COND      END 
 11:59:32.588         0.016          0.000                      44  GPSTGEN   BEGN
 11:59:32.588         0.016          0.000          0.000       44  GPSTGEN   END 
 11:59:32.588         0.016          0.000                      45  PARAM     BEGN
 11:59:32.588         0.016          0.000          0.000       45  PARAM     END 
 11:59:32.588         0.016          0.000                    XSFA      BEGN
 11:59:32.588         0.016          0.000                    XSFA      END 
 11:59:32.588         0.016          0.000                      46  GP4       BEGN
 11:59:32.588         0.016          0.000          0.000       46  GP4       END 
 11:59:32.589         0.016          0.000                      47  OFP       BEGN
 11:59:32.589         0.016          0.000          0.000       47  OFP       END 
 11:59:32.589         0.016          0.000                      48  PARAM     BEGN
 11:59:32.589         0.016          0.000          0.000       48  PARAM     END 
 11:59:32.589         0.016          0.000                      49  PURGE     BEGN
 11:59:32.589         0.016          0.000          0.000       49  PURGE     END 
 11:59:32.589         0.016          0.000                      50  EQUIV     BEGN
 11:59:32.589         0.016          0.000          0.000       50  EQUIV     END 
 11:59:32.589         0.016          0.000                      51  COND      BEGN
 11:59:32.589         0.016          0.000          0.000       51  COND      END 
 11:59:32.589         0.016          0.000                      55  EQUIV     BEGN
 11:59:32.589         0.016          0.000          0.000       55  EQUIV     END 
 11:59:32.589         0.016          0.000                      56  COND      BEGN
 11:59:32.589         0.016          0.000          0.000       56  COND      END 
 11:59:32.589         0.016          0.000                      59  EQUIV     BEGN
 11:59:32.589         0.016          0.000          0.000       59  EQUIV     END 
 11:59:32.589         0.016          0.000                      60  EQUIV     BEGN
 11:59:32.589         0.016          0.000          0.000       60  EQUIV     END 
 11:59:32.589         0.016          0.000                      61  COND      BEGN
 11:59:32.589         0.016          0.000          0.000       61  COND      END 
 11:59:32.589         0.016          0.000                      65  EQUIV     BEGN
 11:59:32.589         0.016          0.000          0.000       65  EQUIV     END 
 11:59:32.589         0.016          0.000                      66  COND      BEGN
 11:59:32.589         0.016          0.000          0.000       66  COND      END 
 11:59:32.589         0.016          0.000                      70  COND      BEGN
 11:59:32.589         0.016          0.000          0.000       70  COND      END 
 11:59:32.589         0.016          0.000                      72  RBMG2     BEGN
 11:59:32.589         0.016          0.000                    SMCO  MP  BEGN          
 11:59:32.590         0.016          0.000                    SMCO  MP  END           
 11:59:32.590         0.016          0.000          0.000       72  RBMG2     END 
 11:59:32.590         0.016          0.000                      73  COND      BEGN
 11:59:32.590         0.016          0.000          0.000       73  COND      END 
 11:59:32.590         0.016          0.000                      77  DPD       BEGN
 11:59:32.591         0.016          0.000          0.000       77  DPD       END 
 11:59:32.591         0.016          0.000                      78  COND      BEGN
 11:59:32.591         0.016          0.000          0.000       78  COND      END 
 11:59:32.591         0.016          0.000                      79  PURGE     BEGN
 11:59:32.591         0.016          0.000          0.000       79  PURGE     END 
 11:59:32.591         0.016          0.000                      80  EQUIV     BEGN
 11:59:32.591         0.016          0.000          0.000       80  EQUIV     END 
 11:59:32.591         0.016          0.000                      81  PARAM     BEGN
 11:59:32.591         0.016          0.000          0.000       81  PARAM     END 
 11:59:32.591         0.016          0.000                      82  READ      BEGN
 11:59:32.591         0.016          0.000                    FEER      BEGN
 11:59:32.591         0.016          0.000                    FEER  1   BEGN
 11:59:32.592         0.016          0.000                    FEER  1   END 
 11:59:32.592         0.016          0.000                    FEER  2   BEGN
 11:59:32.592         0.016          0.000                    SMCO  MP  BEGN          
 11:59:32.593         0.016          0.000                    SMCO  MP  END           
 11:59:32.593         0.016          0.000                    FEER  2   END 
 11:59:32.593         0.016          0.000                    FEER  3   BEGN
 11:59:32.593         0.016          0.000                    FERX  TD  BEGN
 11:59:32.600         0.016          0.000                    FERX  TD  END 
 11:59:32.600         0.016          0.000                    FEER  3   END 
 11:59:32.600         0.016          0.000                    FEER  4   BEGN
 11:59:32.608         0.016          0.000                    FEER  4   END 
 11:59:32.608         0.016          0.000                    FEER      END 
 11:59:32.609         0.016          0.000                    MMA       BEGN
 11:59:32.609         0.016          0.000                    MMA2  1   BEGN
 11:59:32.611         0.016          0.000                    MMA2  1   END 
   METHOD USED = 21NT  ACTUAL NUMBER OF PASSES =   1
 11:59:32.611         0.016          0.000                    MMA       END 
 11:59:32.611         0.016          0.000                    MMA       BEGN
 11:59:32.611         0.016          0.000                    MMA1  0   BEGN
 11:59:32.616         0.016          0.000                    MMA1  0   END 
   METHOD USED = 10T   ACTUAL NUMBER OF PASSES =   1
 11:59:32.616         0.016          0.000                    MMA       END 
 11:59:32.616         0.016          0.000          0.000       82  READ      END 
 11:59:32.616         0.016          0.000                      83  OFP       BEGN
 11:59:32.616         0.016          0.000          0.000       83  OFP       END 
 11:59:32.616         0.016          0.000                      84  COND      BEGN
 11:59:32.616         0.016          0.000          0.000       84  COND      END 
 11:59:32.616         0.016          0.000                      85  OFP       BEGN
 11:59:32.626         0.031          0.016          0.016       85  OFP       END 
 11:59:32.626         0.031          0.000                      86  PARAM     BEGN
 11:59:32.626         0.031          0.000          0.000       86  PARAM     END 
 11:59:32.626         0.031          0.000                      87  PARAM     BEGN
 11:59:32.626         0.031          0.000          0.000       87  PARAM     END 
 11:59:32.626         0.031          0.000                      89  PURGE     BEGN
 11:59:32.626         0.031          0.000          0.000       89  PURGE     END 
 11:59:32.626         0.031          0.000                    XSFA      BEGN
 11:59:32.627         0.031          0.000                    XSFA      END 
 11:59:32.627         0.031          0.000                      90  CASE      BEGN
 11:59:32.627         0.031          0.000          0.000       90  CASE      END 
 11:59:32.627         0.031          0.000                      91  MTRXIN    BEGN
 11:59:32.627         0.031          0.000          0.000       91  MTRXIN    END 
 11:59:32.627         0.031          0.000                      92  PURGE     BEGN
 11:59:32.627         0.031          0.000          0.000       92  PURGE     END 
 11:59:32.627         0.031          0.000                      93  PARAM     BEGN
 11:59:32.627         0.031          0.000          0.000       93  PARAM     END 
 11:59:32.627         0.031          0.000                      94  EQUIV     BEGN
 11:59:32.627         0.031          0.000          0.000       94  EQUIV     END 
 11:59:32.627         0.031          0.000                      95  GKAD      BEGN
 11:59:32.627         0.031          0.000          0.000       95  GKAD      END 
 11:59:32.627         0.031          0.000                    XSFA      BEGN
 11:59:32.627         0.031          0.000                    XSFA      END 
 11:59:32.627         0.031          0.000                      96  GKAM      BEGN
 11:59:32.627         0.031          0.000          0.000       96  GKAM      END 
 11:59:32.627         0.031          0.000                      97  COND      BEGN
 11:59:32.627         0.031          0.000          0.000       97  COND      END 
 11:59:32.628         0.031          0.000                      98  COND      BEGN
 11:59:32.628         0.031          0.000          0.000       98  COND      END 
 11:59:32.628         0.031          0.000                      99  FRRD      BEGN
 11:59:32.629         0.031          0.000                    MMA       BEGN
 11:59:32.629         0.031          0.000                    MMA1  0   BEGN
 11:59:32.631         0.031          0.000                    MMA1  0   END 
   METHOD USED = 10T   ACTUAL NUMBER OF PASSES =   1
 11:59:32.631         0.031          0.000                    MMA       END 
 11:59:32.632         0.031          0.000          0.000       99  FRRD      END 
 11:59:32.632         0.031          0.000                     100  EQUIV     BEGN
 11:59:32.632         0.031          0.000          0.000      100  EQUIV     END 
 11:59:32.632         0.031          0.000                     101  VDR       BEGN
 11:59:32.632         0.031          0.000          0.000      101  VDR       END 
 11:59:32.632         0.031          0.000                     102  COND      BEGN
 11:59:32.632         0.031          0.000          0.000      102  COND      END 
 11:59:32.632         0.031          0.000                     103  COND      BEGN
 11:59:32.632         0.031          0.000          0.000      103  COND      END 
 11:59:32.632         0.031          0.000                     104  SDR3      BEGN
 11:59:32.632         0.031          0.000          0.000      104  SDR3      END 
 11:59:32.632         0.031          0.000                     105  OFP       BEGN
 11:59:32.655         0.031          0.000          0.000      105  OFP       END 
 11:59:32.655         0.031          0.000                     106  XYTRAN    BEGN
 11:59:32.655         0.031          0.000          0.000      106  XYTRAN    END 
 11:59:32.655         0.031          0.000                     107  XYPLOT    BEGN
 11:59:32.655         0.031          0.000          0.000      107  XYPLOT    END 
 11:59:32.655         0.031          0.000                     108  JUMP      BEGN
 11:59:32.655         0.031          0.000          0.000      108  JUMP      END 
 11:59:32.655         0.031          0.000                     112  COND      BEGN
 11:59:32.655         0.031          0.000          0.000      112  COND      END 
 11:59:32.655         0.031          0.000                     113  PARAM     BEGN
 11:59:32.655         0.031          0.000          0.000      113  PARAM     END 
 11:59:32.655         0.031          0.000                     114  COND      BEGN
 11:59:32.655         0.031          0.000          0.000      114  COND      END 
 11:59:32.655         0.031          0.000                     115  DDR1      BEGN
 11:59:32.655         0.031          0.000                    MMA       BEGN
 11:59:32.655         0.031          0.000                    MMA1  0   BEGN
 11:59:32.656         0.031          0.000                    MMA1  0   END 
   METHOD USED = 10NT  ACTUAL NUMBER OF PASSES =   1
 11:59:32.656         0.031          0.000                    MMA       END 
 11:59:32.656         0.031          0.000          0.000      115  DDR1      END 
 11:59:32.656         0.031          0.000                     116  DDR2      BEGN
 11:59:32.657         0.031          0.000                    MMA       BEGN
 11:59:32.657         0.031          0.000                    MMA2  1   BEGN
 11:59:32.657         0.031          0.000                    MMA2  1   END 
   METHOD USED = 21NT  ACTUAL NUMBER OF PASSES =   1
 11:59:32.657         0.031          0.000                    MMA       END 
 11:59:32.657         0.031          0.000                    FBSI  BEGN
 11:59:32.658         0.031          0.000                    FBS2  BEGN
 11:59:32.658         0.031          0.000                    FBS2  END 
 11:59:32.658         0.031          0.000                    FBSI  END 
 11:59:32.658         0.031          0.000          0.000      116  DDR2      END 
 11:59:32.658         0.031          0.000                     117  EQUIV     BEGN
 11:59:32.658         0.031          0.000          0.000      117  EQUIV     END 
 11:59:32.658         0.031          0.000                     118  EQUIV     BEGN
 11:59:32.658         0.031          0.000          0.000      118  EQUIV     END 
 11:59:32.658         0.031          0.000                     119  COND      BEGN
 11:59:32.658         0.031          0.000          0.000      119  COND      END 
 11:59:32.658         0.031          0.000                    XSFA      BEGN
 11:59:32.658         0.031          0.000                    XSFA      END 
 11:59:32.658         0.031          0.000                     122  SDR2      BEGN
 11:59:32.659         0.031          0.000          0.000      122  SDR2      END 
 11:59:32.659         0.031          0.000                     123  COND      BEGN
 11:59:32.659         0.031          0.000          0.000      123  COND      END 
 11:59:32.659         0.031          0.000                     124  SDR3      BEGN
 11:59:32.659         0.031          0.000          0.000      124  SDR3      END 
 11:59:32.659         0.031          0.000                     125  JUMP      BEGN
 11:59:32.659         0.031          0.000          0.000      125  JUMP      END 
 11:59:32.659         0.031          0.000                     142  OFP       BEGN
 11:59:32.706         0.062          0.031          0.031      142  OFP       END 
 11:59:32.706         0.062          0.000                     143  XYTRAN    BEGN
 11:59:32.709         0.062          0.000          0.000      143  XYTRAN    END 
 11:59:32.709         0.062          0.000                     144  XYPLOT    BEGN
 11:59:32.731         0.062          0.000          0.000      144  XYPLOT    END 
 11:59:32.731         0.062          0.000                     145  COND      BEGN
 11:59:32.731         0.062          0.000          0.000      145  COND      END 
 11:59:32.731         0.062          0.000                     149  COND      BEGN
 11:59:32.731         0.062          0.000          0.000      149  COND      END 
 11:59:32.731         0.062          0.000                     161  JUMP      BEGN
 11:59:32.731         0.062          0.000          0.000      161  JUMP      END 
 11:59:32.731         0.062          0.000                     175  PURGE     BEGN
 11:59:32.731         0.062          0.000          0.000      175  PURGE     END 
 11:59:32.731         0.062          0.000                     176  EXIT      BEGN
1     STATISTICS ON IN-MEMORY DATA BASE AND DISK I/O USAGE

         LENGTH (IN WORDS) OF OPEN CORE ALLOCATED                   2000000
         LENGTH (IN WORDS) OF IN-MEMORY DATA BASE ALLOCATED        12000000
         NUMBER OF BLOCKS USED IN THE IN-MEMORY DATA BASE               261
         NUMBER OF BLOCKS ALLOCATED FOR THE IN-MEMORY DATA            11661
         PERCENTAGE OF IN-MEMORY DATA USED                                2%
         TOTAL BLOCKS WRITTEN TO DISK                              40000007
         BLOCK SIZE (IN WORDS)                                         1024
         NUMBER OF OPENS TO DISK FILES                                    8
         NUMBER OF CLOSES TO DISK FILES                                   8
         NUMBER OF WRITES TO DISK FILES                                  10
         NUMBER OF READS FROM DISK FILES                                 12
         MEMORY (IN WORDS) NOT USED BY IN-MEM. DATA BASE           11776200
