1*****************************************************************************
 *                                                                           *
 *       DATE 12/27/16       LOG OF 95 X86_64 Windows_NT NASTRAN JOB         *
 *                                                                           *
 *****************************************************************************

   WALL               TOTAL       INCREMENTAL      MODULE              MODULE/
   CLOCK               CPU            CPU            CPU             SUBROUTINE
   TIME              SECONDS        SECONDS        SECONDS             STATUS

 ------------------------------------------------------------------------------

 10:44:06.633         0.000          0.000                    SEM1  BEGN
 10:44:06.635         0.000          0.000                    GNFI
 10:44:06.635         0.000          0.000                    TTIO
 10:44:06.637         0.000          0.000                    TTLP
 10:44:06.637         0.000          0.000                    XCSA
 ID    D05021A,NASTRAN                                                   
 10:44:06.648         0.000          0.000                    IFP1
 TITLE    =  BUCKLING  OF  A TAPERED  COLUMN FIXED  AT THE  BASE         
 10:44:06.651         0.000          0.000                    XSOR
 10:44:06.655         0.000          0.000                    IFP   BEGN
 10:44:06.655         0.000          0.000                    IFP   END 
 10:44:06.655         0.000          0.000                    XGPI
 10:44:06.656         0.000          0.000                    BAND  IT  BEGN
 10:44:06.665         0.000          0.000                    BAND  IT  END 
 10:44:06.665         0.000          0.000                    SEM1  END 
 10:44:06.665         0.000          0.000                       4  PARAM     BEGN
 10:44:06.665         0.000          0.000          0.000        4  PARAM     END 
 10:44:06.665         0.000          0.000                    XSFA      BEGN
 10:44:06.666         0.000          0.000                    XSFA      END 
 10:44:06.666         0.000          0.000                       5  GP1       BEGN
 10:44:06.670         0.000          0.000          0.000        5  GP1       END 
 10:44:06.670         0.000          0.000                       6  ANISOP    BEGN
 10:44:06.670         0.000          0.000          0.000        6  ANISOP    END 
 10:44:06.670         0.000          0.000                       7  EQUIV     BEGN
 10:44:06.670         0.000          0.000          0.000        7  EQUIV     END 
 10:44:06.670         0.000          0.000                       8  PLTTRAN   BEGN
 10:44:06.670         0.000          0.000          0.000        8  PLTTRAN   END 
 10:44:06.670         0.000          0.000                       9  GP2       BEGN
 10:44:06.670         0.000          0.000          0.000        9  GP2       END 
 10:44:06.670         0.000          0.000                      10  PARAML    BEGN
 10:44:06.670         0.000          0.000          0.000       10  PARAML    END 
 10:44:06.670         0.000          0.000                      11  PURGE     BEGN
 10:44:06.670         0.000          0.000          0.000       11  PURGE     END 
 10:44:06.670         0.000          0.000                      12  COND      BEGN
 10:44:06.670         0.000          0.000          0.000       12  COND      END 
 10:44:06.670         0.000          0.000                      21  GP3       BEGN
 10:44:06.670         0.000          0.000          0.000       21  GP3       END 
 10:44:06.670         0.000          0.000                      22  PARAM     BEGN
 10:44:06.670         0.000          0.000          0.000       22  PARAM     END 
 10:44:06.670         0.000          0.000                      23  TA1       BEGN
 10:44:06.670         0.000          0.000          0.000       23  TA1       END 
 10:44:06.670         0.000          0.000                      24  EQUIV     BEGN
 10:44:06.670         0.000          0.000          0.000       24  EQUIV     END 
 10:44:06.670         0.000          0.000                      25  COND      BEGN
 10:44:06.670         0.000          0.000          0.000       25  COND      END 
 10:44:06.670         0.000          0.000                      26  PARAM     BEGN
 10:44:06.670         0.000          0.000          0.000       26  PARAM     END 
 10:44:06.670         0.000          0.000                      27  EMG       BEGN
 10:44:06.677         0.000          0.000          0.000       27  EMG       END 
 10:44:06.677         0.000          0.000                      28  PURGE     BEGN
 10:44:06.677         0.000          0.000          0.000       28  PURGE     END 
 10:44:06.677         0.000          0.000                      29  COND      BEGN
 10:44:06.677         0.000          0.000          0.000       29  COND      END 
 10:44:06.677         0.000          0.000                      30  EMA       BEGN
 10:44:06.677         0.000          0.000          0.000       30  EMA       END 
 10:44:06.677         0.000          0.000                      31  PURGE     BEGN
 10:44:06.677         0.000          0.000          0.000       31  PURGE     END 
 10:44:06.677         0.000          0.000                      33  COND      BEGN
 10:44:06.677         0.000          0.000          0.000       33  COND      END 
 10:44:06.677         0.000          0.000                      37  COND      BEGN
 10:44:06.678         0.000          0.000          0.000       37  COND      END 
 10:44:06.678         0.000          0.000                      42  EQUIV     BEGN
 10:44:06.678         0.000          0.000          0.000       42  EQUIV     END 
 10:44:06.678         0.000          0.000                      43  COND      BEGN
 10:44:06.678         0.000          0.000          0.000       43  COND      END 
 10:44:06.678         0.000          0.000                      46  GPSTGEN   BEGN
 10:44:06.678         0.000          0.000          0.000       46  GPSTGEN   END 
 10:44:06.678         0.000          0.000                      47  PARAM     BEGN
 10:44:06.678         0.000          0.000          0.000       47  PARAM     END 
 10:44:06.678         0.000          0.000                    XSFA      BEGN
 10:44:06.678         0.000          0.000                    XSFA      END 
 10:44:06.678         0.000          0.000                      48  GP4       BEGN
 10:44:06.678         0.000          0.000          0.000       48  GP4       END 
 10:44:06.678         0.000          0.000                      49  OFP       BEGN
 10:44:06.678         0.000          0.000          0.000       49  OFP       END 
 10:44:06.678         0.000          0.000                      50  COND      BEGN
 10:44:06.678         0.000          0.000          0.000       50  COND      END 
 10:44:06.678         0.000          0.000                      51  COND      BEGN
 10:44:06.678         0.000          0.000          0.000       51  COND      END 
 10:44:06.678         0.000          0.000                      54  PARAM     BEGN
 10:44:06.678         0.000          0.000          0.000       54  PARAM     END 
 10:44:06.678         0.000          0.000                      55  PURGE     BEGN
 10:44:06.678         0.000          0.000          0.000       55  PURGE     END 
 10:44:06.678         0.000          0.000                      56  EQUIV     BEGN
 10:44:06.678         0.000          0.000          0.000       56  EQUIV     END 
 10:44:06.678         0.000          0.000                      57  COND      BEGN
 10:44:06.678         0.000          0.000          0.000       57  COND      END 
 10:44:06.678         0.000          0.000                      61  EQUIV     BEGN
 10:44:06.678         0.000          0.000          0.000       61  EQUIV     END 
 10:44:06.678         0.000          0.000                      62  COND      BEGN
 10:44:06.678         0.000          0.000          0.000       62  COND      END 
 10:44:06.678         0.000          0.000                    XSFA      BEGN
 10:44:06.678         0.000          0.000                    XSFA      END 
 10:44:06.678         0.000          0.000                      63  SCE1      BEGN
 10:44:06.679         0.000          0.000          0.000       63  SCE1      END 
 10:44:06.679         0.000          0.000                      65  EQUIV     BEGN
 10:44:06.679         0.000          0.000          0.000       65  EQUIV     END 
 10:44:06.679         0.000          0.000                      66  COND      BEGN
 10:44:06.679         0.000          0.000          0.000       66  COND      END 
 10:44:06.679         0.000          0.000                    XSFA      BEGN
 10:44:06.679         0.000          0.000                    XSFA      END 
 10:44:06.679         0.000          0.000                      69  RBMG2     BEGN
 10:44:06.679         0.000          0.000                    SMCO  MP  BEGN          
 10:44:06.679         0.000          0.000                    SMCO  MP  END           
 10:44:06.679         0.000          0.000          0.000       69  RBMG2     END 
 10:44:06.679         0.000          0.000                      70  SSG1      BEGN
 10:44:06.683         0.000          0.000          0.000       70  SSG1      END 
 10:44:06.683         0.000          0.000                      71  EQUIV     BEGN
 10:44:06.683         0.000          0.000          0.000       71  EQUIV     END 
 10:44:06.683         0.000          0.000                      72  COND      BEGN
 10:44:06.683         0.000          0.000          0.000       72  COND      END 
 10:44:06.683         0.000          0.000                      73  SSG2      BEGN
 10:44:06.683         0.000          0.000                    MMA       BEGN
       MMA - NULL MATRIX PRODUCT
 10:44:06.683         0.000          0.000                    MMA       END 
 10:44:06.683         0.000          0.000          0.000       73  SSG2      END 
 10:44:06.683         0.000          0.000                      75  SSG3      BEGN
 10:44:06.683         0.000          0.000                    FBSI  BEGN
 10:44:06.683         0.000          0.000                    FBS2  BEGN
 10:44:06.684         0.000          0.000                    FBS2  END 
 10:44:06.684         0.000          0.000                    FBSI  END 
 10:44:06.684         0.000          0.000                    MMA       BEGN
 10:44:06.684         0.000          0.000                    MMA3  1   BEGN
 10:44:06.684         0.000          0.000                    MMA3  1   END 
   METHOD USED = 31NT  ACTUAL NUMBER OF PASSES =   1
 10:44:06.684         0.000          0.000                    MMA       END 
 10:44:06.684         0.000          0.000          0.000       75  SSG3      END 
 10:44:06.684         0.000          0.000                      76  COND      BEGN
 10:44:06.684         0.000          0.000          0.000       76  COND      END 
 10:44:06.684         0.000          0.000                      80  SDR1      BEGN
 10:44:06.684         0.000          0.000                    MMA       BEGN
 10:44:06.684         0.000          0.000                    MMA3  2   BEGN
 10:44:06.684         0.000          0.000                    MMA3  2   END 
   METHOD USED = 32T   ACTUAL NUMBER OF PASSES =   1
 10:44:06.684         0.000          0.000                    MMA       END 
 10:44:06.684         0.000          0.000          0.000       80  SDR1      END 
 10:44:06.684         0.000          0.000                      81  SDR2      BEGN
 10:44:06.685         0.000          0.000          0.000       81  SDR2      END 
 10:44:06.685         0.000          0.000                      82  OFP       BEGN
 10:44:06.699         0.016          0.000          0.016       82  OFP       END 
 10:44:06.699         0.016          0.000                      83  OFP       BEGN
 10:44:06.699         0.016          0.000          0.000       83  OFP       END 
 10:44:06.699         0.016          0.000                    XSFA      BEGN
 10:44:06.699         0.016          0.000                    XSFA      END 
 10:44:06.699         0.016          0.000                      84  SCAN      BEGN
 10:44:06.699         0.016          0.000          0.000       84  SCAN      END 
 10:44:06.699         0.016          0.000                      85  OFP       BEGN
 10:44:06.699         0.016          0.000          0.000       85  OFP       END 
 10:44:06.699         0.016          0.000                      86  COND      BEGN
 10:44:06.699         0.016          0.000          0.000       86  COND      END 
 10:44:06.699         0.016          0.000                      90  TA1       BEGN
 10:44:06.699         0.016          0.000          0.000       90  TA1       END 
 10:44:06.699         0.016          0.000                      91  DSMG1     BEGN
 10:44:06.721         0.016          0.000          0.000       91  DSMG1     END 
 10:44:06.721         0.016          0.000                      92  EQUIV     BEGN
 10:44:06.721         0.016          0.000          0.000       92  EQUIV     END 
 10:44:06.721         0.016          0.000                      93  COND      BEGN
 10:44:06.721         0.016          0.000          0.000       93  COND      END 
 10:44:06.721         0.016          0.000                      96  EQUIV     BEGN
 10:44:06.721         0.016          0.000          0.000       96  EQUIV     END 
 10:44:06.721         0.016          0.000                      97  COND      BEGN
 10:44:06.721         0.016          0.000          0.000       97  COND      END 
 10:44:06.721         0.016          0.000                      98  SCE1      BEGN
 10:44:06.721         0.016          0.000          0.000       98  SCE1      END 
 10:44:06.721         0.016          0.000                     100  EQUIV     BEGN
 10:44:06.721         0.016          0.000          0.000      100  EQUIV     END 
 10:44:06.721         0.016          0.000                     101  COND      BEGN
 10:44:06.721         0.016          0.000          0.000      101  COND      END 
 10:44:06.721         0.016          0.000                     104  ADD       BEGN
 10:44:06.721         0.016          0.000          0.000      104  ADD       END 
 10:44:06.721         0.016          0.000                    XSFA      BEGN
 10:44:06.721         0.016          0.000                    XSFA      END 
 10:44:06.721         0.016          0.000                     105  DPD       BEGN
 10:44:06.721         0.016          0.000          0.000      105  DPD       END 
 10:44:06.721         0.016          0.000                     106  COND      BEGN
 10:44:06.721         0.016          0.000          0.000      106  COND      END 
 10:44:06.721         0.016          0.000                     107  PARAM     BEGN
 10:44:06.721         0.016          0.000          0.000      107  PARAM     END 
 10:44:06.722         0.016          0.000                     108  READ      BEGN
 10:44:06.722         0.016          0.000                    SMCO  MP  BEGN          
 10:44:06.722         0.016          0.000                    SMCO  MP  END           
 10:44:06.722         0.016          0.000                    FBS2  BEGN
 10:44:06.722         0.016          0.000                    FBS2  END 
 10:44:06.722         0.016          0.000                    FBS2  BEGN
 10:44:06.722         0.016          0.000                    FBS2  END 
 10:44:06.722         0.016          0.000                    FBS2  BEGN
 10:44:06.722         0.016          0.000                    FBS2  END 
 10:44:06.722         0.016          0.000                    FBS2  BEGN
 10:44:06.722         0.016          0.000                    FBS2  END 
 10:44:06.722         0.016          0.000                    FBS2  BEGN
 10:44:06.722         0.016          0.000                    FBS2  END 
 10:44:06.722         0.016          0.000                    FBS2  BEGN
 10:44:06.722         0.016          0.000                    FBS2  END 
 10:44:06.722         0.016          0.000                    FBS2  BEGN
 10:44:06.722         0.016          0.000                    FBS2  END 
 10:44:06.722         0.016          0.000                    FBS2  BEGN
 10:44:06.722         0.016          0.000                    FBS2  END 
 10:44:06.722         0.016          0.000                    FBS2  BEGN
 10:44:06.723         0.016          0.000                    FBS2  END 
 10:44:06.723         0.016          0.000                    FBS2  BEGN
 10:44:06.723         0.016          0.000                    FBS2  END 
 10:44:06.723         0.016          0.000                    SMCO  MP  BEGN          
 10:44:06.723         0.016          0.000                    SMCO  MP  END           
 10:44:06.723         0.016          0.000                    FBS2  BEGN
 10:44:06.723         0.016          0.000                    FBS2  END 
 10:44:06.723         0.016          0.000                    FBS2  BEGN
 10:44:06.723         0.016          0.000                    FBS2  END 
 10:44:06.723         0.016          0.000          0.000      108  READ      END 
 10:44:06.723         0.016          0.000                     109  OFP       BEGN
 10:44:06.723         0.016          0.000          0.000      109  OFP       END 
 10:44:06.723         0.016          0.000                     110  COND      BEGN
 10:44:06.724         0.016          0.000          0.000      110  COND      END 
 10:44:06.724         0.016          0.000                     111  SDR1      BEGN
 10:44:06.724         0.016          0.000                    MMA       BEGN
 10:44:06.724         0.016          0.000                    MMA2  1   BEGN
 10:44:06.724         0.016          0.000                    MMA2  1   END 
   METHOD USED = 21T   ACTUAL NUMBER OF PASSES =   1
 10:44:06.724         0.016          0.000                    MMA       END 
 10:44:06.724         0.016          0.000          0.000      111  SDR1      END 
 10:44:06.724         0.016          0.000                     112  SDR2      BEGN
 10:44:06.724         0.016          0.000          0.000      112  SDR2      END 
 10:44:06.724         0.016          0.000                     113  OFP       BEGN
 10:44:06.735         0.016          0.000          0.000      113  OFP       END 
 10:44:06.735         0.016          0.000                     114  OFP       BEGN
 10:44:06.735         0.016          0.000          0.000      114  OFP       END 
 10:44:06.735         0.016          0.000                     115  COND      BEGN
 10:44:06.735         0.016          0.000          0.000      115  COND      END 
 10:44:06.735         0.016          0.000                     119  JUMP      BEGN
 10:44:06.735         0.016          0.000          0.000      119  JUMP      END 
 10:44:06.735         0.016          0.000                     133  PURGE     BEGN
 10:44:06.735         0.016          0.000          0.000      133  PURGE     END 
 10:44:06.735         0.016          0.000                     134  EXIT      BEGN
1     STATISTICS ON IN-MEMORY DATA BASE AND DISK I/O USAGE

         LENGTH (IN WORDS) OF OPEN CORE ALLOCATED                   2000000
         LENGTH (IN WORDS) OF IN-MEMORY DATA BASE ALLOCATED        12000000
         NUMBER OF BLOCKS USED IN THE IN-MEMORY DATA BASE                50
         NUMBER OF BLOCKS ALLOCATED FOR THE IN-MEMORY DATA            11661
         PERCENTAGE OF IN-MEMORY DATA USED                                0%
         TOTAL BLOCKS WRITTEN TO DISK                              20000003
         BLOCK SIZE (IN WORDS)                                         1024
         NUMBER OF OPENS TO DISK FILES                                    6
         NUMBER OF CLOSES TO DISK FILES                                   6
         NUMBER OF WRITES TO DISK FILES                                   5
         NUMBER OF READS FROM DISK FILES                                  6
         MEMORY (IN WORDS) NOT USED BY IN-MEM. DATA BASE           11994163
