1*****************************************************************************
 *                                                                           *
 *       DATE  3/31/16       LOG OF 95 X86_64 Windows_NT NASTRAN JOB         *
 *                                                                           *
 *****************************************************************************

   WALL               TOTAL       INCREMENTAL      MODULE              MODULE/
   CLOCK               CPU            CPU            CPU             SUBROUTINE
   TIME              SECONDS        SECONDS        SECONDS             STATUS

 ------------------------------------------------------------------------------

 22:13:54.195         0.000          0.000                    SEM1  BEGN
 22:13:54.206         0.000          0.000                    GNFI
 22:13:54.206         0.000          0.000                    TTIO
 22:13:54.209         0.000          0.000                    TTLP
 22:13:54.210         0.000          0.000                    XCSA
 ID    D01000A,PRINT RIGID FORMAT                                        
 22:13:54.227         0.000          0.000                    IFP1
 TITLE    = TESTING                                                      
 22:13:54.230         0.000          0.000                    XSOR
 22:13:54.230         0.000          0.000                    XGPI
1     STATISTICS ON IN-MEMORY DATA BASE AND DISK I/O USAGE

         LENGTH (IN WORDS) OF OPEN CORE ALLOCATED                   2000000
         LENGTH (IN WORDS) OF IN-MEMORY DATA BASE ALLOCATED        12000000
         NUMBER OF BLOCKS USED IN THE IN-MEMORY DATA BASE                46
         NUMBER OF BLOCKS ALLOCATED FOR THE IN-MEMORY DATA            11661
         PERCENTAGE OF IN-MEMORY DATA USED                                0%
         TOTAL BLOCKS WRITTEN TO DISK                                     2
         BLOCK SIZE (IN WORDS)                                         1024
         NUMBER OF OPENS TO DISK FILES                                    5
         NUMBER OF CLOSES TO DISK FILES                                   5
         NUMBER OF WRITES TO DISK FILES                                   4
         NUMBER OF READS FROM DISK FILES                                  4
         MEMORY (IN WORDS) NOT USED BY IN-MEM. DATA BASE           11998295
