1*****************************************************************************
 *                                                                           *
 *       DATE 12/27/16       LOG OF 95 X86_64 Windows_NT NASTRAN JOB         *
 *                                                                           *
 *****************************************************************************

   WALL               TOTAL       INCREMENTAL      MODULE              MODULE/
   CLOCK               CPU            CPU            CPU             SUBROUTINE
   TIME              SECONDS        SECONDS        SECONDS             STATUS

 ------------------------------------------------------------------------------

 11:09:56.119         0.000          0.000                    SEM1  BEGN
 11:09:56.120         0.000          0.000                    GNFI
 11:09:56.121         0.016          0.000                    TTIO
 11:09:56.123         0.016          0.000                    TTLP
 11:09:56.123         0.016          0.000                    XCSA
 ID    D09031A,NASTRAN                                                   
 11:09:56.143         0.016          0.000                    IFP1
 TITLE    = TRANSIENT ANALYSIS OF A FLUID-FILLED ELASTIC CYLINDER.       
 11:09:56.147         0.016          0.000                    XSOR
 11:09:56.155         0.016          0.000                    IFP   BEGN
 11:09:56.156         0.016          0.000                    IFP   END 
 11:09:56.156         0.016          0.000                    IFP4  BEGN
 11:09:56.156         0.016          0.000                    IFP4  END 
 11:09:56.156         0.016          0.000                    XGPI
 11:09:56.157         0.016          0.000                    SEM1  END 
 11:09:56.158         0.016          0.000                       4  PARAM     BEGN
 11:09:56.158         0.016          0.000          0.000        4  PARAM     END 
 11:09:56.158         0.016          0.000                    XSFA      BEGN
 11:09:56.158         0.016          0.000                    XSFA      END 
 11:09:56.158         0.016          0.000                       5  GP1       BEGN
 11:09:56.164         0.016          0.000          0.000        5  GP1       END 
 11:09:56.164         0.016          0.000                       6  ANISOP    BEGN
 11:09:56.164         0.016          0.000          0.000        6  ANISOP    END 
 11:09:56.164         0.016          0.000                       7  EQUIV     BEGN
 11:09:56.164         0.016          0.000          0.000        7  EQUIV     END 
 11:09:56.164         0.016          0.000                       8  PLTTRAN   BEGN
 11:09:56.164         0.016          0.000          0.000        8  PLTTRAN   END 
 11:09:56.164         0.016          0.000                       9  PURGE     BEGN
 11:09:56.164         0.016          0.000          0.000        9  PURGE     END 
 11:09:56.164         0.016          0.000                      10  COND      BEGN
 11:09:56.164         0.016          0.000          0.000       10  COND      END 
 11:09:56.164         0.016          0.000                      11  GP2       BEGN
 11:09:56.164         0.016          0.000          0.000       11  GP2       END 
 11:09:56.164         0.016          0.000                      12  PARAML    BEGN
 11:09:56.164         0.016          0.000          0.000       12  PARAML    END 
 11:09:56.164         0.016          0.000                      13  PURGE     BEGN
 11:09:56.164         0.016          0.000          0.000       13  PURGE     END 
 11:09:56.165         0.016          0.000                      14  COND      BEGN
 11:09:56.165         0.016          0.000          0.000       14  COND      END 
 11:09:56.165         0.016          0.000                      23  GP3       BEGN
 11:09:56.165         0.016          0.000          0.000       23  GP3       END 
 11:09:56.165         0.016          0.000                      24  TA1       BEGN
 11:09:56.165         0.016          0.000          0.000       24  TA1       END 
 11:09:56.165         0.016          0.000                      25  EQUIV     BEGN
 11:09:56.165         0.016          0.000          0.000       25  EQUIV     END 
 11:09:56.165         0.016          0.000                      26  PURGE     BEGN
 11:09:56.165         0.016          0.000          0.000       26  PURGE     END 
 11:09:56.165         0.016          0.000                      27  COND      BEGN
 11:09:56.165         0.016          0.000          0.000       27  COND      END 
 11:09:56.165         0.016          0.000                      28  PARAM     BEGN
 11:09:56.165         0.016          0.000          0.000       28  PARAM     END 
 11:09:56.165         0.016          0.000                      29  PARAM     BEGN
 11:09:56.165         0.016          0.000          0.000       29  PARAM     END 
 11:09:56.165         0.016          0.000                      30  PARAM     BEGN
 11:09:56.165         0.016          0.000          0.000       30  PARAM     END 
 11:09:56.166         0.016          0.000                      31  PARAM     BEGN
 11:09:56.166         0.016          0.000          0.000       31  PARAM     END 
 11:09:56.166         0.016          0.000                      32  EMG       BEGN
 11:09:56.178         0.016          0.000          0.000       32  EMG       END 
 11:09:56.178         0.016          0.000                      33  PURGE     BEGN
 11:09:56.178         0.016          0.000          0.000       33  PURGE     END 
 11:09:56.178         0.016          0.000                      34  COND      BEGN
 11:09:56.178         0.016          0.000          0.000       34  COND      END 
 11:09:56.178         0.016          0.000                      35  EMA       BEGN
 11:09:56.181         0.016          0.000          0.000       35  EMA       END 
 11:09:56.181         0.016          0.000                      37  COND      BEGN
 11:09:56.181         0.016          0.000          0.000       37  COND      END 
 11:09:56.181         0.016          0.000                      38  EMA       BEGN
 11:09:56.182         0.016          0.000          0.000       38  EMA       END 
 11:09:56.182         0.016          0.000                      39  PURGE     BEGN
 11:09:56.182         0.016          0.000          0.000       39  PURGE     END 
 11:09:56.182         0.016          0.000                      41  COND      BEGN
 11:09:56.182         0.016          0.000          0.000       41  COND      END 
 11:09:56.182         0.016          0.000                      45  COND      BEGN
 11:09:56.182         0.016          0.000          0.000       45  COND      END 
 11:09:56.182         0.016          0.000                      48  PURGE     BEGN
 11:09:56.182         0.016          0.000          0.000       48  PURGE     END 
 11:09:56.182         0.016          0.000                      49  PURGE     BEGN
 11:09:56.182         0.016          0.000          0.000       49  PURGE     END 
 11:09:56.182         0.016          0.000                      50  PURGE     BEGN
 11:09:56.182         0.016          0.000          0.000       50  PURGE     END 
 11:09:56.182         0.016          0.000                      51  COND      BEGN
 11:09:56.182         0.016          0.000          0.000       51  COND      END 
 11:09:56.182         0.016          0.000                      56  EQUIV     BEGN
 11:09:56.182         0.016          0.000          0.000       56  EQUIV     END 
 11:09:56.182         0.016          0.000                      57  COND      BEGN
 11:09:56.182         0.016          0.000          0.000       57  COND      END 
 11:09:56.182         0.016          0.000                      60  GPSTGEN   BEGN
 11:09:56.182         0.016          0.000          0.000       60  GPSTGEN   END 
 11:09:56.182         0.016          0.000                      61  PARAM     BEGN
 11:09:56.182         0.016          0.000          0.000       61  PARAM     END 
 11:09:56.182         0.016          0.000                    XSFA      BEGN
 11:09:56.183         0.031          0.016                    XSFA      END 
 11:09:56.183         0.031          0.000                      62  GP4       BEGN
 11:09:56.183         0.031          0.000          0.000       62  GP4       END 
 11:09:56.183         0.031          0.000                      63  OFP       BEGN
 11:09:56.183         0.031          0.000          0.000       63  OFP       END 
 11:09:56.183         0.031          0.000                      64  PURGE     BEGN
 11:09:56.183         0.031          0.000          0.000       64  PURGE     END 
 11:09:56.183         0.031          0.000                      65  EQUIV     BEGN
 11:09:56.183         0.031          0.000          0.000       65  EQUIV     END 
 11:09:56.183         0.031          0.000                      66  COND      BEGN
 11:09:56.183         0.031          0.000          0.000       66  COND      END 
 11:09:56.183         0.031          0.000                      67  MCE1      BEGN
 11:09:56.183         0.031          0.000          0.000       67  MCE1      END 
 11:09:56.183         0.031          0.000                      68  MCE2      BEGN
 11:09:56.185         0.031          0.000                    MMA       BEGN
       MMA - NULL MATRIX PRODUCT
 11:09:56.185         0.031          0.000                    MMA       END 
 11:09:56.185         0.031          0.000                    MMA       BEGN
       MMA - NULL MATRIX PRODUCT
 11:09:56.185         0.031          0.000                    MMA       END 
 11:09:56.186         0.031          0.000                    MMA       BEGN
       MMA - NULL MATRIX PRODUCT
 11:09:56.186         0.031          0.000                    MMA       END 
 11:09:56.186         0.031          0.000                    MMA       BEGN
       MMA - NULL MATRIX PRODUCT
 11:09:56.187         0.031          0.000                    MMA       END 
 11:09:56.187         0.031          0.000                    MMA       BEGN
       MMA - NULL MATRIX PRODUCT
 11:09:56.187         0.031          0.000                    MMA       END 
 11:09:56.187         0.031          0.000                    MMA       BEGN
       MMA - NULL MATRIX PRODUCT
 11:09:56.187         0.031          0.000                    MMA       END 
 11:09:56.187         0.031          0.000          0.000       68  MCE2      END 
 11:09:56.187         0.031          0.000                      70  EQUIV     BEGN
 11:09:56.187         0.031          0.000          0.000       70  EQUIV     END 
 11:09:56.187         0.031          0.000                      71  COND      BEGN
 11:09:56.187         0.031          0.000          0.000       71  COND      END 
 11:09:56.187         0.031          0.000                      72  SCE1      BEGN
 11:09:56.188         0.031          0.000          0.000       72  SCE1      END 
 11:09:56.188         0.031          0.000                      74  EQUIV     BEGN
 11:09:56.188         0.031          0.000          0.000       74  EQUIV     END 
 11:09:56.188         0.031          0.000                      75  EQUIV     BEGN
 11:09:56.188         0.031          0.000          0.000       75  EQUIV     END 
 11:09:56.188         0.031          0.000                      76  EQUIV     BEGN
 11:09:56.188         0.031          0.000          0.000       76  EQUIV     END 
 11:09:56.188         0.031          0.000                      77  EQUIV     BEGN
 11:09:56.188         0.031          0.000          0.000       77  EQUIV     END 
 11:09:56.188         0.031          0.000                      78  COND      BEGN
 11:09:56.188         0.031          0.000          0.000       78  COND      END 
 11:09:56.188         0.031          0.000                      89  DPD       BEGN
 11:09:56.189         0.031          0.000          0.000       89  DPD       END 
 11:09:56.189         0.031          0.000                      90  COND      BEGN
 11:09:56.189         0.031          0.000          0.000       90  COND      END 
 11:09:56.189         0.031          0.000                      91  PURGE     BEGN
 11:09:56.189         0.031          0.000          0.000       91  PURGE     END 
 11:09:56.189         0.031          0.000                      92  EQUIV     BEGN
 11:09:56.189         0.031          0.000          0.000       92  EQUIV     END 
 11:09:56.189         0.031          0.000                      93  BMG       BEGN
 11:09:56.189         0.031          0.000          0.000       93  BMG       END 
 11:09:56.189         0.031          0.000                      94  PARAM     BEGN
 11:09:56.189         0.031          0.000          0.000       94  PARAM     END 
 11:09:56.189         0.031          0.000                      95  PURGE     BEGN
 11:09:56.189         0.031          0.000          0.000       95  PURGE     END 
 11:09:56.189         0.031          0.000                      96  COND      BEGN
 11:09:56.189         0.031          0.000          0.000       96  COND      END 
 11:09:56.189         0.031          0.000                      97  MTRXIN    BEGN
 11:09:56.189         0.031          0.000          0.000       97  MTRXIN    END 
 11:09:56.189         0.031          0.000                      99  MTRXIN    BEGN
 11:09:56.189         0.031          0.000          0.000       99  MTRXIN    END 
 11:09:56.189         0.031          0.000                     100  PARAM     BEGN
 11:09:56.189         0.031          0.000          0.000      100  PARAM     END 
 11:09:56.189         0.031          0.000                     101  PARAM     BEGN
 11:09:56.189         0.031          0.000          0.000      101  PARAM     END 
 11:09:56.189         0.031          0.000                     102  EQUIV     BEGN
 11:09:56.189         0.031          0.000          0.000      102  EQUIV     END 
 11:09:56.189         0.031          0.000                     103  COND      BEGN
 11:09:56.189         0.031          0.000          0.000      103  COND      END 
 11:09:56.189         0.031          0.000                     104  ADD5      BEGN
 11:09:56.190         0.031          0.000          0.000      104  ADD5      END 
 11:09:56.190         0.031          0.000                     105  COND      BEGN
 11:09:56.190         0.031          0.000          0.000      105  COND      END 
 11:09:56.190         0.031          0.000                    XSFA      BEGN
 11:09:56.191         0.031          0.000                    XSFA      END 
 11:09:56.191         0.031          0.000                     106  TRNSP     BEGN
 11:09:56.195         0.031          0.000          0.000      106  TRNSP     END 
 11:09:56.195         0.031          0.000                     107  ADD       BEGN
 11:09:56.196         0.031          0.000          0.000      107  ADD       END 
 11:09:56.196         0.031          0.000                     109  PARAM     BEGN
 11:09:56.196         0.031          0.000          0.000      109  PARAM     END 
 11:09:56.196         0.031          0.000                     110  PARAM     BEGN
 11:09:56.196         0.031          0.000          0.000      110  PARAM     END 
 11:09:56.196         0.031          0.000                     111  PARAM     BEGN
 11:09:56.196         0.031          0.000          0.000      111  PARAM     END 
 11:09:56.196         0.031          0.000                     112  PURGE     BEGN
 11:09:56.196         0.031          0.000          0.000      112  PURGE     END 
 11:09:56.196         0.031          0.000                     113  EQUIV     BEGN
 11:09:56.196         0.031          0.000          0.000      113  EQUIV     END 
 11:09:56.196         0.031          0.000                     114  COND      BEGN
 11:09:56.196         0.031          0.000          0.000      114  COND      END 
 11:09:56.196         0.031          0.000                     115  GKAD      BEGN
 11:09:56.196         0.031          0.000                    MMA       BEGN
       MMA - NULL MATRIX PRODUCT
 11:09:56.196         0.031          0.000                    MMA       END 
 11:09:56.196         0.031          0.000                    MMA       BEGN
       MMA - NULL MATRIX PRODUCT
 11:09:56.197         0.031          0.000                    MMA       END 
 11:09:56.197         0.031          0.000                    MMA       BEGN
       MMA - NULL MATRIX PRODUCT
 11:09:56.197         0.031          0.000                    MMA       END 
 11:09:56.197         0.031          0.000                    MMA       BEGN
       MMA - NULL MATRIX PRODUCT
 11:09:56.197         0.031          0.000                    MMA       END 
 11:09:56.197         0.031          0.000                    MMA       BEGN
       MMA - NULL MATRIX PRODUCT
 11:09:56.197         0.031          0.000                    MMA       END 
 11:09:56.197         0.031          0.000                    MMA       BEGN
       MMA - NULL MATRIX PRODUCT
 11:09:56.197         0.031          0.000                    MMA       END 
 11:09:56.199         0.031          0.000          0.000      115  GKAD      END 
 11:09:56.199         0.031          0.000                     117  EQUIV     BEGN
 11:09:56.199         0.031          0.000          0.000      117  EQUIV     END 
 11:09:56.199         0.031          0.000                     118  PARAM     BEGN
 11:09:56.199         0.031          0.000          0.000      118  PARAM     END 
 11:09:56.199         0.031          0.000                     119  PARAM     BEGN
 11:09:56.199         0.031          0.000          0.000      119  PARAM     END 
 11:09:56.199         0.031          0.000                     121  PURGE     BEGN
 11:09:56.199         0.031          0.000          0.000      121  PURGE     END 
 11:09:56.199         0.031          0.000                     122  CASE      BEGN
 11:09:56.199         0.031          0.000          0.000      122  CASE      END 
 11:09:56.199         0.031          0.000                     123  PARAM     BEGN
 11:09:56.199         0.031          0.000          0.000      123  PARAM     END 
 11:09:56.199         0.031          0.000                     124  TRLG      BEGN
 11:09:56.200         0.031          0.000                    MMA       BEGN
       MMA - NULL MATRIX PRODUCT
 11:09:56.200         0.031          0.000                    MMA       END 
 11:09:56.200         0.031          0.000                    MMA       BEGN
 11:09:56.200         0.031          0.000                    MMA2  1   BEGN
 11:09:56.201         0.031          0.000                    MMA2  1   END 
   METHOD USED = 21NT  ACTUAL NUMBER OF PASSES =   1
 11:09:56.201         0.031          0.000                    MMA       END 
 11:09:56.201         0.031          0.000                    MMA       BEGN
 11:09:56.201         0.031          0.000                    MMA2  1   BEGN
 11:09:56.202         0.031          0.000                    MMA2  1   END 
   METHOD USED = 21NT  ACTUAL NUMBER OF PASSES =   1
 11:09:56.202         0.031          0.000                    MMA       END 
 11:09:56.202         0.031          0.000                    MMA       BEGN
 11:09:56.202         0.031          0.000                    MMA2  1   BEGN
 11:09:56.202         0.031          0.000                    MMA2  1   END 
   METHOD USED = 21NT  ACTUAL NUMBER OF PASSES =   1
 11:09:56.202         0.031          0.000                    MMA       END 
 11:09:56.202         0.031          0.000                    MMA       BEGN
 11:09:56.202         0.031          0.000                    MMA2  1   BEGN
 11:09:56.202         0.031          0.000                    MMA2  1   END 
   METHOD USED = 21NT  ACTUAL NUMBER OF PASSES =   1
 11:09:56.202         0.031          0.000                    MMA       END 
 11:09:56.202         0.031          0.000          0.000      124  TRLG      END 
 11:09:56.202         0.031          0.000                     125  EQUIV     BEGN
 11:09:56.202         0.031          0.000          0.000      125  EQUIV     END 
 11:09:56.202         0.031          0.000                    XSFA      BEGN
 11:09:56.202         0.031          0.000                    XSFA      END 
 11:09:56.202         0.031          0.000                     126  TRD       BEGN
 11:09:56.207         0.031          0.000                    DECO  MP  BEGN
 11:09:56.220         0.031          0.000                    DECO  MP  END 
 11:09:56.288         0.031          0.000          0.000      126  TRD       END 
 11:09:56.288         0.031          0.000                     127  VDR       BEGN
 11:09:56.288         0.031          0.000          0.000      127  VDR       END 
 11:09:56.288         0.031          0.000                     128  COND      BEGN
 11:09:56.288         0.031          0.000          0.000      128  COND      END 
 11:09:56.288         0.031          0.000                     134  PARAM     BEGN
 11:09:56.288         0.031          0.000          0.000      134  PARAM     END 
 11:09:56.288         0.031          0.000                     135  COND      BEGN
 11:09:56.288         0.031          0.000          0.000      135  COND      END 
 11:09:56.288         0.031          0.000                     136  EQUIV     BEGN
 11:09:56.288         0.031          0.000          0.000      136  EQUIV     END 
 11:09:56.288         0.031          0.000                     137  COND      BEGN
 11:09:56.288         0.031          0.000          0.000      137  COND      END 
 11:09:56.288         0.031          0.000                     138  SDR1      BEGN
 11:09:56.290         0.031          0.000                    MMA       BEGN
 11:09:56.290         0.031          0.000                    MMA2  1   BEGN
 11:09:56.290         0.031          0.000                    MMA2  1   END 
   METHOD USED = 21T   ACTUAL NUMBER OF PASSES =   1
 11:09:56.290         0.031          0.000                    MMA       END 
 11:09:56.292         0.031          0.000                    MMA       BEGN
 11:09:56.292         0.031          0.000                    MMA2  1   BEGN
 11:09:56.293         0.031          0.000                    MMA2  1   END 
   METHOD USED = 21NT  ACTUAL NUMBER OF PASSES =   1
 11:09:56.293         0.031          0.000                    MMA       END 
 11:09:56.297         0.031          0.000          0.000      138  SDR1      END 
 11:09:56.297         0.031          0.000                     140  SDR2      BEGN
 11:09:56.298         0.031          0.000          0.000      140  SDR2      END 
 11:09:56.298         0.031          0.000                     141  SDR3      BEGN
 11:09:56.298         0.031          0.000          0.000      141  SDR3      END 
 11:09:56.298         0.031          0.000                     142  OFP       BEGN
 11:09:56.396         0.109          0.078          0.078      142  OFP       END 
 11:09:56.396         0.109          0.000                     143  SCAN      BEGN
 11:09:56.396         0.109          0.000          0.000      143  SCAN      END 
 11:09:56.396         0.109          0.000                     144  OFP       BEGN
 11:09:56.396         0.109          0.000          0.000      144  OFP       END 
 11:09:56.396         0.109          0.000                     145  COND      BEGN
 11:09:56.396         0.109          0.000          0.000      145  COND      END 
 11:09:56.396         0.109          0.000                     149  XYTRAN    BEGN
 11:09:56.398         0.109          0.000          0.000      149  XYTRAN    END 
 11:09:56.398         0.109          0.000                     150  XYPLOT    BEGN
 11:09:56.419         0.109          0.000          0.000      150  XYPLOT    END 
 11:09:56.419         0.109          0.000                     155  JUMP      BEGN
 11:09:56.419         0.109          0.000          0.000      155  JUMP      END 
 11:09:56.419         0.109          0.000                     161  PURGE     BEGN
 11:09:56.419         0.109          0.000          0.000      161  PURGE     END 
 11:09:56.419         0.109          0.000                     162  EXIT      BEGN
1     STATISTICS ON IN-MEMORY DATA BASE AND DISK I/O USAGE

         LENGTH (IN WORDS) OF OPEN CORE ALLOCATED                   2000000
         LENGTH (IN WORDS) OF IN-MEMORY DATA BASE ALLOCATED        12000000
         NUMBER OF BLOCKS USED IN THE IN-MEMORY DATA BASE               387
         NUMBER OF BLOCKS ALLOCATED FOR THE IN-MEMORY DATA            11661
         PERCENTAGE OF IN-MEMORY DATA USED                                3%
         TOTAL BLOCKS WRITTEN TO DISK                              20000009
         BLOCK SIZE (IN WORDS)                                         1024
         NUMBER OF OPENS TO DISK FILES                                    6
         NUMBER OF CLOSES TO DISK FILES                                   6
         NUMBER OF WRITES TO DISK FILES                                  11
         NUMBER OF READS FROM DISK FILES                                 12
         MEMORY (IN WORDS) NOT USED BY IN-MEM. DATA BASE           11646042
