1*****************************************************************************
 *                                                                           *
 *       DATE 12/26/16       LOG OF 95 X86_64 Windows_NT NASTRAN JOB         *
 *                                                                           *
 *****************************************************************************

   WALL               TOTAL       INCREMENTAL      MODULE              MODULE/
   CLOCK               CPU            CPU            CPU             SUBROUTINE
   TIME              SECONDS        SECONDS        SECONDS             STATUS

 ------------------------------------------------------------------------------

 17:17:47.771         0.000          0.000                    SEM1  BEGN
 17:17:47.772         0.000          0.000                    GNFI
 17:17:47.773         0.000          0.000                    TTIO
 17:17:47.776         0.000          0.000                    TTLP
 17:17:47.776         0.000          0.000                    XCSA
 ID    D02034A,NASTRAN                                                   
 17:17:47.801         0.000          0.000                    ASDM  BEGN
 17:17:47.809         0.000          0.000                    ASDM  END 
 17:17:47.809         0.000          0.000                    IFP1
 TITLE    = TRUSS DYNAMIC ANALYSIS USING AUTOMATED MODAL SYNTHESIS       
 17:17:47.814         0.000          0.000                    XSOR
 17:17:47.818         0.000          0.000                    IFP   BEGN
 17:17:47.818         0.000          0.000                    IFP   END 
 17:17:47.818         0.000          0.000                    XGPI
 17:17:47.821         0.000          0.000                    SEM1  END 
 17:17:47.821         0.000          0.000                       4  PARAM     BEGN
 17:17:47.821         0.000          0.000          0.000        4  PARAM     END 
 17:17:47.821         0.000          0.000                       4  PARAM     BEGN
 17:17:47.821         0.000          0.000          0.000        4  PARAM     END 
 17:17:47.821         0.000          0.000                    XSFA      BEGN
 17:17:47.821         0.000          0.000                    XSFA      END 
 17:17:47.821         0.000          0.000                       4  SOFUT     BEGN
 17:17:47.848         0.000          0.000          0.000        4  SOFUT     END 
 17:17:47.848         0.000          0.000                       5  PARAM     BEGN
 17:17:47.848         0.000          0.000          0.000        5  PARAM     END 
 17:17:47.848         0.000          0.000                       5  SGEN      BEGN
 17:17:47.862         0.000          0.000          0.000        5  SGEN      END 
 17:17:47.862         0.000          0.000                       5  PURGE     BEGN
 17:17:47.862         0.000          0.000          0.000        5  PURGE     END 
 17:17:47.862         0.000          0.000                       5  EQUIV     BEGN
 17:17:47.862         0.000          0.000          0.000        5  EQUIV     END 
 17:17:47.862         0.000          0.000                       5  COND      BEGN
 17:17:47.862         0.000          0.000          0.000        5  COND      END 
 17:17:47.862         0.000          0.000                    XSFA      BEGN
 17:17:47.862         0.000          0.000                    XSFA      END 
 17:17:47.862         0.000          0.000                       6  ANISOP    BEGN
 17:17:47.862         0.000          0.000          0.000        6  ANISOP    END 
 17:17:47.862         0.000          0.000                       7  EQUIV     BEGN
 17:17:47.862         0.000          0.000          0.000        7  EQUIV     END 
 17:17:47.862         0.000          0.000                       8  PLTTRAN   BEGN
 17:17:47.862         0.000          0.000          0.000        8  PLTTRAN   END 
 17:17:47.862         0.000          0.000                       9  PURGE     BEGN
 17:17:47.862         0.000          0.000          0.000        9  PURGE     END 
 17:17:47.862         0.000          0.000                      10  COND      BEGN
 17:17:47.862         0.000          0.000          0.000       10  COND      END 
 17:17:47.862         0.000          0.000                      11  GP2       BEGN
 17:17:47.862         0.000          0.000          0.000       11  GP2       END 
 17:17:47.862         0.000          0.000                      23  GP3       BEGN
 17:17:47.862         0.000          0.000          0.000       23  GP3       END 
 17:17:47.862         0.000          0.000                      24  TA1       BEGN
 17:17:47.862         0.000          0.000          0.000       24  TA1       END 
 17:17:47.862         0.000          0.000                      25  EQUIV     BEGN
 17:17:47.862         0.000          0.000          0.000       25  EQUIV     END 
 17:17:47.862         0.000          0.000                      28  PARAM     BEGN
 17:17:47.862         0.000          0.000          0.000       28  PARAM     END 
 17:17:47.862         0.000          0.000                      29  PARAM     BEGN
 17:17:47.862         0.000          0.000          0.000       29  PARAM     END 
 17:17:47.862         0.000          0.000                      30  PARAM     BEGN
 17:17:47.862         0.000          0.000          0.000       30  PARAM     END 
 17:17:47.862         0.000          0.000                      31  PARAM     BEGN
 17:17:47.862         0.000          0.000          0.000       31  PARAM     END 
 17:17:47.862         0.000          0.000                      32  EMG       BEGN
 17:17:47.863         0.000          0.000          0.000       32  EMG       END 
 17:17:47.863         0.000          0.000                      33  PURGE     BEGN
 17:17:47.863         0.000          0.000          0.000       33  PURGE     END 
 17:17:47.863         0.000          0.000                      34  COND      BEGN
 17:17:47.863         0.000          0.000          0.000       34  COND      END 
 17:17:47.863         0.000          0.000                      37  COND      BEGN
 17:17:47.863         0.000          0.000          0.000       37  COND      END 
 17:17:47.863         0.000          0.000                      41  COND      BEGN
 17:17:47.863         0.000          0.000          0.000       41  COND      END 
 17:17:47.863         0.000          0.000                      45  COND      BEGN
 17:17:47.863         0.000          0.000          0.000       45  COND      END 
 17:17:47.863         0.000          0.000                      48  PURGE     BEGN
 17:17:47.863         0.000          0.000          0.000       48  PURGE     END 
 17:17:47.863         0.000          0.000                      60  SOFI      BEGN
 17:17:47.875         0.000          0.000          0.000       60  SOFI      END 
 17:17:47.875         0.000          0.000                      60  EQUIV     BEGN
 17:17:47.875         0.000          0.000          0.000       60  EQUIV     END 
 17:17:47.875         0.000          0.000                      60  COND      BEGN
 17:17:47.875         0.000          0.000          0.000       60  COND      END 
 17:17:47.875         0.000          0.000                      60  EQUIV     BEGN
 17:17:47.875         0.000          0.000          0.000       60  EQUIV     END 
 17:17:47.875         0.000          0.000                      60  COND      BEGN
 17:17:47.875         0.000          0.000          0.000       60  COND      END 
 17:17:47.875         0.000          0.000                      61  PARAM     BEGN
 17:17:47.875         0.000          0.000          0.000       61  PARAM     END 
 17:17:47.875         0.000          0.000                    XSFA      BEGN
 17:17:47.875         0.000          0.000                    XSFA      END 
 17:17:47.875         0.000          0.000                      62  GP4       BEGN
 17:17:47.875         0.000          0.000          0.000       62  GP4       END 
 17:17:47.875         0.000          0.000                      63  OFP       BEGN
 17:17:47.875         0.000          0.000          0.000       63  OFP       END 
 17:17:47.875         0.000          0.000                      64  PURGE     BEGN
 17:17:47.875         0.000          0.000          0.000       64  PURGE     END 
 17:17:47.875         0.000          0.000                      65  EQUIV     BEGN
 17:17:47.875         0.000          0.000          0.000       65  EQUIV     END 
 17:17:47.875         0.000          0.000                      66  COND      BEGN
 17:17:47.875         0.000          0.000          0.000       66  COND      END 
 17:17:47.875         0.000          0.000                      70  EQUIV     BEGN
 17:17:47.875         0.000          0.000          0.000       70  EQUIV     END 
 17:17:47.875         0.000          0.000                      71  COND      BEGN
 17:17:47.875         0.000          0.000          0.000       71  COND      END 
 17:17:47.875         0.000          0.000                      72  SCE1      BEGN
 17:17:47.876         0.000          0.000          0.000       72  SCE1      END 
 17:17:47.876         0.000          0.000                      74  EQUIV     BEGN
 17:17:47.876         0.000          0.000          0.000       74  EQUIV     END 
 17:17:47.876         0.000          0.000                      75  EQUIV     BEGN
 17:17:47.876         0.000          0.000          0.000       75  EQUIV     END 
 17:17:47.876         0.000          0.000                      76  EQUIV     BEGN
 17:17:47.876         0.000          0.000          0.000       76  EQUIV     END 
 17:17:47.876         0.000          0.000                      77  EQUIV     BEGN
 17:17:47.876         0.000          0.000          0.000       77  EQUIV     END 
 17:17:47.876         0.000          0.000                      78  COND      BEGN
 17:17:47.876         0.000          0.000          0.000       78  COND      END 
 17:17:47.876         0.000          0.000                      89  DPD       BEGN
 17:17:47.876         0.000          0.000          0.000       89  DPD       END 
 17:17:47.876         0.000          0.000                      90  COND      BEGN
 17:17:47.876         0.000          0.000          0.000       90  COND      END 
 17:17:47.876         0.000          0.000                      91  PURGE     BEGN
 17:17:47.876         0.000          0.000          0.000       91  PURGE     END 
 17:17:47.876         0.000          0.000                      92  EQUIV     BEGN
 17:17:47.876         0.000          0.000          0.000       92  EQUIV     END 
 17:17:47.876         0.000          0.000                      93  BMG       BEGN
 17:17:47.876         0.000          0.000          0.000       93  BMG       END 
 17:17:47.876         0.000          0.000                      94  PARAM     BEGN
 17:17:47.876         0.000          0.000          0.000       94  PARAM     END 
 17:17:47.876         0.000          0.000                      95  PURGE     BEGN
 17:17:47.876         0.000          0.000          0.000       95  PURGE     END 
 17:17:47.876         0.000          0.000                      96  COND      BEGN
 17:17:47.876         0.000          0.000          0.000       96  COND      END 
 17:17:47.876         0.000          0.000                    XSFA      BEGN
 17:17:47.876         0.000          0.000                    XSFA      END 
 17:17:47.876         0.000          0.000                      99  MTRXIN    BEGN
 17:17:47.876         0.000          0.000          0.000       99  MTRXIN    END 
 17:17:47.876         0.000          0.000                     100  PARAM     BEGN
 17:17:47.876         0.000          0.000          0.000      100  PARAM     END 
 17:17:47.876         0.000          0.000                     101  PARAM     BEGN
 17:17:47.876         0.000          0.000          0.000      101  PARAM     END 
 17:17:47.876         0.000          0.000                     102  EQUIV     BEGN
 17:17:47.876         0.000          0.000          0.000      102  EQUIV     END 
 17:17:47.876         0.000          0.000                     103  COND      BEGN
 17:17:47.876         0.000          0.000          0.000      103  COND      END 
 17:17:47.876         0.000          0.000                     109  PARAM     BEGN
 17:17:47.876         0.000          0.000          0.000      109  PARAM     END 
 17:17:47.876         0.000          0.000                     111  PARAM     BEGN
 17:17:47.876         0.000          0.000          0.000      111  PARAM     END 
 17:17:47.876         0.000          0.000                     111  PARAM     BEGN
 17:17:47.876         0.000          0.000          0.000      111  PARAM     END 
 17:17:47.876         0.000          0.000                     111  PARAM     BEGN
 17:17:47.876         0.000          0.000          0.000      111  PARAM     END 
 17:17:47.876         0.000          0.000                     112  PURGE     BEGN
 17:17:47.876         0.000          0.000          0.000      112  PURGE     END 
 17:17:47.876         0.000          0.000                     113  EQUIV     BEGN
 17:17:47.876         0.000          0.000          0.000      113  EQUIV     END 
 17:17:47.877         0.000          0.000                     114  COND      BEGN
 17:17:47.877         0.000          0.000          0.000      114  COND      END 
 17:17:47.877         0.000          0.000                     115  GKAD      BEGN
 17:17:47.877         0.000          0.000          0.000      115  GKAD      END 
 17:17:47.877         0.000          0.000                     117  EQUIV     BEGN
 17:17:47.877         0.000          0.000          0.000      117  EQUIV     END 
 17:17:47.877         0.000          0.000                     117  EQUIV     BEGN
 17:17:47.877         0.000          0.000          0.000      117  EQUIV     END 
 17:17:47.877         0.000          0.000                     117  EQUIV     BEGN
 17:17:47.877         0.000          0.000          0.000      117  EQUIV     END 
 17:17:47.877         0.000          0.000                     118  PARAM     BEGN
 17:17:47.877         0.000          0.000          0.000      118  PARAM     END 
 17:17:47.877         0.000          0.000                     119  PARAM     BEGN
 17:17:47.877         0.000          0.000          0.000      119  PARAM     END 
 17:17:47.877         0.000          0.000                     121  PURGE     BEGN
 17:17:47.877         0.000          0.000          0.000      121  PURGE     END 
 17:17:47.877         0.000          0.000                     122  CASE      BEGN
 17:17:47.877         0.000          0.000          0.000      122  CASE      END 
 17:17:47.877         0.000          0.000                     123  PARAM     BEGN
 17:17:47.877         0.000          0.000          0.000      123  PARAM     END 
 17:17:47.877         0.000          0.000                    XSFA      BEGN
 17:17:47.877         0.000          0.000                    XSFA      END 
 17:17:47.877         0.000          0.000                     124  TRLG      BEGN
 17:17:47.881         0.000          0.000                    MMA       BEGN
 17:17:47.881         0.000          0.000                    MMA1  0   BEGN
 17:17:47.881         0.000          0.000                    MMA1  0   END 
   METHOD USED = 10NT  ACTUAL NUMBER OF PASSES =   1
 17:17:47.881         0.000          0.000                    MMA       END 
 17:17:47.881         0.000          0.000                    MMA       BEGN
 17:17:47.881         0.000          0.000                    MMA1  0   BEGN
 17:17:47.881         0.000          0.000                    MMA1  0   END 
   METHOD USED = 10NT  ACTUAL NUMBER OF PASSES =   1
 17:17:47.881         0.000          0.000                    MMA       END 
 17:17:47.881         0.000          0.000                    MMA       BEGN
 17:17:47.881         0.000          0.000                    MMA1  0   BEGN
 17:17:47.881         0.000          0.000                    MMA1  0   END 
   METHOD USED = 10NT  ACTUAL NUMBER OF PASSES =   1
 17:17:47.881         0.000          0.000                    MMA       END 
 17:17:47.881         0.000          0.000                    MMA       BEGN
 17:17:47.881         0.000          0.000                    MMA1  0   BEGN
 17:17:47.881         0.000          0.000                    MMA1  0   END 
   METHOD USED = 10NT  ACTUAL NUMBER OF PASSES =   1
 17:17:47.881         0.000          0.000                    MMA       END 
 17:17:47.881         0.000          0.000          0.000      124  TRLG      END 
 17:17:47.881         0.000          0.000                     125  EQUIV     BEGN
 17:17:47.881         0.000          0.000          0.000      125  EQUIV     END 
 17:17:47.881         0.000          0.000                     126  TRD       BEGN
 17:17:47.881         0.000          0.000                    SMCO  MP  BEGN          
 17:17:47.881         0.000          0.000                    SMCO  MP  END           
 17:17:47.882         0.000          0.000                    FBS2  BEGN
 17:17:47.882         0.000          0.000                    FBS2  END 
 17:17:47.882         0.000          0.000                    FBS2  BEGN
 17:17:47.882         0.000          0.000                    FBS2  END 
 17:17:47.882         0.000          0.000                    FBS2  BEGN
 17:17:47.882         0.000          0.000                    FBS2  END 
 17:17:47.882         0.000          0.000                    FBS2  BEGN
 17:17:47.882         0.000          0.000                    FBS2  END 
 17:17:47.882         0.000          0.000                    FBS2  BEGN
 17:17:47.882         0.000          0.000                    FBS2  END 
 17:17:47.882         0.000          0.000                    FBS2  BEGN
 17:17:47.882         0.000          0.000                    FBS2  END 
 17:17:47.882         0.000          0.000                    FBS2  BEGN
 17:17:47.882         0.000          0.000                    FBS2  END 
 17:17:47.882         0.000          0.000                    FBS2  BEGN
 17:17:47.882         0.000          0.000                    FBS2  END 
 17:17:47.883         0.000          0.000                    FBS2  BEGN
 17:17:47.883         0.000          0.000                    FBS2  END 
 17:17:47.883         0.000          0.000                    FBS2  BEGN
 17:17:47.883         0.000          0.000                    FBS2  END 
 17:17:47.883         0.000          0.000                    FBS2  BEGN
 17:17:47.883         0.000          0.000                    FBS2  END 
 17:17:47.883         0.000          0.000                    FBS2  BEGN
 17:17:47.883         0.000          0.000                    FBS2  END 
 17:17:47.883         0.000          0.000                    FBS2  BEGN
 17:17:47.883         0.000          0.000                    FBS2  END 
 17:17:47.883         0.000          0.000                    FBS2  BEGN
 17:17:47.883         0.000          0.000                    FBS2  END 
 17:17:47.883         0.000          0.000                    FBS2  BEGN
 17:17:47.883         0.000          0.000                    FBS2  END 
 17:17:47.883         0.000          0.000                    FBS2  BEGN
 17:17:47.883         0.000          0.000                    FBS2  END 
 17:17:47.883         0.000          0.000                    FBS2  BEGN
 17:17:47.883         0.000          0.000                    FBS2  END 
 17:17:47.883         0.000          0.000                    FBS2  BEGN
 17:17:47.883         0.000          0.000                    FBS2  END 
 17:17:47.883         0.000          0.000                    FBS2  BEGN
 17:17:47.883         0.000          0.000                    FBS2  END 
 17:17:47.883         0.000          0.000                    FBS2  BEGN
 17:17:47.883         0.000          0.000                    FBS2  END 
 17:17:47.883         0.000          0.000                    FBS2  BEGN
 17:17:47.883         0.000          0.000                    FBS2  END 
 17:17:47.883         0.000          0.000                    FBS2  BEGN
 17:17:47.883         0.000          0.000                    FBS2  END 
 17:17:47.883         0.000          0.000                    FBS2  BEGN
 17:17:47.883         0.000          0.000                    FBS2  END 
 17:17:47.883         0.000          0.000                    FBS2  BEGN
 17:17:47.883         0.000          0.000                    FBS2  END 
 17:17:47.883         0.000          0.000                    FBS2  BEGN
 17:17:47.883         0.000          0.000                    FBS2  END 
 17:17:47.884         0.000          0.000                    FBS2  BEGN
 17:17:47.884         0.000          0.000                    FBS2  END 
 17:17:47.884         0.000          0.000                    FBS2  BEGN
 17:17:47.884         0.000          0.000                    FBS2  END 
 17:17:47.884         0.000          0.000                    FBS2  BEGN
 17:17:47.884         0.000          0.000                    FBS2  END 
 17:17:47.884         0.000          0.000                    FBS2  BEGN
 17:17:47.884         0.000          0.000                    FBS2  END 
 17:17:47.884         0.000          0.000                    FBS2  BEGN
 17:17:47.884         0.000          0.000                    FBS2  END 
 17:17:47.884         0.000          0.000                    FBS2  BEGN
 17:17:47.884         0.000          0.000                    FBS2  END 
 17:17:47.884         0.000          0.000                    FBS2  BEGN
 17:17:47.884         0.000          0.000                    FBS2  END 
 17:17:47.884         0.000          0.000                    FBS2  BEGN
 17:17:47.884         0.000          0.000                    FBS2  END 
 17:17:47.884         0.000          0.000                    FBS2  BEGN
 17:17:47.884         0.000          0.000                    FBS2  END 
 17:17:47.884         0.000          0.000                    FBS2  BEGN
 17:17:47.884         0.000          0.000                    FBS2  END 
 17:17:47.884         0.000          0.000                    FBS2  BEGN
 17:17:47.884         0.000          0.000                    FBS2  END 
 17:17:47.884         0.000          0.000                    FBS2  BEGN
 17:17:47.884         0.000          0.000                    FBS2  END 
 17:17:47.884         0.000          0.000                    FBS2  BEGN
 17:17:47.884         0.000          0.000                    FBS2  END 
 17:17:47.884         0.000          0.000                    FBS2  BEGN
 17:17:47.884         0.000          0.000                    FBS2  END 
 17:17:47.884         0.000          0.000                    FBS2  BEGN
 17:17:47.884         0.000          0.000                    FBS2  END 
 17:17:47.884         0.000          0.000                    FBS2  BEGN
 17:17:47.884         0.000          0.000                    FBS2  END 
 17:17:47.884         0.000          0.000          0.000      126  TRD       END 
 17:17:47.884         0.000          0.000                     127  VDR       BEGN
 17:17:47.885         0.000          0.000          0.000      127  VDR       END 
 17:17:47.885         0.000          0.000                     128  COND      BEGN
 17:17:47.885         0.000          0.000          0.000      128  COND      END 
 17:17:47.885         0.000          0.000                     129  SDR3      BEGN
 17:17:47.885         0.000          0.000          0.000      129  SDR3      END 
 17:17:47.885         0.000          0.000                     130  OFP       BEGN
 17:17:47.926         0.016          0.000          0.016      130  OFP       END 
 17:17:47.926         0.016          0.000                     131  XYTRAN    BEGN
 17:17:47.926         0.016          0.000          0.000      131  XYTRAN    END 
 17:17:47.926         0.016          0.000                     132  XYPLOT    BEGN
 17:17:47.926         0.016          0.000          0.000      132  XYPLOT    END 
 17:17:47.926         0.016          0.000                     134  PARAM     BEGN
 17:17:47.926         0.016          0.000          0.000      134  PARAM     END 
 17:17:47.926         0.016          0.000                     135  COND      BEGN
 17:17:47.926         0.016          0.000          0.000      135  COND      END 
 17:17:47.926         0.016          0.000                     150  EQUIV     BEGN
 17:17:47.926         0.016          0.000          0.000      150  EQUIV     END 
 17:17:47.926         0.016          0.000                     150  COND      BEGN
 17:17:47.926         0.016          0.000          0.000      150  COND      END 
 17:17:47.926         0.016          0.000                     150  SDR1      BEGN
 17:17:47.926         0.016          0.000          0.000      150  SDR1      END 
 17:17:47.926         0.016          0.000                     150  EQUIV     BEGN
 17:17:47.926         0.016          0.000          0.000      150  EQUIV     END 
 17:17:47.926         0.016          0.000                     150  COND      BEGN
 17:17:47.926         0.016          0.000          0.000      150  COND      END 
 17:17:47.926         0.016          0.000                     150  PARAM     BEGN
 17:17:47.926         0.016          0.000          0.000      150  PARAM     END 
 17:17:47.927         0.016          0.000                     150  RCOVR     BEGN
 17:17:47.955         0.016          0.000          0.000      150  RCOVR     END 
 17:17:47.955         0.016          0.000                     150  EQUIV     BEGN
 17:17:47.955         0.016          0.000          0.000      150  EQUIV     END 
 17:17:47.955         0.016          0.000                     150  EQUIV     BEGN
 17:17:47.955         0.016          0.000          0.000      150  EQUIV     END 
 17:17:47.955         0.016          0.000                     150  COND      BEGN
 17:17:47.955         0.016          0.000          0.000      150  COND      END 
 17:17:47.955         0.016          0.000                     150  OFP       BEGN
 17:17:48.083         0.094          0.078          0.078      150  OFP       END 
 17:17:48.083         0.094          0.000                     150  COND      BEGN
 17:17:48.083         0.094          0.000          0.000      150  COND      END 
 17:17:48.083         0.094          0.000                     150  REPT      BEGN
 17:17:48.083         0.094          0.000          0.000      150  REPT      END 
 17:17:48.083         0.094          0.000                    XSFA      BEGN
 17:17:48.084         0.094          0.000                    XSFA      END 
 17:17:48.084         0.094          0.000                     150  RCOVR     BEGN
 17:17:48.096         0.094          0.000                    MMA       BEGN
 17:17:48.096         0.094          0.000                    MMA2  1   BEGN
 17:17:48.096         0.094          0.000                    MMA2  1   END 
   METHOD USED = 21NT  ACTUAL NUMBER OF PASSES =   1
 17:17:48.096         0.094          0.000                    MMA       END 
 17:17:48.101         0.094          0.000                    MMA       BEGN
 17:17:48.101         0.094          0.000                    MMA2  1   BEGN
 17:17:48.101         0.094          0.000                    MMA2  1   END 
   METHOD USED = 21NT  ACTUAL NUMBER OF PASSES =   1
 17:17:48.101         0.094          0.000                    MMA       END 
 17:17:48.106         0.094          0.000                    MMA       BEGN
 17:17:48.106         0.094          0.000                    MMA2  1   BEGN
 17:17:48.106         0.094          0.000                    MMA2  1   END 
   METHOD USED = 21NT  ACTUAL NUMBER OF PASSES =   1
 17:17:48.106         0.094          0.000                    MMA       END 
 17:17:48.113         0.094          0.000                    SMCO  MP  BEGN          
 17:17:48.113         0.094          0.000                    SMCO  MP  END           
 17:17:48.113         0.094          0.000                    FBSI  BEGN
 17:17:48.113         0.094          0.000                    FBS2  BEGN
 17:17:48.113         0.094          0.000                    FBS2  END 
 17:17:48.113         0.094          0.000                    FBSI  END 
 17:17:48.124         0.094          0.000                    MMA       BEGN
 17:17:48.124         0.094          0.000                    MMA3  1   BEGN
 17:17:48.124         0.094          0.000                    MMA3  1   END 
   METHOD USED = 31NT  ACTUAL NUMBER OF PASSES =   1
 17:17:48.124         0.094          0.000                    MMA       END 
 17:17:48.131         0.094          0.000                    MMA       BEGN
 17:17:48.131         0.094          0.000                    MMA2  1   BEGN
 17:17:48.132         0.094          0.000                    MMA2  1   END 
   METHOD USED = 21NT  ACTUAL NUMBER OF PASSES =   1
 17:17:48.132         0.094          0.000                    MMA       END 
 17:17:48.144         0.094          0.000                    MMA       BEGN
 17:17:48.144         0.094          0.000                    MMA3  1   BEGN
 17:17:48.144         0.094          0.000                    MMA3  1   END 
   METHOD USED = 31NT  ACTUAL NUMBER OF PASSES =   1
 17:17:48.144         0.094          0.000                    MMA       END 
 17:17:48.149         0.094          0.000                    MMA       BEGN
 17:17:48.149         0.094          0.000                    MMA2  1   BEGN
 17:17:48.149         0.094          0.000                    MMA2  1   END 
   METHOD USED = 21NT  ACTUAL NUMBER OF PASSES =   1
 17:17:48.149         0.094          0.000                    MMA       END 
 17:17:48.154         0.094          0.000                    MMA       BEGN
 17:17:48.154         0.094          0.000                    MMA2  1   BEGN
 17:17:48.154         0.094          0.000                    MMA2  1   END 
   METHOD USED = 21NT  ACTUAL NUMBER OF PASSES =   1
 17:17:48.154         0.094          0.000                    MMA       END 
 17:17:48.163         0.094          0.000                    SMCO  MP  BEGN          
 17:17:48.163         0.094          0.000                    SMCO  MP  END           
 17:17:48.163         0.094          0.000                    FBSI  BEGN
 17:17:48.163         0.094          0.000                    FBS2  BEGN
 17:17:48.163         0.094          0.000                    FBS2  END 
 17:17:48.163         0.094          0.000                    FBSI  END 
 17:17:48.176         0.094          0.000                    MMA       BEGN
 17:17:48.176         0.094          0.000                    MMA3  1   BEGN
 17:17:48.176         0.094          0.000                    MMA3  1   END 
   METHOD USED = 31NT  ACTUAL NUMBER OF PASSES =   1
 17:17:48.176         0.094          0.000                    MMA       END 
 17:17:48.185         0.094          0.000                    MMA       BEGN
 17:17:48.185         0.094          0.000                    MMA2  1   BEGN
 17:17:48.185         0.094          0.000                    MMA2  1   END 
   METHOD USED = 21NT  ACTUAL NUMBER OF PASSES =   1
 17:17:48.185         0.094          0.000                    MMA       END 
 17:17:48.197         0.094          0.000                    MMA       BEGN
 17:17:48.197         0.094          0.000                    MMA3  1   BEGN
 17:17:48.197         0.094          0.000                    MMA3  1   END 
   METHOD USED = 31NT  ACTUAL NUMBER OF PASSES =   1
 17:17:48.197         0.094          0.000                    MMA       END 
 17:17:48.201         0.094          0.000                    MMA       BEGN
 17:17:48.201         0.094          0.000                    MMA3  1   BEGN
 17:17:48.201         0.094          0.000                    MMA3  1   END 
   METHOD USED = 31NT  ACTUAL NUMBER OF PASSES =   1
 17:17:48.201         0.094          0.000                    MMA       END 
 17:17:48.208         0.094          0.000          0.000      150  RCOVR     END 
 17:17:48.208         0.094          0.000                     150  EQUIV     BEGN
 17:17:48.208         0.094          0.000          0.000      150  EQUIV     END 
 17:17:48.208         0.094          0.000                     150  EQUIV     BEGN
 17:17:48.208         0.094          0.000          0.000      150  EQUIV     END 
 17:17:48.208         0.094          0.000                     150  COND      BEGN
 17:17:48.208         0.094          0.000          0.000      150  COND      END 
 17:17:48.208         0.094          0.000                     150  OFP       BEGN
 17:17:48.308         0.125          0.031          0.031      150  OFP       END 
 17:17:48.308         0.125          0.000                     150  COND      BEGN
 17:17:48.308         0.125          0.000          0.000      150  COND      END 
 17:17:48.308         0.125          0.000                     150  REPT      BEGN
 17:17:48.308         0.125          0.000          0.000      150  REPT      END 
 17:17:48.308         0.125          0.000                    XSFA      BEGN
 17:17:48.308         0.125          0.000                    XSFA      END 
 17:17:48.308         0.125          0.000                     150  RCOVR     BEGN
 17:17:48.321         0.125          0.000                    MMA       BEGN
 17:17:48.321         0.125          0.000                    MMA2  1   BEGN
 17:17:48.321         0.125          0.000                    MMA2  1   END 
   METHOD USED = 21NT  ACTUAL NUMBER OF PASSES =   1
 17:17:48.321         0.125          0.000                    MMA       END 
 17:17:48.326         0.125          0.000          0.000      150  RCOVR     END 
 17:17:48.326         0.125          0.000                     150  EQUIV     BEGN
 17:17:48.326         0.125          0.000          0.000      150  EQUIV     END 
 17:17:48.326         0.125          0.000                     150  EQUIV     BEGN
 17:17:48.327         0.125          0.000          0.000      150  EQUIV     END 
 17:17:48.327         0.125          0.000                     150  COND      BEGN
 17:17:48.327         0.125          0.000          0.000      150  COND      END 
 17:17:48.327         0.125          0.000                     150  OFP       BEGN
 17:17:48.445         0.203          0.078          0.078      150  OFP       END 
 17:17:48.445         0.203          0.000                     150  COND      BEGN
 17:17:48.445         0.203          0.000          0.000      150  COND      END 
 17:17:48.445         0.203          0.000                     150  REPT      BEGN
 17:17:48.445         0.203          0.000          0.000      150  REPT      END 
 17:17:48.445         0.203          0.000                    XSFA      BEGN
 17:17:48.445         0.203          0.000                    XSFA      END 
 17:17:48.445         0.203          0.000                     150  RCOVR     BEGN
 17:17:48.458         0.203          0.000                    MMA       BEGN
 17:17:48.458         0.203          0.000                    MMA2  1   BEGN
 17:17:48.459         0.203          0.000                    MMA2  1   END 
   METHOD USED = 21NT  ACTUAL NUMBER OF PASSES =   1
 17:17:48.459         0.203          0.000                    MMA       END 
 17:17:48.507         0.203          0.000                    MMA       BEGN
 17:17:48.507         0.203          0.000                    MMA2  1   BEGN
 17:17:48.507         0.203          0.000                    MMA2  1   END 
   METHOD USED = 21NT  ACTUAL NUMBER OF PASSES =   1
 17:17:48.507         0.203          0.000                    MMA       END 
 17:17:48.554         0.203          0.000                    MMA       BEGN
 17:17:48.554         0.203          0.000                    MMA2  1   BEGN
 17:17:48.554         0.203          0.000                    MMA2  1   END 
   METHOD USED = 21NT  ACTUAL NUMBER OF PASSES =   1
 17:17:48.554         0.203          0.000                    MMA       END 
 17:17:48.648         0.203          0.000                    SMCO  MP  BEGN          
 17:17:48.648         0.203          0.000                    SMCO  MP  END           
 17:17:48.648         0.203          0.000                    FBSI  BEGN
 17:17:48.648         0.203          0.000                    FBS2  BEGN
 17:17:48.648         0.203          0.000                    FBS2  END 
 17:17:48.648         0.203          0.000                    FBSI  END 
 17:17:48.791         0.203          0.000                    MMA       BEGN
 17:17:48.791         0.203          0.000                    MMA2  1   BEGN
 17:17:48.791         0.203          0.000                    MMA2  1   END 
   METHOD USED = 21NT  ACTUAL NUMBER OF PASSES =   1
 17:17:48.791         0.203          0.000                    MMA       END 
 17:17:48.811         0.203          0.000                    MMA       BEGN
 17:17:48.811         0.203          0.000                    MMA2  1   BEGN
 17:17:48.811         0.203          0.000                    MMA2  1   END 
   METHOD USED = 21NT  ACTUAL NUMBER OF PASSES =   1
 17:17:48.811         0.203          0.000                    MMA       END 
 17:17:48.816         0.203          0.000                    MMA       BEGN
 17:17:48.816         0.203          0.000                    MMA2  1   BEGN
 17:17:48.816         0.203          0.000                    MMA2  1   END 
   METHOD USED = 21NT  ACTUAL NUMBER OF PASSES =   1
 17:17:48.816         0.203          0.000                    MMA       END 
 17:17:48.824         0.203          0.000          0.000      150  RCOVR     END 
 17:17:48.824         0.203          0.000                     150  EQUIV     BEGN
 17:17:48.824         0.203          0.000          0.000      150  EQUIV     END 
 17:17:48.824         0.203          0.000                     150  EQUIV     BEGN
 17:17:48.824         0.203          0.000          0.000      150  EQUIV     END 
 17:17:48.824         0.203          0.000                     150  COND      BEGN
 17:17:48.824         0.203          0.000          0.000      150  COND      END 
 17:17:48.824         0.203          0.000                     150  OFP       BEGN
 17:17:48.903         0.250          0.047          0.047      150  OFP       END 
 17:17:48.903         0.250          0.000                     150  COND      BEGN
 17:17:48.903         0.250          0.000          0.000      150  COND      END 
 17:17:48.903         0.250          0.000                     150  REPT      BEGN
 17:17:48.903         0.250          0.000          0.000      150  REPT      END 
 17:17:48.903         0.250          0.000                    XSFA      BEGN
 17:17:48.903         0.250          0.000                    XSFA      END 
 17:17:48.903         0.250          0.000                     150  RCOVR     BEGN
 17:17:48.923         0.250          0.000          0.000      150  RCOVR     END 
 17:17:48.923         0.250          0.000                     150  EQUIV     BEGN
 17:17:48.923         0.250          0.000          0.000      150  EQUIV     END 
 17:17:48.923         0.250          0.000                     150  EQUIV     BEGN
 17:17:48.923         0.250          0.000          0.000      150  EQUIV     END 
 17:17:48.923         0.250          0.000                     150  COND      BEGN
 17:17:48.923         0.250          0.000          0.000      150  COND      END 
 17:17:48.923         0.250          0.000                     150  OFP       BEGN
 17:17:48.970         0.297          0.047          0.047      150  OFP       END 
 17:17:48.970         0.297          0.000                     150  COND      BEGN
 17:17:48.970         0.297          0.000          0.000      150  COND      END 
 17:17:48.970         0.297          0.000                     150  SOFO      BEGN
 17:17:48.970         0.297          0.000          0.000      150  SOFO      END 
 17:17:48.970         0.297          0.000                     150  SOFUT     BEGN
 17:17:48.975         0.297          0.000          0.000      150  SOFUT     END 
 17:17:48.975         0.297          0.000                     150  JUMP      BEGN
 17:17:48.975         0.297          0.000          0.000      150  JUMP      END 
 17:17:48.975         0.297          0.000                     161  PURGE     BEGN
 17:17:48.975         0.297          0.000          0.000      161  PURGE     END 
 17:17:48.975         0.297          0.000                     162  EXIT      BEGN
1     STATISTICS ON IN-MEMORY DATA BASE AND DISK I/O USAGE

         LENGTH (IN WORDS) OF OPEN CORE ALLOCATED                   2000000
         LENGTH (IN WORDS) OF IN-MEMORY DATA BASE ALLOCATED        12000000
         NUMBER OF BLOCKS USED IN THE IN-MEMORY DATA BASE               131
         NUMBER OF BLOCKS ALLOCATED FOR THE IN-MEMORY DATA            11661
         PERCENTAGE OF IN-MEMORY DATA USED                                1%
         TOTAL BLOCKS WRITTEN TO DISK                              40000003
         BLOCK SIZE (IN WORDS)                                         1024
         NUMBER OF OPENS TO DISK FILES                                   71
         NUMBER OF CLOSES TO DISK FILES                                  71
         NUMBER OF WRITES TO DISK FILES                                 137
         NUMBER OF READS FROM DISK FILES                               1118
         MEMORY (IN WORDS) NOT USED BY IN-MEM. DATA BASE           11910490
