1*****************************************************************************
 *                                                                           *
 *       DATE  9/13/16       LOG OF 95 X86_64 Windows_NT NASTRAN JOB         *
 *                                                                           *
 *****************************************************************************

   WALL               TOTAL       INCREMENTAL      MODULE              MODULE/
   CLOCK               CPU            CPU            CPU             SUBROUTINE
   TIME              SECONDS        SECONDS        SECONDS             STATUS

 ------------------------------------------------------------------------------

 07:23:00.803         0.016          0.000                    SEM1  BEGN
 07:23:00.826         0.016          0.000                    GNFI
 07:23:00.826         0.016          0.000                    TTIO
 07:23:00.833         0.031          0.016                    TTLP
 07:23:00.834         0.031          0.000                    XCSA
 ID    D01012A,NASTRAN                                                   
 07:23:00.896         0.031          0.000                    IFP1
 TITLE    = STATIC ANALYSIS OF A DELTA WING WITH BICONVEX CROSS SECTION  
 07:23:00.910         0.031          0.000                    XSOR
 07:23:00.931         0.031          0.000                    IFP   BEGN
 07:23:00.942         0.031          0.000                    IFP   END 
 07:23:00.942         0.031          0.000                    XGPI
 07:23:00.956         0.031          0.000                    BAND  IT  BEGN
 07:23:00.996         0.031          0.000                    BAND  IT  END 
 07:23:00.996         0.031          0.000                    SEM1  END 
 07:23:00.998         0.031          0.000                       4  SETVAL    BEGN
 07:23:00.998         0.031          0.000          0.000        4  SETVAL    END 
 07:23:00.998         0.031          0.000                       5  PARAM     BEGN
 07:23:00.998         0.031          0.000          0.000        5  PARAM     END 
 07:23:01.000         0.031          0.000                    XSFA      BEGN
 07:23:01.003         0.031          0.000                    XSFA      END 
 07:23:01.003         0.031          0.000                      11  GP1       BEGN
 07:23:01.019         0.031          0.000          0.000       11  GP1       END 
 07:23:01.020         0.031          0.000                      12  ANISOP    BEGN
 07:23:01.021         0.031          0.000          0.000       12  ANISOP    END 
 07:23:01.021         0.031          0.000                      13  EQUIV     BEGN
 07:23:01.021         0.031          0.000          0.000       13  EQUIV     END 
 07:23:01.021         0.031          0.000                      14  PLTTRAN   BEGN
 07:23:01.022         0.031          0.000          0.000       14  PLTTRAN   END 
 07:23:01.022         0.031          0.000                      15  GP2       BEGN
 07:23:01.023         0.031          0.000          0.000       15  GP2       END 
 07:23:01.023         0.031          0.000                      16  PARAML    BEGN
 07:23:01.024         0.031          0.000          0.000       16  PARAML    END 
 07:23:01.024         0.031          0.000                      17  PURGE     BEGN
 07:23:01.024         0.031          0.000          0.000       17  PURGE     END 
 07:23:01.024         0.031          0.000                      18  COND      BEGN
 07:23:01.024         0.031          0.000          0.000       18  COND      END 
 07:23:01.025         0.031          0.000                      27  GP3       BEGN
 07:23:01.027         0.031          0.000          0.000       27  GP3       END 
 07:23:01.027         0.031          0.000                      28  PARAM     BEGN
 07:23:01.027         0.031          0.000          0.000       28  PARAM     END 
 07:23:01.027         0.031          0.000                      29  TA1       BEGN
 07:23:01.030         0.031          0.000          0.000       29  TA1       END 
 07:23:01.030         0.031          0.000                      30  EQUIV     BEGN
 07:23:01.030         0.031          0.000          0.000       30  EQUIV     END 
 07:23:01.030         0.031          0.000                      31  PARAM     BEGN
 07:23:01.030         0.031          0.000          0.000       31  PARAM     END 
 07:23:01.030         0.031          0.000                      32  COND      BEGN
 07:23:01.030         0.031          0.000          0.000       32  COND      END 
 07:23:01.030         0.031          0.000                      33  PURGE     BEGN
 07:23:01.031         0.031          0.000          0.000       33  PURGE     END 
 07:23:01.031         0.031          0.000                      34  OPTPR1    BEGN
 07:23:01.031         0.031          0.000          0.000       34  OPTPR1    END 
 07:23:01.031         0.031          0.000                      36  COND      BEGN
 07:23:01.031         0.031          0.000          0.000       36  COND      END 
 07:23:01.031         0.031          0.000                      37  PARAM     BEGN
 07:23:01.031         0.031          0.000          0.000       37  PARAM     END 
 07:23:01.032         0.031          0.000                      38  EQUIV     BEGN
 07:23:01.032         0.031          0.000          0.000       38  EQUIV     END 
 07:23:01.032         0.031          0.000                      39  EMG       BEGN
 07:23:01.055         0.031          0.000          0.000       39  EMG       END 
 07:23:01.055         0.031          0.000                      40  COND      BEGN
 07:23:01.055         0.031          0.000          0.000       40  COND      END 
 07:23:01.055         0.031          0.000                      41  EMA       BEGN
 07:23:01.059         0.031          0.000          0.000       41  EMA       END 
 07:23:01.059         0.031          0.000                      43  PURGE     BEGN
 07:23:01.059         0.031          0.000          0.000       43  PURGE     END 
 07:23:01.059         0.031          0.000                      44  COND      BEGN
 07:23:01.059         0.031          0.000          0.000       44  COND      END 
 07:23:01.059         0.031          0.000                      48  COND      BEGN
 07:23:01.059         0.031          0.000          0.000       48  COND      END 
 07:23:01.059         0.031          0.000                      53  EQUIV     BEGN
 07:23:01.059         0.031          0.000          0.000       53  EQUIV     END 
 07:23:01.059         0.031          0.000                      54  COND      BEGN
 07:23:01.059         0.031          0.000          0.000       54  COND      END 
 07:23:01.060         0.031          0.000                    XSFA      BEGN
 07:23:01.060         0.031          0.000                    XSFA      END 
 07:23:01.060         0.031          0.000                      57  GPSTGEN   BEGN
 07:23:01.061         0.031          0.000          0.000       57  GPSTGEN   END 
 07:23:01.061         0.031          0.000                      58  PARAM     BEGN
 07:23:01.061         0.031          0.000          0.000       58  PARAM     END 
 07:23:01.061         0.031          0.000                      60  GP4       BEGN
 07:23:01.063         0.031          0.000          0.000       60  GP4       END 
 07:23:01.063         0.031          0.000                      61  OFP       BEGN
 07:23:01.064         0.031          0.000          0.000       61  OFP       END 
 07:23:01.064         0.031          0.000                      62  COND      BEGN
 07:23:01.064         0.031          0.000          0.000       62  COND      END 
 07:23:01.064         0.031          0.000                      63  PARAM     BEGN
 07:23:01.064         0.031          0.000          0.000       63  PARAM     END 
 07:23:01.064         0.031          0.000                      64  PURGE     BEGN
 07:23:01.064         0.031          0.000          0.000       64  PURGE     END 
 07:23:01.064         0.031          0.000                      65  EQUIV     BEGN
 07:23:01.064         0.031          0.000          0.000       65  EQUIV     END 
 07:23:01.065         0.031          0.000                      66  COND      BEGN
 07:23:01.065         0.031          0.000          0.000       66  COND      END 
 07:23:01.065         0.031          0.000                      70  EQUIV     BEGN
 07:23:01.065         0.031          0.000          0.000       70  EQUIV     END 
 07:23:01.065         0.031          0.000                      71  COND      BEGN
 07:23:01.065         0.031          0.000          0.000       71  COND      END 
 07:23:01.065         0.031          0.000                      72  SCE1      BEGN
 07:23:01.068         0.031          0.000          0.000       72  SCE1      END 
 07:23:01.068         0.031          0.000                      74  EQUIV     BEGN
 07:23:01.068         0.031          0.000          0.000       74  EQUIV     END 
 07:23:01.068         0.031          0.000                      75  COND      BEGN
 07:23:01.068         0.031          0.000          0.000       75  COND      END 
 07:23:01.069         0.031          0.000                      78  EQUIV     BEGN
 07:23:01.069         0.031          0.000          0.000       78  EQUIV     END 
 07:23:01.069         0.031          0.000                      79  COND      BEGN
 07:23:01.069         0.031          0.000          0.000       79  COND      END 
 07:23:01.069         0.031          0.000                      82  RBMG2     BEGN
 07:23:01.069         0.031          0.000                    SMCO  MP  BEGN          
 07:23:01.072         0.031          0.000                    SMCO  MP  END           
 07:23:01.072         0.031          0.000          0.000       82  RBMG2     END 
 07:23:01.072         0.031          0.000                      83  COND      BEGN
 07:23:01.072         0.031          0.000          0.000       83  COND      END 
 07:23:01.072         0.031          0.000                      86  SSG1      BEGN
 07:23:01.088         0.031          0.000          0.000       86  SSG1      END 
 07:23:01.088         0.031          0.000                      87  EQUIV     BEGN
 07:23:01.088         0.031          0.000          0.000       87  EQUIV     END 
 07:23:01.088         0.031          0.000                      88  COND      BEGN
 07:23:01.088         0.031          0.000          0.000       88  COND      END 
 07:23:01.088         0.031          0.000                      89  SSG2      BEGN
 07:23:01.089         0.031          0.000                    MMA       BEGN
       MMA - NULL MATRIX PRODUCT
 07:23:01.090         0.031          0.000                    MMA       END 
 07:23:01.090         0.031          0.000          0.000       89  SSG2      END 
 07:23:01.090         0.031          0.000                      91  SSG3      BEGN
 07:23:01.092         0.031          0.000                    FBSI  BEGN
 07:23:01.092         0.031          0.000                    FBS2  BEGN
 07:23:01.092         0.031          0.000                    FBS2  END 
 07:23:01.092         0.031          0.000                    FBSI  END 
 07:23:01.092         0.031          0.000                    MMA       BEGN
 07:23:01.092         0.031          0.000                    MMA2  1   BEGN
 07:23:01.092         0.031          0.000                    MMA2  1   END 
   METHOD USED = 21NT  ACTUAL NUMBER OF PASSES =   1
 07:23:01.092         0.031          0.000                    MMA       END 
 07:23:01.093         0.031          0.000          0.000       91  SSG3      END 
 07:23:01.093         0.031          0.000                      92  COND      BEGN
 07:23:01.093         0.031          0.000          0.000       92  COND      END 
 07:23:01.093         0.031          0.000                      93  MATGPR    BEGN
 07:23:01.095         0.031          0.000          0.000       93  MATGPR    END 
 07:23:01.095         0.031          0.000                      94  MATGPR    BEGN
 07:23:01.095         0.031          0.000          0.000       94  MATGPR    END 
 07:23:01.095         0.031          0.000                      96  SDR1      BEGN
 07:23:01.097         0.031          0.000                    MMA       BEGN
 07:23:01.097         0.031          0.000                    MMA2  1   BEGN
 07:23:01.098         0.031          0.000                    MMA2  1   END 
   METHOD USED = 21T   ACTUAL NUMBER OF PASSES =   1
 07:23:01.098         0.031          0.000                    MMA       END 
 07:23:01.098         0.031          0.000          0.000       96  SDR1      END 
 07:23:01.098         0.031          0.000                      97  COND      BEGN
 07:23:01.098         0.031          0.000          0.000       97  COND      END 
 07:23:01.098         0.031          0.000                    XSFA      BEGN
 07:23:01.099         0.031          0.000                    XSFA      END 
 07:23:01.099         0.031          0.000                     103  GPFDR     BEGN
 07:23:01.099         0.031          0.000          0.000      103  GPFDR     END 
 07:23:01.099         0.031          0.000                     104  PURGE     BEGN
 07:23:01.099         0.031          0.000          0.000      104  PURGE     END 
 07:23:01.099         0.031          0.000                     105  OFP       BEGN
 07:23:01.100         0.031          0.000          0.000      105  OFP       END 
 07:23:01.100         0.031          0.000                     106  COND      BEGN
 07:23:01.100         0.031          0.000          0.000      106  COND      END 
 07:23:01.100         0.031          0.000                     110  SDR2      BEGN
 07:23:01.106         0.031          0.000          0.000      110  SDR2      END 
 07:23:01.106         0.031          0.000                     111  COND      BEGN
 07:23:01.107         0.031          0.000          0.000      111  COND      END 
 07:23:01.107         0.031          0.000                     114  PURGE     BEGN
 07:23:01.107         0.031          0.000          0.000      114  PURGE     END 
 07:23:01.107         0.031          0.000                     115  COND      BEGN
 07:23:01.107         0.031          0.000          0.000      115  COND      END 
 07:23:01.107         0.031          0.000                     120  PURGE     BEGN
 07:23:01.107         0.031          0.000          0.000      120  PURGE     END 
 07:23:01.107         0.031          0.000                     121  COND      BEGN
 07:23:01.107         0.031          0.000          0.000      121  COND      END 
 07:23:01.107         0.031          0.000                     122  SDR3      BEGN
 07:23:01.107         0.031          0.000          0.000      122  SDR3      END 
 07:23:01.108         0.031          0.000                     123  PARAM     BEGN
 07:23:01.108         0.031          0.000          0.000      123  PARAM     END 
 07:23:01.108         0.031          0.000                     124  COND      BEGN
 07:23:01.108         0.031          0.000          0.000      124  COND      END 
 07:23:01.108         0.031          0.000                     125  OFP       BEGN
 07:23:01.221         0.062          0.031          0.031      125  OFP       END 
 07:23:01.221         0.062          0.000                     126  SCAN      BEGN
 07:23:01.221         0.062          0.000          0.000      126  SCAN      END 
 07:23:01.221         0.062          0.000                     127  OFP       BEGN
 07:23:01.221         0.062          0.000          0.000      127  OFP       END 
 07:23:01.221         0.062          0.000                     128  JUMP      BEGN
 07:23:01.221         0.062          0.000          0.000      128  JUMP      END 
 07:23:01.221         0.062          0.000                     135  OFP       BEGN
 07:23:01.221         0.062          0.000          0.000      135  OFP       END 
 07:23:01.221         0.062          0.000                     136  XYTRAN    BEGN
 07:23:01.221         0.062          0.000          0.000      136  XYTRAN    END 
 07:23:01.221         0.062          0.000                     137  XYPLOT    BEGN
 07:23:01.221         0.062          0.000          0.000      137  XYPLOT    END 
 07:23:01.221         0.062          0.000                     138  JUMP      BEGN
 07:23:01.221         0.062          0.000          0.000      138  JUMP      END 
 07:23:01.221         0.062          0.000                     152  COND      BEGN
 07:23:01.221         0.062          0.000          0.000      152  COND      END 
 07:23:01.221         0.062          0.000                     157  COND      BEGN
 07:23:01.221         0.062          0.000          0.000      157  COND      END 
 07:23:01.221         0.062          0.000                     171  PURGE     BEGN
 07:23:01.221         0.062          0.000          0.000      171  PURGE     END 
 07:23:01.221         0.062          0.000                     228  EXIT      BEGN
1     STATISTICS ON IN-MEMORY DATA BASE AND DISK I/O USAGE

         LENGTH (IN WORDS) OF OPEN CORE ALLOCATED                   2000000
         LENGTH (IN WORDS) OF IN-MEMORY DATA BASE ALLOCATED        12000000
         NUMBER OF BLOCKS USED IN THE IN-MEMORY DATA BASE                89
         NUMBER OF BLOCKS ALLOCATED FOR THE IN-MEMORY DATA            11661
         PERCENTAGE OF IN-MEMORY DATA USED                                0%
         TOTAL BLOCKS WRITTEN TO DISK                              20000006
         BLOCK SIZE (IN WORDS)                                         1024
         NUMBER OF OPENS TO DISK FILES                                    6
         NUMBER OF CLOSES TO DISK FILES                                   6
         NUMBER OF WRITES TO DISK FILES                                   8
         NUMBER OF READS FROM DISK FILES                                  9
         MEMORY (IN WORDS) NOT USED BY IN-MEM. DATA BASE           11953876
