1*****************************************************************************
 *                                                                           *
 *       DATE  9/ 4/16       LOG OF 95 X86_64 Windows_NT NASTRAN JOB         *
 *                                                                           *
 *****************************************************************************

   WALL               TOTAL       INCREMENTAL      MODULE              MODULE/
   CLOCK               CPU            CPU            CPU             SUBROUTINE
   TIME              SECONDS        SECONDS        SECONDS             STATUS

 ------------------------------------------------------------------------------

 20:25:40.749         0.000          0.000                    SEM1  BEGN
 20:25:40.750         0.000          0.000                    GNFI
 20:25:40.750         0.000          0.000                    TTIO
 20:25:40.752         0.000          0.000                    TTLP
 20:25:40.752         0.000          0.000                    XCSA
 ID    D01011A,NASTRAN                                                   
                                         OPEN SCRATC15   1
                                        CLOSE SCRATC15   1
                                         OPEN NPTP       3
                                        CLOSE NPTP       3
 20:25:40.766         0.000          0.000                    IFP1
                                         OPEN SCRATCH1   1
 TITLE    = DELTA WING WITH BICONVEX CROSS SECTION                       
                                        CLOSE SCRATCH1   1
                                         OPEN SCRATCH1   0
                                         OPEN CASECC     1
                                        CLOSE SCRATCH1   1
                                        CLOSE CASECC     1
                                         OPEN CASECC     0
                                         OPEN NPTP       3
                                        CLOSE CASECC     1
                                        CLOSE NPTP       2
 20:25:40.770         0.016          0.000                    XSOR
                                         OPEN SCRATCH1   1
                                         OPEN GEOM1      1
                                         OPEN EPT        1
                                        CLOSE EPT        1
                                        CLOSE SCRATCH1   1
                                        CLOSE GEOM1      1
                                         OPEN GEOM1      0
                                        CLOSE GEOM1      1
                                         OPEN NPTP       3
                                         OPEN EPT        0
                                        CLOSE EPT        1
                                        CLOSE NPTP       1
 20:25:40.775         0.016          0.000                    IFP   BEGN
                                         OPEN NPTP       0
                                         OPEN GEOM2      1
                                        CLOSE GEOM2      2
                                         OPEN GEOM3      1
                                        CLOSE GEOM3      2
                                         OPEN GEOM1      1
                                        CLOSE GEOM1      2
                                         OPEN MPT        1
                                        CLOSE MPT        2
                                         OPEN EPT        1
                                        CLOSE EPT        2
                                         OPEN GEOM4      1
                                        CLOSE GEOM4      2
                                         OPEN GEOM1      3
                                        CLOSE GEOM1      1
                                         OPEN EPT        3
                                        CLOSE EPT        1
                                         OPEN MPT        3
                                        CLOSE MPT        1
                                         OPEN GEOM2      3
                                        CLOSE GEOM2      1
                                         OPEN GEOM3      3
                                        CLOSE GEOM3      1
                                         OPEN GEOM4      3
                                        CLOSE GEOM4      1
                                         OPEN IFPFILE    1
                                        CLOSE IFPFILE    1
                                        CLOSE NPTP       1
                                         OPEN EPT        0
                                         OPEN GEOM2      0
                                        CLOSE GEOM2      1
                                         OPEN MPT        0
                                        CLOSE MPT        1
                                        CLOSE EPT        1
                                         OPEN GEOM1      0
                                        CLOSE GEOM1      1
                                         OPEN GEOM3      0
                                        CLOSE GEOM3      1
 20:25:40.776         0.016          0.000                    IFP   END 
 20:25:40.776         0.016          0.000                    XGPI
                                         OPEN NPTP       0
                                        CLOSE NPTP       1
                                         OPEN SCRATC15   0
                                        CLOSE SCRATC15   1
                                         OPEN IFPFILE    0
                                        CLOSE IFPFILE    1
                                         OPEN SCRATC15   0
                                        CLOSE SCRATC15   1
                                         OPEN POOL       3
                                        CLOSE POOL       1
                                         OPEN POOL       2
                                        CLOSE POOL       2
                                         OPEN NPTP       0
                                        CLOSE NPTP       2
                                         OPEN NPTP       3
                                        CLOSE NPTP       2
                                         OPEN XPTD       1
                                        CLOSE XPTD       1
 20:25:40.784         0.016          0.000                    BAND  IT  BEGN
                                         OPEN GEOM1      0
                                        CLOSE GEOM1      2
                                         OPEN GEOM2      0
                                        CLOSE GEOM2      1
                                         OPEN GEOM2      0
                                        CLOSE GEOM2      1
                                         OPEN GEOM1      2
                                        CLOSE GEOM1      2
                                         OPEN GEOM1      3
                                        CLOSE GEOM1      1
 20:25:40.796         0.016          0.000                    BAND  IT  END 
 20:25:40.796         0.016          0.000                    SEM1  END 
                                         OPEN POOL       2
                                        CLOSE POOL       2
 20:25:40.796         0.016          0.000                       4  SETVAL    BEGN
 20:25:40.796         0.016          0.000          0.000        4  SETVAL    END 
                                         OPEN POOL       2
                                        CLOSE POOL       2
 20:25:40.796         0.016          0.000                       5  PARAM     BEGN
 20:25:40.796         0.016          0.000          0.000        5  PARAM     END 
                                         OPEN POOL       2
                                        CLOSE POOL       2
 20:25:40.796         0.016          0.000                    XSFA      BEGN
                                         OPEN POOL       2
                                        CLOSE POOL       2
                                         OPEN POOL       0
                                        CLOSE POOL       2
 20:25:40.796         0.016          0.000                    XSFA      END 
 20:25:40.796         0.016          0.000                      11  GP1       BEGN
                                         OPEN SCRATCH2   1
                                         OPEN GEOM2      0
                                        CLOSE SCRATCH2   1
                                        CLOSE GEOM2      1
                                         OPEN SCRATCH1   1
                                         OPEN GEOM1      0
                                        CLOSE SCRATCH1   1
                                        CLOSE GEOM1      1
                                         OPEN GPL        1
                                        CLOSE GPL        1
                                         OPEN SCRATCH1   0
                                        CLOSE SCRATCH1   1
                                         OPEN GPDT       1
                                        CLOSE GPDT       1
                                         OPEN GEOM1      0
                                        CLOSE GEOM1      1
                                         OPEN EQEXIN     1
                                        CLOSE EQEXIN     2
                                         OPEN GEOM2      0
                                        CLOSE GEOM2      1
                                         OPEN BGPDT      1
                                         OPEN SIL        1
                                         OPEN GPDT       0
                                        CLOSE BGPDT      1
                                        CLOSE SIL        1
                                        CLOSE GPDT       1
                                         OPEN EQEXIN     3
                                        CLOSE EQEXIN     1
 20:25:40.800         0.016          0.000          0.000       11  GP1       END 
                                         OPEN POOL       2
                                        CLOSE POOL       2
                                         OPEN POOL       2
                                        CLOSE POOL       2
                                         OPEN XPTD       0
                                        CLOSE XPTD       1
                                         OPEN POOL       2
                                         OPEN NPTP       3
                                         OPEN GPL        0
                                        CLOSE GPL        1
                                         OPEN EQEXIN     0
                                        CLOSE EQEXIN     1
                                         OPEN GPDT       0
                                        CLOSE GPDT       1
                                         OPEN BGPDT      0
                                        CLOSE BGPDT      1
                                         OPEN SIL        0
                                        CLOSE SIL        1
                                        CLOSE NPTP       2
                                        CLOSE POOL       2
                                         OPEN XPTD       1
                                        CLOSE XPTD       1
                                         OPEN POOL       2
                                        CLOSE POOL       2
 20:25:40.808         0.016          0.000                      12  ANISOP    BEGN
                                         OPEN MPT        0
                                        CLOSE MPT        1
                                         OPEN EPT        0
                                        CLOSE EPT        1
 20:25:40.809         0.016          0.000          0.000       12  ANISOP    END 
                                         OPEN POOL       2
                                        CLOSE POOL       2
                                         OPEN POOL       2
                                        CLOSE POOL       2
                                         OPEN XPTD       0
                                        CLOSE XPTD       1
                                         OPEN POOL       2
                                         OPEN NPTP       3
                                        CLOSE NPTP       2
                                        CLOSE POOL       2
                                         OPEN XPTD       1
                                        CLOSE XPTD       1
                                         OPEN POOL       2
                                        CLOSE POOL       2
 20:25:40.814         0.016          0.000                      13  EQUIV     BEGN
 20:25:40.815         0.031          0.016          0.016       13  EQUIV     END 
                                         OPEN POOL       2
                                        CLOSE POOL       2
                                         OPEN XPTD       0
                                        CLOSE XPTD       1
                                         OPEN POOL       2
                                         OPEN NPTP       3
                                         OPEN MPT        0
                                        CLOSE MPT        1
                                        CLOSE NPTP       2
                                        CLOSE POOL       2
                                         OPEN XPTD       1
                                        CLOSE XPTD       1
                                         OPEN POOL       2
                                        CLOSE POOL       2
 20:25:40.820         0.031          0.000                      14  PLTTRAN   BEGN
                                         OPEN BGPDT      0
                                         OPEN SIL        0
                                         OPEN SIP        1
                                         OPEN BGPDP      1
                                        CLOSE SIL        1
                                        CLOSE BGPDT      1
                                        CLOSE SIP        1
                                        CLOSE BGPDP      1
 20:25:40.821         0.031          0.000          0.000       14  PLTTRAN   END 
                                         OPEN POOL       2
                                        CLOSE POOL       2
                                         OPEN POOL       2
                                        CLOSE POOL       2
                                         OPEN XPTD       0
                                        CLOSE XPTD       1
                                         OPEN POOL       2
                                         OPEN NPTP       3
                                         OPEN BGPDP      0
                                        CLOSE BGPDP      1
                                         OPEN SIP        0
                                        CLOSE SIP        1
                                        CLOSE NPTP       2
                                        CLOSE POOL       2
                                         OPEN XPTD       1
                                        CLOSE XPTD       1
                                         OPEN POOL       2
                                        CLOSE POOL       2
 20:25:40.826         0.031          0.000                      15  GP2       BEGN
                                         OPEN EQEXIN     0
                                        CLOSE EQEXIN     1
                                         OPEN GEOM2      0
                                         OPEN ECT        1
                                        CLOSE GEOM2      1
                                        CLOSE ECT        1
 20:25:40.827         0.031          0.000          0.000       15  GP2       END 
                                         OPEN POOL       2
                                        CLOSE POOL       2
                                         OPEN XPTD       0
                                        CLOSE XPTD       1
                                         OPEN POOL       2
                                         OPEN NPTP       3
                                         OPEN ECT        0
                                        CLOSE ECT        1
                                        CLOSE NPTP       2
                                        CLOSE POOL       2
                                         OPEN XPTD       1
                                        CLOSE XPTD       1
                                         OPEN POOL       2
                                        CLOSE POOL       2
 20:25:40.832         0.031          0.000                      16  PARAML    BEGN
 20:25:40.832         0.031          0.000          0.000       16  PARAML    END 
                                         OPEN POOL       2
                                        CLOSE POOL       2
 20:25:40.832         0.031          0.000                      17  PURGE     BEGN
 20:25:40.832         0.031          0.000          0.000       17  PURGE     END 
                                         OPEN POOL       2
                                        CLOSE POOL       2
                                         OPEN XPTD       0
                                        CLOSE XPTD       1
                                         OPEN POOL       2
                                         OPEN NPTP       3
                                        CLOSE NPTP       2
                                        CLOSE POOL       2
                                         OPEN XPTD       1
                                        CLOSE XPTD       1
                                         OPEN POOL       2
                                        CLOSE POOL       2
 20:25:40.838         0.031          0.000                      18  COND      BEGN
                                         OPEN POOL       2
                                        CLOSE POOL       2
 20:25:40.838         0.031          0.000          0.000       18  COND      END 
                                         OPEN POOL       2
                                        CLOSE POOL       2
 20:25:40.838         0.031          0.000                      27  GP3       BEGN
                                         OPEN EQEXIN     0
                                        CLOSE EQEXIN     1
                                         OPEN SCRATCH1   1
                                         OPEN GEOM3      0
                                        CLOSE GEOM3      1
                                        CLOSE SCRATCH1   1
                                         OPEN SCRATCH1   0
                                         OPEN SLT        1
                                        CLOSE SCRATCH1   1
                                         OPEN GEOM3      0
                                        CLOSE GEOM3      1
                                        CLOSE SLT        1
                                         OPEN EQEXIN     0
                                        CLOSE EQEXIN     1
                                         OPEN GEOM3      0
                                        CLOSE GEOM3      1
                                         OPEN GEOM3      0
                                         OPEN SCRATCH2   1
                                        CLOSE GEOM3      1
                                        CLOSE SCRATCH2   1
 20:25:40.838         0.031          0.000          0.000       27  GP3       END 
                                         OPEN POOL       2
                                        CLOSE POOL       2
                                         OPEN POOL       2
                                        CLOSE POOL       2
                                         OPEN XPTD       0
                                        CLOSE XPTD       1
                                         OPEN POOL       2
                                         OPEN NPTP       3
                                         OPEN SLT        0
                                        CLOSE SLT        1
                                        CLOSE NPTP       2
                                        CLOSE POOL       2
                                         OPEN XPTD       1
                                        CLOSE XPTD       1
                                         OPEN POOL       2
                                        CLOSE POOL       2
 20:25:40.843         0.031          0.000                      28  PARAM     BEGN
 20:25:40.843         0.031          0.000          0.000       28  PARAM     END 
                                         OPEN POOL       2
                                        CLOSE POOL       2
 20:25:40.843         0.031          0.000                      29  TA1       BEGN
                                         OPEN ECT        0
                                         OPEN SCRATCH1   1
                                         OPEN EPT        0
                                        CLOSE ECT        1
                                        CLOSE EPT        1
                                        CLOSE SCRATCH1   1
                                         OPEN BGPDT      0
                                        CLOSE BGPDT      1
                                         OPEN SIL        0
                                        CLOSE SIL        1
                                         OPEN SCRATCH1   0
                                         OPEN EST        1
                                        CLOSE SCRATCH1   1
                                        CLOSE EST        1
                                         OPEN ECT        0
                                        CLOSE ECT        1
                                         OPEN ECT        0
                                        CLOSE ECT        1
                                         OPEN SCRATCH1   1
                                        CLOSE SCRATCH1   1
                                         OPEN ECT        0
                                        CLOSE ECT        1
                                         OPEN SCRATCH1   0
                                         OPEN SCRATCH2   1
                                        CLOSE SCRATCH1   1
                                        CLOSE SCRATCH2   1
                                         OPEN SIL        0
                                        CLOSE SIL        1
                                         OPEN SCRATCH2   0
                                         OPEN GPECT      1
                                        CLOSE SCRATCH2   1
                                        CLOSE GPECT      1
 20:25:40.844         0.031          0.000          0.000       29  TA1       END 
                                         OPEN POOL       2
                                        CLOSE POOL       2
                                         OPEN POOL       2
                                        CLOSE POOL       2
                                         OPEN XPTD       0
                                        CLOSE XPTD       1
                                         OPEN POOL       2
                                         OPEN NPTP       3
                                         OPEN EST        0
                                        CLOSE EST        1
                                         OPEN GPECT      0
                                        CLOSE GPECT      1
                                        CLOSE NPTP       2
                                        CLOSE POOL       2
                                         OPEN XPTD       1
                                        CLOSE XPTD       1
                                         OPEN POOL       2
                                        CLOSE POOL       2
 20:25:40.849         0.031          0.000                      30  EQUIV     BEGN
 20:25:40.849         0.031          0.000          0.000       30  EQUIV     END 
                                         OPEN POOL       2
                                        CLOSE POOL       2
                                         OPEN XPTD       0
                                        CLOSE XPTD       1
                                         OPEN POOL       2
                                         OPEN NPTP       3
                                         OPEN MPT        0
                                        CLOSE MPT        1
                                         OPEN EPT        0
                                        CLOSE EPT        1
                                        CLOSE NPTP       2
                                        CLOSE POOL       2
                                         OPEN XPTD       1
                                        CLOSE XPTD       1
                                         OPEN POOL       2
                                        CLOSE POOL       2
 20:25:40.855         0.031          0.000                      31  PARAM     BEGN
 20:25:40.855         0.031          0.000          0.000       31  PARAM     END 
                                         OPEN POOL       2
                                        CLOSE POOL       2
 20:25:40.855         0.031          0.000                      32  COND      BEGN
                                         OPEN POOL       2
                                        CLOSE POOL       2
 20:25:40.855         0.031          0.000          0.000       32  COND      END 
                                         OPEN POOL       2
                                        CLOSE POOL       2
 20:25:40.855         0.031          0.000                      33  PURGE     BEGN
 20:25:40.855         0.031          0.000          0.000       33  PURGE     END 
                                         OPEN POOL       2
                                        CLOSE POOL       2
                                         OPEN XPTD       0
                                        CLOSE XPTD       1
                                         OPEN POOL       2
                                         OPEN NPTP       3
                                        CLOSE NPTP       2
                                        CLOSE POOL       2
                                         OPEN XPTD       1
                                        CLOSE XPTD       1
                                         OPEN POOL       2
                                        CLOSE POOL       2
 20:25:40.860         0.031          0.000                      34  OPTPR1    BEGN
                                         OPEN MPT        0
                                        CLOSE MPT        1
 20:25:40.861         0.031          0.000          0.000       34  OPTPR1    END 
                                         OPEN POOL       2
                                        CLOSE POOL       2
                                         OPEN POOL       2
                                        CLOSE POOL       2
                                         OPEN XPTD       0
                                        CLOSE XPTD       1
                                         OPEN POOL       2
                                         OPEN NPTP       3
                                        CLOSE NPTP       2
                                        CLOSE POOL       2
                                         OPEN XPTD       1
                                        CLOSE XPTD       1
                                         OPEN POOL       2
                                        CLOSE POOL       2
 20:25:40.866         0.031          0.000                      36  COND      BEGN
                                         OPEN POOL       2
                                        CLOSE POOL       2
 20:25:40.866         0.031          0.000          0.000       36  COND      END 
                                         OPEN POOL       2
                                        CLOSE POOL       2
 20:25:40.866         0.031          0.000                      37  PARAM     BEGN
 20:25:40.866         0.031          0.000          0.000       37  PARAM     END 
                                         OPEN POOL       2
                                        CLOSE POOL       2
 20:25:40.866         0.031          0.000                      38  EQUIV     BEGN
 20:25:40.866         0.031          0.000          0.000       38  EQUIV     END 
                                         OPEN POOL       2
                                        CLOSE POOL       2
                                         OPEN XPTD       0
                                        CLOSE XPTD       1
                                         OPEN POOL       2
                                         OPEN NPTP       3
                                        CLOSE NPTP       2
                                        CLOSE POOL       2
                                         OPEN XPTD       1
                                        CLOSE XPTD       1
                                         OPEN POOL       2
                                        CLOSE POOL       2
 20:25:40.872         0.031          0.000                      39  EMG       BEGN
                                         OPEN MPT        0
                                        CLOSE MPT        1
                                         OPEN GEOM2      0
                                        CLOSE GEOM2      1
                                         OPEN EST        0
                                         OPEN KELM       1
                                         OPEN KDICT      1
                                        CLOSE KELM       1
                                        CLOSE KDICT      1
                                        CLOSE EST        1
 20:25:40.877         0.031          0.000          0.000       39  EMG       END 
                                         OPEN POOL       2
                                        CLOSE POOL       2
                                         OPEN POOL       2
                                        CLOSE POOL       2
                                         OPEN XPTD       0
                                        CLOSE XPTD       1
                                         OPEN POOL       2
                                         OPEN NPTP       3
                                         OPEN KELM       0
                                        CLOSE KELM       1
                                         OPEN KDICT      0
                                        CLOSE KDICT      1
                                        CLOSE NPTP       2
                                        CLOSE POOL       2
                                         OPEN XPTD       1
                                        CLOSE XPTD       1
                                         OPEN POOL       2
                                        CLOSE POOL       2
 20:25:40.883         0.031          0.000                      40  COND      BEGN
                                         OPEN POOL       2
                                        CLOSE POOL       2
 20:25:40.883         0.031          0.000          0.000       40  COND      END 
                                         OPEN POOL       2
                                        CLOSE POOL       2
 20:25:40.883         0.031          0.000                      41  EMA       BEGN
                                         OPEN GPECT      0
                                         OPEN KDICT      0
                                         OPEN SCRATCH1   1
                                        CLOSE KDICT      1
                                        CLOSE GPECT      1
                                        CLOSE SCRATCH1   1
                                         OPEN SCRATCH1   0
                                        CLOSE SCRATCH1   1
                                         OPEN KELM       0
                                        CLOSE KELM       1
                                         OPEN KGGX       1
                                        CLOSE KGGX       1
 20:25:40.884         0.031          0.000          0.000       41  EMA       END 
                                         OPEN POOL       2
                                        CLOSE POOL       2
                                         OPEN XPTD       0
                                        CLOSE XPTD       1
                                         OPEN POOL       2
                                         OPEN NPTP       3
                                         OPEN KGGX       0
                                        CLOSE KGGX       1
                                        CLOSE NPTP       2
                                        CLOSE POOL       2
                                         OPEN XPTD       1
                                        CLOSE XPTD       1
                                         OPEN POOL       2
                                        CLOSE POOL       2
 20:25:40.890         0.031          0.000                      43  PURGE     BEGN
 20:25:40.891         0.031          0.000          0.000       43  PURGE     END 
                                         OPEN POOL       2
                                        CLOSE POOL       2
                                         OPEN XPTD       0
                                        CLOSE XPTD       1
                                         OPEN POOL       2
                                         OPEN NPTP       3
                                        CLOSE NPTP       2
                                        CLOSE POOL       2
                                         OPEN XPTD       1
                                        CLOSE XPTD       1
                                         OPEN POOL       2
                                        CLOSE POOL       2
 20:25:40.896         0.031          0.000                      44  COND      BEGN
                                         OPEN POOL       2
                                        CLOSE POOL       2
 20:25:40.896         0.031          0.000          0.000       44  COND      END 
                                         OPEN POOL       2
                                        CLOSE POOL       2
 20:25:40.896         0.031          0.000                      48  COND      BEGN
                                         OPEN POOL       2
                                        CLOSE POOL       2
 20:25:40.896         0.031          0.000          0.000       48  COND      END 
                                         OPEN POOL       2
                                        CLOSE POOL       2
 20:25:40.896         0.031          0.000                      53  EQUIV     BEGN
 20:25:40.896         0.031          0.000          0.000       53  EQUIV     END 
                                         OPEN POOL       2
                                        CLOSE POOL       2
                                         OPEN XPTD       0
                                        CLOSE XPTD       1
                                         OPEN POOL       2
                                         OPEN NPTP       3
                                        CLOSE NPTP       2
                                        CLOSE POOL       2
                                         OPEN XPTD       1
                                        CLOSE XPTD       1
                                         OPEN POOL       2
                                        CLOSE POOL       2
 20:25:40.902         0.031          0.000                      54  COND      BEGN
                                         OPEN POOL       2
                                        CLOSE POOL       2
 20:25:40.902         0.031          0.000          0.000       54  COND      END 
                                         OPEN POOL       2
                                        CLOSE POOL       2
 20:25:40.902         0.031          0.000                    XSFA      BEGN
                                         OPEN POOL       2
                                        CLOSE POOL       2
                                         OPEN POOL       0
                                        CLOSE POOL       2
 20:25:40.902         0.031          0.000                    XSFA      END 
 20:25:40.902         0.031          0.000                      57  GPSTGEN   BEGN
                                         OPEN SIL        0
                                        CLOSE SIL        1
                                         OPEN KGG        0
                                         OPEN GPST       1
                                        CLOSE GPST       1
                                        CLOSE KGG        1
 20:25:40.902         0.031          0.000          0.000       57  GPSTGEN   END 
                                         OPEN POOL       2
                                        CLOSE POOL       2
                                         OPEN XPTD       0
                                        CLOSE XPTD       1
                                         OPEN POOL       2
                                         OPEN NPTP       3
                                         OPEN GPST       0
                                        CLOSE GPST       1
                                        CLOSE NPTP       2
                                        CLOSE POOL       2
                                         OPEN XPTD       1
                                        CLOSE XPTD       1
                                         OPEN POOL       2
                                        CLOSE POOL       2
 20:25:40.907         0.031          0.000                      58  PARAM     BEGN
 20:25:40.907         0.031          0.000          0.000       58  PARAM     END 
                                         OPEN POOL       2
                                        CLOSE POOL       2
 20:25:40.907         0.031          0.000                      60  GP4       BEGN
                                         OPEN CASECC     0
                                        CLOSE CASECC     1
                                         OPEN EQEXIN     0
                                        CLOSE EQEXIN     1
                                         OPEN GEOM4      0
                                         OPEN SCRATCH1   1
                                        CLOSE GEOM4      1
                                         OPEN GPDT       0
                                        CLOSE GPDT       1
                                         OPEN GEOM4      0
                                        CLOSE GEOM4      1
                                        CLOSE SCRATCH1   1
                                         OPEN SCRATCH1   0
                                        CLOSE SCRATCH1   1
                                         OPEN GPST       0
                                        CLOSE GPST       1
                                         OPEN SCRATCH1   0
                                         OPEN YS         1
                                        CLOSE YS         1
                                        CLOSE SCRATCH1   1
                                         OPEN USET       1
                                        CLOSE USET       1
                                         OPEN EQEXIN     0
                                        CLOSE EQEXIN     1
                                         OPEN USET       0
                                        CLOSE USET       1
                                         OPEN CASECC     0
                                        CLOSE CASECC     1
                                         OPEN SCRATCH2   1
                                         OPEN GEOM4      0
                                        CLOSE GEOM4      1
                                        CLOSE SCRATCH2   1
                                         OPEN YS         0
                                        CLOSE YS         1
                                         OPEN YS         1
                                         OPEN SCRATCH2   0
                                        CLOSE YS         1
                                        CLOSE SCRATCH2   1
 20:25:40.908         0.047          0.016          0.016       60  GP4       END 
                                         OPEN POOL       2
                                        CLOSE POOL       2
                                         OPEN POOL       2
                                        CLOSE POOL       2
                                         OPEN XPTD       0
                                        CLOSE XPTD       1
                                         OPEN POOL       2
                                         OPEN NPTP       3
                                         OPEN YS         0
                                        CLOSE YS         1
                                         OPEN USET       0
                                        CLOSE USET       1
                                        CLOSE NPTP       2
                                        CLOSE POOL       2
                                         OPEN XPTD       1
                                        CLOSE XPTD       1
                                         OPEN POOL       2
                                        CLOSE POOL       2
 20:25:40.913         0.047          0.000                      61  OFP       BEGN
 20:25:40.913         0.047          0.000          0.000       61  OFP       END 
                                         OPEN POOL       2
                                        CLOSE POOL       2
                                         OPEN POOL       2
                                        CLOSE POOL       2
 20:25:40.914         0.047          0.000                      62  COND      BEGN
                                         OPEN POOL       2
                                        CLOSE POOL       2
 20:25:40.914         0.047          0.000          0.000       62  COND      END 
                                         OPEN POOL       2
                                        CLOSE POOL       2
 20:25:40.914         0.047          0.000                      63  PARAM     BEGN
 20:25:40.914         0.047          0.000          0.000       63  PARAM     END 
                                         OPEN POOL       2
                                        CLOSE POOL       2
 20:25:40.914         0.047          0.000                      64  PURGE     BEGN
 20:25:40.914         0.047          0.000          0.000       64  PURGE     END 
                                         OPEN POOL       2
                                        CLOSE POOL       2
                                         OPEN XPTD       0
                                        CLOSE XPTD       1
                                         OPEN POOL       2
                                         OPEN NPTP       3
                                        CLOSE NPTP       2
                                        CLOSE POOL       2
                                         OPEN XPTD       1
                                        CLOSE XPTD       1
                                         OPEN POOL       2
                                        CLOSE POOL       2
 20:25:40.920         0.047          0.000                      65  EQUIV     BEGN
 20:25:40.920         0.047          0.000          0.000       65  EQUIV     END 
                                         OPEN POOL       2
                                        CLOSE POOL       2
                                         OPEN XPTD       0
                                        CLOSE XPTD       1
                                         OPEN POOL       2
                                         OPEN NPTP       3
                                        CLOSE NPTP       2
                                        CLOSE POOL       2
                                         OPEN XPTD       1
                                        CLOSE XPTD       1
                                         OPEN POOL       2
                                        CLOSE POOL       2
 20:25:40.926         0.047          0.000                      66  COND      BEGN
                                         OPEN POOL       2
                                        CLOSE POOL       2
 20:25:40.926         0.047          0.000          0.000       66  COND      END 
                                         OPEN POOL       2
                                        CLOSE POOL       2
 20:25:40.926         0.047          0.000                      70  EQUIV     BEGN
 20:25:40.926         0.047          0.000          0.000       70  EQUIV     END 
                                         OPEN POOL       2
                                        CLOSE POOL       2
                                         OPEN XPTD       0
                                        CLOSE XPTD       1
                                         OPEN POOL       2
                                         OPEN NPTP       3
                                        CLOSE NPTP       2
                                        CLOSE POOL       2
                                         OPEN XPTD       1
                                        CLOSE XPTD       1
                                         OPEN POOL       2
                                        CLOSE POOL       2
 20:25:40.932         0.047          0.000                      71  COND      BEGN
                                         OPEN POOL       2
                                        CLOSE POOL       2
 20:25:40.932         0.047          0.000          0.000       71  COND      END 
                                         OPEN POOL       2
                                        CLOSE POOL       2
 20:25:40.932         0.047          0.000                      72  SCE1      BEGN
                                         OPEN USET       0
                                         OPEN SCRATCH1   1
                                        CLOSE USET       1
                                        CLOSE SCRATCH1   1
                                         OPEN SCRATCH1   0
                                        CLOSE SCRATCH1   1
                                         OPEN KFF        1
                                         OPEN KFS        1
                                         OPEN KSS        1
                                         OPEN KNN        0
                                        CLOSE KNN        1
                                        CLOSE KFF        1
                                        CLOSE KFS        1
                                        CLOSE KSS        1
 20:25:40.933         0.047          0.000          0.000       72  SCE1      END 
                                         OPEN POOL       2
                                        CLOSE POOL       2
                                         OPEN XPTD       0
                                        CLOSE XPTD       1
                                         OPEN POOL       2
                                         OPEN NPTP       3
                                         OPEN KFF        0
                                        CLOSE KFF        1
                                         OPEN KFS        0
                                        CLOSE KFS        1
                                         OPEN KSS        0
                                        CLOSE KSS        1
                                        CLOSE NPTP       2
                                        CLOSE POOL       2
                                         OPEN XPTD       1
                                        CLOSE XPTD       1
                                         OPEN POOL       2
                                        CLOSE POOL       2
 20:25:40.939         0.047          0.000                      74  EQUIV     BEGN
 20:25:40.939         0.047          0.000          0.000       74  EQUIV     END 
                                         OPEN POOL       2
                                        CLOSE POOL       2
                                         OPEN XPTD       0
                                        CLOSE XPTD       1
                                         OPEN POOL       2
                                         OPEN NPTP       3
                                        CLOSE NPTP       2
                                        CLOSE POOL       2
                                         OPEN XPTD       1
                                        CLOSE XPTD       1
                                         OPEN POOL       2
                                        CLOSE POOL       2
 20:25:40.945         0.047          0.000                      75  COND      BEGN
                                         OPEN POOL       2
                                        CLOSE POOL       2
 20:25:40.946         0.047          0.000          0.000       75  COND      END 
                                         OPEN POOL       2
                                        CLOSE POOL       2
 20:25:40.946         0.047          0.000                      78  EQUIV     BEGN
 20:25:40.946         0.047          0.000          0.000       78  EQUIV     END 
                                         OPEN POOL       2
                                        CLOSE POOL       2
                                         OPEN XPTD       0
                                        CLOSE XPTD       1
                                         OPEN POOL       2
                                         OPEN NPTP       3
                                        CLOSE NPTP       2
                                        CLOSE POOL       2
                                         OPEN XPTD       1
                                        CLOSE XPTD       1
                                         OPEN POOL       2
                                        CLOSE POOL       2
 20:25:40.951         0.047          0.000                      79  COND      BEGN
                                         OPEN POOL       2
                                        CLOSE POOL       2
 20:25:40.951         0.047          0.000          0.000       79  COND      END 
                                         OPEN POOL       2
                                        CLOSE POOL       2
 20:25:40.951         0.047          0.000                      82  RBMG2     BEGN
 20:25:40.951         0.047          0.000                    SMCO  MP  BEGN          
                                         OPEN KLL        0
                                        CLOSE KLL        1
                                         OPEN LLL        1
                                        CLOSE LLL        1
 20:25:40.951         0.047          0.000                    SMCO  MP  END           
 20:25:40.951         0.047          0.000          0.000       82  RBMG2     END 
                                         OPEN POOL       2
                                        CLOSE POOL       2
                                         OPEN XPTD       0
                                        CLOSE XPTD       1
                                         OPEN POOL       2
                                         OPEN NPTP       3
                                         OPEN LLL        0
                                        CLOSE LLL        1
                                        CLOSE NPTP       2
                                        CLOSE POOL       2
                                         OPEN XPTD       1
                                        CLOSE XPTD       1
                                         OPEN POOL       2
                                        CLOSE POOL       2
 20:25:40.957         0.062          0.016                      83  COND      BEGN
                                         OPEN POOL       2
                                        CLOSE POOL       2
 20:25:40.957         0.062          0.000          0.000       83  COND      END 
                                         OPEN POOL       2
                                        CLOSE POOL       2
 20:25:40.957         0.062          0.000                      86  SSG1      BEGN
                                         OPEN SLT        0
                                         OPEN CASECC     0
                                        CLOSE CASECC     1
                                        CLOSE SLT        1
                                         OPEN SCRATCH1   1
                                         OPEN SLT        0
                                         OPEN SCRATCH3   1
                                        CLOSE SLT        1
                                        CLOSE SCRATCH3   1
                                         OPEN SCRATCH3   0
                                         OPEN BGPDT      0
                                         OPEN SIL        0
                                        CLOSE BGPDT      1
                                        CLOSE SCRATCH3   1
                                        CLOSE SIL        1
                                        CLOSE SCRATCH1   1
                                         OPEN CASECC     0
                                         OPEN SLT        0
                                        CLOSE CASECC     1
                                        CLOSE SLT        1
                                         OPEN PG         1
                                         OPEN SCRATCH1   0
                                        CLOSE PG         1
                                        CLOSE SCRATCH1   1
 20:25:40.961         0.062          0.000          0.000       86  SSG1      END 
                                         OPEN POOL       2
                                        CLOSE POOL       2
                                         OPEN XPTD       0
                                        CLOSE XPTD       1
                                         OPEN POOL       2
                                         OPEN NPTP       3
                                         OPEN PG         0
                                        CLOSE PG         1
                                        CLOSE NPTP       2
                                        CLOSE POOL       2
                                         OPEN XPTD       1
                                        CLOSE XPTD       1
                                         OPEN POOL       2
                                        CLOSE POOL       2
 20:25:40.967         0.062          0.000                      87  EQUIV     BEGN
 20:25:40.967         0.062          0.000          0.000       87  EQUIV     END 
                                         OPEN POOL       2
                                        CLOSE POOL       2
                                         OPEN XPTD       0
                                        CLOSE XPTD       1
                                         OPEN POOL       2
                                         OPEN NPTP       3
                                        CLOSE NPTP       2
                                        CLOSE POOL       2
                                         OPEN XPTD       1
                                        CLOSE XPTD       1
                                         OPEN POOL       2
                                        CLOSE POOL       2
 20:25:40.973         0.062          0.000                      88  COND      BEGN
                                         OPEN POOL       2
                                        CLOSE POOL       2
 20:25:40.973         0.062          0.000          0.000       88  COND      END 
                                         OPEN POOL       2
                                        CLOSE POOL       2
 20:25:40.973         0.062          0.000                      89  SSG2      BEGN
                                         OPEN USET       0
                                         OPEN SCRATCH1   1
                                        CLOSE USET       1
                                        CLOSE SCRATCH1   1
                                         OPEN SCRATCH1   0
                                        CLOSE SCRATCH1   1
                                         OPEN SCRATCH2   1
                                         OPEN PS         1
                                         OPEN PG         0
                                        CLOSE PG         1
                                        CLOSE SCRATCH2   1
                                        CLOSE PS         1
 20:25:40.973         0.062          0.000                    MMA       BEGN
       MMA - NULL MATRIX PRODUCT
                                         OPEN SCRATCH2   0
                                         OPEN PL         1
                                        CLOSE PL         1
                                        CLOSE SCRATCH2   1
 20:25:40.973         0.062          0.000                    MMA       END 
 20:25:40.973         0.062          0.000          0.000       89  SSG2      END 
                                         OPEN POOL       2
                                        CLOSE POOL       2
                                         OPEN XPTD       0
                                        CLOSE XPTD       1
                                         OPEN POOL       2
                                         OPEN NPTP       3
                                         OPEN PS         0
                                        CLOSE PS         1
                                         OPEN PL         0
                                        CLOSE PL         1
                                        CLOSE NPTP       2
                                        CLOSE POOL       2
                                         OPEN XPTD       1
                                        CLOSE XPTD       1
                                         OPEN POOL       2
                                        CLOSE POOL       2
 20:25:40.978         0.062          0.000                      91  SSG3      BEGN
 20:25:40.978         0.062          0.000                    FBSI  BEGN
                                         OPEN LLL        0
                                        CLOSE LLL        1
                                         OPEN PL         0
                                        CLOSE PL         1
 20:25:40.978         0.062          0.000                    FBS2  BEGN
 20:25:40.978         0.062          0.000                    FBS2  END 
                                         OPEN ULV        1
                                        CLOSE ULV        1
 20:25:40.978         0.062          0.000                    FBSI  END 
 20:25:40.978         0.062          0.000                    MMA       BEGN
 20:25:40.978         0.062          0.000                    MMA2  1   BEGN
                                         OPEN KLL        0
                                         OPEN ULV        0
                                         OPEN PL         0
                                         OPEN RULV       1
                                        CLOSE KLL        1
                                        CLOSE ULV        1
                                        CLOSE PL         1
                                        CLOSE RULV       1
 20:25:40.978         0.062          0.000                    MMA2  1   END 
   METHOD USED = 21NT  ACTUAL NUMBER OF PASSES =   1
 20:25:40.978         0.062          0.000                    MMA       END 
                                         OPEN ULV        0
                                         OPEN RULV       0
                                         OPEN PL         0
                                        CLOSE ULV        1
                                        CLOSE RULV       1
                                        CLOSE PL         1
 20:25:40.979         0.062          0.000          0.000       91  SSG3      END 
                                         OPEN POOL       2
                                        CLOSE POOL       2
                                         OPEN POOL       2
                                        CLOSE POOL       2
                                         OPEN XPTD       0
                                        CLOSE XPTD       1
                                         OPEN POOL       2
                                         OPEN NPTP       3
                                         OPEN ULV        0
                                        CLOSE ULV        1
                                         OPEN RULV       0
                                        CLOSE RULV       1
                                        CLOSE NPTP       2
                                        CLOSE POOL       2
                                         OPEN XPTD       1
                                        CLOSE XPTD       1
                                         OPEN POOL       2
                                        CLOSE POOL       2
 20:25:40.985         0.062          0.000                      92  COND      BEGN
                                         OPEN POOL       2
                                        CLOSE POOL       2
 20:25:40.985         0.062          0.000          0.000       92  COND      END 
                                         OPEN POOL       2
                                        CLOSE POOL       2
 20:25:40.985         0.062          0.000                      93  MATGPR    BEGN
                                         OPEN GPL        0
                                        CLOSE GPL        1
                                         OPEN USET       0
                                        CLOSE USET       1
                                         OPEN SIL        0
                                        CLOSE SIL        1
                                         OPEN RULV       0
                                        CLOSE RULV       1
 20:25:40.985         0.062          0.000          0.000       93  MATGPR    END 
                                         OPEN POOL       2
                                        CLOSE POOL       2
 20:25:40.985         0.062          0.000                      94  MATGPR    BEGN
 20:25:40.985         0.062          0.000          0.000       94  MATGPR    END 
                                         OPEN POOL       2
                                        CLOSE POOL       2
 20:25:40.985         0.062          0.000                      96  SDR1      BEGN
                                         OPEN PG         0
                                         OPEN PGG        1
                                        CLOSE PG         1
                                        CLOSE PGG        1
                                         OPEN USET       0
                                         OPEN SCRATCH1   1
                                        CLOSE USET       1
                                        CLOSE SCRATCH1   1
                                         OPEN SCRATCH1   0
                                        CLOSE SCRATCH1   1
                                         OPEN ULV        0
                                         OPEN SCRATCH3   1
                                        CLOSE ULV        1
                                        CLOSE SCRATCH3   1
 20:25:40.986         0.062          0.000                    MMA       BEGN
 20:25:40.986         0.062          0.000                    MMA2  1   BEGN
                                         OPEN KFS        0
                                         OPEN ULV        0
                                         OPEN PS         0
                                         OPEN SCRATCH1   1
                                        CLOSE KFS        1
                                        CLOSE ULV        1
                                        CLOSE PS         1
                                        CLOSE SCRATCH1   1
 20:25:40.986         0.062          0.000                    MMA2  1   END 
   METHOD USED = 21T   ACTUAL NUMBER OF PASSES =   1
 20:25:40.986         0.062          0.000                    MMA       END 
                                         OPEN USET       0
                                         OPEN SCRATCH4   1
                                        CLOSE USET       1
                                        CLOSE SCRATCH4   1
                                         OPEN SCRATCH4   0
                                        CLOSE SCRATCH4   1
                                         OPEN SCRATCH1   0
                                         OPEN SCRATCH6   1
                                        CLOSE SCRATCH1   1
                                        CLOSE SCRATCH6   1
                                         OPEN SCRATCH6   0
                                         OPEN QG         1
                                        CLOSE SCRATCH6   1
                                        CLOSE QG         1
                                         OPEN SCRATCH3   0
                                         OPEN UGV        1
                                        CLOSE SCRATCH3   1
                                        CLOSE UGV        1
 20:25:40.986         0.062          0.000          0.000       96  SDR1      END 
                                         OPEN POOL       2
                                        CLOSE POOL       2
                                         OPEN XPTD       0
                                        CLOSE XPTD       1
                                         OPEN POOL       2
                                         OPEN NPTP       3
                                         OPEN UGV        0
                                        CLOSE UGV        1
                                         OPEN PGG        0
                                        CLOSE PGG        1
                                         OPEN QG         0
                                        CLOSE QG         1
                                        CLOSE NPTP       2
                                        CLOSE POOL       2
                                         OPEN XPTD       1
                                        CLOSE XPTD       1
                                         OPEN POOL       2
                                        CLOSE POOL       2
 20:25:40.992         0.062          0.000                     100  PARAM     BEGN
 20:25:40.992         0.062          0.000          0.000      100  PARAM     END 
                                         OPEN POOL       2
                                        CLOSE POOL       2
 20:25:40.992         0.062          0.000                     101  COND      BEGN
                                         OPEN POOL       2
                                        CLOSE POOL       2
 20:25:40.992         0.062          0.000          0.000      101  COND      END 
                                         OPEN POOL       2
                                        CLOSE POOL       2
 20:25:40.992         0.062          0.000                     103  GPFDR     BEGN
                                         OPEN CASECC     0
                                         OPEN UGV        0
                                         OPEN ONRGY1     1
                                        CLOSE ONRGY1     3
                                         OPEN OGPFB1     1
                                        CLOSE OGPFB1     3
                                        CLOSE CASECC     1
                                        CLOSE UGV        1
 20:25:40.992         0.062          0.000          0.000      103  GPFDR     END 
                                         OPEN POOL       2
                                        CLOSE POOL       2
                                         OPEN XPTD       0
                                        CLOSE XPTD       1
                                         OPEN POOL       2
                                         OPEN NPTP       3
                                        CLOSE NPTP       2
                                        CLOSE POOL       2
                                         OPEN XPTD       1
                                        CLOSE XPTD       1
                                         OPEN POOL       2
                                        CLOSE POOL       2
 20:25:41.000         0.062          0.000                     104  PURGE     BEGN
 20:25:41.000         0.062          0.000          0.000      104  PURGE     END 
                                         OPEN POOL       2
                                        CLOSE POOL       2
                                         OPEN XPTD       0
                                        CLOSE XPTD       1
                                         OPEN POOL       2
                                         OPEN NPTP       3
                                        CLOSE NPTP       2
                                        CLOSE POOL       2
                                         OPEN XPTD       1
                                        CLOSE XPTD       1
                                         OPEN POOL       2
                                        CLOSE POOL       2
 20:25:41.007         0.062          0.000                     105  OFP       BEGN
 20:25:41.007         0.062          0.000          0.000      105  OFP       END 
                                         OPEN POOL       2
                                        CLOSE POOL       2
                                         OPEN POOL       2
                                        CLOSE POOL       2
 20:25:41.007         0.062          0.000                     106  COND      BEGN
                                         OPEN POOL       2
                                        CLOSE POOL       2
 20:25:41.007         0.062          0.000          0.000      106  COND      END 
                                         OPEN POOL       2
                                        CLOSE POOL       2
 20:25:41.007         0.062          0.000                    XSFA      BEGN
                                         OPEN POOL       2
                                        CLOSE POOL       2
                                         OPEN POOL       0
                                        CLOSE POOL       2
 20:25:41.008         0.062          0.000                    XSFA      END 
 20:25:41.008         0.062          0.000                     110  SDR2      BEGN
                                         OPEN CASECC     0
                                        CLOSE CASECC     1
                                         OPEN MPT        0
                                        CLOSE MPT        1
                                         OPEN EST        0
                                         OPEN SCRATCH1   1
                                        CLOSE EST        1
                                        CLOSE SCRATCH1   1
                                         OPEN EQEXIN     0
                                        CLOSE EQEXIN     1
                                         OPEN CASECC     0
                                         OPEN OQG1       1
                                         OPEN QG         0
                                        CLOSE CASECC     1
                                        CLOSE QG         1
                                        CLOSE OQG1       1
                                         OPEN CASECC     0
                                         OPEN OUGV1      1
                                         OPEN UGV        0
                                        CLOSE CASECC     1
                                        CLOSE UGV        1
                                        CLOSE OUGV1      1
                                         OPEN CASECC     0
                                         OPEN SCRATCH1   0
                                        CLOSE SCRATCH1   1
                                         OPEN UGV        0
                                         OPEN EQEXIN     0
                                         OPEN OES1       1
                                        CLOSE OES1       1
                                        CLOSE UGV        1
                                        CLOSE CASECC     1
                                        CLOSE EQEXIN     1
 20:25:41.008         0.062          0.000          0.000      110  SDR2      END 
                                         OPEN POOL       2
                                        CLOSE POOL       2
                                         OPEN POOL       2
                                        CLOSE POOL       2
                                         OPEN XPTD       0
                                        CLOSE XPTD       1
                                         OPEN POOL       2
                                         OPEN NPTP       3
                                         OPEN OQG1       0
                                        CLOSE OQG1       1
                                         OPEN OUGV1      0
                                        CLOSE OUGV1      1
                                         OPEN OES1       0
                                        CLOSE OES1       1
                                        CLOSE NPTP       2
                                        CLOSE POOL       2
                                         OPEN XPTD       1
                                        CLOSE XPTD       1
                                         OPEN POOL       2
                                        CLOSE POOL       2
 20:25:41.015         0.062          0.000                     111  COND      BEGN
                                         OPEN POOL       2
                                        CLOSE POOL       2
 20:25:41.015         0.062          0.000          0.000      111  COND      END 
                                         OPEN POOL       2
                                        CLOSE POOL       2
 20:25:41.015         0.062          0.000                     114  PURGE     BEGN
 20:25:41.015         0.062          0.000          0.000      114  PURGE     END 
                                         OPEN POOL       2
                                        CLOSE POOL       2
                                         OPEN XPTD       0
                                        CLOSE XPTD       1
                                         OPEN POOL       2
                                         OPEN NPTP       3
                                        CLOSE NPTP       2
                                        CLOSE POOL       2
                                         OPEN XPTD       1
                                        CLOSE XPTD       1
                                         OPEN POOL       2
                                        CLOSE POOL       2
 20:25:41.022         0.062          0.000                     115  COND      BEGN
                                         OPEN POOL       2
                                        CLOSE POOL       2
 20:25:41.022         0.062          0.000          0.000      115  COND      END 
                                         OPEN POOL       2
                                        CLOSE POOL       2
 20:25:41.022         0.062          0.000                     120  PURGE     BEGN
 20:25:41.022         0.062          0.000          0.000      120  PURGE     END 
                                         OPEN POOL       2
                                        CLOSE POOL       2
                                         OPEN XPTD       0
                                        CLOSE XPTD       1
                                         OPEN POOL       2
                                         OPEN NPTP       3
                                        CLOSE NPTP       2
                                        CLOSE POOL       2
                                         OPEN XPTD       1
                                        CLOSE XPTD       1
                                         OPEN POOL       2
                                        CLOSE POOL       2
 20:25:41.028         0.062          0.000                     121  COND      BEGN
                                         OPEN POOL       2
                                        CLOSE POOL       2
 20:25:41.028         0.062          0.000          0.000      121  COND      END 
                                         OPEN POOL       2
                                        CLOSE POOL       2
 20:25:41.029         0.062          0.000                     140  PURGE     BEGN
 20:25:41.029         0.062          0.000          0.000      140  PURGE     END 
                                         OPEN POOL       2
                                        CLOSE POOL       2
                                         OPEN XPTD       0
                                        CLOSE XPTD       1
                                         OPEN POOL       2
                                         OPEN NPTP       3
                                        CLOSE NPTP       2
                                        CLOSE POOL       2
                                         OPEN XPTD       1
                                        CLOSE XPTD       1
                                         OPEN POOL       2
                                        CLOSE POOL       2
 20:25:41.034         0.062          0.000                     141  COND      BEGN
                                         OPEN POOL       2
                                        CLOSE POOL       2
 20:25:41.034         0.062          0.000          0.000      141  COND      END 
                                         OPEN POOL       2
                                        CLOSE POOL       2
 20:25:41.034         0.062          0.000                     146  OFP       BEGN
                                         OPEN OUGV1      0
                                        CLOSE OUGV1      1
                                         OPEN OQG1       0
                                        CLOSE OQG1       1
                                         OPEN OES1       0
                                        CLOSE OES1       1
 20:25:41.052         0.078          0.016          0.016      146  OFP       END 
                                         OPEN POOL       2
                                        CLOSE POOL       2
                                         OPEN POOL       2
                                        CLOSE POOL       2
 20:25:41.052         0.078          0.000                     147  OFP       BEGN
 20:25:41.052         0.078          0.000          0.000      147  OFP       END 
                                         OPEN POOL       2
                                        CLOSE POOL       2
                                         OPEN POOL       2
                                        CLOSE POOL       2
 20:25:41.052         0.078          0.000                    XSFA      BEGN
                                         OPEN POOL       2
                                        CLOSE POOL       2
                                         OPEN POOL       0
                                        CLOSE POOL       2
 20:25:41.052         0.078          0.000                    XSFA      END 
 20:25:41.052         0.078          0.000                     148  SCAN      BEGN
                                         OPEN CASECC     0
                                        CLOSE CASECC     1
 20:25:41.052         0.078          0.000          0.000      148  SCAN      END 
                                         OPEN POOL       2
                                        CLOSE POOL       2
                                         OPEN XPTD       0
                                        CLOSE XPTD       1
                                         OPEN POOL       2
                                         OPEN NPTP       3
                                        CLOSE NPTP       2
                                        CLOSE POOL       2
                                         OPEN XPTD       1
                                        CLOSE XPTD       1
                                         OPEN POOL       2
                                        CLOSE POOL       2
 20:25:41.058         0.078          0.000                     149  OFP       BEGN
 20:25:41.058         0.078          0.000          0.000      149  OFP       END 
                                         OPEN POOL       2
                                        CLOSE POOL       2
                                         OPEN POOL       2
                                        CLOSE POOL       2
 20:25:41.058         0.078          0.000                     150  OFP       BEGN
 20:25:41.058         0.078          0.000          0.000      150  OFP       END 
                                         OPEN POOL       2
                                        CLOSE POOL       2
                                         OPEN POOL       2
                                        CLOSE POOL       2
 20:25:41.058         0.078          0.000                     152  COND      BEGN
                                         OPEN POOL       2
                                        CLOSE POOL       2
 20:25:41.058         0.078          0.000          0.000      152  COND      END 
                                         OPEN POOL       2
                                        CLOSE POOL       2
 20:25:41.058         0.078          0.000                     157  COND      BEGN
                                         OPEN POOL       2
                                        CLOSE POOL       2
 20:25:41.058         0.078          0.000          0.000      157  COND      END 
                                         OPEN POOL       2
                                        CLOSE POOL       2
 20:25:41.058         0.078          0.000                     171  PURGE     BEGN
 20:25:41.058         0.078          0.000          0.000      171  PURGE     END 
                                         OPEN POOL       2
                                        CLOSE POOL       2
                                         OPEN XPTD       0
                                        CLOSE XPTD       1
                                         OPEN POOL       2
                                         OPEN NPTP       3
                                        CLOSE NPTP       2
                                        CLOSE POOL       2
                                         OPEN XPTD       1
                                        CLOSE XPTD       1
                                         OPEN POOL       2
                                        CLOSE POOL       2
 20:25:41.063         0.078          0.000                     228  EXIT      BEGN
                                         OPEN POOL       2
1     STATISTICS ON IN-MEMORY DATA BASE AND DISK I/O USAGE

         LENGTH (IN WORDS) OF OPEN CORE ALLOCATED                   2000000
         LENGTH (IN WORDS) OF IN-MEMORY DATA BASE ALLOCATED        12000000
         NUMBER OF BLOCKS USED IN THE IN-MEMORY DATA BASE               103
         NUMBER OF BLOCKS ALLOCATED FOR THE IN-MEMORY DATA            11661
         PERCENTAGE OF IN-MEMORY DATA USED                                0%
         TOTAL BLOCKS WRITTEN TO DISK                                    80
         BLOCK SIZE (IN WORDS)                                         1024
         NUMBER OF OPENS TO DISK FILES                                  123
         NUMBER OF CLOSES TO DISK FILES                                 123
         NUMBER OF WRITES TO DISK FILES                                 159
         NUMBER OF READS FROM DISK FILES                                 89
         MEMORY (IN WORDS) NOT USED BY IN-MEM. DATA BASE           11939414
