1*****************************************************************************
 *                                                                           *
 *       DATE 12/27/16       LOG OF 95 X86_64 Windows_NT NASTRAN JOB         *
 *                                                                           *
 *****************************************************************************

   WALL               TOTAL       INCREMENTAL      MODULE              MODULE/
   CLOCK               CPU            CPU            CPU             SUBROUTINE
   TIME              SECONDS        SECONDS        SECONDS             STATUS

 ------------------------------------------------------------------------------

 11:04:35.857         0.016          0.000                    SEM1  BEGN
 11:04:35.858         0.016          0.000                    GNFI
 11:04:35.859         0.016          0.000                    TTIO
 11:04:35.862         0.016          0.000                    TTLP
 11:04:35.863         0.016          0.000                    XCSA
 ID    D09011A,NASTRAN                                                   
 11:04:35.887         0.031          0.016                    IFP1
 TITLE    = TRANSIENT ANALYSIS WITH DIRECT MATRIX INPUT                  
 11:04:35.891         0.031          0.000                    XSOR
 11:04:35.895         0.031          0.000                    IFP   BEGN
 11:04:35.896         0.031          0.000                    IFP   END 
 11:04:35.896         0.031          0.000                    XGPI
 11:04:35.897         0.031          0.000                    BAND  IT  BEGN
 11:04:35.897         0.031          0.000                    BAND  IT  QUIT
 11:04:35.897         0.031          0.000                    SEM1  END 
 11:04:35.897         0.031          0.000                       4  PARAM     BEGN
 11:04:35.897         0.031          0.000          0.000        4  PARAM     END 
 11:04:35.897         0.031          0.000                    XSFA      BEGN
 11:04:35.897         0.031          0.000                    XSFA      END 
 11:04:35.897         0.031          0.000                       5  GP1       BEGN
 11:04:35.897         0.031          0.000          0.000        5  GP1       END 
 11:04:35.897         0.031          0.000                       6  ANISOP    BEGN
 11:04:35.897         0.031          0.000          0.000        6  ANISOP    END 
 11:04:35.897         0.031          0.000                       7  EQUIV     BEGN
 11:04:35.897         0.031          0.000          0.000        7  EQUIV     END 
 11:04:35.897         0.031          0.000                       8  PLTTRAN   BEGN
 11:04:35.897         0.031          0.000          0.000        8  PLTTRAN   END 
 11:04:35.897         0.031          0.000                       9  PURGE     BEGN
 11:04:35.897         0.031          0.000          0.000        9  PURGE     END 
 11:04:35.897         0.031          0.000                      10  COND      BEGN
 11:04:35.897         0.031          0.000          0.000       10  COND      END 
 11:04:35.898         0.031          0.000                    XSFA      BEGN
 11:04:35.898         0.031          0.000                    XSFA      END 
 11:04:35.898         0.031          0.000                      89  DPD       BEGN
 11:04:35.898         0.031          0.000          0.000       89  DPD       END 
 11:04:35.898         0.031          0.000                      90  COND      BEGN
 11:04:35.898         0.031          0.000          0.000       90  COND      END 
 11:04:35.898         0.031          0.000                      91  PURGE     BEGN
 11:04:35.898         0.031          0.000          0.000       91  PURGE     END 
 11:04:35.898         0.031          0.000                      92  EQUIV     BEGN
 11:04:35.898         0.031          0.000          0.000       92  EQUIV     END 
 11:04:35.898         0.031          0.000                      93  BMG       BEGN
 11:04:35.898         0.031          0.000          0.000       93  BMG       END 
 11:04:35.898         0.031          0.000                      94  PARAM     BEGN
 11:04:35.898         0.031          0.000          0.000       94  PARAM     END 
 11:04:35.898         0.031          0.000                      95  PURGE     BEGN
 11:04:35.898         0.031          0.000          0.000       95  PURGE     END 
 11:04:35.898         0.031          0.000                      96  COND      BEGN
 11:04:35.898         0.031          0.000          0.000       96  COND      END 
 11:04:35.898         0.031          0.000                      99  MTRXIN    BEGN
 11:04:35.898         0.031          0.000          0.000       99  MTRXIN    END 
 11:04:35.898         0.031          0.000                     100  PARAM     BEGN
 11:04:35.898         0.031          0.000          0.000      100  PARAM     END 
 11:04:35.898         0.031          0.000                     101  PARAM     BEGN
 11:04:35.898         0.031          0.000          0.000      101  PARAM     END 
 11:04:35.898         0.031          0.000                     102  EQUIV     BEGN
 11:04:35.898         0.031          0.000          0.000      102  EQUIV     END 
 11:04:35.898         0.031          0.000                     103  COND      BEGN
 11:04:35.898         0.031          0.000          0.000      103  COND      END 
 11:04:35.898         0.031          0.000                     109  PARAM     BEGN
 11:04:35.898         0.031          0.000          0.000      109  PARAM     END 
 11:04:35.898         0.031          0.000                     110  PARAM     BEGN
 11:04:35.898         0.031          0.000          0.000      110  PARAM     END 
 11:04:35.898         0.031          0.000                     111  PARAM     BEGN
 11:04:35.898         0.031          0.000          0.000      111  PARAM     END 
 11:04:35.898         0.031          0.000                     112  PURGE     BEGN
 11:04:35.898         0.031          0.000          0.000      112  PURGE     END 
 11:04:35.898         0.031          0.000                     113  EQUIV     BEGN
 11:04:35.898         0.031          0.000          0.000      113  EQUIV     END 
 11:04:35.898         0.031          0.000                     114  COND      BEGN
 11:04:35.898         0.031          0.000          0.000      114  COND      END 
 11:04:35.898         0.031          0.000                     117  EQUIV     BEGN
 11:04:35.898         0.031          0.000          0.000      117  EQUIV     END 
 11:04:35.898         0.031          0.000                     118  PARAM     BEGN
 11:04:35.899         0.031          0.000          0.000      118  PARAM     END 
 11:04:35.899         0.031          0.000                     119  PARAM     BEGN
 11:04:35.899         0.031          0.000          0.000      119  PARAM     END 
 11:04:35.899         0.031          0.000                     121  PURGE     BEGN
 11:04:35.899         0.031          0.000          0.000      121  PURGE     END 
 11:04:35.899         0.031          0.000                    XSFA      BEGN
 11:04:35.899         0.031          0.000                    XSFA      END 
 11:04:35.899         0.031          0.000                     122  CASE      BEGN
 11:04:35.899         0.031          0.000          0.000      122  CASE      END 
 11:04:35.899         0.031          0.000                     123  PARAM     BEGN
 11:04:35.899         0.031          0.000          0.000      123  PARAM     END 
 11:04:35.899         0.031          0.000                     124  TRLG      BEGN
 11:04:35.900         0.031          0.000                    MMA       BEGN
 11:04:35.900         0.031          0.000                    MMA1  0   BEGN
 11:04:35.900         0.031          0.000                    MMA1  0   END 
   METHOD USED = 10NT  ACTUAL NUMBER OF PASSES =   1
 11:04:35.900         0.031          0.000                    MMA       END 
 11:04:35.900         0.031          0.000                    MMA       BEGN
 11:04:35.900         0.031          0.000                    MMA1  0   BEGN
 11:04:35.900         0.031          0.000                    MMA1  0   END 
   METHOD USED = 10NT  ACTUAL NUMBER OF PASSES =   1
 11:04:35.900         0.031          0.000                    MMA       END 
 11:04:35.900         0.031          0.000          0.000      124  TRLG      END 
 11:04:35.900         0.031          0.000                     125  EQUIV     BEGN
 11:04:35.900         0.031          0.000          0.000      125  EQUIV     END 
 11:04:35.900         0.031          0.000                     126  TRD       BEGN
 11:04:35.900         0.031          0.000                    DECO  MP  BEGN
 11:04:35.900         0.031          0.000                    DECO  MP  END 
 11:04:35.902         0.047          0.016                    DECO  MP  BEGN
 11:04:35.902         0.047          0.000                    DECO  MP  END 
 11:04:35.902         0.047          0.000          0.016      126  TRD       END 
 11:04:35.902         0.047          0.000                     127  VDR       BEGN
 11:04:35.902         0.047          0.000          0.000      127  VDR       END 
 11:04:35.902         0.047          0.000                     128  COND      BEGN
 11:04:35.902         0.047          0.000          0.000      128  COND      END 
 11:04:35.902         0.047          0.000                     129  SDR3      BEGN
 11:04:35.902         0.047          0.000          0.000      129  SDR3      END 
 11:04:35.902         0.047          0.000                     130  OFP       BEGN
 11:04:35.930         0.047          0.000          0.000      130  OFP       END 
 11:04:35.930         0.047          0.000                     131  XYTRAN    BEGN
 11:04:35.930         0.047          0.000          0.000      131  XYTRAN    END 
 11:04:35.930         0.047          0.000                     132  XYPLOT    BEGN
 11:04:35.930         0.047          0.000          0.000      132  XYPLOT    END 
 11:04:35.930         0.047          0.000                     134  PARAM     BEGN
 11:04:35.930         0.047          0.000          0.000      134  PARAM     END 
 11:04:35.930         0.047          0.000                     135  COND      BEGN
 11:04:35.930         0.047          0.000          0.000      135  COND      END 
 11:04:35.930         0.047          0.000                     136  EQUIV     BEGN
 11:04:35.930         0.047          0.000          0.000      136  EQUIV     END 
 11:04:35.930         0.047          0.000                     137  COND      BEGN
 11:04:35.930         0.047          0.000          0.000      137  COND      END 
 11:04:35.930         0.047          0.000                    XSFA      BEGN
 11:04:35.930         0.047          0.000                    XSFA      END 
 11:04:35.930         0.047          0.000                     140  SDR2      BEGN
 11:04:35.930         0.047          0.000          0.000      140  SDR2      END 
 11:04:35.930         0.047          0.000                     141  SDR3      BEGN
 11:04:35.931         0.047          0.000          0.000      141  SDR3      END 
 11:04:35.931         0.047          0.000                     142  OFP       BEGN
 11:04:35.978         0.078          0.031          0.031      142  OFP       END 
 11:04:35.978         0.078          0.000                     143  SCAN      BEGN
 11:04:35.978         0.078          0.000          0.000      143  SCAN      END 
 11:04:35.978         0.078          0.000                     144  OFP       BEGN
 11:04:35.978         0.078          0.000          0.000      144  OFP       END 
 11:04:35.978         0.078          0.000                     145  COND      BEGN
 11:04:35.978         0.078          0.000          0.000      145  COND      END 
 11:04:35.978         0.078          0.000                     146  PLOT      BEGN
 11:04:35.978         0.078          0.000          0.000      146  PLOT      END 
 11:04:35.978         0.078          0.000                     147  PRTMSG    BEGN
 11:04:35.978         0.078          0.000          0.000      147  PRTMSG    END 
 11:04:35.978         0.078          0.000                     149  XYTRAN    BEGN
 11:04:35.979         0.078          0.000          0.000      149  XYTRAN    END 
 11:04:35.979         0.078          0.000                     150  XYPLOT    BEGN
 11:04:35.990         0.078          0.000          0.000      150  XYPLOT    END 
 11:04:35.990         0.078          0.000                     155  JUMP      BEGN
 11:04:35.990         0.078          0.000          0.000      155  JUMP      END 
 11:04:35.990         0.078          0.000                     161  PURGE     BEGN
 11:04:35.990         0.078          0.000          0.000      161  PURGE     END 
 11:04:35.990         0.078          0.000                     162  EXIT      BEGN
1     STATISTICS ON IN-MEMORY DATA BASE AND DISK I/O USAGE

         LENGTH (IN WORDS) OF OPEN CORE ALLOCATED                   2000000
         LENGTH (IN WORDS) OF IN-MEMORY DATA BASE ALLOCATED        12000000
         NUMBER OF BLOCKS USED IN THE IN-MEMORY DATA BASE                54
         NUMBER OF BLOCKS ALLOCATED FOR THE IN-MEMORY DATA            11661
         PERCENTAGE OF IN-MEMORY DATA USED                                0%
         TOTAL BLOCKS WRITTEN TO DISK                              20000003
         BLOCK SIZE (IN WORDS)                                         1024
         NUMBER OF OPENS TO DISK FILES                                    6
         NUMBER OF CLOSES TO DISK FILES                                   6
         NUMBER OF WRITES TO DISK FILES                                   5
         NUMBER OF READS FROM DISK FILES                                  6
         MEMORY (IN WORDS) NOT USED BY IN-MEM. DATA BASE           11990031
