1*****************************************************************************
 *                                                                           *
 *       DATE 12/27/16       LOG OF 95 X86_64 Windows_NT NASTRAN JOB         *
 *                                                                           *
 *****************************************************************************

   WALL               TOTAL       INCREMENTAL      MODULE              MODULE/
   CLOCK               CPU            CPU            CPU             SUBROUTINE
   TIME              SECONDS        SECONDS        SECONDS             STATUS

 ------------------------------------------------------------------------------

 10:22:00.062         0.000          0.000                    SEM1  BEGN
 10:22:00.063         0.000          0.000                    GNFI
 10:22:00.064         0.000          0.000                    TTIO
 10:22:00.066         0.000          0.000                    TTLP
 10:22:00.066         0.000          0.000                    XCSA
 ID    D03051A,NASTRAN                                                   
 10:22:00.082         0.000          0.000                    IFP1
 TITLE    = NONLINEAR HEAT TRANSFER IN AN INFINITE SLAB                  
 10:22:00.086         0.000          0.000                    XSOR
 10:22:00.090         0.000          0.000                    IFP   BEGN
 10:22:00.091         0.000          0.000                    IFP   END 
 10:22:00.091         0.000          0.000                    XGPI
 10:22:00.092         0.000          0.000                    BAND  IT  BEGN
 10:22:00.092         0.000          0.000                    BAND  IT  QUIT
 10:22:00.092         0.000          0.000                    SEM1  END 
 10:22:00.092         0.000          0.000                       3  PARAM     BEGN
 10:22:00.092         0.000          0.000          0.000        3  PARAM     END 
 10:22:00.092         0.000          0.000                    XSFA      BEGN
 10:22:00.093         0.000          0.000                    XSFA      END 
 10:22:00.093         0.000          0.000                       4  GP1       BEGN
 10:22:00.099         0.000          0.000          0.000        4  GP1       END 
 10:22:00.099         0.000          0.000                       5  ANISOP    BEGN
 10:22:00.099         0.000          0.000          0.000        5  ANISOP    END 
 10:22:00.099         0.000          0.000                       6  EQUIV     BEGN
 10:22:00.099         0.000          0.000          0.000        6  EQUIV     END 
 10:22:00.099         0.000          0.000                       7  PLTTRAN   BEGN
 10:22:00.099         0.000          0.000          0.000        7  PLTTRAN   END 
 10:22:00.099         0.000          0.000                       8  GP2       BEGN
 10:22:00.099         0.000          0.000          0.000        8  GP2       END 
 10:22:00.099         0.000          0.000                       9  PARAML    BEGN
 10:22:00.099         0.000          0.000          0.000        9  PARAML    END 
 10:22:00.099         0.000          0.000                      10  PURGE     BEGN
 10:22:00.099         0.000          0.000          0.000       10  PURGE     END 
 10:22:00.099         0.000          0.000                      11  COND      BEGN
 10:22:00.099         0.000          0.000          0.000       11  COND      END 
 10:22:00.099         0.000          0.000                      22  GP3       BEGN
 10:22:00.100         0.000          0.000          0.000       22  GP3       END 
 10:22:00.100         0.000          0.000                      25  CASE      BEGN
 10:22:00.100         0.000          0.000          0.000       25  CASE      END 
 10:22:00.100         0.000          0.000                      28  TA1       BEGN
 10:22:00.100         0.000          0.000          0.000       28  TA1       END 
 10:22:00.100         0.000          0.000                      29  COND      BEGN
 10:22:00.100         0.000          0.000          0.000       29  COND      END 
 10:22:00.100         0.000          0.000                      30  PARAM     BEGN
 10:22:00.100         0.000          0.000          0.000       30  PARAM     END 
 10:22:00.100         0.000          0.000                      31  EMG       BEGN
 10:22:00.105         0.000          0.000          0.000       31  EMG       END 
 10:22:00.105         0.000          0.000                      32  PURGE     BEGN
 10:22:00.105         0.000          0.000          0.000       32  PURGE     END 
 10:22:00.105         0.000          0.000                      33  COND      BEGN
 10:22:00.105         0.000          0.000          0.000       33  COND      END 
 10:22:00.105         0.000          0.000                      34  EMA       BEGN
 10:22:00.106         0.000          0.000          0.000       34  EMA       END 
 10:22:00.106         0.000          0.000                      35  PURGE     BEGN
 10:22:00.106         0.000          0.000          0.000       35  PURGE     END 
 10:22:00.106         0.000          0.000                      37  RMG       BEGN
 10:22:00.106         0.000          0.000          0.000       37  RMG       END 
 10:22:00.106         0.000          0.000                      38  EQUIV     BEGN
 10:22:00.106         0.000          0.000          0.000       38  EQUIV     END 
 10:22:00.106         0.000          0.000                      39  GPSTGEN   BEGN
 10:22:00.106         0.000          0.000          0.000       39  GPSTGEN   END 
 10:22:00.106         0.000          0.000                      40  PURGE     BEGN
 10:22:00.106         0.000          0.000          0.000       40  PURGE     END 
 10:22:00.106         0.000          0.000                      41  PARAM     BEGN
 10:22:00.106         0.000          0.000          0.000       41  PARAM     END 
 10:22:00.106         0.000          0.000                    XSFA      BEGN
 10:22:00.106         0.000          0.000                    XSFA      END 
 10:22:00.106         0.000          0.000                      42  GP4       BEGN
 10:22:00.106         0.000          0.000          0.000       42  GP4       END 
 10:22:00.106         0.000          0.000                      43  OFP       BEGN
 10:22:00.106         0.000          0.000          0.000       43  OFP       END 
 10:22:00.106         0.000          0.000                      44  COND      BEGN
 10:22:00.106         0.000          0.000          0.000       44  COND      END 
 10:22:00.106         0.000          0.000                      45  PURGE     BEGN
 10:22:00.106         0.000          0.000          0.000       45  PURGE     END 
 10:22:00.106         0.000          0.000                      46  EQUIV     BEGN
 10:22:00.106         0.000          0.000          0.000       46  EQUIV     END 
 10:22:00.106         0.000          0.000                      47  COND      BEGN
 10:22:00.106         0.000          0.000          0.000       47  COND      END 
 10:22:00.107         0.000          0.000                      51  EQUIV     BEGN
 10:22:00.107         0.000          0.000          0.000       51  EQUIV     END 
 10:22:00.107         0.000          0.000                      52  COND      BEGN
 10:22:00.107         0.000          0.000          0.000       52  COND      END 
 10:22:00.107         0.000          0.000                      53  VEC       BEGN
 10:22:00.107         0.000          0.000          0.000       53  VEC       END 
 10:22:00.107         0.000          0.000                      54  PARTN     BEGN
 10:22:00.107         0.000          0.000          0.000       54  PARTN     END 
 10:22:00.107         0.000          0.000                      55  PARTN     BEGN
 10:22:00.107         0.000          0.000          0.000       55  PARTN     END 
 10:22:00.107         0.000          0.000                      57  DECOMP    BEGN
 10:22:00.108         0.000          0.000                    SMCO  MP  BEGN          
 10:22:00.108         0.000          0.000                    SMCO  MP  END           
 10:22:00.108         0.000          0.000          0.000       57  DECOMP    END 
 10:22:00.108         0.000          0.000                      58  COND      BEGN
 10:22:00.108         0.000          0.000          0.000       58  COND      END 
 10:22:00.108         0.000          0.000                      59  SSG1      BEGN
 10:22:00.113         0.000          0.000          0.000       59  SSG1      END 
 10:22:00.113         0.000          0.000                      60  EQUIV     BEGN
 10:22:00.113         0.000          0.000          0.000       60  EQUIV     END 
 10:22:00.113         0.000          0.000                      61  COND      BEGN
 10:22:00.113         0.000          0.000          0.000       61  COND      END 
 10:22:00.113         0.000          0.000                    XSFA      BEGN
 10:22:00.113         0.000          0.000                    XSFA      END 
 10:22:00.113         0.000          0.000                      62  SSG2      BEGN
 10:22:00.113         0.000          0.000                    MMA       BEGN
       MMA - NULL MATRIX PRODUCT
 10:22:00.113         0.000          0.000                    MMA       END 
 10:22:00.113         0.000          0.000          0.000       62  SSG2      END 
 10:22:00.113         0.000          0.000                      64  SSGHT     BEGN
 10:22:00.114         0.000          0.000                    FBSI  BEGN
 10:22:00.114         0.000          0.000                    FBS2  BEGN
 10:22:00.114         0.000          0.000                    FBS2  END 
 10:22:00.114         0.000          0.000                    FBSI  END 
 10:22:00.114         0.000          0.000                    FBSI  BEGN
 10:22:00.114         0.000          0.000                    FBS2  BEGN
 10:22:00.114         0.000          0.000                    FBS2  END 
 10:22:00.114         0.000          0.000                    FBSI  END 
 10:22:00.114         0.000          0.000                    FBSI  BEGN
 10:22:00.114         0.000          0.000                    FBS2  BEGN
 10:22:00.114         0.000          0.000                    FBS2  END 
 10:22:00.114         0.000          0.000                    FBSI  END 
 10:22:00.114         0.000          0.000                    FBSI  BEGN
 10:22:00.114         0.000          0.000                    FBS2  BEGN
 10:22:00.114         0.000          0.000                    FBS2  END 
 10:22:00.114         0.000          0.000                    FBSI  END 
 10:22:00.114         0.000          0.000                    FBSI  BEGN
 10:22:00.114         0.000          0.000                    FBS2  BEGN
 10:22:00.114         0.000          0.000                    FBS2  END 
 10:22:00.114         0.000          0.000                    FBSI  END 
 10:22:00.114         0.000          0.000                    FBSI  BEGN
 10:22:00.114         0.000          0.000                    FBS2  BEGN
 10:22:00.114         0.000          0.000                    FBS2  END 
 10:22:00.114         0.000          0.000                    FBSI  END 
 10:22:00.114         0.000          0.000                    FBSI  BEGN
 10:22:00.114         0.000          0.000                    FBS2  BEGN
 10:22:00.114         0.000          0.000                    FBS2  END 
 10:22:00.114         0.000          0.000                    FBSI  END 
 10:22:00.114         0.000          0.000                    FBSI  BEGN
 10:22:00.114         0.000          0.000                    FBS2  BEGN
 10:22:00.114         0.000          0.000                    FBS2  END 
 10:22:00.114         0.000          0.000                    FBSI  END 
 10:22:00.114         0.000          0.000                    FBSI  BEGN
 10:22:00.114         0.000          0.000                    FBS2  BEGN
 10:22:00.114         0.000          0.000                    FBS2  END 
 10:22:00.114         0.000          0.000                    FBSI  END 
 10:22:00.114         0.000          0.000                    FBSI  BEGN
 10:22:00.114         0.000          0.000                    FBS2  BEGN
 10:22:00.114         0.000          0.000                    FBS2  END 
 10:22:00.114         0.000          0.000                    FBSI  END 
 10:22:00.114         0.000          0.000                    FBSI  BEGN
 10:22:00.114         0.000          0.000                    FBS2  BEGN
 10:22:00.114         0.000          0.000                    FBS2  END 
 10:22:00.114         0.000          0.000                    FBSI  END 
 10:22:00.114         0.000          0.000                    FBSI  BEGN
 10:22:00.114         0.000          0.000                    FBS2  BEGN
 10:22:00.114         0.000          0.000                    FBS2  END 
 10:22:00.114         0.000          0.000                    FBSI  END 
 10:22:00.114         0.000          0.000                    FBSI  BEGN
 10:22:00.114         0.000          0.000                    FBS2  BEGN
 10:22:00.114         0.000          0.000                    FBS2  END 
 10:22:00.114         0.000          0.000                    FBSI  END 
 10:22:00.114         0.000          0.000                    FBSI  BEGN
 10:22:00.115         0.000          0.000                    FBS2  BEGN
 10:22:00.115         0.000          0.000                    FBS2  END 
 10:22:00.115         0.000          0.000                    FBSI  END 
 10:22:00.115         0.000          0.000                    FBSI  BEGN
 10:22:00.115         0.000          0.000                    FBS2  BEGN
 10:22:00.115         0.000          0.000                    FBS2  END 
 10:22:00.115         0.000          0.000                    FBSI  END 
 10:22:00.115         0.000          0.000                    FBSI  BEGN
 10:22:00.115         0.000          0.000                    FBS2  BEGN
 10:22:00.115         0.000          0.000                    FBS2  END 
 10:22:00.115         0.000          0.000                    FBSI  END 
 10:22:00.115         0.000          0.000                    FBSI  BEGN
 10:22:00.115         0.000          0.000                    FBS2  BEGN
 10:22:00.115         0.000          0.000                    FBS2  END 
 10:22:00.115         0.000          0.000                    FBSI  END 
 10:22:00.115         0.000          0.000                    FBSI  BEGN
 10:22:00.115         0.000          0.000                    FBS2  BEGN
 10:22:00.115         0.000          0.000                    FBS2  END 
 10:22:00.115         0.000          0.000                    FBSI  END 
 10:22:00.115         0.000          0.000                    FBSI  BEGN
 10:22:00.115         0.000          0.000                    FBS2  BEGN
 10:22:00.115         0.000          0.000                    FBS2  END 
 10:22:00.115         0.000          0.000                    FBSI  END 
 10:22:00.115         0.000          0.000                    FBSI  BEGN
 10:22:00.115         0.000          0.000                    FBS2  BEGN
 10:22:00.115         0.000          0.000                    FBS2  END 
 10:22:00.115         0.000          0.000                    FBSI  END 
 10:22:00.115         0.000          0.000                    FBSI  BEGN
 10:22:00.115         0.000          0.000                    FBS2  BEGN
 10:22:00.115         0.000          0.000                    FBS2  END 
 10:22:00.115         0.000          0.000                    FBSI  END 
 10:22:00.115         0.000          0.000                    FBSI  BEGN
 10:22:00.115         0.000          0.000                    FBS2  BEGN
 10:22:00.115         0.000          0.000                    FBS2  END 
 10:22:00.115         0.000          0.000                    FBSI  END 
 10:22:00.115         0.000          0.000          0.000       64  SSGHT     END 
 10:22:00.115         0.000          0.000                      65  COND      BEGN
 10:22:00.115         0.000          0.000          0.000       65  COND      END 
 10:22:00.115         0.000          0.000                      66  MATGPR    BEGN
 10:22:00.116         0.000          0.000          0.000       66  MATGPR    END 
 10:22:00.116         0.000          0.000                      68  SDR2      BEGN
 10:22:00.116         0.000          0.000          0.000       68  SDR2      END 
 10:22:00.116         0.000          0.000                      69  OFP       BEGN
 10:22:00.117         0.000          0.000          0.000       69  OFP       END 
 10:22:00.117         0.000          0.000                      70  SDRHT     BEGN
 10:22:00.117         0.000          0.000          0.000       70  SDRHT     END 
 10:22:00.117         0.000          0.000                      71  OFP       BEGN
 10:22:00.118         0.000          0.000          0.000       71  OFP       END 
 10:22:00.118         0.000          0.000                      72  COND      BEGN
 10:22:00.118         0.000          0.000          0.000       72  COND      END 
 10:22:00.118         0.000          0.000                      79  JUMP      BEGN
 10:22:00.118         0.000          0.000          0.000       79  JUMP      END 
 10:22:00.118         0.000          0.000                      87  PURGE     BEGN
 10:22:00.118         0.000          0.000          0.000       87  PURGE     END 
 10:22:00.118         0.000          0.000                      88  EXIT      BEGN
1     STATISTICS ON IN-MEMORY DATA BASE AND DISK I/O USAGE

         LENGTH (IN WORDS) OF OPEN CORE ALLOCATED                   2000000
         LENGTH (IN WORDS) OF IN-MEMORY DATA BASE ALLOCATED        12000000
         NUMBER OF BLOCKS USED IN THE IN-MEMORY DATA BASE                44
         NUMBER OF BLOCKS ALLOCATED FOR THE IN-MEMORY DATA            11661
         PERCENTAGE OF IN-MEMORY DATA USED                                0%
         TOTAL BLOCKS WRITTEN TO DISK                              20000002
         BLOCK SIZE (IN WORDS)                                         1024
         NUMBER OF OPENS TO DISK FILES                                    6
         NUMBER OF CLOSES TO DISK FILES                                   6
         NUMBER OF WRITES TO DISK FILES                                   4
         NUMBER OF READS FROM DISK FILES                                  5
         MEMORY (IN WORDS) NOT USED BY IN-MEM. DATA BASE           12000361
