1*****************************************************************************
 *                                                                           *
 *       DATE 12/27/16       LOG OF 95 X86_64 Windows_NT NASTRAN JOB         *
 *                                                                           *
 *****************************************************************************

   WALL               TOTAL       INCREMENTAL      MODULE              MODULE/
   CLOCK               CPU            CPU            CPU             SUBROUTINE
   TIME              SECONDS        SECONDS        SECONDS             STATUS

 ------------------------------------------------------------------------------

 10:29:08.133         0.000          0.000                    SEM1  BEGN
 10:29:08.134         0.000          0.000                    GNFI
 10:29:08.135         0.000          0.000                    TTIO
 10:29:08.137         0.000          0.000                    TTLP
 10:29:08.137         0.000          0.000                    XCSA
 ID    D03082A,NASTRAN                                                   
 10:29:08.150         0.000          0.000                    IFP1
 TITLE    = HELICOPTER MAIN ROTOR PYLON ON A RIGID-BODY FUSELAGE         
 10:29:08.154         0.000          0.000                    XSOR
 10:29:08.160         0.000          0.000                    IFP   BEGN
 10:29:08.160         0.000          0.000                    IFP   END 
 10:29:08.160         0.000          0.000                    XGPI
 10:29:08.161         0.000          0.000                    BAND  IT  BEGN
 10:29:08.171         0.000          0.000                    BAND  IT  END 
 10:29:08.171         0.000          0.000                    SEM1  END 
 10:29:08.171         0.000          0.000                       4  PARAM     BEGN
 10:29:08.171         0.000          0.000          0.000        4  PARAM     END 
 10:29:08.171         0.000          0.000                    XSFA      BEGN
 10:29:08.171         0.000          0.000                    XSFA      END 
 10:29:08.171         0.000          0.000                       5  GP1       BEGN
 10:29:08.175         0.000          0.000          0.000        5  GP1       END 
 10:29:08.176         0.000          0.000                       6  ANISOP    BEGN
 10:29:08.176         0.000          0.000          0.000        6  ANISOP    END 
 10:29:08.176         0.000          0.000                       7  EQUIV     BEGN
 10:29:08.176         0.000          0.000          0.000        7  EQUIV     END 
 10:29:08.176         0.000          0.000                       8  PLTTRAN   BEGN
 10:29:08.176         0.000          0.000          0.000        8  PLTTRAN   END 
 10:29:08.176         0.000          0.000                       9  GP2       BEGN
 10:29:08.176         0.000          0.000          0.000        9  GP2       END 
 10:29:08.176         0.000          0.000                      10  PARAML    BEGN
 10:29:08.176         0.000          0.000          0.000       10  PARAML    END 
 10:29:08.176         0.000          0.000                      11  PURGE     BEGN
 10:29:08.176         0.000          0.000          0.000       11  PURGE     END 
 10:29:08.176         0.000          0.000                      12  COND      BEGN
 10:29:08.176         0.000          0.000          0.000       12  COND      END 
 10:29:08.176         0.000          0.000                      21  GP3       BEGN
 10:29:08.176         0.000          0.000          0.000       21  GP3       END 
 10:29:08.176         0.000          0.000                      22  TA1       BEGN
 10:29:08.176         0.000          0.000          0.000       22  TA1       END 
 10:29:08.176         0.000          0.000                      23  EQUIV     BEGN
 10:29:08.176         0.000          0.000          0.000       23  EQUIV     END 
 10:29:08.176         0.000          0.000                      24  COND      BEGN
 10:29:08.176         0.000          0.000          0.000       24  COND      END 
 10:29:08.176         0.000          0.000                      25  PARAM     BEGN
 10:29:08.176         0.000          0.000          0.000       25  PARAM     END 
 10:29:08.176         0.000          0.000                      26  PARAM     BEGN
 10:29:08.176         0.000          0.000          0.000       26  PARAM     END 
 10:29:08.176         0.000          0.000                      27  EMG       BEGN
 10:29:08.181         0.000          0.000          0.000       27  EMG       END 
 10:29:08.181         0.000          0.000                      28  PURGE     BEGN
 10:29:08.181         0.000          0.000          0.000       28  PURGE     END 
 10:29:08.181         0.000          0.000                      29  COND      BEGN
 10:29:08.181         0.000          0.000          0.000       29  COND      END 
 10:29:08.181         0.000          0.000                      30  EMA       BEGN
 10:29:08.181         0.000          0.000          0.000       30  EMA       END 
 10:29:08.181         0.000          0.000                      32  COND      BEGN
 10:29:08.181         0.000          0.000          0.000       32  COND      END 
 10:29:08.181         0.000          0.000                      33  EMA       BEGN
 10:29:08.181         0.000          0.000          0.000       33  EMA       END 
 10:29:08.181         0.000          0.000                      34  PURGE     BEGN
 10:29:08.181         0.000          0.000          0.000       34  PURGE     END 
 10:29:08.181         0.000          0.000                      35  COND      BEGN
 10:29:08.181         0.000          0.000          0.000       35  COND      END 
 10:29:08.181         0.000          0.000                      36  GPWG      BEGN
 10:29:08.181         0.000          0.000                    TRAN  POSE
 10:29:08.181         0.000          0.000                    TRAN  POSE
 10:29:08.181         0.000          0.000                    MMA       BEGN
 10:29:08.181         0.000          0.000                    MMA3  1   BEGN
 10:29:08.182         0.000          0.000                    MMA3  1   END 
   METHOD USED = 31NT  ACTUAL NUMBER OF PASSES =   1
 10:29:08.182         0.000          0.000                    MMA       END 
 10:29:08.182         0.000          0.000                    MMA       BEGN
 10:29:08.182         0.000          0.000                    MMA3  2   BEGN
 10:29:08.182         0.000          0.000                    MMA3  2   END 
   METHOD USED = 32T   ACTUAL NUMBER OF PASSES =   1
 10:29:08.182         0.000          0.000                    MMA       END 
 10:29:08.182         0.000          0.000          0.000       36  GPWG      END 
 10:29:08.182         0.000          0.000                      37  OFP       BEGN
 10:29:08.182         0.000          0.000          0.000       37  OFP       END 
 10:29:08.182         0.000          0.000                      39  EQUIV     BEGN
 10:29:08.182         0.000          0.000          0.000       39  EQUIV     END 
 10:29:08.182         0.000          0.000                      40  COND      BEGN
 10:29:08.182         0.000          0.000          0.000       40  COND      END 
 10:29:08.182         0.000          0.000                      43  GPSTGEN   BEGN
 10:29:08.182         0.000          0.000          0.000       43  GPSTGEN   END 
 10:29:08.182         0.000          0.000                      44  PARAM     BEGN
 10:29:08.182         0.000          0.000          0.000       44  PARAM     END 
 10:29:08.182         0.000          0.000                    XSFA      BEGN
 10:29:08.182         0.000          0.000                    XSFA      END 
 10:29:08.182         0.000          0.000                      45  GP4       BEGN
 10:29:08.183         0.000          0.000                    GP4P  RT  BEGN
 10:29:08.184         0.016          0.000                    GP4P  RT  END 
 10:29:08.184         0.016          0.000          0.016       45  GP4       END 
 10:29:08.184         0.016          0.000                      46  OFP       BEGN
 10:29:08.185         0.016          0.000          0.000       46  OFP       END 
 10:29:08.185         0.016          0.000                      47  COND      BEGN
 10:29:08.185         0.016          0.000          0.000       47  COND      END 
 10:29:08.185         0.016          0.000                      48  PURGE     BEGN
 10:29:08.185         0.016          0.000          0.000       48  PURGE     END 
 10:29:08.185         0.016          0.000                      49  EQUIV     BEGN
 10:29:08.185         0.016          0.000          0.000       49  EQUIV     END 
 10:29:08.185         0.016          0.000                      50  COND      BEGN
 10:29:08.185         0.016          0.000          0.000       50  COND      END 
 10:29:08.185         0.016          0.000                      51  MCE1      BEGN
 10:29:08.185         0.016          0.000                    DECO  MP  BEGN
 10:29:08.185         0.016          0.000                    DECO  MP  END 
 10:29:08.185         0.016          0.000                    GFBS  BEGN
 10:29:08.186         0.016          0.000                    GFBS  END 
 10:29:08.186         0.016          0.000          0.000       51  MCE1      END 
 10:29:08.186         0.016          0.000                      52  MCE2      BEGN
 10:29:08.186         0.016          0.000                    MMA       BEGN
 10:29:08.186         0.016          0.000                    MMA3  1   BEGN
 10:29:08.186         0.016          0.000                    MMA3  1   END 
   METHOD USED = 31NT  ACTUAL NUMBER OF PASSES =   1
 10:29:08.186         0.016          0.000                    MMA       END 
 10:29:08.186         0.016          0.000                    MMA       BEGN
 10:29:08.186         0.016          0.000                    MMA3  2   BEGN
 10:29:08.186         0.016          0.000                    MMA3  2   END 
   METHOD USED = 32T   ACTUAL NUMBER OF PASSES =   1
 10:29:08.186         0.016          0.000                    MMA       END 
 10:29:08.186         0.016          0.000                    MMA       BEGN
 10:29:08.186         0.016          0.000                    MMA3  2   BEGN
 10:29:08.186         0.016          0.000                    MMA3  2   END 
   METHOD USED = 32T   ACTUAL NUMBER OF PASSES =   1
 10:29:08.186         0.016          0.000                    MMA       END 
 10:29:08.187         0.016          0.000                    MMA       BEGN
 10:29:08.187         0.016          0.000                    MMA3  1   BEGN
 10:29:08.187         0.016          0.000                    MMA3  1   END 
   METHOD USED = 31NT  ACTUAL NUMBER OF PASSES =   1
 10:29:08.187         0.016          0.000                    MMA       END 
 10:29:08.187         0.016          0.000                    MMA       BEGN
       MMA - NULL MATRIX PRODUCT
 10:29:08.187         0.016          0.000                    MMA       END 
 10:29:08.187         0.016          0.000                    MMA       BEGN
 10:29:08.187         0.016          0.000                    MMA3  2   BEGN
 10:29:08.187         0.016          0.000                    MMA3  2   END 
   METHOD USED = 32T   ACTUAL NUMBER OF PASSES =   1
 10:29:08.187         0.016          0.000                    MMA       END 
 10:29:08.187         0.016          0.000          0.000       52  MCE2      END 
 10:29:08.187         0.016          0.000                      54  EQUIV     BEGN
 10:29:08.187         0.016          0.000          0.000       54  EQUIV     END 
 10:29:08.187         0.016          0.000                      55  COND      BEGN
 10:29:08.187         0.016          0.000          0.000       55  COND      END 
 10:29:08.187         0.016          0.000                      56  SCE1      BEGN
 10:29:08.187         0.016          0.000          0.000       56  SCE1      END 
 10:29:08.187         0.016          0.000                      58  EQUIV     BEGN
 10:29:08.187         0.016          0.000          0.000       58  EQUIV     END 
 10:29:08.187         0.016          0.000                      59  EQUIV     BEGN
 10:29:08.187         0.016          0.000          0.000       59  EQUIV     END 
 10:29:08.187         0.016          0.000                      60  COND      BEGN
 10:29:08.187         0.016          0.000          0.000       60  COND      END 
 10:29:08.187         0.016          0.000                      61  SMP1      BEGN
 10:29:08.187         0.016          0.000                    SMCO  MP  BEGN          
 10:29:08.188         0.016          0.000                    SMCO  MP  END           
 10:29:08.188         0.016          0.000                    FBSI  BEGN
 10:29:08.188         0.016          0.000                    FBS2  BEGN
 10:29:08.188         0.016          0.000                    FBS2  END 
 10:29:08.188         0.016          0.000                    FBSI  END 
 10:29:08.188         0.016          0.000                    MMA       BEGN
 10:29:08.188         0.016          0.000                    MMA3  2   BEGN
 10:29:08.188         0.016          0.000                    MMA3  2   END 
   METHOD USED = 32T   ACTUAL NUMBER OF PASSES =   1
 10:29:08.188         0.016          0.000                    MMA       END 
 10:29:08.188         0.016          0.000          0.000       61  SMP1      END 
 10:29:08.188         0.016          0.000                      62  SMP2      BEGN
 10:29:08.188         0.016          0.000                    MMA       BEGN
 10:29:08.188         0.016          0.000                    MMA3  1   BEGN
 10:29:08.188         0.016          0.000                    MMA3  1   END 
   METHOD USED = 31NT  ACTUAL NUMBER OF PASSES =   1
 10:29:08.188         0.016          0.000                    MMA       END 
 10:29:08.188         0.016          0.000                    MMA       BEGN
 10:29:08.188         0.016          0.000                    MMA3  2   BEGN
 10:29:08.188         0.016          0.000                    MMA3  2   END 
   METHOD USED = 32T   ACTUAL NUMBER OF PASSES =   1
 10:29:08.188         0.016          0.000                    MMA       END 
 10:29:08.188         0.016          0.000                    MMA       BEGN
 10:29:08.188         0.016          0.000                    MMA3  2   BEGN
 10:29:08.189         0.016          0.000                    MMA3  2   END 
   METHOD USED = 32T   ACTUAL NUMBER OF PASSES =   1
 10:29:08.189         0.016          0.000                    MMA       END 
 10:29:08.189         0.016          0.000          0.000       62  SMP2      END 
 10:29:08.189         0.016          0.000                      64  COND      BEGN
 10:29:08.189         0.016          0.000          0.000       64  COND      END 
 10:29:08.189         0.016          0.000                      65  RBMG1     BEGN
 10:29:08.189         0.016          0.000          0.000       65  RBMG1     END 
 10:29:08.189         0.016          0.000                      66  RBMG2     BEGN
 10:29:08.189         0.016          0.000                    SMCO  MP  BEGN          
 10:29:08.189         0.016          0.000                    SMCO  MP  END           
 10:29:08.189         0.016          0.000          0.000       66  RBMG2     END 
 10:29:08.189         0.016          0.000                      67  RBMG3     BEGN
 10:29:08.189         0.016          0.000                    FBSI  BEGN
 10:29:08.189         0.016          0.000                    FBS2  BEGN
 10:29:08.189         0.016          0.000                    FBS2  END 
 10:29:08.189         0.016          0.000                    FBSI  END 
 10:29:08.189         0.016          0.000                    MMA       BEGN
 10:29:08.189         0.016          0.000                    MMA2  1   BEGN
 10:29:08.189         0.016          0.000                    MMA2  1   END 
   METHOD USED = 21T   ACTUAL NUMBER OF PASSES =   1
 10:29:08.189         0.016          0.000                    MMA       END 
 10:29:08.189         0.016          0.000          0.000       67  RBMG3     END 
 10:29:08.189         0.016          0.000                      68  RBMG4     BEGN
 10:29:08.189         0.016          0.000                    MMA       BEGN
 10:29:08.189         0.016          0.000                    MMA2  1   BEGN
 10:29:08.190         0.016          0.000                    MMA2  1   END 
   METHOD USED = 21NT  ACTUAL NUMBER OF PASSES =   1
 10:29:08.190         0.016          0.000                    MMA       END 
 10:29:08.190         0.016          0.000                    MMA       BEGN
 10:29:08.190         0.016          0.000                    MMA2  1   BEGN
 10:29:08.190         0.016          0.000                    MMA2  1   END 
   METHOD USED = 21T   ACTUAL NUMBER OF PASSES =   1
 10:29:08.190         0.016          0.000                    MMA       END 
 10:29:08.190         0.016          0.000                    MMA       BEGN
 10:29:08.190         0.016          0.000                    MMA1  0   BEGN
 10:29:08.190         0.016          0.000                    MMA1  0   END 
   METHOD USED = 10T   ACTUAL NUMBER OF PASSES =   1
 10:29:08.190         0.016          0.000                    MMA       END 
 10:29:08.190         0.016          0.000          0.000       68  RBMG4     END 
 10:29:08.190         0.016          0.000                      70  DPD       BEGN
 10:29:08.190         0.016          0.000          0.000       70  DPD       END 
 10:29:08.190         0.016          0.000                      71  COND      BEGN
 10:29:08.190         0.016          0.000          0.000       71  COND      END 
 10:29:08.190         0.016          0.000                      72  PARAM     BEGN
 10:29:08.190         0.016          0.000          0.000       72  PARAM     END 
 10:29:08.190         0.016          0.000                    XSFA      BEGN
 10:29:08.190         0.016          0.000                    XSFA      END 
 10:29:08.190         0.016          0.000                      73  READ      BEGN
 10:29:08.190         0.016          0.000                    MMA       BEGN
 10:29:08.190         0.016          0.000                    MMA1  0   BEGN
 10:29:08.190         0.016          0.000                    MMA1  0   END 
   METHOD USED = 10NT  ACTUAL NUMBER OF PASSES =   1
 10:29:08.190         0.016          0.000                    MMA       END 
 10:29:08.190         0.016          0.000                    GIVE  NS  BEGI  NS  
 10:29:08.190         0.016          0.000                    SMCO  MP  BEGN          
 10:29:08.191         0.016          0.000                    SMCO  MP  END           
 10:29:08.191         0.016          0.000                    TRAN  POSE
 10:29:08.191         0.016          0.000                    TRAN  POSE
 10:29:08.191         0.016          0.000                    MMA       BEGN
 10:29:08.191         0.016          0.000                    MMA3  1   BEGN
 10:29:08.191         0.016          0.000                    MMA3  1   END 
   METHOD USED = 31NT  ACTUAL NUMBER OF PASSES =   1
 10:29:08.191         0.016          0.000                    MMA       END 
 10:29:08.191         0.016          0.000                    MMA       BEGN
 10:29:08.191         0.016          0.000                    MMA3  2   BEGN
 10:29:08.191         0.016          0.000                    MMA3  2   END 
   METHOD USED = 32T   ACTUAL NUMBER OF PASSES =   1
 10:29:08.192         0.016          0.000                    MMA       END 
 10:29:08.192         0.016          0.000                    VALV  EC  BEGN
 10:29:08.192         0.016          0.000                    TRID  I   BEGN
 10:29:08.192         0.016          0.000                    TRID  I   END 
 10:29:08.192         0.016          0.000                    QRIT  ER  BEGN
 10:29:08.192         0.016          0.000                    QRIT  ER  END 
 10:29:08.192         0.016          0.000                    WILV  EC  BEGN
 10:29:08.192         0.016          0.000                    WILV  EC  END 
 10:29:08.192         0.016          0.000                    VALV  EC  END 
 10:29:08.192         0.016          0.000                    MMA       BEGN
 10:29:08.192         0.016          0.000                    MMA3  1   BEGN
 10:29:08.192         0.016          0.000                    MMA3  1   END 
   METHOD USED = 31NT  ACTUAL NUMBER OF PASSES =   1
 10:29:08.192         0.016          0.000                    MMA       END 
 10:29:08.192         0.016          0.000                    GIVE  NS  ENDS
 10:29:08.193         0.016          0.000                    MMA       BEGN
 10:29:08.193         0.016          0.000                    MMA2  1   BEGN
 10:29:08.193         0.016          0.000                    MMA2  1   END 
   METHOD USED = 21NT  ACTUAL NUMBER OF PASSES =   1
 10:29:08.193         0.016          0.000                    MMA       END 
 10:29:08.193         0.016          0.000                    MMA       BEGN
 10:29:08.193         0.016          0.000                    MMA1  0   BEGN
 10:29:08.193         0.016          0.000                    MMA1  0   END 
   METHOD USED = 10T   ACTUAL NUMBER OF PASSES =   1
 10:29:08.193         0.016          0.000                    MMA       END 
 10:29:08.193         0.016          0.000          0.000       73  READ      END 
 10:29:08.193         0.016          0.000                      74  OFP       BEGN
 10:29:08.193         0.016          0.000          0.000       74  OFP       END 
 10:29:08.193         0.016          0.000                      75  COND      BEGN
 10:29:08.193         0.016          0.000          0.000       75  COND      END 
 10:29:08.193         0.016          0.000                      76  OFP       BEGN
 10:29:08.201         0.016          0.000          0.000       76  OFP       END 
 10:29:08.202         0.016          0.000                      77  SDR1      BEGN
 10:29:08.202         0.016          0.000                    MMA       BEGN
 10:29:08.202         0.016          0.000                    MMA2  1   BEGN
 10:29:08.202         0.016          0.000                    MMA2  1   END 
   METHOD USED = 21NT  ACTUAL NUMBER OF PASSES =   1
 10:29:08.202         0.016          0.000                    MMA       END 
 10:29:08.202         0.016          0.000                    MMA       BEGN
       MMA - NULL MATRIX PRODUCT
 10:29:08.202         0.016          0.000                    MMA       END 
 10:29:08.202         0.016          0.000                    MMA       BEGN
 10:29:08.202         0.016          0.000                    MMA2  1   BEGN
 10:29:08.202         0.016          0.000                    MMA2  1   END 
   METHOD USED = 21NT  ACTUAL NUMBER OF PASSES =   1
 10:29:08.202         0.016          0.000                    MMA       END 
 10:29:08.202         0.016          0.000          0.000       77  SDR1      END 
 10:29:08.202         0.016          0.000                      78  COND      BEGN
 10:29:08.203         0.016          0.000          0.000       78  COND      END 
 10:29:08.203         0.016          0.000                      79  EQMCK     BEGN
 10:29:08.203         0.016          0.000                    MMA       BEGN
 10:29:08.203         0.016          0.000                    MMA2  1   BEGN
 10:29:08.203         0.016          0.000                    MMA2  1   END 
   METHOD USED = 21NT  ACTUAL NUMBER OF PASSES =   1
 10:29:08.203         0.016          0.000                    MMA       END 
 10:29:08.203         0.016          0.000                    MMA       BEGN
 10:29:08.203         0.016          0.000                    MMA3  2   BEGN
 10:29:08.203         0.016          0.000                    MMA3  2   END 
   METHOD USED = 32T   ACTUAL NUMBER OF PASSES =   1
 10:29:08.203         0.016          0.000                    MMA       END 
 10:29:08.204         0.016          0.000                    MMA       BEGN
       MMA - NULL MATRIX PRODUCT
 10:29:08.204         0.016          0.000                    MMA       END 
 10:29:08.204         0.016          0.000                    MMA       BEGN
 10:29:08.204         0.016          0.000                    MMA3  1   BEGN
 10:29:08.204         0.016          0.000                    MMA3  1   END 
   METHOD USED = 31NT  ACTUAL NUMBER OF PASSES =   1
 10:29:08.204         0.016          0.000                    MMA       END 
 10:29:08.205         0.016          0.000          0.000       79  EQMCK     END 
 10:29:08.205         0.016          0.000                      80  OFP       BEGN
 10:29:08.255         0.031          0.016          0.016       80  OFP       END 
 10:29:08.255         0.031          0.000                      82  SDR2      BEGN
 10:29:08.255         0.031          0.000          0.000       82  SDR2      END 
 10:29:08.255         0.031          0.000                      83  OFP       BEGN
 10:29:08.348         0.094          0.062          0.062       83  OFP       END 
 10:29:08.349         0.094          0.000                      84  SCAN      BEGN
 10:29:08.349         0.094          0.000          0.000       84  SCAN      END 
 10:29:08.349         0.094          0.000                      85  OFP       BEGN
 10:29:08.349         0.094          0.000          0.000       85  OFP       END 
 10:29:08.349         0.094          0.000                      86  GPFDR     BEGN
 10:29:08.349         0.094          0.000          0.000       86  GPFDR     END 
 10:29:08.349         0.094          0.000                      87  OFP       BEGN
 10:29:08.349         0.094          0.000          0.000       87  OFP       END 
 10:29:08.349         0.094          0.000                      88  PURGE     BEGN
 10:29:08.349         0.094          0.000          0.000       88  PURGE     END 
 10:29:08.349         0.094          0.000                      89  COND      BEGN
 10:29:08.349         0.094          0.000          0.000       89  COND      END 
 10:29:08.349         0.094          0.000                      93  JUMP      BEGN
 10:29:08.349         0.094          0.000          0.000       93  JUMP      END 
 10:29:08.349         0.094          0.000                     103  PURGE     BEGN
 10:29:08.349         0.094          0.000          0.000      103  PURGE     END 
 10:29:08.349         0.094          0.000                     104  EXIT      BEGN
1     STATISTICS ON IN-MEMORY DATA BASE AND DISK I/O USAGE

         LENGTH (IN WORDS) OF OPEN CORE ALLOCATED                   2000000
         LENGTH (IN WORDS) OF IN-MEMORY DATA BASE ALLOCATED        12000000
         NUMBER OF BLOCKS USED IN THE IN-MEMORY DATA BASE                65
         NUMBER OF BLOCKS ALLOCATED FOR THE IN-MEMORY DATA            11661
         PERCENTAGE OF IN-MEMORY DATA USED                                0%
         TOTAL BLOCKS WRITTEN TO DISK                              20000004
         BLOCK SIZE (IN WORDS)                                         1024
         NUMBER OF OPENS TO DISK FILES                                    6
         NUMBER OF CLOSES TO DISK FILES                                   6
         NUMBER OF WRITES TO DISK FILES                                   6
         NUMBER OF READS FROM DISK FILES                                  7
         MEMORY (IN WORDS) NOT USED BY IN-MEM. DATA BASE           11978668
