1*****************************************************************************
 *                                                                           *
 *       DATE 12/27/16       LOG OF 95 X86_64 Windows_NT NASTRAN JOB         *
 *                                                                           *
 *****************************************************************************

   WALL               TOTAL       INCREMENTAL      MODULE              MODULE/
   CLOCK               CPU            CPU            CPU             SUBROUTINE
   TIME              SECONDS        SECONDS        SECONDS             STATUS

 ------------------------------------------------------------------------------

 11:54:51.273         0.000          0.000                    SEM1  BEGN
 11:54:51.274         0.000          0.000                    GNFI
 11:54:51.275         0.000          0.000                    TTIO
 11:54:51.278         0.000          0.000                    TTLP
 11:54:51.278         0.000          0.000                    XCSA
 ID    D11011B,RESTART                                                   
 11:54:51.318         0.016          0.000                    IFP1
 TITLE    = 10 CELL BEAM  RESTART WITH ENFORCED DEFORMATION, GRAVITY LOAD
 11:54:51.322         0.016          0.000                    XSOR
 11:54:51.328         0.016          0.000                    IFP   BEGN
 11:54:51.328         0.016          0.000                    IFP   END 
 11:54:51.328         0.016          0.000                    XGPI
 11:54:51.332         0.016          0.000                    BAND  IT  BEGN
 11:54:51.332         0.016          0.000                    BAND  IT  QUIT
 11:54:51.332         0.016          0.000                    SEM1  END 
 11:54:51.332         0.016          0.000                       4  SETVAL    BEGN
 11:54:51.332         0.016          0.000          0.000        4  SETVAL    END 
 11:54:51.332         0.016          0.000                       5  PARAM     BEGN
 11:54:51.332         0.016          0.000          0.000        5  PARAM     END 
 11:54:51.332         0.016          0.000                    XSFA      BEGN
 11:54:51.333         0.016          0.000                    XSFA      END 
 11:54:51.333         0.016          0.000                      27  GP3       BEGN
 11:54:51.333         0.016          0.000          0.000       27  GP3       END 
 11:54:51.333         0.016          0.000                      28  PARAM     BEGN
 11:54:51.333         0.016          0.000          0.000       28  PARAM     END 
 11:54:51.333         0.016          0.000                      30  EQUIV     BEGN
 11:54:51.333         0.016          0.000          0.000       30  EQUIV     END 
 11:54:51.333         0.016          0.000                      31  PARAM     BEGN
 11:54:51.333         0.016          0.000          0.000       31  PARAM     END 
 11:54:51.333         0.016          0.000                      32  COND      BEGN
 11:54:51.333         0.016          0.000          0.000       32  COND      END 
 11:54:51.333         0.016          0.000                      36  COND      BEGN
 11:54:51.333         0.016          0.000          0.000       36  COND      END 
 11:54:51.333         0.016          0.000                      39  EMG       BEGN
 11:54:51.340         0.031          0.016          0.016       39  EMG       END 
 11:54:51.340         0.031          0.000                      43  PURGE     BEGN
 11:54:51.340         0.031          0.000          0.000       43  PURGE     END 
 11:54:51.340         0.031          0.000                      44  COND      BEGN
 11:54:51.340         0.031          0.000          0.000       44  COND      END 
 11:54:51.340         0.031          0.000                      45  EMA       BEGN
 11:54:51.340         0.031          0.000          0.000       45  EMA       END 
 11:54:51.340         0.031          0.000                      46  PURGE     BEGN
 11:54:51.340         0.031          0.000          0.000       46  PURGE     END 
 11:54:51.340         0.031          0.000                      48  COND      BEGN
 11:54:51.340         0.031          0.000          0.000       48  COND      END 
 11:54:51.340         0.031          0.000                      49  COND      BEGN
 11:54:51.340         0.031          0.000          0.000       49  COND      END 
 11:54:51.340         0.031          0.000                      50  GPWG      BEGN
 11:54:51.340         0.031          0.000                    TRAN  POSE
 11:54:51.340         0.031          0.000                    TRAN  POSE
 11:54:51.340         0.031          0.000                    MMA       BEGN
 11:54:51.340         0.031          0.000                    MMA3  1   BEGN
 11:54:51.340         0.031          0.000                    MMA3  1   END 
   METHOD USED = 31NT  ACTUAL NUMBER OF PASSES =   1
 11:54:51.340         0.031          0.000                    MMA       END 
 11:54:51.340         0.031          0.000                    MMA       BEGN
 11:54:51.340         0.031          0.000                    MMA3  2   BEGN
 11:54:51.340         0.031          0.000                    MMA3  2   END 
   METHOD USED = 32T   ACTUAL NUMBER OF PASSES =   1
 11:54:51.340         0.031          0.000                    MMA       END 
 11:54:51.340         0.031          0.000          0.000       50  GPWG      END 
 11:54:51.340         0.031          0.000                      51  OFP       BEGN
 11:54:51.341         0.031          0.000          0.000       51  OFP       END 
 11:54:51.341         0.031          0.000                      58  PARAM     BEGN
 11:54:51.341         0.031          0.000          0.000       58  PARAM     END 
 11:54:51.341         0.031          0.000                      60  GP4       BEGN
 11:54:51.341         0.031          0.000          0.000       60  GP4       END 
 11:54:51.341         0.031          0.000                      61  OFP       BEGN
 11:54:51.341         0.031          0.000          0.000       61  OFP       END 
 11:54:51.341         0.031          0.000                      62  COND      BEGN
 11:54:51.341         0.031          0.000          0.000       62  COND      END 
 11:54:51.341         0.031          0.000                      63  PARAM     BEGN
 11:54:51.341         0.031          0.000          0.000       63  PARAM     END 
 11:54:51.341         0.031          0.000                      64  PURGE     BEGN
 11:54:51.341         0.031          0.000          0.000       64  PURGE     END 
 11:54:51.341         0.031          0.000                      70  EQUIV     BEGN
 11:54:51.341         0.031          0.000          0.000       70  EQUIV     END 
 11:54:51.341         0.031          0.000                      71  COND      BEGN
 11:54:51.341         0.031          0.000          0.000       71  COND      END 
 11:54:51.341         0.031          0.000                      72  SCE1      BEGN
 11:54:51.341         0.031          0.000          0.000       72  SCE1      END 
 11:54:51.341         0.031          0.000                      74  EQUIV     BEGN
 11:54:51.341         0.031          0.000          0.000       74  EQUIV     END 
 11:54:51.341         0.031          0.000                      75  COND      BEGN
 11:54:51.341         0.031          0.000          0.000       75  COND      END 
 11:54:51.341         0.031          0.000                      78  EQUIV     BEGN
 11:54:51.341         0.031          0.000          0.000       78  EQUIV     END 
 11:54:51.341         0.031          0.000                      79  COND      BEGN
 11:54:51.341         0.031          0.000          0.000       79  COND      END 
 11:54:51.341         0.031          0.000                      82  RBMG2     BEGN
 11:54:51.341         0.031          0.000                    SMCO  MP  BEGN          
 11:54:51.341         0.031          0.000                    SMCO  MP  END           
 11:54:51.341         0.031          0.000          0.000       82  RBMG2     END 
 11:54:51.341         0.031          0.000                      83  COND      BEGN
 11:54:51.341         0.031          0.000          0.000       83  COND      END 
 11:54:51.341         0.031          0.000                      86  SSG1      BEGN
 11:54:51.342         0.031          0.000                    MMA       BEGN
 11:54:51.342         0.031          0.000                    MMA3  1   BEGN
 11:54:51.342         0.031          0.000                    MMA3  1   END 
   METHOD USED = 31NT  ACTUAL NUMBER OF PASSES =   1
 11:54:51.342         0.031          0.000                    MMA       END 
 11:54:51.347         0.031          0.000          0.000       86  SSG1      END 
 11:54:51.347         0.031          0.000                      87  EQUIV     BEGN
 11:54:51.347         0.031          0.000          0.000       87  EQUIV     END 
 11:54:51.347         0.031          0.000                      88  COND      BEGN
 11:54:51.347         0.031          0.000          0.000       88  COND      END 
 11:54:51.347         0.031          0.000                      89  SSG2      BEGN
 11:54:51.347         0.031          0.000                    MMA       BEGN
       MMA - NULL MATRIX PRODUCT
 11:54:51.347         0.031          0.000                    MMA       END 
 11:54:51.347         0.031          0.000          0.000       89  SSG2      END 
 11:54:51.347         0.031          0.000                      91  SSG3      BEGN
 11:54:51.347         0.031          0.000                    FBSI  BEGN
 11:54:51.347         0.031          0.000                    FBS2  BEGN
 11:54:51.347         0.031          0.000                    FBS2  END 
 11:54:51.347         0.031          0.000                    FBSI  END 
 11:54:51.347         0.031          0.000                    MMA       BEGN
 11:54:51.347         0.031          0.000                    MMA2  1   BEGN
 11:54:51.347         0.031          0.000                    MMA2  1   END 
   METHOD USED = 21NT  ACTUAL NUMBER OF PASSES =   1
 11:54:51.347         0.031          0.000                    MMA       END 
 11:54:51.347         0.031          0.000          0.000       91  SSG3      END 
 11:54:51.347         0.031          0.000                      92  COND      BEGN
 11:54:51.347         0.031          0.000          0.000       92  COND      END 
 11:54:51.347         0.031          0.000                      96  SDR1      BEGN
 11:54:51.347         0.031          0.000                    MMA       BEGN
 11:54:51.347         0.031          0.000                    MMA2  1   BEGN
 11:54:51.347         0.031          0.000                    MMA2  1   END 
   METHOD USED = 21T   ACTUAL NUMBER OF PASSES =   1
 11:54:51.347         0.031          0.000                    MMA       END 
 11:54:51.347         0.031          0.000          0.000       96  SDR1      END 
 11:54:51.347         0.031          0.000                      97  COND      BEGN
 11:54:51.347         0.031          0.000          0.000       97  COND      END 
 11:54:51.347         0.031          0.000                    XSFA      BEGN
 11:54:51.347         0.031          0.000                    XSFA      END 
 11:54:51.347         0.031          0.000                     103  GPFDR     BEGN
 11:54:51.347         0.031          0.000          0.000      103  GPFDR     END 
 11:54:51.347         0.031          0.000                     104  PURGE     BEGN
 11:54:51.348         0.031          0.000          0.000      104  PURGE     END 
 11:54:51.348         0.031          0.000                     105  OFP       BEGN
 11:54:51.348         0.031          0.000          0.000      105  OFP       END 
 11:54:51.348         0.031          0.000                     110  SDR2      BEGN
 11:54:51.348         0.031          0.000          0.000      110  SDR2      END 
 11:54:51.348         0.031          0.000                     111  COND      BEGN
 11:54:51.348         0.031          0.000          0.000      111  COND      END 
 11:54:51.348         0.031          0.000                     114  PURGE     BEGN
 11:54:51.348         0.031          0.000          0.000      114  PURGE     END 
 11:54:51.348         0.031          0.000                     115  COND      BEGN
 11:54:51.348         0.031          0.000          0.000      115  COND      END 
 11:54:51.348         0.031          0.000                     120  PURGE     BEGN
 11:54:51.348         0.031          0.000          0.000      120  PURGE     END 
 11:54:51.348         0.031          0.000                     121  COND      BEGN
 11:54:51.348         0.031          0.000          0.000      121  COND      END 
 11:54:51.348         0.031          0.000                     140  PURGE     BEGN
 11:54:51.348         0.031          0.000          0.000      140  PURGE     END 
 11:54:51.348         0.031          0.000                     146  OFP       BEGN
 11:54:51.356         0.047          0.016          0.016      146  OFP       END 
 11:54:51.356         0.047          0.000                     147  OFP       BEGN
 11:54:51.356         0.047          0.000          0.000      147  OFP       END 
 11:54:51.356         0.047          0.000                     148  SCAN      BEGN
 11:54:51.356         0.047          0.000          0.000      148  SCAN      END 
 11:54:51.356         0.047          0.000                     149  OFP       BEGN
 11:54:51.356         0.047          0.000          0.000      149  OFP       END 
 11:54:51.356         0.047          0.000                     150  OFP       BEGN
 11:54:51.356         0.047          0.000          0.000      150  OFP       END 
 11:54:51.356         0.047          0.000                     159  JUMP      BEGN
 11:54:51.356         0.047          0.000          0.000      159  JUMP      END 
 11:54:51.356         0.047          0.000                     171  PURGE     BEGN
 11:54:51.356         0.047          0.000          0.000      171  PURGE     END 
 11:54:51.356         0.047          0.000                     228  EXIT      BEGN
1     STATISTICS ON IN-MEMORY DATA BASE AND DISK I/O USAGE

         LENGTH (IN WORDS) OF OPEN CORE ALLOCATED                   2000000
         LENGTH (IN WORDS) OF IN-MEMORY DATA BASE ALLOCATED        12000000
         NUMBER OF BLOCKS USED IN THE IN-MEMORY DATA BASE                51
         NUMBER OF BLOCKS ALLOCATED FOR THE IN-MEMORY DATA            11661
         PERCENTAGE OF IN-MEMORY DATA USED                                0%
         TOTAL BLOCKS WRITTEN TO DISK                              40000004
         BLOCK SIZE (IN WORDS)                                         1024
         NUMBER OF OPENS TO DISK FILES                                   14
         NUMBER OF CLOSES TO DISK FILES                                  14
         NUMBER OF WRITES TO DISK FILES                                   7
         NUMBER OF READS FROM DISK FILES                                 97
         MEMORY (IN WORDS) NOT USED BY IN-MEM. DATA BASE           11993130
