1*****************************************************************************
 *                                                                           *
 *       DATE 12/27/16       LOG OF 95 X86_64 Windows_NT NASTRAN JOB         *
 *                                                                           *
 *****************************************************************************

   WALL               TOTAL       INCREMENTAL      MODULE              MODULE/
   CLOCK               CPU            CPU            CPU             SUBROUTINE
   TIME              SECONDS        SECONDS        SECONDS             STATUS

 ------------------------------------------------------------------------------

 11:42:55.257        -0.016          0.000                    SEM1  BEGN
 11:42:55.259        -0.016          0.000                    GNFI
 11:42:55.260        -0.016          0.000                    TTIO
 11:42:55.263        -0.016          0.000                    TTLP
 11:42:55.264        -0.016          0.000                    XCSA
 ID    D11011A,NASTRAN                                                   
 11:42:55.295        -0.016          0.000                    IFP1
 TITLE    = FREQUENCY RESPONSE AND RANDOM ANALYSIS OF A 10 CELL BEAM     
 11:42:55.299        -0.016          0.000                    XSOR
 11:42:55.303        -0.016          0.000                    IFP   BEGN
 11:42:55.304        -0.016          0.000                    IFP   END 
 11:42:55.304        -0.016          0.000                    XGPI
 11:42:55.316         0.000          0.016                    BAND  IT  BEGN
 11:42:55.316         0.000          0.000                    BAND  IT  QUIT
 11:42:55.316         0.000          0.000                    SEM1  END 
 11:42:55.316         0.000          0.000                       4  PARAM     BEGN
 11:42:55.316         0.000          0.000          0.000        4  PARAM     END 
 11:42:55.316         0.000          0.000                    XSFA      BEGN
 11:42:55.316         0.000          0.000                    XSFA      END 
 11:42:55.316         0.000          0.000                       5  GP1       BEGN
 11:42:55.323         0.000          0.000          0.000        5  GP1       END 
 11:42:55.330         0.016          0.000                       6  ANISOP    BEGN
 11:42:55.330         0.016          0.000          0.000        6  ANISOP    END 
 11:42:55.337         0.016          0.000                       7  EQUIV     BEGN
 11:42:55.337         0.016          0.000          0.000        7  EQUIV     END 
 11:42:55.344         0.016          0.000                       8  PLTTRAN   BEGN
 11:42:55.344         0.016          0.000          0.000        8  PLTTRAN   END 
 11:42:55.350         0.016          0.000                       9  GP2       BEGN
 11:42:55.350         0.016          0.000          0.000        9  GP2       END 
 11:42:55.357         0.016          0.000                      10  PARAML    BEGN
 11:42:55.357         0.016          0.000          0.000       10  PARAML    END 
 11:42:55.357         0.016          0.000                      11  PURGE     BEGN
 11:42:55.357         0.016          0.000          0.000       11  PURGE     END 
 11:42:55.364         0.016          0.000                      12  COND      BEGN
 11:42:55.364         0.016          0.000          0.000       12  COND      END 
 11:42:55.364         0.016          0.000                      21  GP3       BEGN
 11:42:55.364         0.016          0.000          0.000       21  GP3       END 
 11:42:55.371         0.016          0.000                      22  TA1       BEGN
 11:42:55.371         0.016          0.000          0.000       22  TA1       END 
 11:42:55.377         0.016          0.000                      23  EQUIV     BEGN
 11:42:55.377         0.016          0.000          0.000       23  EQUIV     END 
 11:42:55.384         0.016          0.000                      24  COND      BEGN
 11:42:55.384         0.016          0.000          0.000       24  COND      END 
 11:42:55.384         0.016          0.000                      25  PARAM     BEGN
 11:42:55.384         0.016          0.000          0.000       25  PARAM     END 
 11:42:55.384         0.016          0.000                      26  PARAM     BEGN
 11:42:55.384         0.016          0.000          0.000       26  PARAM     END 
 11:42:55.384         0.016          0.000                      27  EMG       BEGN
 11:42:55.388         0.016          0.000          0.000       27  EMG       END 
 11:42:55.395         0.016          0.000                      28  PURGE     BEGN
 11:42:55.395         0.016          0.000          0.000       28  PURGE     END 
 11:42:55.401         0.016          0.000                      29  COND      BEGN
 11:42:55.401         0.016          0.000          0.000       29  COND      END 
 11:42:55.401         0.016          0.000                      30  EMA       BEGN
 11:42:55.401         0.016          0.000          0.000       30  EMA       END 
 11:42:55.408         0.031          0.016                      31  PURGE     BEGN
 11:42:55.408         0.031          0.000          0.000       31  PURGE     END 
 11:42:55.414         0.031          0.000                      33  COND      BEGN
 11:42:55.414         0.031          0.000          0.000       33  COND      END 
 11:42:55.414         0.031          0.000                      34  EMA       BEGN
 11:42:55.414         0.031          0.000          0.000       34  EMA       END 
 11:42:55.420         0.031          0.000                      35  PURGE     BEGN
 11:42:55.420         0.031          0.000          0.000       35  PURGE     END 
 11:42:55.427         0.031          0.000                      36  COND      BEGN
 11:42:55.427         0.031          0.000          0.000       36  COND      END 
 11:42:55.427         0.031          0.000                      37  GPWG      BEGN
 11:42:55.427         0.031          0.000                    TRAN  POSE
 11:42:55.427         0.031          0.000                    TRAN  POSE
 11:42:55.427         0.031          0.000                    MMA       BEGN
 11:42:55.427         0.031          0.000                    MMA3  1   BEGN
 11:42:55.427         0.031          0.000                    MMA3  1   END 
   METHOD USED = 31NT  ACTUAL NUMBER OF PASSES =   1
 11:42:55.427         0.031          0.000                    MMA       END 
 11:42:55.427         0.031          0.000                    MMA       BEGN
 11:42:55.427         0.031          0.000                    MMA3  2   BEGN
 11:42:55.427         0.031          0.000                    MMA3  2   END 
   METHOD USED = 32T   ACTUAL NUMBER OF PASSES =   1
 11:42:55.427         0.031          0.000                    MMA       END 
 11:42:55.427         0.031          0.000          0.000       37  GPWG      END 
 11:42:55.434         0.031          0.000                      38  OFP       BEGN
 11:42:55.434         0.031          0.000          0.000       38  OFP       END 
 11:42:55.434         0.031          0.000                      40  EQUIV     BEGN
 11:42:55.434         0.031          0.000          0.000       40  EQUIV     END 
 11:42:55.441         0.031          0.000                      41  COND      BEGN
 11:42:55.441         0.031          0.000          0.000       41  COND      END 
 11:42:55.441         0.031          0.000                      42  SMA3      BEGN
 11:42:55.441         0.031          0.000          0.000       42  SMA3      END 
 11:42:55.448         0.031          0.000                      44  GPSTGEN   BEGN
 11:42:55.448         0.031          0.000          0.000       44  GPSTGEN   END 
 11:42:55.454         0.031          0.000                      45  PARAM     BEGN
 11:42:55.454         0.031          0.000          0.000       45  PARAM     END 
 11:42:55.454         0.031          0.000                      46  GP4       BEGN
 11:42:55.454         0.031          0.000          0.000       46  GP4       END 
 11:42:55.460         0.031          0.000                      47  OFP       BEGN
 11:42:55.461         0.031          0.000          0.000       47  OFP       END 
 11:42:55.461         0.031          0.000                      48  PARAM     BEGN
 11:42:55.461         0.031          0.000          0.000       48  PARAM     END 
 11:42:55.461         0.031          0.000                      49  PURGE     BEGN
 11:42:55.461         0.031          0.000          0.000       49  PURGE     END 
 11:42:55.467         0.031          0.000                      50  EQUIV     BEGN
 11:42:55.467         0.031          0.000          0.000       50  EQUIV     END 
 11:42:55.474         0.031          0.000                      51  COND      BEGN
 11:42:55.474         0.031          0.000          0.000       51  COND      END 
 11:42:55.474         0.031          0.000                      55  EQUIV     BEGN
 11:42:55.474         0.031          0.000          0.000       55  EQUIV     END 
 11:42:55.481         0.031          0.000                      56  COND      BEGN
 11:42:55.481         0.031          0.000          0.000       56  COND      END 
 11:42:55.481         0.031          0.000                    XSFA      BEGN
 11:42:55.481         0.031          0.000                    XSFA      END 
 11:42:55.481         0.031          0.000                      57  SCE1      BEGN
 11:42:55.481         0.031          0.000          0.000       57  SCE1      END 
 11:42:55.488         0.031          0.000                      59  EQUIV     BEGN
 11:42:55.488         0.031          0.000          0.000       59  EQUIV     END 
 11:42:55.494         0.031          0.000                      60  EQUIV     BEGN
 11:42:55.494         0.031          0.000          0.000       60  EQUIV     END 
 11:42:55.500         0.031          0.000                      61  COND      BEGN
 11:42:55.500         0.031          0.000          0.000       61  COND      END 
 11:42:55.500         0.031          0.000                      65  EQUIV     BEGN
 11:42:55.500         0.031          0.000          0.000       65  EQUIV     END 
 11:42:55.507         0.031          0.000                      66  COND      BEGN
 11:42:55.507         0.031          0.000          0.000       66  COND      END 
 11:42:55.507         0.031          0.000                      70  COND      BEGN
 11:42:55.507         0.031          0.000          0.000       70  COND      END 
 11:42:55.507         0.031          0.000                    XSFA      BEGN
 11:42:55.507         0.031          0.000                    XSFA      END 
 11:42:55.507         0.031          0.000                      77  DPD       BEGN
 11:42:55.508         0.031          0.000          0.000       77  DPD       END 
 11:42:55.514         0.031          0.000                      78  COND      BEGN
 11:42:55.514         0.031          0.000          0.000       78  COND      END 
 11:42:55.514         0.031          0.000                      79  PURGE     BEGN
 11:42:55.514         0.031          0.000          0.000       79  PURGE     END 
 11:42:55.521         0.031          0.000                      80  EQUIV     BEGN
 11:42:55.521         0.031          0.000          0.000       80  EQUIV     END 
 11:42:55.527         0.031          0.000                      81  PARAM     BEGN
 11:42:55.527         0.031          0.000          0.000       81  PARAM     END 
 11:42:55.527         0.031          0.000                      82  READ      BEGN
 11:42:55.528         0.031          0.000                    SMCO  MP  BEGN          
 11:42:55.528         0.031          0.000                    SMCO  MP  END           
 11:42:55.528         0.031          0.000                    FBS2  BEGN
 11:42:55.528         0.031          0.000                    FBS2  END 
 11:42:55.528         0.031          0.000                    FBS2  BEGN
 11:42:55.528         0.031          0.000                    FBS2  END 
 11:42:55.528         0.031          0.000                    FBS2  BEGN
 11:42:55.528         0.031          0.000                    FBS2  END 
 11:42:55.528         0.031          0.000                    FBS2  BEGN
 11:42:55.528         0.031          0.000                    FBS2  END 
 11:42:55.528         0.031          0.000                    FBS2  BEGN
 11:42:55.528         0.031          0.000                    FBS2  END 
 11:42:55.528         0.031          0.000                    SMCO  MP  BEGN          
 11:42:55.528         0.031          0.000                    SMCO  MP  END           
 11:42:55.528         0.031          0.000                    FBS2  BEGN
 11:42:55.528         0.031          0.000                    FBS2  END 
 11:42:55.528         0.031          0.000                    FBS2  BEGN
 11:42:55.528         0.031          0.000                    FBS2  END 
 11:42:55.528         0.031          0.000                    FBS2  BEGN
 11:42:55.528         0.031          0.000                    FBS2  END 
 11:42:55.528         0.031          0.000                    FBS2  BEGN
 11:42:55.528         0.031          0.000                    FBS2  END 
 11:42:55.528         0.031          0.000                    FBS2  BEGN
 11:42:55.528         0.031          0.000                    FBS2  END 
 11:42:55.528         0.031          0.000                    FBS2  BEGN
 11:42:55.528         0.031          0.000                    FBS2  END 
 11:42:55.528         0.031          0.000                    FBS2  BEGN
 11:42:55.528         0.031          0.000                    FBS2  END 
 11:42:55.528         0.031          0.000                    SMCO  MP  BEGN          
 11:42:55.528         0.031          0.000                    SMCO  MP  END           
 11:42:55.528         0.031          0.000                    FBS2  BEGN
 11:42:55.528         0.031          0.000                    FBS2  END 
 11:42:55.528         0.031          0.000                    FBS2  BEGN
 11:42:55.528         0.031          0.000                    FBS2  END 
 11:42:55.529         0.031          0.000                    FBS2  BEGN
 11:42:55.529         0.031          0.000                    FBS2  END 
 11:42:55.529         0.031          0.000                    FBS2  BEGN
 11:42:55.529         0.031          0.000                    FBS2  END 
 11:42:55.529         0.031          0.000                    FBS2  BEGN
 11:42:55.529         0.031          0.000                    FBS2  END 
 11:42:55.529         0.031          0.000                    FBS2  BEGN
 11:42:55.529         0.031          0.000                    FBS2  END 
 11:42:55.529         0.031          0.000                    FBS2  BEGN
 11:42:55.529         0.031          0.000                    FBS2  END 
 11:42:55.529         0.031          0.000                    FBS2  BEGN
 11:42:55.529         0.031          0.000                    FBS2  END 
 11:42:55.529         0.031          0.000                    SMCO  MP  BEGN          
 11:42:55.529         0.031          0.000                    SMCO  MP  END           
 11:42:55.529         0.031          0.000                    FBS2  BEGN
 11:42:55.529         0.031          0.000                    FBS2  END 
 11:42:55.529         0.031          0.000                    FBS2  BEGN
 11:42:55.529         0.031          0.000                    FBS2  END 
 11:42:55.529         0.031          0.000                    FBS2  BEGN
 11:42:55.529         0.031          0.000                    FBS2  END 
 11:42:55.529         0.031          0.000                    FBS2  BEGN
 11:42:55.529         0.031          0.000                    FBS2  END 
 11:42:55.529         0.031          0.000                    SMCO  MP  BEGN          
 11:42:55.529         0.031          0.000                    SMCO  MP  END           
 11:42:55.529         0.031          0.000                    FBS2  BEGN
 11:42:55.529         0.031          0.000                    FBS2  END 
 11:42:55.529         0.031          0.000                    FBS2  BEGN
 11:42:55.529         0.031          0.000                    FBS2  END 
 11:42:55.529         0.031          0.000                    FBS2  BEGN
 11:42:55.529         0.031          0.000                    FBS2  END 
 11:42:55.529         0.031          0.000                    FBS2  BEGN
 11:42:55.529         0.031          0.000                    FBS2  END 
 11:42:55.529         0.031          0.000                    FBS2  BEGN
 11:42:55.530         0.031          0.000                    FBS2  END 
 11:42:55.530         0.031          0.000                    FBS2  BEGN
 11:42:55.530         0.031          0.000                    FBS2  END 
 11:42:55.530         0.031          0.000                    FBS2  BEGN
 11:42:55.530         0.031          0.000                    FBS2  END 
 11:42:55.530         0.031          0.000                    FBS2  BEGN
 11:42:55.530         0.031          0.000                    FBS2  END 
 11:42:55.530         0.031          0.000                    FBS2  BEGN
 11:42:55.530         0.031          0.000                    FBS2  END 
 11:42:55.530         0.031          0.000                    FBS2  BEGN
 11:42:55.530         0.031          0.000                    FBS2  END 
 11:42:55.530         0.031          0.000                    FBS2  BEGN
 11:42:55.530         0.031          0.000                    FBS2  END 
 11:42:55.530         0.031          0.000                    SMCO  MP  BEGN          
 11:42:55.530         0.031          0.000                    SMCO  MP  END           
 11:42:55.530         0.031          0.000                    FBS2  BEGN
 11:42:55.530         0.031          0.000                    FBS2  END 
 11:42:55.530         0.031          0.000                    FBS2  BEGN
 11:42:55.530         0.031          0.000                    FBS2  END 
 11:42:55.530         0.031          0.000                    FBS2  BEGN
 11:42:55.530         0.031          0.000                    FBS2  END 
 11:42:55.530         0.031          0.000                    MMA       BEGN
 11:42:55.530         0.031          0.000                    MMA2  1   BEGN
 11:42:55.530         0.031          0.000                    MMA2  1   END 
   METHOD USED = 21NT  ACTUAL NUMBER OF PASSES =   1
 11:42:55.530         0.031          0.000                    MMA       END 
 11:42:55.530         0.031          0.000                    MMA       BEGN
 11:42:55.530         0.031          0.000                    MMA1  0   BEGN
 11:42:55.530         0.031          0.000                    MMA1  0   END 
   METHOD USED = 10T   ACTUAL NUMBER OF PASSES =   1
 11:42:55.530         0.031          0.000                    MMA       END 
 11:42:55.530         0.031          0.000                    MMA       BEGN
 11:42:55.530         0.031          0.000                    MMA2  1   BEGN
 11:42:55.530         0.031          0.000                    MMA2  1   END 
   METHOD USED = 21NT  ACTUAL NUMBER OF PASSES =   1
 11:42:55.530         0.031          0.000                    MMA       END 
 11:42:55.530         0.031          0.000                    MMA       BEGN
 11:42:55.530         0.031          0.000                    MMA1  0   BEGN
 11:42:55.530         0.031          0.000                    MMA1  0   END 
   METHOD USED = 10T   ACTUAL NUMBER OF PASSES =   1
 11:42:55.530         0.031          0.000                    MMA       END 
 11:42:55.531         0.031          0.000          0.000       82  READ      END 
 11:42:55.537         0.031          0.000                      83  OFP       BEGN
 11:42:55.537         0.031          0.000          0.000       83  OFP       END 
 11:42:55.537         0.031          0.000                      84  COND      BEGN
 11:42:55.537         0.031          0.000          0.000       84  COND      END 
 11:42:55.537         0.031          0.000                      85  OFP       BEGN
 11:42:55.539         0.031          0.000          0.000       85  OFP       END 
 11:42:55.539         0.031          0.000                      86  PARAM     BEGN
 11:42:55.539         0.031          0.000          0.000       86  PARAM     END 
 11:42:55.539         0.031          0.000                      86  MATPRN    BEGN
 11:42:55.540         0.031          0.000          0.000       86  MATPRN    END 
 11:42:55.540         0.031          0.000                      87  PARAM     BEGN
 11:42:55.540         0.031          0.000          0.000       87  PARAM     END 
 11:42:55.540         0.031          0.000                      89  PURGE     BEGN
 11:42:55.540         0.031          0.000          0.000       89  PURGE     END 
 11:42:55.548         0.031          0.000                      90  CASE      BEGN
 11:42:55.548         0.031          0.000          0.000       90  CASE      END 
 11:42:55.554         0.031          0.000                      91  MTRXIN    BEGN
 11:42:55.554         0.031          0.000          0.000       91  MTRXIN    END 
 11:42:55.562         0.047          0.016                      92  PURGE     BEGN
 11:42:55.562         0.047          0.000          0.000       92  PURGE     END 
 11:42:55.569         0.047          0.000                      93  PARAM     BEGN
 11:42:55.569         0.047          0.000          0.000       93  PARAM     END 
 11:42:55.569         0.047          0.000                      94  EQUIV     BEGN
 11:42:55.569         0.047          0.000          0.000       94  EQUIV     END 
 11:42:55.575         0.047          0.000                      95  GKAD      BEGN
 11:42:55.575         0.047          0.000          0.000       95  GKAD      END 
 11:42:55.581         0.047          0.000                    XSFA      BEGN
 11:42:55.582         0.047          0.000                    XSFA      END 
 11:42:55.582         0.047          0.000                      96  GKAM      BEGN
 11:42:55.582         0.047          0.000          0.000       96  GKAM      END 
 11:42:55.590         0.047          0.000                      97  COND      BEGN
 11:42:55.590         0.047          0.000          0.000       97  COND      END 
 11:42:55.590         0.047          0.000                      98  COND      BEGN
 11:42:55.590         0.047          0.000          0.000       98  COND      END 
 11:42:55.590         0.047          0.000                      99  FRRD      BEGN
 11:42:55.591         0.047          0.000                    MMA       BEGN
 11:42:55.591         0.047          0.000                    MMA1  1   BEGN
 11:42:55.591         0.047          0.000                    MMA1  1   END 
   METHOD USED = 11T   ACTUAL NUMBER OF PASSES =   1
 11:42:55.591         0.047          0.000                    MMA       END 
 11:42:55.591         0.047          0.000          0.000       99  FRRD      END 
 11:42:55.599         0.047          0.000                     100  EQUIV     BEGN
 11:42:55.599         0.047          0.000          0.000      100  EQUIV     END 
 11:42:55.605         0.047          0.000                     101  VDR       BEGN
 11:42:55.605         0.047          0.000          0.000      101  VDR       END 
 11:42:55.613         0.047          0.000                     102  COND      BEGN
 11:42:55.613         0.047          0.000          0.000      102  COND      END 
 11:42:55.613         0.047          0.000                     112  COND      BEGN
 11:42:55.613         0.047          0.000          0.000      112  COND      END 
 11:42:55.613         0.047          0.000                     113  PARAM     BEGN
 11:42:55.613         0.047          0.000          0.000      113  PARAM     END 
 11:42:55.613         0.047          0.000                     114  COND      BEGN
 11:42:55.613         0.047          0.000          0.000      114  COND      END 
 11:42:55.613         0.047          0.000                    XSFA      BEGN
 11:42:55.613         0.047          0.000                    XSFA      END 
 11:42:55.613         0.047          0.000                     127  SDR1      BEGN
 11:42:55.613         0.047          0.000                    MMA       BEGN
 11:42:55.614         0.047          0.000                    MMA2  1   BEGN
 11:42:55.614         0.047          0.000                    MMA2  1   END 
   METHOD USED = 21T   ACTUAL NUMBER OF PASSES =   1
 11:42:55.614         0.047          0.000                    MMA       END 
 11:42:55.614         0.047          0.000          0.000      127  SDR1      END 
 11:42:55.620         0.047          0.000                     128  SDR2      BEGN
 11:42:55.620         0.047          0.000          0.000      128  SDR2      END 
 11:42:55.627         0.062          0.016                     129  SDR2      BEGN
 11:42:55.627         0.062          0.000          0.000      129  SDR2      END 
 11:42:55.634         0.062          0.000                     130  EQUIV     BEGN
 11:42:55.634         0.062          0.000          0.000      130  EQUIV     END 
 11:42:55.640         0.062          0.000                     131  COND      BEGN
 11:42:55.640         0.062          0.000          0.000      131  COND      END 
 11:42:55.640         0.062          0.000                     132  SDR3      BEGN
 11:42:55.641         0.062          0.000          0.000      132  SDR3      END 
 11:42:55.647         0.062          0.000                     133  EQUIV     BEGN
 11:42:55.647         0.062          0.000          0.000      133  EQUIV     END 
 11:42:55.654         0.062          0.000                    XSFA      BEGN
 11:42:55.654         0.062          0.000                    XSFA      END 
 11:42:55.654         0.062          0.000                     134  DDRMM     BEGN
 11:42:55.654         0.062          0.000                    MMA       BEGN
 11:42:55.654         0.062          0.000                    MMA1  0   BEGN
 11:42:55.656         0.062          0.000                    MMA1  0   END 
   METHOD USED = 10T   ACTUAL NUMBER OF PASSES =   1
 11:42:55.656         0.062          0.000                    MMA       END 
 11:42:55.656         0.062          0.000                    MMA       BEGN
 11:42:55.656         0.062          0.000                    MMA1  0   BEGN
 11:42:55.656         0.062          0.000                    MMA1  0   END 
   METHOD USED = 10T   ACTUAL NUMBER OF PASSES =   1
 11:42:55.656         0.062          0.000                    MMA       END 
 11:42:55.656         0.062          0.000                    MMA       BEGN
 11:42:55.656         0.062          0.000                    MMA1  0   BEGN
 11:42:55.656         0.062          0.000                    MMA1  0   END 
   METHOD USED = 10T   ACTUAL NUMBER OF PASSES =   1
 11:42:55.656         0.062          0.000                    MMA       END 
 11:42:55.656         0.062          0.000                    MMA       BEGN
 11:42:55.656         0.062          0.000                    MMA1  0   BEGN
 11:42:55.656         0.062          0.000                    MMA1  0   END 
   METHOD USED = 10T   ACTUAL NUMBER OF PASSES =   1
 11:42:55.656         0.062          0.000                    MMA       END 
 11:42:55.656         0.062          0.000                    MMA       BEGN
 11:42:55.656         0.062          0.000                    MMA1  0   BEGN
 11:42:55.656         0.062          0.000                    MMA1  0   END 
   METHOD USED = 10T   ACTUAL NUMBER OF PASSES =   1
 11:42:55.657         0.062          0.000                    MMA       END 
 11:42:55.657         0.062          0.000                    MMA       BEGN
 11:42:55.657         0.062          0.000                    MMA1  0   BEGN
 11:42:55.657         0.062          0.000                    MMA1  0   END 
   METHOD USED = 10T   ACTUAL NUMBER OF PASSES =   1
 11:42:55.657         0.062          0.000                    MMA       END 
 11:42:55.657         0.062          0.000                    MMA       BEGN
 11:42:55.657         0.062          0.000                    MMA1  0   BEGN
 11:42:55.657         0.062          0.000                    MMA1  0   END 
   METHOD USED = 10T   ACTUAL NUMBER OF PASSES =   1
 11:42:55.657         0.062          0.000                    MMA       END 
 11:42:55.657         0.062          0.000                    MMA       BEGN
 11:42:55.657         0.062          0.000                    MMA1  0   BEGN
 11:42:55.657         0.062          0.000                    MMA1  0   END 
   METHOD USED = 10T   ACTUAL NUMBER OF PASSES =   1
 11:42:55.657         0.062          0.000                    MMA       END 
 11:42:55.658         0.062          0.000                    MMA       BEGN
 11:42:55.658         0.062          0.000                    MMA1  0   BEGN
 11:42:55.658         0.062          0.000                    MMA1  0   END 
   METHOD USED = 10T   ACTUAL NUMBER OF PASSES =   1
 11:42:55.658         0.062          0.000                    MMA       END 
 11:42:55.658         0.062          0.000          0.000      134  DDRMM     END 
 11:42:55.665         0.062          0.000                     135  EQUIV     BEGN
 11:42:55.665         0.062          0.000          0.000      135  EQUIV     END 
 11:42:55.671         0.062          0.000                     136  JUMP      BEGN
 11:42:55.671         0.062          0.000          0.000      136  JUMP      END 
 11:42:55.671         0.062          0.000                     142  OFP       BEGN
 11:42:56.105         0.281          0.219          0.219      142  OFP       END 
 11:42:56.105         0.281          0.000                     143  XYTRAN    BEGN
 11:42:56.105         0.281          0.000          0.000      143  XYTRAN    END 
 11:42:56.111         0.281          0.000                     144  XYPLOT    BEGN
 11:42:56.112         0.281          0.000          0.000      144  XYPLOT    END 
 11:42:56.112         0.281          0.000                     145  COND      BEGN
 11:42:56.112         0.281          0.000          0.000      145  COND      END 
 11:42:56.112         0.281          0.000                     149  COND      BEGN
 11:42:56.112         0.281          0.000          0.000      149  COND      END 
 11:42:56.112         0.281          0.000                     150  RANDOM    BEGN
 11:42:56.115         0.281          0.000          0.000      150  RANDOM    END 
 11:42:56.121         0.281          0.000                     151  COND      BEGN
 11:42:56.121         0.281          0.000          0.000      151  COND      END 
 11:42:56.121         0.281          0.000                     152  XYTRAN    BEGN
 11:42:56.123         0.281          0.000          0.000      152  XYTRAN    END 
 11:42:56.129         0.281          0.000                     153  XYPLOT    BEGN
 11:42:56.136         0.281          0.000          0.000      153  XYPLOT    END 
 11:42:56.136         0.281          0.000                     154  JUMP      BEGN
 11:42:56.136         0.281          0.000          0.000      154  JUMP      END 
 11:42:56.136         0.281          0.000                     161  JUMP      BEGN
 11:42:56.136         0.281          0.000          0.000      161  JUMP      END 
 11:42:56.136         0.281          0.000                     175  PURGE     BEGN
 11:42:56.136         0.281          0.000          0.000      175  PURGE     END 
 11:42:56.142         0.297          0.016                     176  EXIT      BEGN
1     STATISTICS ON IN-MEMORY DATA BASE AND DISK I/O USAGE

         LENGTH (IN WORDS) OF OPEN CORE ALLOCATED                   2000000
         LENGTH (IN WORDS) OF IN-MEMORY DATA BASE ALLOCATED        12000000
         NUMBER OF BLOCKS USED IN THE IN-MEMORY DATA BASE                85
         NUMBER OF BLOCKS ALLOCATED FOR THE IN-MEMORY DATA            11661
         PERCENTAGE OF IN-MEMORY DATA USED                                0%
         TOTAL BLOCKS WRITTEN TO DISK                              20000085
         BLOCK SIZE (IN WORDS)                                         1024
         NUMBER OF OPENS TO DISK FILES                                  170
         NUMBER OF CLOSES TO DISK FILES                                 170
         NUMBER OF WRITES TO DISK FILES                                 195
         NUMBER OF READS FROM DISK FILES                                119
         MEMORY (IN WORDS) NOT USED BY IN-MEM. DATA BASE           11958008
