1*****************************************************************************
 *                                                                           *
 *       DATE  9/ 4/16       LOG OF 95 X86_64 Windows_NT NASTRAN JOB         *
 *                                                                           *
 *****************************************************************************

   WALL               TOTAL       INCREMENTAL      MODULE              MODULE/
   CLOCK               CPU            CPU            CPU             SUBROUTINE
   TIME              SECONDS        SECONDS        SECONDS             STATUS

 ------------------------------------------------------------------------------

 20:10:01.106         0.000          0.000                    SEM1  BEGN
 20:10:01.107         0.000          0.000                    GNFI
 20:10:01.108         0.000          0.000                    TTIO
 20:10:01.109         0.000          0.000                    TTLP
 20:10:01.110         0.000          0.000                    XCSA
 ID    D01001A,PRINT DIAG48                                              
1     STATISTICS ON IN-MEMORY DATA BASE AND DISK I/O USAGE

         LENGTH (IN WORDS) OF OPEN CORE ALLOCATED                   2000000
         LENGTH (IN WORDS) OF IN-MEMORY DATA BASE ALLOCATED        12000000
         NUMBER OF BLOCKS USED IN THE IN-MEMORY DATA BASE                42
         NUMBER OF BLOCKS ALLOCATED FOR THE IN-MEMORY DATA            11661
         PERCENTAGE OF IN-MEMORY DATA USED                                0%
         TOTAL BLOCKS WRITTEN TO DISK                                     2
         BLOCK SIZE (IN WORDS)                                         1024
         NUMBER OF OPENS TO DISK FILES                                    1
         NUMBER OF CLOSES TO DISK FILES                                   1
         NUMBER OF WRITES TO DISK FILES                                   1
         NUMBER OF READS FROM DISK FILES                                  0
         MEMORY (IN WORDS) NOT USED BY IN-MEM. DATA BASE           12002427
