1*****************************************************************************
 *                                                                           *
 *       DATE 10/ 2/16       LOG OF 95 X86_64 Windows_NT NASTRAN JOB         *
 *                                                                           *
 *****************************************************************************

   WALL               TOTAL       INCREMENTAL      MODULE              MODULE/
   CLOCK               CPU            CPU            CPU             SUBROUTINE
   TIME              SECONDS        SECONDS        SECONDS             STATUS

 ------------------------------------------------------------------------------

 18:39:29.351         0.000          0.000                    SEM1  BEGN
 18:39:29.352         0.000          0.000                    GNFI
 18:39:29.353         0.000          0.000                    TTIO
 18:39:29.355         0.000          0.000                    TTLP
 18:39:29.356         0.000          0.000                    XCSA
 ID    D01112A,NASTRAN                                                   
 18:39:29.374         0.000          0.000                    IFP1
 TITLE    = SIMPLY-SUPPORTED RECTANGULAR PLATE WITH THERMAL GRADIENT     
 18:39:29.377         0.000          0.000                    XSOR
 18:39:29.381         0.000          0.000                    IFP   BEGN
 18:39:29.382         0.000          0.000                    IFP   END 
 18:39:29.382         0.000          0.000                    XGPI
 18:39:29.385         0.000          0.000                    BAND  IT  BEGN
 18:39:29.385         0.000          0.000                    BAND  IT  QUIT
 18:39:29.385         0.000          0.000                    SEM1  END 
 18:39:29.385         0.000          0.000                       1  PARAM     BEGN
 18:39:29.385         0.000          0.000          0.000        1  PARAM     END 
 18:39:29.385         0.000          0.000                    XSFA      BEGN
 18:39:29.385         0.000          0.000                    XSFA      END 
 18:39:29.385         0.000          0.000                       1  INPUT     BEGN
 18:39:29.386         0.000          0.000          0.000        1  INPUT     END 
 18:39:29.386         0.000          0.000                       1  EQUIV     BEGN
 18:39:29.386         0.000          0.000          0.000        1  EQUIV     END 
 18:39:29.386         0.000          0.000                       4  SETVAL    BEGN
 18:39:29.386         0.000          0.000          0.000        4  SETVAL    END 
 18:39:29.386         0.000          0.000                       5  PARAM     BEGN
 18:39:29.386         0.000          0.000          0.000        5  PARAM     END 
 18:39:29.386         0.000          0.000                    XSFA      BEGN
 18:39:29.386         0.000          0.000                    XSFA      END 
 18:39:29.386         0.000          0.000                      11  GP1       BEGN
 18:39:29.394         0.016          0.000          0.016       11  GP1       END 
 18:39:29.394         0.016          0.000                      12  ANISOP    BEGN
 18:39:29.394         0.016          0.000          0.000       12  ANISOP    END 
 18:39:29.394         0.016          0.000                      13  EQUIV     BEGN
 18:39:29.394         0.016          0.000          0.000       13  EQUIV     END 
 18:39:29.394         0.016          0.000                      14  PLTTRAN   BEGN
 18:39:29.394         0.016          0.000          0.000       14  PLTTRAN   END 
 18:39:29.394         0.016          0.000                      15  GP2       BEGN
 18:39:29.394         0.016          0.000          0.000       15  GP2       END 
 18:39:29.394         0.016          0.000                      16  PARAML    BEGN
 18:39:29.394         0.016          0.000          0.000       16  PARAML    END 
 18:39:29.394         0.016          0.000                      17  PURGE     BEGN
 18:39:29.394         0.016          0.000          0.000       17  PURGE     END 
 18:39:29.394         0.016          0.000                      18  COND      BEGN
 18:39:29.394         0.016          0.000          0.000       18  COND      END 
 18:39:29.394         0.016          0.000                      27  GP3       BEGN
 18:39:29.394         0.016          0.000          0.000       27  GP3       END 
 18:39:29.394         0.016          0.000                      28  PARAM     BEGN
 18:39:29.394         0.016          0.000          0.000       28  PARAM     END 
 18:39:29.394         0.016          0.000                      29  TA1       BEGN
 18:39:29.394         0.016          0.000          0.000       29  TA1       END 
 18:39:29.394         0.016          0.000                      30  EQUIV     BEGN
 18:39:29.394         0.016          0.000          0.000       30  EQUIV     END 
 18:39:29.394         0.016          0.000                      31  PARAM     BEGN
 18:39:29.394         0.016          0.000          0.000       31  PARAM     END 
 18:39:29.394         0.016          0.000                      32  COND      BEGN
 18:39:29.394         0.016          0.000          0.000       32  COND      END 
 18:39:29.394         0.016          0.000                      33  PURGE     BEGN
 18:39:29.394         0.016          0.000          0.000       33  PURGE     END 
 18:39:29.394         0.016          0.000                      34  OPTPR1    BEGN
 18:39:29.395         0.016          0.000          0.000       34  OPTPR1    END 
 18:39:29.395         0.016          0.000                      36  COND      BEGN
 18:39:29.395         0.016          0.000          0.000       36  COND      END 
 18:39:29.395         0.016          0.000                      37  PARAM     BEGN
 18:39:29.395         0.016          0.000          0.000       37  PARAM     END 
 18:39:29.395         0.016          0.000                      38  EQUIV     BEGN
 18:39:29.395         0.016          0.000          0.000       38  EQUIV     END 
 18:39:29.395         0.016          0.000                      39  EMG       BEGN
 18:39:29.400         0.016          0.000          0.000       39  EMG       END 
 18:39:29.400         0.016          0.000                      40  COND      BEGN
 18:39:29.400         0.016          0.000          0.000       40  COND      END 
 18:39:29.400         0.016          0.000                      41  EMA       BEGN
 18:39:29.401         0.016          0.000          0.000       41  EMA       END 
 18:39:29.401         0.016          0.000                      43  PURGE     BEGN
 18:39:29.401         0.016          0.000          0.000       43  PURGE     END 
 18:39:29.401         0.016          0.000                      44  COND      BEGN
 18:39:29.401         0.016          0.000          0.000       44  COND      END 
 18:39:29.401         0.016          0.000                      48  COND      BEGN
 18:39:29.401         0.016          0.000          0.000       48  COND      END 
 18:39:29.401         0.016          0.000                      53  EQUIV     BEGN
 18:39:29.401         0.016          0.000          0.000       53  EQUIV     END 
 18:39:29.401         0.016          0.000                      54  COND      BEGN
 18:39:29.402         0.016          0.000          0.000       54  COND      END 
 18:39:29.402         0.016          0.000                    XSFA      BEGN
 18:39:29.402         0.016          0.000                    XSFA      END 
 18:39:29.402         0.016          0.000                      57  GPSTGEN   BEGN
 18:39:29.402         0.016          0.000          0.000       57  GPSTGEN   END 
 18:39:29.402         0.016          0.000                      58  PARAM     BEGN
 18:39:29.402         0.016          0.000          0.000       58  PARAM     END 
 18:39:29.402         0.016          0.000                      60  GP4       BEGN
 18:39:29.402         0.016          0.000          0.000       60  GP4       END 
 18:39:29.402         0.016          0.000                      61  OFP       BEGN
 18:39:29.402         0.016          0.000          0.000       61  OFP       END 
 18:39:29.402         0.016          0.000                      62  COND      BEGN
 18:39:29.402         0.016          0.000          0.000       62  COND      END 
 18:39:29.402         0.016          0.000                      63  PARAM     BEGN
 18:39:29.402         0.016          0.000          0.000       63  PARAM     END 
 18:39:29.402         0.016          0.000                      64  PURGE     BEGN
 18:39:29.402         0.016          0.000          0.000       64  PURGE     END 
 18:39:29.402         0.016          0.000                      65  EQUIV     BEGN
 18:39:29.402         0.016          0.000          0.000       65  EQUIV     END 
 18:39:29.402         0.016          0.000                      66  COND      BEGN
 18:39:29.402         0.016          0.000          0.000       66  COND      END 
 18:39:29.402         0.016          0.000                      70  EQUIV     BEGN
 18:39:29.402         0.016          0.000          0.000       70  EQUIV     END 
 18:39:29.402         0.016          0.000                      71  COND      BEGN
 18:39:29.403         0.016          0.000          0.000       71  COND      END 
 18:39:29.403         0.016          0.000                      72  SCE1      BEGN
 18:39:29.403         0.016          0.000          0.000       72  SCE1      END 
 18:39:29.403         0.016          0.000                      74  EQUIV     BEGN
 18:39:29.403         0.016          0.000          0.000       74  EQUIV     END 
 18:39:29.403         0.016          0.000                      75  COND      BEGN
 18:39:29.403         0.016          0.000          0.000       75  COND      END 
 18:39:29.403         0.016          0.000                      78  EQUIV     BEGN
 18:39:29.403         0.016          0.000          0.000       78  EQUIV     END 
 18:39:29.403         0.016          0.000                      79  COND      BEGN
 18:39:29.403         0.016          0.000          0.000       79  COND      END 
 18:39:29.403         0.016          0.000                      82  RBMG2     BEGN
 18:39:29.403         0.016          0.000                    SMCO  MP  BEGN          
 18:39:29.405         0.016          0.000                    SMCO  MP  END           
 18:39:29.405         0.016          0.000          0.000       82  RBMG2     END 
 18:39:29.405         0.016          0.000                      83  COND      BEGN
 18:39:29.405         0.016          0.000          0.000       83  COND      END 
 18:39:29.405         0.016          0.000                      86  SSG1      BEGN
 18:39:29.411         0.016          0.000          0.000       86  SSG1      END 
 18:39:29.411         0.016          0.000                      87  EQUIV     BEGN
 18:39:29.411         0.016          0.000          0.000       87  EQUIV     END 
 18:39:29.411         0.016          0.000                      88  COND      BEGN
 18:39:29.411         0.016          0.000          0.000       88  COND      END 
 18:39:29.411         0.016          0.000                      89  SSG2      BEGN
 18:39:29.411         0.016          0.000                    MMA       BEGN
       MMA - NULL MATRIX PRODUCT
 18:39:29.411         0.016          0.000                    MMA       END 
 18:39:29.411         0.016          0.000          0.000       89  SSG2      END 
 18:39:29.411         0.016          0.000                      91  SSG3      BEGN
 18:39:29.411         0.016          0.000                    FBSI  BEGN
 18:39:29.411         0.016          0.000                    FBS2  BEGN
 18:39:29.411         0.016          0.000                    FBS2  END 
 18:39:29.411         0.016          0.000                    FBSI  END 
 18:39:29.411         0.016          0.000                    MMA       BEGN
 18:39:29.411         0.016          0.000                    MMA2  1   BEGN
 18:39:29.412         0.016          0.000                    MMA2  1   END 
   METHOD USED = 21NT  ACTUAL NUMBER OF PASSES =   1
 18:39:29.412         0.016          0.000                    MMA       END 
 18:39:29.412         0.016          0.000          0.000       91  SSG3      END 
 18:39:29.412         0.016          0.000                      92  COND      BEGN
 18:39:29.412         0.016          0.000          0.000       92  COND      END 
 18:39:29.412         0.016          0.000                      96  SDR1      BEGN
 18:39:29.412         0.016          0.000                    MMA       BEGN
 18:39:29.412         0.016          0.000                    MMA2  1   BEGN
 18:39:29.412         0.016          0.000                    MMA2  1   END 
   METHOD USED = 21T   ACTUAL NUMBER OF PASSES =   1
 18:39:29.412         0.016          0.000                    MMA       END 
 18:39:29.412         0.016          0.000          0.000       96  SDR1      END 
 18:39:29.412         0.016          0.000                     100  PARAM     BEGN
 18:39:29.412         0.016          0.000          0.000      100  PARAM     END 
 18:39:29.412         0.016          0.000                     101  COND      BEGN
 18:39:29.412         0.016          0.000          0.000      101  COND      END 
 18:39:29.412         0.016          0.000                     103  GPFDR     BEGN
 18:39:29.412         0.016          0.000          0.000      103  GPFDR     END 
 18:39:29.412         0.016          0.000                     104  PURGE     BEGN
 18:39:29.412         0.016          0.000          0.000      104  PURGE     END 
 18:39:29.412         0.016          0.000                     105  OFP       BEGN
 18:39:29.412         0.016          0.000          0.000      105  OFP       END 
 18:39:29.412         0.016          0.000                     106  COND      BEGN
 18:39:29.412         0.016          0.000          0.000      106  COND      END 
 18:39:29.412         0.016          0.000                    XSFA      BEGN
 18:39:29.412         0.016          0.000                    XSFA      END 
 18:39:29.412         0.016          0.000                     110  SDR2      BEGN
 18:39:29.414         0.016          0.000          0.000      110  SDR2      END 
 18:39:29.415         0.016          0.000                     111  COND      BEGN
 18:39:29.415         0.016          0.000          0.000      111  COND      END 
 18:39:29.415         0.016          0.000                     112  CURV      BEGN
 18:39:29.423         0.016          0.000          0.000      112  CURV      END 
 18:39:29.423         0.016          0.000                     114  PURGE     BEGN
 18:39:29.423         0.016          0.000          0.000      114  PURGE     END 
 18:39:29.423         0.016          0.000                     115  COND      BEGN
 18:39:29.423         0.016          0.000          0.000      115  COND      END 
 18:39:29.423         0.016          0.000                     116  SDR2      BEGN
 18:39:29.425         0.016          0.000          0.000      116  SDR2      END 
 18:39:29.425         0.016          0.000                     117  COND      BEGN
 18:39:29.425         0.016          0.000          0.000      117  COND      END 
 18:39:29.425         0.016          0.000                     120  PURGE     BEGN
 18:39:29.425         0.016          0.000          0.000      120  PURGE     END 
 18:39:29.425         0.016          0.000                     121  COND      BEGN
 18:39:29.425         0.016          0.000          0.000      121  COND      END 
 18:39:29.425         0.016          0.000                     140  PURGE     BEGN
 18:39:29.425         0.016          0.000          0.000      140  PURGE     END 
 18:39:29.425         0.016          0.000                     141  COND      BEGN
 18:39:29.425         0.016          0.000          0.000      141  COND      END 
 18:39:29.425         0.016          0.000                     146  OFP       BEGN
 18:39:29.472         0.016          0.000          0.000      146  OFP       END 
 18:39:29.472         0.016          0.000                     147  OFP       BEGN
 18:39:29.472         0.016          0.000          0.000      147  OFP       END 
 18:39:29.472         0.016          0.000                    XSFA      BEGN
 18:39:29.472         0.016          0.000                    XSFA      END 
 18:39:29.472         0.016          0.000                     148  SCAN      BEGN
 18:39:29.472         0.016          0.000          0.000      148  SCAN      END 
 18:39:29.472         0.016          0.000                     149  OFP       BEGN
 18:39:29.472         0.016          0.000          0.000      149  OFP       END 
 18:39:29.472         0.016          0.000                     150  OFP       BEGN
 18:39:29.538         0.047          0.031          0.031      150  OFP       END 
 18:39:29.538         0.047          0.000                     152  COND      BEGN
 18:39:29.538         0.047          0.000          0.000      152  COND      END 
 18:39:29.538         0.047          0.000                     157  COND      BEGN
 18:39:29.538         0.047          0.000          0.000      157  COND      END 
 18:39:29.538         0.047          0.000                     171  PURGE     BEGN
 18:39:29.538         0.047          0.000          0.000      171  PURGE     END 
 18:39:29.538         0.047          0.000                     228  EXIT      BEGN
1     STATISTICS ON IN-MEMORY DATA BASE AND DISK I/O USAGE

         LENGTH (IN WORDS) OF OPEN CORE ALLOCATED                   2000000
         LENGTH (IN WORDS) OF IN-MEMORY DATA BASE ALLOCATED        12000000
         NUMBER OF BLOCKS USED IN THE IN-MEMORY DATA BASE               104
         NUMBER OF BLOCKS ALLOCATED FOR THE IN-MEMORY DATA            11661
         PERCENTAGE OF IN-MEMORY DATA USED                                0%
         TOTAL BLOCKS WRITTEN TO DISK                              40000003
         BLOCK SIZE (IN WORDS)                                         1024
         NUMBER OF OPENS TO DISK FILES                                    8
         NUMBER OF CLOSES TO DISK FILES                                   8
         NUMBER OF WRITES TO DISK FILES                                   6
         NUMBER OF READS FROM DISK FILES                                  8
         MEMORY (IN WORDS) NOT USED BY IN-MEM. DATA BASE           11938381
