1*****************************************************************************
 *                                                                           *
 *       DATE 12/11/16       LOG OF 95 X86_64 Windows_NT NASTRAN JOB         *
 *                                                                           *
 *****************************************************************************

   WALL               TOTAL       INCREMENTAL      MODULE              MODULE/
   CLOCK               CPU            CPU            CPU             SUBROUTINE
   TIME              SECONDS        SECONDS        SECONDS             STATUS

 ------------------------------------------------------------------------------

 13:56:16.019         0.000          0.000                    SEM1  BEGN
 13:56:16.020         0.000          0.000                    GNFI
 13:56:16.020         0.000          0.000                    TTIO
 13:56:16.022         0.000          0.000                    TTLP
 13:56:16.023         0.000          0.000                    XCSA
 ID    D02011A,NASTRAN                                                   
 13:56:16.043         0.016          0.000                    IFP1
 TITLE    = INERTIA RELIEF ANALYSIS OF A CIRCULAR RING                   
 13:56:16.045         0.016          0.000                    XSOR
 13:56:16.050         0.016          0.000                    IFP   BEGN
 13:56:16.050         0.016          0.000                    IFP   END 
 13:56:16.050         0.016          0.000                    XGPI
 13:56:16.051         0.016          0.000                    BAND  IT  BEGN
 13:56:16.060         0.016          0.000                    BAND  IT  END 
 13:56:16.060         0.016          0.000                    SEM1  END 
 13:56:16.060         0.016          0.000                       4  PARAM     BEGN
 13:56:16.060         0.016          0.000          0.000        4  PARAM     END 
 13:56:16.061         0.016          0.000                    XSFA      BEGN
 13:56:16.061         0.016          0.000                    XSFA      END 
 13:56:16.061         0.016          0.000                       5  GP1       BEGN
 13:56:16.065         0.016          0.000          0.000        5  GP1       END 
 13:56:16.065         0.016          0.000                       6  ANISOP    BEGN
 13:56:16.065         0.016          0.000          0.000        6  ANISOP    END 
 13:56:16.065         0.016          0.000                       7  EQUIV     BEGN
 13:56:16.065         0.016          0.000          0.000        7  EQUIV     END 
 13:56:16.065         0.016          0.000                       8  PLTTRAN   BEGN
 13:56:16.065         0.016          0.000          0.000        8  PLTTRAN   END 
 13:56:16.065         0.016          0.000                       9  GP2       BEGN
 13:56:16.065         0.016          0.000          0.000        9  GP2       END 
 13:56:16.065         0.016          0.000                      10  PARAML    BEGN
 13:56:16.065         0.016          0.000          0.000       10  PARAML    END 
 13:56:16.065         0.016          0.000                      11  PURGE     BEGN
 13:56:16.065         0.016          0.000          0.000       11  PURGE     END 
 13:56:16.065         0.016          0.000                      12  COND      BEGN
 13:56:16.065         0.016          0.000          0.000       12  COND      END 
 13:56:16.065         0.016          0.000                      21  GP3       BEGN
 13:56:16.065         0.016          0.000          0.000       21  GP3       END 
 13:56:16.065         0.016          0.000                      22  TA1       BEGN
 13:56:16.065         0.016          0.000          0.000       22  TA1       END 
 13:56:16.065         0.016          0.000                      23  EQUIV     BEGN
 13:56:16.065         0.016          0.000          0.000       23  EQUIV     END 
 13:56:16.065         0.016          0.000                      24  COND      BEGN
 13:56:16.065         0.016          0.000          0.000       24  COND      END 
 13:56:16.065         0.016          0.000                      25  PARAM     BEGN
 13:56:16.065         0.016          0.000          0.000       25  PARAM     END 
 13:56:16.065         0.016          0.000                      26  PARAM     BEGN
 13:56:16.065         0.016          0.000          0.000       26  PARAM     END 
 13:56:16.065         0.016          0.000                      27  EMG       BEGN
 13:56:16.070         0.016          0.000          0.000       27  EMG       END 
 13:56:16.070         0.016          0.000                      28  PURGE     BEGN
 13:56:16.070         0.016          0.000          0.000       28  PURGE     END 
 13:56:16.070         0.016          0.000                      29  COND      BEGN
 13:56:16.070         0.016          0.000          0.000       29  COND      END 
 13:56:16.070         0.016          0.000                      30  EMA       BEGN
 13:56:16.071         0.016          0.000          0.000       30  EMA       END 
 13:56:16.071         0.016          0.000                      31  PURGE     BEGN
 13:56:16.071         0.016          0.000          0.000       31  PURGE     END 
 13:56:16.071         0.016          0.000                      33  COND      BEGN
 13:56:16.071         0.016          0.000          0.000       33  COND      END 
 13:56:16.071         0.016          0.000                      34  EMA       BEGN
 13:56:16.071         0.016          0.000          0.000       34  EMA       END 
 13:56:16.071         0.016          0.000                      35  PURGE     BEGN
 13:56:16.071         0.016          0.000          0.000       35  PURGE     END 
 13:56:16.071         0.016          0.000                      36  COND      BEGN
 13:56:16.071         0.016          0.000          0.000       36  COND      END 
 13:56:16.071         0.016          0.000                      37  GPWG      BEGN
 13:56:16.071         0.016          0.000                    TRAN  POSE
 13:56:16.071         0.016          0.000                    TRAN  POSE
 13:56:16.071         0.016          0.000                    MMA       BEGN
 13:56:16.071         0.016          0.000                    MMA3  1   BEGN
 13:56:16.072         0.016          0.000                    MMA3  1   END 
   METHOD USED = 31NT  ACTUAL NUMBER OF PASSES =   1
 13:56:16.072         0.016          0.000                    MMA       END 
 13:56:16.072         0.016          0.000                    MMA       BEGN
 13:56:16.072         0.016          0.000                    MMA3  2   BEGN
 13:56:16.072         0.016          0.000                    MMA3  2   END 
   METHOD USED = 32T   ACTUAL NUMBER OF PASSES =   1
 13:56:16.072         0.016          0.000                    MMA       END 
 13:56:16.072         0.016          0.000          0.000       37  GPWG      END 
 13:56:16.072         0.016          0.000                      38  OFP       BEGN
 13:56:16.072         0.016          0.000          0.000       38  OFP       END 
 13:56:16.072         0.016          0.000                      40  EQUIV     BEGN
 13:56:16.072         0.016          0.000          0.000       40  EQUIV     END 
 13:56:16.072         0.016          0.000                      41  COND      BEGN
 13:56:16.072         0.016          0.000          0.000       41  COND      END 
 13:56:16.072         0.016          0.000                      44  GPSTGEN   BEGN
 13:56:16.072         0.016          0.000          0.000       44  GPSTGEN   END 
 13:56:16.072         0.016          0.000                      45  PARAM     BEGN
 13:56:16.072         0.016          0.000          0.000       45  PARAM     END 
 13:56:16.072         0.016          0.000                    XSFA      BEGN
 13:56:16.073         0.016          0.000                    XSFA      END 
 13:56:16.073         0.016          0.000                      47  GP4       BEGN
 13:56:16.073         0.016          0.000          0.000       47  GP4       END 
 13:56:16.073         0.016          0.000                      48  OFP       BEGN
 13:56:16.073         0.016          0.000          0.000       48  OFP       END 
 13:56:16.073         0.016          0.000                      49  COND      BEGN
 13:56:16.073         0.016          0.000          0.000       49  COND      END 
 13:56:16.073         0.016          0.000                      50  COND      BEGN
 13:56:16.073         0.016          0.000          0.000       50  COND      END 
 13:56:16.073         0.016          0.000                      51  PURGE     BEGN
 13:56:16.073         0.016          0.000          0.000       51  PURGE     END 
 13:56:16.073         0.016          0.000                      52  EQUIV     BEGN
 13:56:16.073         0.016          0.000          0.000       52  EQUIV     END 
 13:56:16.073         0.016          0.000                      53  COND      BEGN
 13:56:16.073         0.016          0.000          0.000       53  COND      END 
 13:56:16.073         0.016          0.000                      57  EQUIV     BEGN
 13:56:16.073         0.016          0.000          0.000       57  EQUIV     END 
 13:56:16.073         0.016          0.000                      58  COND      BEGN
 13:56:16.073         0.016          0.000          0.000       58  COND      END 
 13:56:16.073         0.016          0.000                      59  SCE1      BEGN
 13:56:16.073         0.016          0.000          0.000       59  SCE1      END 
 13:56:16.073         0.016          0.000                      61  EQUIV     BEGN
 13:56:16.073         0.016          0.000          0.000       61  EQUIV     END 
 13:56:16.073         0.016          0.000                      62  COND      BEGN
 13:56:16.073         0.016          0.000          0.000       62  COND      END 
 13:56:16.073         0.016          0.000                    XSFA      BEGN
 13:56:16.073         0.016          0.000                    XSFA      END 
 13:56:16.073         0.016          0.000                      65  RBMG1     BEGN
 13:56:16.073         0.016          0.000          0.000       65  RBMG1     END 
 13:56:16.073         0.016          0.000                      66  RBMG2     BEGN
 13:56:16.073         0.016          0.000                    SMCO  MP  BEGN          
 13:56:16.074         0.016          0.000                    SMCO  MP  END           
 13:56:16.074         0.016          0.000          0.000       66  RBMG2     END 
 13:56:16.074         0.016          0.000                      67  RBMG3     BEGN
 13:56:16.074         0.016          0.000                    FBSI  BEGN
 13:56:16.074         0.016          0.000                    FBS2  BEGN
 13:56:16.074         0.016          0.000                    FBS2  END 
 13:56:16.074         0.016          0.000                    FBSI  END 
 13:56:16.074         0.016          0.000                    MMA       BEGN
 13:56:16.074         0.016          0.000                    MMA2  1   BEGN
 13:56:16.074         0.016          0.000                    MMA2  1   END 
   METHOD USED = 21T   ACTUAL NUMBER OF PASSES =   1
 13:56:16.074         0.016          0.000                    MMA       END 
 13:56:16.074         0.016          0.000          0.000       67  RBMG3     END 
 13:56:16.074         0.016          0.000                      68  RBMG4     BEGN
 13:56:16.074         0.016          0.000                    MMA       BEGN
 13:56:16.074         0.016          0.000                    MMA2  1   BEGN
 13:56:16.074         0.016          0.000                    MMA2  1   END 
   METHOD USED = 21NT  ACTUAL NUMBER OF PASSES =   1
 13:56:16.074         0.016          0.000                    MMA       END 
 13:56:16.074         0.016          0.000                    MMA       BEGN
 13:56:16.074         0.016          0.000                    MMA2  1   BEGN
 13:56:16.074         0.016          0.000                    MMA2  1   END 
   METHOD USED = 21T   ACTUAL NUMBER OF PASSES =   1
 13:56:16.074         0.016          0.000                    MMA       END 
 13:56:16.074         0.016          0.000                    MMA       BEGN
 13:56:16.074         0.016          0.000                    MMA1  0   BEGN
 13:56:16.074         0.016          0.000                    MMA1  0   END 
   METHOD USED = 10T   ACTUAL NUMBER OF PASSES =   1
 13:56:16.074         0.016          0.000                    MMA       END 
 13:56:16.074         0.016          0.000          0.000       68  RBMG4     END 
 13:56:16.074         0.016          0.000                      69  SSG1      BEGN
 13:56:16.078         0.016          0.000          0.000       69  SSG1      END 
 13:56:16.078         0.016          0.000                      70  SSG2      BEGN
 13:56:16.079         0.016          0.000                    MMA       BEGN
       MMA - NULL MATRIX PRODUCT
 13:56:16.079         0.016          0.000                    MMA       END 
 13:56:16.079         0.016          0.000                    MMA       BEGN
 13:56:16.079         0.016          0.000                    MMA1  0   BEGN
 13:56:16.079         0.016          0.000                    MMA1  0   END 
   METHOD USED = 10T   ACTUAL NUMBER OF PASSES =   1
 13:56:16.079         0.016          0.000                    MMA       END 
 13:56:16.079         0.016          0.000          0.000       70  SSG2      END 
 13:56:16.079         0.016          0.000                      71  SSG4      BEGN
 13:56:16.079         0.016          0.000                    SMCO  MP  BEGN          
 13:56:16.079         0.016          0.000                    SMCO  MP  END           
 13:56:16.079         0.016          0.000                    FBSI  BEGN
 13:56:16.079         0.016          0.000                    FBS2  BEGN
 13:56:16.079         0.016          0.000                    FBS2  END 
 13:56:16.079         0.016          0.000                    FBSI  END 
 13:56:16.079         0.016          0.000                    MMA       BEGN
 13:56:16.079         0.016          0.000                    MMA2  1   BEGN
 13:56:16.079         0.016          0.000                    MMA2  1   END 
   METHOD USED = 21NT  ACTUAL NUMBER OF PASSES =   1
 13:56:16.079         0.016          0.000                    MMA       END 
 13:56:16.079         0.016          0.000                    MMA       BEGN
 13:56:16.079         0.016          0.000                    MMA1  0   BEGN
 13:56:16.079         0.016          0.000                    MMA1  0   END 
   METHOD USED = 10NT  ACTUAL NUMBER OF PASSES =   1
 13:56:16.079         0.016          0.000                    MMA       END 
 13:56:16.079         0.016          0.000          0.000       71  SSG4      END 
 13:56:16.079         0.016          0.000                      72  SSG3      BEGN
 13:56:16.079         0.016          0.000                    FBSI  BEGN
 13:56:16.079         0.016          0.000                    FBS2  BEGN
 13:56:16.079         0.016          0.000                    FBS2  END 
 13:56:16.079         0.016          0.000                    FBSI  END 
 13:56:16.079         0.016          0.000                    MMA       BEGN
 13:56:16.079         0.016          0.000                    MMA2  1   BEGN
 13:56:16.079         0.016          0.000                    MMA2  1   END 
   METHOD USED = 21NT  ACTUAL NUMBER OF PASSES =   1
 13:56:16.079         0.016          0.000                    MMA       END 
 13:56:16.079         0.016          0.000          0.000       72  SSG3      END 
 13:56:16.079         0.016          0.000                      73  COND      BEGN
 13:56:16.079         0.016          0.000          0.000       73  COND      END 
 13:56:16.079         0.016          0.000                      77  SDR1      BEGN
 13:56:16.079         0.016          0.000                    MMA       BEGN
       MMA - NULL MATRIX PRODUCT
 13:56:16.079         0.016          0.000                    MMA       END 
 13:56:16.079         0.016          0.000          0.000       77  SDR1      END 
 13:56:16.079         0.016          0.000                      81  PARAM     BEGN
 13:56:16.079         0.016          0.000          0.000       81  PARAM     END 
 13:56:16.079         0.016          0.000                      82  COND      BEGN
 13:56:16.079         0.016          0.000          0.000       82  COND      END 
 13:56:16.079         0.016          0.000                      84  COND      BEGN
 13:56:16.079         0.016          0.000          0.000       84  COND      END 
 13:56:16.079         0.016          0.000                    XSFA      BEGN
 13:56:16.080         0.016          0.000                    XSFA      END 
 13:56:16.080         0.016          0.000                      88  SDR2      BEGN
 13:56:16.080         0.016          0.000          0.000       88  SDR2      END 
 13:56:16.080         0.016          0.000                      89  OFP       BEGN
 13:56:16.104         0.031          0.016          0.016       89  OFP       END 
 13:56:16.104         0.031          0.000                      90  OFP       BEGN
 13:56:16.104         0.031          0.000          0.000       90  OFP       END 
 13:56:16.104         0.031          0.000                      91  SCAN      BEGN
 13:56:16.104         0.031          0.000          0.000       91  SCAN      END 
 13:56:16.104         0.031          0.000                      92  OFP       BEGN
 13:56:16.104         0.031          0.000          0.000       92  OFP       END 
 13:56:16.105         0.031          0.000                      93  COND      BEGN
 13:56:16.105         0.031          0.000          0.000       93  COND      END 
 13:56:16.105         0.031          0.000                      97  JUMP      BEGN
 13:56:16.105         0.031          0.000          0.000       97  JUMP      END 
 13:56:16.105         0.031          0.000                     111  PURGE     BEGN
 13:56:16.105         0.031          0.000          0.000      111  PURGE     END 
 13:56:16.105         0.031          0.000                     112  EXIT      BEGN
1     STATISTICS ON IN-MEMORY DATA BASE AND DISK I/O USAGE

         LENGTH (IN WORDS) OF OPEN CORE ALLOCATED                   2000000
         LENGTH (IN WORDS) OF IN-MEMORY DATA BASE ALLOCATED        12000000
         NUMBER OF BLOCKS USED IN THE IN-MEMORY DATA BASE                54
         NUMBER OF BLOCKS ALLOCATED FOR THE IN-MEMORY DATA            11661
         PERCENTAGE OF IN-MEMORY DATA USED                                0%
         TOTAL BLOCKS WRITTEN TO DISK                              40000004
         BLOCK SIZE (IN WORDS)                                         1024
         NUMBER OF OPENS TO DISK FILES                                    6
         NUMBER OF CLOSES TO DISK FILES                                   6
         NUMBER OF WRITES TO DISK FILES                                   6
         NUMBER OF READS FROM DISK FILES                                  7
         MEMORY (IN WORDS) NOT USED BY IN-MEM. DATA BASE           11990031
