1*****************************************************************************
 *                                                                           *
 *       DATE 12/27/16       LOG OF 95 X86_64 Windows_NT NASTRAN JOB         *
 *                                                                           *
 *****************************************************************************

   WALL               TOTAL       INCREMENTAL      MODULE              MODULE/
   CLOCK               CPU            CPU            CPU             SUBROUTINE
   TIME              SECONDS        SECONDS        SECONDS             STATUS

 ------------------------------------------------------------------------------

 12:14:17.361         0.000          0.000                    SEM1  BEGN
 12:14:17.363         0.000          0.000                    GNFI
 12:14:17.363         0.000          0.000                    TTIO
 12:14:17.366         0.000          0.000                    TTLP
 12:14:17.366         0.000          0.000                    XCSA
 ID    D12011A,NASTRAN                                                   
 12:14:17.391         0.000          0.000                    IFP1
 TITLE    = TRANSIENT ANALYSIS OF A FREE ONE HUNDRED CELL BEAM           
 12:14:17.395         0.000          0.000                    XSOR
 12:14:17.402         0.000          0.000                    IFP   BEGN
 12:14:17.403         0.000          0.000                    IFP   END 
 12:14:17.403         0.000          0.000                    XGPI
 12:14:17.404         0.000          0.000                    BAND  IT  BEGN
 12:14:17.414         0.000          0.000                    BAND  IT  END 
 12:14:17.414         0.000          0.000                    SEM1  END 
 12:14:17.414         0.000          0.000                       4  PARAM     BEGN
 12:14:17.414         0.000          0.000          0.000        4  PARAM     END 
 12:14:17.414         0.000          0.000                    XSFA      BEGN
 12:14:17.415         0.000          0.000                    XSFA      END 
 12:14:17.415         0.000          0.000                       5  GP1       BEGN
 12:14:17.419         0.000          0.000          0.000        5  GP1       END 
 12:14:17.419         0.000          0.000                       6  ANISOP    BEGN
 12:14:17.419         0.000          0.000          0.000        6  ANISOP    END 
 12:14:17.419         0.000          0.000                       7  EQUIV     BEGN
 12:14:17.419         0.000          0.000          0.000        7  EQUIV     END 
 12:14:17.419         0.000          0.000                       8  PLTTRAN   BEGN
 12:14:17.419         0.000          0.000          0.000        8  PLTTRAN   END 
 12:14:17.419         0.000          0.000                       9  GP2       BEGN
 12:14:17.419         0.000          0.000          0.000        9  GP2       END 
 12:14:17.419         0.000          0.000                      10  PARAML    BEGN
 12:14:17.419         0.000          0.000          0.000       10  PARAML    END 
 12:14:17.419         0.000          0.000                      11  PURGE     BEGN
 12:14:17.419         0.000          0.000          0.000       11  PURGE     END 
 12:14:17.419         0.000          0.000                      12  COND      BEGN
 12:14:17.419         0.000          0.000          0.000       12  COND      END 
 12:14:17.419         0.000          0.000                      13  PLTSET    BEGN
 12:14:17.423         0.000          0.000          0.000       13  PLTSET    END 
 12:14:17.423         0.000          0.000                      14  PRTMSG    BEGN
 12:14:17.423         0.000          0.000          0.000       14  PRTMSG    END 
 12:14:17.423         0.000          0.000                      15  PARAM     BEGN
 12:14:17.423         0.000          0.000          0.000       15  PARAM     END 
 12:14:17.423         0.000          0.000                      16  PARAM     BEGN
 12:14:17.423         0.000          0.000          0.000       16  PARAM     END 
 12:14:17.423         0.000          0.000                      17  COND      BEGN
 12:14:17.423         0.000          0.000          0.000       17  COND      END 
 12:14:17.423         0.000          0.000                      18  PLOT      BEGN
 12:14:17.423         0.000          0.000          0.000       18  PLOT      END 
 12:14:17.423         0.000          0.000                      19  PRTMSG    BEGN
 12:14:17.423         0.000          0.000          0.000       19  PRTMSG    END 
 12:14:17.423         0.000          0.000                      21  GP3       BEGN
 12:14:17.423         0.000          0.000          0.000       21  GP3       END 
 12:14:17.423         0.000          0.000                      22  TA1       BEGN
 12:14:17.424         0.000          0.000          0.000       22  TA1       END 
 12:14:17.424         0.000          0.000                      23  EQUIV     BEGN
 12:14:17.424         0.000          0.000          0.000       23  EQUIV     END 
 12:14:17.424         0.000          0.000                      24  COND      BEGN
 12:14:17.424         0.000          0.000          0.000       24  COND      END 
 12:14:17.424         0.000          0.000                      25  PARAM     BEGN
 12:14:17.424         0.000          0.000          0.000       25  PARAM     END 
 12:14:17.424         0.000          0.000                      26  PARAM     BEGN
 12:14:17.424         0.000          0.000          0.000       26  PARAM     END 
 12:14:17.424         0.000          0.000                      27  EMG       BEGN
 12:14:17.429         0.000          0.000          0.000       27  EMG       END 
 12:14:17.429         0.000          0.000                      28  PURGE     BEGN
 12:14:17.429         0.000          0.000          0.000       28  PURGE     END 
 12:14:17.429         0.000          0.000                      29  COND      BEGN
 12:14:17.429         0.000          0.000          0.000       29  COND      END 
 12:14:17.429         0.000          0.000                      30  EMA       BEGN
 12:14:17.430         0.000          0.000          0.000       30  EMA       END 
 12:14:17.430         0.000          0.000                      31  PURGE     BEGN
 12:14:17.430         0.000          0.000          0.000       31  PURGE     END 
 12:14:17.430         0.000          0.000                      33  COND      BEGN
 12:14:17.430         0.000          0.000          0.000       33  COND      END 
 12:14:17.430         0.000          0.000                      34  EMA       BEGN
 12:14:17.431         0.000          0.000          0.000       34  EMA       END 
 12:14:17.431         0.000          0.000                      35  PURGE     BEGN
 12:14:17.431         0.000          0.000          0.000       35  PURGE     END 
 12:14:17.431         0.000          0.000                      36  COND      BEGN
 12:14:17.431         0.000          0.000          0.000       36  COND      END 
 12:14:17.431         0.000          0.000                      37  GPWG      BEGN
 12:14:17.431         0.000          0.000                    TRAN  POSE
 12:14:17.432         0.000          0.000                    TRAN  POSE
 12:14:17.432         0.000          0.000                    MMA       BEGN
 12:14:17.432         0.000          0.000                    MMA3  1   BEGN
 12:14:17.432         0.000          0.000                    MMA3  1   END 
   METHOD USED = 31NT  ACTUAL NUMBER OF PASSES =   1
 12:14:17.432         0.000          0.000                    MMA       END 
 12:14:17.432         0.000          0.000                    MMA       BEGN
 12:14:17.432         0.000          0.000                    MMA3  2   BEGN
 12:14:17.432         0.000          0.000                    MMA3  2   END 
   METHOD USED = 32T   ACTUAL NUMBER OF PASSES =   1
 12:14:17.432         0.000          0.000                    MMA       END 
 12:14:17.432         0.000          0.000          0.000       37  GPWG      END 
 12:14:17.432         0.000          0.000                      38  OFP       BEGN
 12:14:17.433         0.000          0.000          0.000       38  OFP       END 
 12:14:17.433         0.000          0.000                      40  EQUIV     BEGN
 12:14:17.433         0.000          0.000          0.000       40  EQUIV     END 
 12:14:17.433         0.000          0.000                      41  COND      BEGN
 12:14:17.433         0.000          0.000          0.000       41  COND      END 
 12:14:17.433         0.000          0.000                      44  GPSTGEN   BEGN
 12:14:17.433         0.000          0.000          0.000       44  GPSTGEN   END 
 12:14:17.433         0.000          0.000                      45  PARAM     BEGN
 12:14:17.433         0.000          0.000          0.000       45  PARAM     END 
 12:14:17.433         0.000          0.000                    XSFA      BEGN
 12:14:17.433         0.000          0.000                    XSFA      END 
 12:14:17.433         0.000          0.000                      46  GP4       BEGN
 12:14:17.433         0.000          0.000          0.000       46  GP4       END 
 12:14:17.433         0.000          0.000                      47  OFP       BEGN
 12:14:17.433         0.000          0.000          0.000       47  OFP       END 
 12:14:17.433         0.000          0.000                      48  PARAM     BEGN
 12:14:17.433         0.000          0.000          0.000       48  PARAM     END 
 12:14:17.433         0.000          0.000                      49  PURGE     BEGN
 12:14:17.433         0.000          0.000          0.000       49  PURGE     END 
 12:14:17.433         0.000          0.000                      50  EQUIV     BEGN
 12:14:17.433         0.000          0.000          0.000       50  EQUIV     END 
 12:14:17.433         0.000          0.000                      51  COND      BEGN
 12:14:17.433         0.000          0.000          0.000       51  COND      END 
 12:14:17.433         0.000          0.000                      55  EQUIV     BEGN
 12:14:17.433         0.000          0.000          0.000       55  EQUIV     END 
 12:14:17.433         0.000          0.000                      56  COND      BEGN
 12:14:17.433         0.000          0.000          0.000       56  COND      END 
 12:14:17.433         0.000          0.000                      57  SCE1      BEGN
 12:14:17.434         0.000          0.000          0.000       57  SCE1      END 
 12:14:17.434         0.000          0.000                      59  EQUIV     BEGN
 12:14:17.434         0.000          0.000          0.000       59  EQUIV     END 
 12:14:17.434         0.000          0.000                      60  EQUIV     BEGN
 12:14:17.434         0.000          0.000          0.000       60  EQUIV     END 
 12:14:17.434         0.000          0.000                      61  COND      BEGN
 12:14:17.434         0.000          0.000          0.000       61  COND      END 
 12:14:17.434         0.000          0.000                      62  SMP1      BEGN
 12:14:17.434         0.000          0.000                    SMCO  MP  BEGN          
 12:14:17.434         0.000          0.000                    SMCO  MP  END           
 12:14:17.434         0.000          0.000                    FBSI  BEGN
 12:14:17.435         0.000          0.000                    FBS2  BEGN
 12:14:17.435         0.000          0.000                    FBS2  END 
 12:14:17.435         0.000          0.000                    FBSI  END 
 12:14:17.435         0.000          0.000                    MMA       BEGN
 12:14:17.435         0.000          0.000                    MMA3  2   BEGN
 12:14:17.435         0.000          0.000                    MMA3  2   END 
   METHOD USED = 32T   ACTUAL NUMBER OF PASSES =   1
 12:14:17.435         0.000          0.000                    MMA       END 
 12:14:17.435         0.000          0.000          0.000       62  SMP1      END 
 12:14:17.435         0.000          0.000                      63  SMP2      BEGN
 12:14:17.435         0.000          0.000                    MMA       BEGN
 12:14:17.435         0.000          0.000                    MMA3  1   BEGN
 12:14:17.435         0.000          0.000                    MMA3  1   END 
   METHOD USED = 31NT  ACTUAL NUMBER OF PASSES =   1
 12:14:17.435         0.000          0.000                    MMA       END 
 12:14:17.435         0.000          0.000                    MMA       BEGN
       MMA - NULL MATRIX PRODUCT
 12:14:17.435         0.000          0.000                    MMA       END 
 12:14:17.435         0.000          0.000                    MMA       BEGN
 12:14:17.435         0.000          0.000                    MMA3  2   BEGN
 12:14:17.435         0.000          0.000                    MMA3  2   END 
   METHOD USED = 32T   ACTUAL NUMBER OF PASSES =   1
 12:14:17.435         0.000          0.000                    MMA       END 
 12:14:17.435         0.000          0.000          0.000       63  SMP2      END 
 12:14:17.435         0.000          0.000                      65  EQUIV     BEGN
 12:14:17.435         0.000          0.000          0.000       65  EQUIV     END 
 12:14:17.435         0.000          0.000                      66  COND      BEGN
 12:14:17.435         0.000          0.000          0.000       66  COND      END 
 12:14:17.435         0.000          0.000                    XSFA      BEGN
 12:14:17.435         0.000          0.000                    XSFA      END 
 12:14:17.436         0.000          0.000                      67  RBMG1     BEGN
 12:14:17.436         0.000          0.000          0.000       67  RBMG1     END 
 12:14:17.436         0.000          0.000                      68  JUMP      BEGN
 12:14:17.436         0.000          0.000          0.000       68  JUMP      END 
 12:14:17.436         0.000          0.000                      72  RBMG2     BEGN
 12:14:17.436         0.000          0.000                    SMCO  MP  BEGN          
 12:14:17.436         0.000          0.000                    SMCO  MP  END           
 12:14:17.436         0.000          0.000          0.000       72  RBMG2     END 
 12:14:17.436         0.000          0.000                      73  COND      BEGN
 12:14:17.436         0.000          0.000          0.000       73  COND      END 
 12:14:17.436         0.000          0.000                      74  RBMG3     BEGN
 12:14:17.436         0.000          0.000                    FBSI  BEGN
 12:14:17.436         0.000          0.000                    FBS2  BEGN
 12:14:17.436         0.000          0.000                    FBS2  END 
 12:14:17.436         0.000          0.000                    FBSI  END 
 12:14:17.436         0.000          0.000                    MMA       BEGN
 12:14:17.436         0.000          0.000                    MMA2  1   BEGN
 12:14:17.436         0.000          0.000                    MMA2  1   END 
   METHOD USED = 21T   ACTUAL NUMBER OF PASSES =   1
 12:14:17.436         0.000          0.000                    MMA       END 
 12:14:17.436         0.000          0.000          0.000       74  RBMG3     END 
 12:14:17.436         0.000          0.000                      75  RBMG4     BEGN
 12:14:17.436         0.000          0.000                    MMA       BEGN
 12:14:17.436         0.000          0.000                    MMA2  1   BEGN
 12:14:17.436         0.000          0.000                    MMA2  1   END 
   METHOD USED = 21NT  ACTUAL NUMBER OF PASSES =   1
 12:14:17.436         0.000          0.000                    MMA       END 
 12:14:17.436         0.000          0.000                    MMA       BEGN
 12:14:17.436         0.000          0.000                    MMA2  1   BEGN
 12:14:17.436         0.000          0.000                    MMA2  1   END 
   METHOD USED = 21T   ACTUAL NUMBER OF PASSES =   1
 12:14:17.436         0.000          0.000                    MMA       END 
 12:14:17.436         0.000          0.000                    MMA       BEGN
 12:14:17.436         0.000          0.000                    MMA1  0   BEGN
 12:14:17.436         0.000          0.000                    MMA1  0   END 
   METHOD USED = 10T   ACTUAL NUMBER OF PASSES =   1
 12:14:17.436         0.000          0.000                    MMA       END 
 12:14:17.436         0.000          0.000          0.000       75  RBMG4     END 
 12:14:17.436         0.000          0.000                      77  DPD       BEGN
 12:14:17.436         0.000          0.000          0.000       77  DPD       END 
 12:14:17.436         0.000          0.000                      78  COND      BEGN
 12:14:17.436         0.000          0.000          0.000       78  COND      END 
 12:14:17.436         0.000          0.000                      79  PURGE     BEGN
 12:14:17.436         0.000          0.000          0.000       79  PURGE     END 
 12:14:17.436         0.000          0.000                      80  EQUIV     BEGN
 12:14:17.436         0.000          0.000          0.000       80  EQUIV     END 
 12:14:17.436         0.000          0.000                      81  PARAM     BEGN
 12:14:17.436         0.000          0.000          0.000       81  PARAM     END 
 12:14:17.436         0.000          0.000                      82  READ      BEGN
 12:14:17.436         0.000          0.000                    MMA       BEGN
 12:14:17.437         0.000          0.000                    MMA1  0   BEGN
 12:14:17.437         0.000          0.000                    MMA1  0   END 
   METHOD USED = 10NT  ACTUAL NUMBER OF PASSES =   1
 12:14:17.437         0.000          0.000                    MMA       END 
 12:14:17.437         0.000          0.000                    SMCO  MP  BEGN          
 12:14:17.437         0.000          0.000                    SMCO  MP  END           
 12:14:17.437         0.000          0.000                    FBS2  BEGN
 12:14:17.437         0.000          0.000                    FBS2  END 
 12:14:17.437         0.000          0.000                    FBS2  BEGN
 12:14:17.437         0.000          0.000                    FBS2  END 
 12:14:17.437         0.000          0.000                    FBS2  BEGN
 12:14:17.437         0.000          0.000                    FBS2  END 
 12:14:17.437         0.000          0.000                    FBS2  BEGN
 12:14:17.437         0.000          0.000                    FBS2  END 
 12:14:17.437         0.000          0.000                    FBS2  BEGN
 12:14:17.437         0.000          0.000                    FBS2  END 
 12:14:17.437         0.000          0.000                    FBS2  BEGN
 12:14:17.437         0.000          0.000                    FBS2  END 
 12:14:17.437         0.000          0.000                    FBS2  BEGN
 12:14:17.437         0.000          0.000                    FBS2  END 
 12:14:17.437         0.000          0.000                    FBS2  BEGN
 12:14:17.437         0.000          0.000                    FBS2  END 
 12:14:17.437         0.000          0.000                    FBS2  BEGN
 12:14:17.437         0.000          0.000                    FBS2  END 
 12:14:17.437         0.000          0.000                    FBS2  BEGN
 12:14:17.437         0.000          0.000                    FBS2  END 
 12:14:17.437         0.000          0.000                    FBS2  BEGN
 12:14:17.437         0.000          0.000                    FBS2  END 
 12:14:17.437         0.000          0.000                    SMCO  MP  BEGN          
 12:14:17.437         0.000          0.000                    SMCO  MP  END           
 12:14:17.437         0.000          0.000                    FBS2  BEGN
 12:14:17.437         0.000          0.000                    FBS2  END 
 12:14:17.437         0.000          0.000                    FBS2  BEGN
 12:14:17.437         0.000          0.000                    FBS2  END 
 12:14:17.437         0.000          0.000                    FBS2  BEGN
 12:14:17.437         0.000          0.000                    FBS2  END 
 12:14:17.437         0.000          0.000                    FBS2  BEGN
 12:14:17.437         0.000          0.000                    FBS2  END 
 12:14:17.437         0.000          0.000                    SMCO  MP  BEGN          
 12:14:17.438         0.000          0.000                    SMCO  MP  END           
 12:14:17.438         0.000          0.000                    FBS2  BEGN
 12:14:17.438         0.000          0.000                    FBS2  END 
 12:14:17.438         0.000          0.000                    FBS2  BEGN
 12:14:17.438         0.000          0.000                    FBS2  END 
 12:14:17.438         0.000          0.000                    FBS2  BEGN
 12:14:17.438         0.000          0.000                    FBS2  END 
 12:14:17.438         0.000          0.000                    FBS2  BEGN
 12:14:17.438         0.000          0.000                    FBS2  END 
 12:14:17.438         0.000          0.000                    FBS2  BEGN
 12:14:17.438         0.000          0.000                    FBS2  END 
 12:14:17.438         0.000          0.000                    FBS2  BEGN
 12:14:17.438         0.000          0.000                    FBS2  END 
 12:14:17.438         0.000          0.000                    FBS2  BEGN
 12:14:17.438         0.000          0.000                    FBS2  END 
 12:14:17.438         0.000          0.000                    FBS2  BEGN
 12:14:17.438         0.000          0.000                    FBS2  END 
 12:14:17.438         0.000          0.000                    FBS2  BEGN
 12:14:17.438         0.000          0.000                    FBS2  END 
 12:14:17.438         0.000          0.000                    FBS2  BEGN
 12:14:17.438         0.000          0.000                    FBS2  END 
 12:14:17.438         0.000          0.000                    FBS2  BEGN
 12:14:17.438         0.000          0.000                    FBS2  END 
 12:14:17.438         0.000          0.000                    FBS2  BEGN
 12:14:17.438         0.000          0.000                    FBS2  END 
 12:14:17.438         0.000          0.000                    SMCO  MP  BEGN          
 12:14:17.438         0.000          0.000                    SMCO  MP  END           
 12:14:17.438         0.000          0.000                    FBS2  BEGN
 12:14:17.438         0.000          0.000                    FBS2  END 
 12:14:17.438         0.000          0.000                    FBS2  BEGN
 12:14:17.438         0.000          0.000                    FBS2  END 
 12:14:17.438         0.000          0.000                    FBS2  BEGN
 12:14:17.438         0.000          0.000                    FBS2  END 
 12:14:17.438         0.000          0.000                    FBS2  BEGN
 12:14:17.438         0.000          0.000                    FBS2  END 
 12:14:17.438         0.000          0.000                    SMCO  MP  BEGN          
 12:14:17.438         0.000          0.000                    SMCO  MP  END           
 12:14:17.438         0.000          0.000                    FBS2  BEGN
 12:14:17.438         0.000          0.000                    FBS2  END 
 12:14:17.438         0.000          0.000                    FBS2  BEGN
 12:14:17.439         0.000          0.000                    FBS2  END 
 12:14:17.439         0.000          0.000                    FBS2  BEGN
 12:14:17.439         0.000          0.000                    FBS2  END 
 12:14:17.439         0.000          0.000                    FBS2  BEGN
 12:14:17.439         0.000          0.000                    FBS2  END 
 12:14:17.439         0.000          0.000                    FBS2  BEGN
 12:14:17.439         0.000          0.000                    FBS2  END 
 12:14:17.439         0.000          0.000                    FBS2  BEGN
 12:14:17.439         0.000          0.000                    FBS2  END 
 12:14:17.439         0.000          0.000                    FBS2  BEGN
 12:14:17.439         0.000          0.000                    FBS2  END 
 12:14:17.439         0.000          0.000                    FBS2  BEGN
 12:14:17.439         0.000          0.000                    FBS2  END 
 12:14:17.439         0.000          0.000                    FBS2  BEGN
 12:14:17.439         0.000          0.000                    FBS2  END 
 12:14:17.439         0.000          0.000                    FBS2  BEGN
 12:14:17.439         0.000          0.000                    FBS2  END 
 12:14:17.439         0.000          0.000                    SMCO  MP  BEGN          
 12:14:17.439         0.000          0.000                    SMCO  MP  END           
 12:14:17.439         0.000          0.000                    FBS2  BEGN
 12:14:17.439         0.000          0.000                    FBS2  END 
 12:14:17.439         0.000          0.000                    FBS2  BEGN
 12:14:17.439         0.000          0.000                    FBS2  END 
 12:14:17.439         0.000          0.000                    MMA       BEGN
 12:14:17.439         0.000          0.000                    MMA2  1   BEGN
 12:14:17.439         0.000          0.000                    MMA2  1   END 
   METHOD USED = 21NT  ACTUAL NUMBER OF PASSES =   1
 12:14:17.439         0.000          0.000                    MMA       END 
 12:14:17.439         0.000          0.000                    MMA       BEGN
 12:14:17.439         0.000          0.000                    MMA1  0   BEGN
 12:14:17.439         0.000          0.000                    MMA1  0   END 
   METHOD USED = 10T   ACTUAL NUMBER OF PASSES =   1
 12:14:17.439         0.000          0.000                    MMA       END 
 12:14:17.439         0.000          0.000                    MMA       BEGN
 12:14:17.439         0.000          0.000                    MMA2  1   BEGN
 12:14:17.439         0.000          0.000                    MMA2  1   END 
   METHOD USED = 21NT  ACTUAL NUMBER OF PASSES =   1
 12:14:17.439         0.000          0.000                    MMA       END 
 12:14:17.439         0.000          0.000                    MMA       BEGN
 12:14:17.439         0.000          0.000                    MMA1  0   BEGN
 12:14:17.439         0.000          0.000                    MMA1  0   END 
   METHOD USED = 10T   ACTUAL NUMBER OF PASSES =   1
 12:14:17.440         0.000          0.000                    MMA       END 
 12:14:17.440         0.000          0.000          0.000       82  READ      END 
 12:14:17.440         0.000          0.000                      83  OFP       BEGN
 12:14:17.440         0.000          0.000          0.000       83  OFP       END 
 12:14:17.440         0.000          0.000                      84  COND      BEGN
 12:14:17.440         0.000          0.000          0.000       84  COND      END 
 12:14:17.440         0.000          0.000                      85  OFP       BEGN
 12:14:17.441         0.000          0.000          0.000       85  OFP       END 
 12:14:17.441         0.000          0.000                      86  MTRXIN    BEGN
 12:14:17.441         0.000          0.000          0.000       86  MTRXIN    END 
 12:14:17.441         0.000          0.000                      87  PURGE     BEGN
 12:14:17.441         0.000          0.000          0.000       87  PURGE     END 
 12:14:17.441         0.000          0.000                      88  PARAM     BEGN
 12:14:17.441         0.000          0.000          0.000       88  PARAM     END 
 12:14:17.441         0.000          0.000                      89  EQUIV     BEGN
 12:14:17.441         0.000          0.000          0.000       89  EQUIV     END 
 12:14:17.441         0.000          0.000                      90  GKAD      BEGN
 12:14:17.441         0.000          0.000          0.000       90  GKAD      END 
 12:14:17.441         0.000          0.000                    XSFA      BEGN
 12:14:17.441         0.000          0.000                    XSFA      END 
 12:14:17.441         0.000          0.000                      91  GKAM      BEGN
 12:14:17.441         0.000          0.000          0.000       91  GKAM      END 
 12:14:17.441         0.000          0.000                      92  COND      BEGN
 12:14:17.441         0.000          0.000          0.000       92  COND      END 
 12:14:17.441         0.000          0.000                      93  PARAM     BEGN
 12:14:17.441         0.000          0.000          0.000       93  PARAM     END 
 12:14:17.441         0.000          0.000                      94  PARAM     BEGN
 12:14:17.441         0.000          0.000          0.000       94  PARAM     END 
 12:14:17.441         0.000          0.000                      96  PURGE     BEGN
 12:14:17.441         0.000          0.000          0.000       96  PURGE     END 
 12:14:17.441         0.000          0.000                      97  CASE      BEGN
 12:14:17.441         0.000          0.000          0.000       97  CASE      END 
 12:14:17.441         0.000          0.000                      98  PARAM     BEGN
 12:14:17.441         0.000          0.000          0.000       98  PARAM     END 
 12:14:17.441         0.000          0.000                      99  TRLG      BEGN
 12:14:17.442         0.000          0.000                    MMA       BEGN
       MMA - NULL MATRIX PRODUCT
 12:14:17.442         0.000          0.000                    MMA       END 
 12:14:17.442         0.000          0.000                    MMA       BEGN
 12:14:17.442         0.000          0.000                    MMA1  1   BEGN
 12:14:17.442         0.000          0.000                    MMA1  1   END 
   METHOD USED = 11T   ACTUAL NUMBER OF PASSES =   1
 12:14:17.442         0.000          0.000                    MMA       END 
 12:14:17.442         0.000          0.000                    MMA       BEGN
 12:14:17.442         0.000          0.000                    MMA2  1   BEGN
 12:14:17.442         0.000          0.000                    MMA2  1   END 
   METHOD USED = 21NT  ACTUAL NUMBER OF PASSES =   1
 12:14:17.442         0.000          0.000                    MMA       END 
 12:14:17.442         0.000          0.000                    MMA       BEGN
       MMA - NULL MATRIX PRODUCT
 12:14:17.442         0.000          0.000                    MMA       END 
 12:14:17.442         0.000          0.000                    MMA       BEGN
 12:14:17.442         0.000          0.000                    MMA2  1   BEGN
 12:14:17.442         0.000          0.000                    MMA2  1   END 
   METHOD USED = 21NT  ACTUAL NUMBER OF PASSES =   1
 12:14:17.442         0.000          0.000                    MMA       END 
 12:14:17.442         0.000          0.000                    MMA       BEGN
 12:14:17.442         0.000          0.000                    MMA2  1   BEGN
 12:14:17.442         0.000          0.000                    MMA2  1   END 
   METHOD USED = 21NT  ACTUAL NUMBER OF PASSES =   1
 12:14:17.442         0.000          0.000                    MMA       END 
 12:14:17.442         0.000          0.000                    MMA       BEGN
 12:14:17.442         0.000          0.000                    MMA1  0   BEGN
 12:14:17.442         0.000          0.000                    MMA1  0   END 
   METHOD USED = 10NT  ACTUAL NUMBER OF PASSES =   1
 12:14:17.442         0.000          0.000                    MMA       END 
 12:14:17.442         0.000          0.000          0.000       99  TRLG      END 
 12:14:17.442         0.000          0.000                     100  EQUIV     BEGN
 12:14:17.442         0.000          0.000          0.000      100  EQUIV     END 
 12:14:17.442         0.000          0.000                    XSFA      BEGN
 12:14:17.442         0.000          0.000                    XSFA      END 
 12:14:17.443         0.000          0.000                     101  TRD       BEGN
 12:14:17.443         0.000          0.000          0.000      101  TRD       END 
 12:14:17.443         0.000          0.000                     102  VDR       BEGN
 12:14:17.443         0.000          0.000          0.000      102  VDR       END 
 12:14:17.443         0.000          0.000                     103  COND      BEGN
 12:14:17.443         0.000          0.000          0.000      103  COND      END 
 12:14:17.443         0.000          0.000                     109  PARAM     BEGN
 12:14:17.443         0.000          0.000          0.000      109  PARAM     END 
 12:14:17.443         0.000          0.000                     110  COND      BEGN
 12:14:17.443         0.000          0.000          0.000      110  COND      END 
 12:14:17.443         0.000          0.000                     111  PARAM     BEGN
 12:14:17.443         0.000          0.000          0.000      111  PARAM     END 
 12:14:17.443         0.000          0.000                     112  PARAM     BEGN
 12:14:17.443         0.000          0.000          0.000      112  PARAM     END 
 12:14:17.443         0.000          0.000                     113  COND      BEGN
 12:14:17.443         0.000          0.000          0.000      113  COND      END 
 12:14:17.443         0.000          0.000                     114  DDR1      BEGN
 12:14:17.443         0.000          0.000                    MMA       BEGN
 12:14:17.443         0.000          0.000                    MMA1  0   BEGN
 12:14:17.444         0.000          0.000                    MMA1  0   END 
   METHOD USED = 10NT  ACTUAL NUMBER OF PASSES =   1
 12:14:17.444         0.000          0.000                    MMA       END 
 12:14:17.444         0.000          0.000          0.000      114  DDR1      END 
 12:14:17.444         0.000          0.000                     119  EQUIV     BEGN
 12:14:17.444         0.000          0.000          0.000      119  EQUIV     END 
 12:14:17.444         0.000          0.000                     120  COND      BEGN
 12:14:17.444         0.000          0.000          0.000      120  COND      END 
 12:14:17.444         0.000          0.000                     121  SDR1      BEGN
 12:14:17.444         0.000          0.000                    MMA       BEGN
 12:14:17.444         0.000          0.000                    MMA2  1   BEGN
 12:14:17.446         0.000          0.000                    MMA2  1   END 
   METHOD USED = 21NT  ACTUAL NUMBER OF PASSES =   1
 12:14:17.446         0.000          0.000                    MMA       END 
 12:14:17.456         0.000          0.000                    MMA       BEGN
       MMA - NULL MATRIX PRODUCT
 12:14:17.456         0.000          0.000                    MMA       END 
 12:14:17.468         0.000          0.000          0.000      121  SDR1      END 
 12:14:17.468         0.000          0.000                     123  SDR2      BEGN
 12:14:17.481         0.000          0.000          0.000      123  SDR2      END 
 12:14:17.481         0.000          0.000                     124  SDR3      BEGN
 12:14:17.481         0.000          0.000          0.000      124  SDR3      END 
 12:14:17.481         0.000          0.000                     125  JUMP      BEGN
 12:14:17.481         0.000          0.000          0.000      125  JUMP      END 
 12:14:17.481         0.000          0.000                     135  OFP       BEGN
 12:14:17.839         0.141          0.000          0.141      135  OFP       END 
 12:14:17.839         0.141          0.000                     136  SCAN      BEGN
 12:14:17.839         0.141          0.000          0.000      136  SCAN      END 
 12:14:17.839         0.141          0.000                     137  OFP       BEGN
 12:14:17.839         0.141          0.000          0.000      137  OFP       END 
 12:14:17.839         0.141          0.000                     138  COND      BEGN
 12:14:17.839         0.141          0.000          0.000      138  COND      END 
 12:14:17.839         0.141          0.000                     139  PLOT      BEGN
 12:14:17.846         0.141          0.000          0.000      139  PLOT      END 
 12:14:17.846         0.141          0.000                     140  PRTMSG    BEGN
 12:14:17.849         0.141          0.000          0.000      140  PRTMSG    END 
 12:14:17.849         0.141          0.000                     142  XYTRAN    BEGN
 12:14:17.851         0.141          0.000          0.000      142  XYTRAN    END 
 12:14:17.851         0.141          0.000                     143  XYPLOT    BEGN
 12:14:17.859         0.141          0.000          0.000      143  XYPLOT    END 
 12:14:17.859         0.141          0.000                     148  JUMP      BEGN
 12:14:17.859         0.141          0.000          0.000      148  JUMP      END 
 12:14:17.859         0.141          0.000                     160  PURGE     BEGN
 12:14:17.859         0.141          0.000          0.000      160  PURGE     END 
 12:14:17.859         0.141          0.000                     161  EXIT      BEGN
1     STATISTICS ON IN-MEMORY DATA BASE AND DISK I/O USAGE

         LENGTH (IN WORDS) OF OPEN CORE ALLOCATED                   2000000
         LENGTH (IN WORDS) OF IN-MEMORY DATA BASE ALLOCATED        12000000
         NUMBER OF BLOCKS USED IN THE IN-MEMORY DATA BASE               601
         NUMBER OF BLOCKS ALLOCATED FOR THE IN-MEMORY DATA            11661
         PERCENTAGE OF IN-MEMORY DATA USED                                5%
         TOTAL BLOCKS WRITTEN TO DISK                              40000007
         BLOCK SIZE (IN WORDS)                                         1024
         NUMBER OF OPENS TO DISK FILES                                    6
         NUMBER OF CLOSES TO DISK FILES                                   6
         NUMBER OF WRITES TO DISK FILES                                   9
         NUMBER OF READS FROM DISK FILES                                 10
         MEMORY (IN WORDS) NOT USED BY IN-MEM. DATA BASE           11424980
