1*****************************************************************************
 *                                                                           *
 *       DATE 12/27/16       LOG OF 95 X86_64 Windows_NT NASTRAN JOB         *
 *                                                                           *
 *****************************************************************************

   WALL               TOTAL       INCREMENTAL      MODULE              MODULE/
   CLOCK               CPU            CPU            CPU             SUBROUTINE
   TIME              SECONDS        SECONDS        SECONDS             STATUS

 ------------------------------------------------------------------------------

 11:11:42.866         0.000          0.000                    SEM1  BEGN
 11:11:42.867         0.000          0.000                    GNFI
 11:11:42.868         0.000          0.000                    TTIO
 11:11:42.869         0.000          0.000                    TTLP
 11:11:42.870         0.000          0.000                    XCSA
 ID    D09041A,NASTRAN                                                   
 11:11:42.891         0.016          0.000                    IFP1
 TITLE    = LINEAR TRANSIENT HEAT ANALYSIS  OF A PLATE                   
 11:11:42.894         0.016          0.000                    XSOR
 11:11:42.897         0.016          0.000                    IFP   BEGN
 11:11:42.898         0.016          0.000                    IFP   END 
 11:11:42.898         0.016          0.000                    XGPI
 11:11:42.898         0.016          0.000                    BAND  IT  BEGN
 11:11:42.899         0.016          0.000                    BAND  IT  QUIT
 11:11:42.899         0.016          0.000                    SEM1  END 
 11:11:42.899         0.016          0.000                       3  PARAM     BEGN
 11:11:42.899         0.016          0.000          0.000        3  PARAM     END 
 11:11:42.899         0.016          0.000                    XSFA      BEGN
 11:11:42.899         0.016          0.000                    XSFA      END 
 11:11:42.899         0.016          0.000                       4  GP1       BEGN
 11:11:42.906         0.016          0.000          0.000        4  GP1       END 
 11:11:42.906         0.016          0.000                       5  ANISOP    BEGN
 11:11:42.906         0.016          0.000          0.000        5  ANISOP    END 
 11:11:42.906         0.016          0.000                       6  EQUIV     BEGN
 11:11:42.906         0.016          0.000          0.000        6  EQUIV     END 
 11:11:42.906         0.016          0.000                       7  PLTTRAN   BEGN
 11:11:42.906         0.016          0.000          0.000        7  PLTTRAN   END 
 11:11:42.906         0.016          0.000                       8  PURGE     BEGN
 11:11:42.906         0.016          0.000          0.000        8  PURGE     END 
 11:11:42.906         0.016          0.000                       9  COND      BEGN
 11:11:42.906         0.016          0.000          0.000        9  COND      END 
 11:11:42.906         0.016          0.000                      10  GP2       BEGN
 11:11:42.906         0.016          0.000          0.000       10  GP2       END 
 11:11:42.906         0.016          0.000                      11  PARAML    BEGN
 11:11:42.906         0.016          0.000          0.000       11  PARAML    END 
 11:11:42.906         0.016          0.000                      12  PURGE     BEGN
 11:11:42.906         0.016          0.000          0.000       12  PURGE     END 
 11:11:42.906         0.016          0.000                      13  COND      BEGN
 11:11:42.906         0.016          0.000          0.000       13  COND      END 
 11:11:42.906         0.016          0.000                      22  GP3       BEGN
 11:11:42.906         0.016          0.000          0.000       22  GP3       END 
 11:11:42.906         0.016          0.000                      23  TA1       BEGN
 11:11:42.906         0.016          0.000          0.000       23  TA1       END 
 11:11:42.906         0.016          0.000                      24  PURGE     BEGN
 11:11:42.906         0.016          0.000          0.000       24  PURGE     END 
 11:11:42.906         0.016          0.000                      25  COND      BEGN
 11:11:42.906         0.016          0.000          0.000       25  COND      END 
 11:11:42.906         0.016          0.000                      26  PARAM     BEGN
 11:11:42.906         0.016          0.000          0.000       26  PARAM     END 
 11:11:42.906         0.016          0.000                      27  PARAM     BEGN
 11:11:42.906         0.016          0.000          0.000       27  PARAM     END 
 11:11:42.906         0.016          0.000                      28  EMG       BEGN
 11:11:42.910         0.016          0.000          0.000       28  EMG       END 
 11:11:42.910         0.016          0.000                      29  PURGE     BEGN
 11:11:42.910         0.016          0.000          0.000       29  PURGE     END 
 11:11:42.910         0.016          0.000                      30  COND      BEGN
 11:11:42.910         0.016          0.000          0.000       30  COND      END 
 11:11:42.910         0.016          0.000                      31  EMA       BEGN
 11:11:42.911         0.016          0.000          0.000       31  EMA       END 
 11:11:42.911         0.016          0.000                      32  PURGE     BEGN
 11:11:42.911         0.016          0.000          0.000       32  PURGE     END 
 11:11:42.911         0.016          0.000                      34  COND      BEGN
 11:11:42.911         0.016          0.000          0.000       34  COND      END 
 11:11:42.911         0.016          0.000                      35  EMA       BEGN
 11:11:42.911         0.016          0.000          0.000       35  EMA       END 
 11:11:42.911         0.016          0.000                      36  PURGE     BEGN
 11:11:42.911         0.016          0.000          0.000       36  PURGE     END 
 11:11:42.911         0.016          0.000                      38  PURGE     BEGN
 11:11:42.911         0.016          0.000          0.000       38  PURGE     END 
 11:11:42.911         0.016          0.000                      40  RMG       BEGN
 11:11:42.911         0.016          0.000          0.000       40  RMG       END 
 11:11:42.911         0.016          0.000                      41  EQUIV     BEGN
 11:11:42.911         0.016          0.000          0.000       41  EQUIV     END 
 11:11:42.911         0.016          0.000                    XSFA      BEGN
 11:11:42.911         0.016          0.000                    XSFA      END 
 11:11:42.911         0.016          0.000                      42  GPSTGEN   BEGN
 11:11:42.911         0.016          0.000          0.000       42  GPSTGEN   END 
 11:11:42.911         0.016          0.000                      43  PURGE     BEGN
 11:11:42.911         0.016          0.000          0.000       43  PURGE     END 
 11:11:42.911         0.016          0.000                      44  GP4       BEGN
 11:11:42.911         0.016          0.000          0.000       44  GP4       END 
 11:11:42.911         0.016          0.000                      45  OFP       BEGN
 11:11:42.911         0.016          0.000          0.000       45  OFP       END 
 11:11:42.911         0.016          0.000                      46  PURGE     BEGN
 11:11:42.911         0.016          0.000          0.000       46  PURGE     END 
 11:11:42.911         0.016          0.000                      47  EQUIV     BEGN
 11:11:42.911         0.016          0.000          0.000       47  EQUIV     END 
 11:11:42.911         0.016          0.000                      48  COND      BEGN
 11:11:42.911         0.016          0.000          0.000       48  COND      END 
 11:11:42.911         0.016          0.000                      52  EQUIV     BEGN
 11:11:42.911         0.016          0.000          0.000       52  EQUIV     END 
 11:11:42.911         0.016          0.000                      53  COND      BEGN
 11:11:42.911         0.016          0.000          0.000       53  COND      END 
 11:11:42.911         0.016          0.000                    XSFA      BEGN
 11:11:42.911         0.016          0.000                    XSFA      END 
 11:11:42.911         0.016          0.000                      54  SCE1      BEGN
 11:11:42.911         0.016          0.000          0.000       54  SCE1      END 
 11:11:42.911         0.016          0.000                      56  EQUIV     BEGN
 11:11:42.911         0.016          0.000          0.000       56  EQUIV     END 
 11:11:42.912         0.016          0.000                      57  EQUIV     BEGN
 11:11:42.912         0.016          0.000          0.000       57  EQUIV     END 
 11:11:42.912         0.016          0.000                      58  EQUIV     BEGN
 11:11:42.912         0.016          0.000          0.000       58  EQUIV     END 
 11:11:42.912         0.016          0.000                      59  COND      BEGN
 11:11:42.912         0.016          0.000          0.000       59  COND      END 
 11:11:42.912         0.016          0.000                    XSFA      BEGN
 11:11:42.912         0.016          0.000                    XSFA      END 
 11:11:42.912         0.016          0.000                      67  DPD       BEGN
 11:11:42.912         0.016          0.000          0.000       67  DPD       END 
 11:11:42.912         0.016          0.000                      68  COND      BEGN
 11:11:42.912         0.016          0.000          0.000       68  COND      END 
 11:11:42.912         0.016          0.000                      69  EQUIV     BEGN
 11:11:42.912         0.016          0.000          0.000       69  EQUIV     END 
 11:11:42.912         0.016          0.000                      70  PURGE     BEGN
 11:11:42.912         0.016          0.000          0.000       70  PURGE     END 
 11:11:42.912         0.016          0.000                      71  MTRXIN    BEGN
 11:11:42.912         0.016          0.000          0.000       71  MTRXIN    END 
 11:11:42.912         0.016          0.000                      72  PARAM     BEGN
 11:11:42.912         0.016          0.000          0.000       72  PARAM     END 
 11:11:42.912         0.016          0.000                      73  PURGE     BEGN
 11:11:42.912         0.016          0.000          0.000       73  PURGE     END 
 11:11:42.912         0.016          0.000                      74  EQUIV     BEGN
 11:11:42.912         0.016          0.000          0.000       74  EQUIV     END 
 11:11:42.912         0.016          0.000                      75  COND      BEGN
 11:11:42.912         0.016          0.000          0.000       75  COND      END 
 11:11:42.912         0.016          0.000                      76  GKAD      BEGN
 11:11:42.912         0.016          0.000          0.000       76  GKAD      END 
 11:11:42.912         0.016          0.000                      78  EQUIV     BEGN
 11:11:42.912         0.016          0.000          0.000       78  EQUIV     END 
 11:11:42.912         0.016          0.000                      79  PARAM     BEGN
 11:11:42.912         0.016          0.000          0.000       79  PARAM     END 
 11:11:42.912         0.016          0.000                      81  CASE      BEGN
 11:11:42.912         0.016          0.000          0.000       81  CASE      END 
 11:11:42.912         0.016          0.000                    XSFA      BEGN
 11:11:42.912         0.016          0.000                    XSFA      END 
 11:11:42.912         0.016          0.000                      82  TRLG      BEGN
 11:11:42.913         0.016          0.000                    MMA       BEGN
 11:11:42.913         0.016          0.000                    MMA1  0   BEGN
 11:11:42.913         0.016          0.000                    MMA1  0   END 
   METHOD USED = 10NT  ACTUAL NUMBER OF PASSES =   1
 11:11:42.913         0.016          0.000                    MMA       END 
 11:11:42.913         0.016          0.000                    MMA       BEGN
       MMA - NULL MATRIX PRODUCT
 11:11:42.913         0.016          0.000                    MMA       END 
 11:11:42.913         0.016          0.000                    MMA       BEGN
 11:11:42.913         0.016          0.000                    MMA1  0   BEGN
 11:11:42.913         0.016          0.000                    MMA1  0   END 
   METHOD USED = 10NT  ACTUAL NUMBER OF PASSES =   1
 11:11:42.913         0.016          0.000                    MMA       END 
 11:11:42.913         0.016          0.000                    MMA       BEGN
 11:11:42.913         0.016          0.000                    MMA1  0   BEGN
 11:11:42.913         0.016          0.000                    MMA1  0   END 
   METHOD USED = 10NT  ACTUAL NUMBER OF PASSES =   1
 11:11:42.913         0.016          0.000                    MMA       END 
 11:11:42.913         0.016          0.000          0.000       82  TRLG      END 
 11:11:42.913         0.016          0.000                      83  EQUIV     BEGN
 11:11:42.913         0.016          0.000          0.000       83  EQUIV     END 
 11:11:42.913         0.016          0.000                      84  TRHT      BEGN
 11:11:42.913         0.016          0.000                    SMCO  MP  BEGN          
 11:11:42.913         0.016          0.000                    SMCO  MP  END           
 11:11:42.914         0.016          0.000                    FBS2  1   BEGN
 11:11:42.914         0.016          0.000                    FBS2  1   END 
 11:11:42.914         0.016          0.000                    FBS2  1   BEGN
 11:11:42.914         0.016          0.000                    FBS2  1   END 
 11:11:42.914         0.016          0.000                    FBS2  1   BEGN
 11:11:42.914         0.016          0.000                    FBS2  1   END 
 11:11:42.914         0.016          0.000                    FBS2  1   BEGN
 11:11:42.914         0.016          0.000                    FBS2  1   END 
 11:11:42.914         0.016          0.000                    FBS2  1   BEGN
 11:11:42.914         0.016          0.000                    FBS2  1   END 
 11:11:42.914         0.016          0.000                    FBS2  1   BEGN
 11:11:42.914         0.016          0.000                    FBS2  1   END 
 11:11:42.914         0.016          0.000                    FBS2  1   BEGN
 11:11:42.914         0.016          0.000                    FBS2  1   END 
 11:11:42.914         0.016          0.000                    FBS2  1   BEGN
 11:11:42.914         0.016          0.000                    FBS2  1   END 
 11:11:42.914         0.016          0.000                    FBS2  1   BEGN
 11:11:42.914         0.016          0.000                    FBS2  1   END 
 11:11:42.914         0.016          0.000                    FBS2  1   BEGN
 11:11:42.914         0.016          0.000                    FBS2  1   END 
 11:11:42.914         0.016          0.000                    FBS2  1   BEGN
 11:11:42.914         0.016          0.000                    FBS2  1   END 
 11:11:42.914         0.016          0.000                    FBS2  1   BEGN
 11:11:42.914         0.016          0.000                    FBS2  1   END 
 11:11:42.914         0.016          0.000                    FBS2  1   BEGN
 11:11:42.914         0.016          0.000                    FBS2  1   END 
 11:11:42.914         0.016          0.000                    FBS2  1   BEGN
 11:11:42.914         0.016          0.000                    FBS2  1   END 
 11:11:42.914         0.016          0.000                    FBS2  1   BEGN
 11:11:42.914         0.016          0.000                    FBS2  1   END 
 11:11:42.914         0.016          0.000                    FBS2  1   BEGN
 11:11:42.914         0.016          0.000                    FBS2  1   END 
 11:11:42.914         0.016          0.000                    FBS2  1   BEGN
 11:11:42.914         0.016          0.000                    FBS2  1   END 
 11:11:42.914         0.016          0.000                    FBS2  1   BEGN
 11:11:42.914         0.016          0.000                    FBS2  1   END 
 11:11:42.915         0.016          0.000                    FBS2  1   BEGN
 11:11:42.915         0.016          0.000                    FBS2  1   END 
 11:11:42.915         0.016          0.000                    FBS2  1   BEGN
 11:11:42.915         0.016          0.000                    FBS2  1   END 
 11:11:42.915         0.016          0.000                    FBS2  1   BEGN
 11:11:42.915         0.016          0.000                    FBS2  1   END 
 11:11:42.915         0.016          0.000                    FBS2  1   BEGN
 11:11:42.915         0.016          0.000                    FBS2  1   END 
 11:11:42.915         0.016          0.000                    FBS2  1   BEGN
 11:11:42.915         0.016          0.000                    FBS2  1   END 
 11:11:42.915         0.016          0.000                    FBS2  1   BEGN
 11:11:42.915         0.016          0.000                    FBS2  1   END 
 11:11:42.915         0.016          0.000                    FBS2  1   BEGN
 11:11:42.915         0.016          0.000                    FBS2  1   END 
 11:11:42.915         0.016          0.000                    FBS2  1   BEGN
 11:11:42.915         0.016          0.000                    FBS2  1   END 
 11:11:42.915         0.016          0.000                    FBS2  1   BEGN
 11:11:42.915         0.016          0.000                    FBS2  1   END 
 11:11:42.915         0.016          0.000                    FBS2  1   BEGN
 11:11:42.915         0.016          0.000                    FBS2  1   END 
 11:11:42.915         0.016          0.000                    FBS2  1   BEGN
 11:11:42.915         0.016          0.000                    FBS2  1   END 
 11:11:42.915         0.016          0.000                    FBS2  1   BEGN
 11:11:42.915         0.016          0.000                    FBS2  1   END 
 11:11:42.915         0.016          0.000                    FBS2  1   BEGN
 11:11:42.915         0.016          0.000                    FBS2  1   END 
 11:11:42.915         0.016          0.000                    FBS2  1   BEGN
 11:11:42.915         0.016          0.000                    FBS2  1   END 
 11:11:42.915         0.016          0.000                    FBS2  1   BEGN
 11:11:42.915         0.016          0.000                    FBS2  1   END 
 11:11:42.915         0.016          0.000                    FBS2  1   BEGN
 11:11:42.915         0.016          0.000                    FBS2  1   END 
 11:11:42.915         0.016          0.000                    FBS2  1   BEGN
 11:11:42.915         0.016          0.000                    FBS2  1   END 
 11:11:42.915         0.016          0.000                    FBS2  1   BEGN
 11:11:42.915         0.016          0.000                    FBS2  1   END 
 11:11:42.915         0.016          0.000                    FBS2  1   BEGN
 11:11:42.915         0.016          0.000                    FBS2  1   END 
 11:11:42.915         0.016          0.000                    FBS2  1   BEGN
 11:11:42.915         0.016          0.000                    FBS2  1   END 
 11:11:42.915         0.016          0.000                    FBS2  1   BEGN
 11:11:42.915         0.016          0.000                    FBS2  1   END 
 11:11:42.915         0.016          0.000                    FBS2  1   BEGN
 11:11:42.915         0.016          0.000                    FBS2  1   END 
 11:11:42.915         0.016          0.000                    FBS2  1   BEGN
 11:11:42.915         0.016          0.000                    FBS2  1   END 
 11:11:42.915         0.016          0.000                    FBS2  1   BEGN
 11:11:42.915         0.016          0.000                    FBS2  1   END 
 11:11:42.915         0.016          0.000                    FBS2  1   BEGN
 11:11:42.915         0.016          0.000                    FBS2  1   END 
 11:11:42.915         0.016          0.000                    FBS2  1   BEGN
 11:11:42.915         0.016          0.000                    FBS2  1   END 
 11:11:42.915         0.016          0.000                    FBS2  1   BEGN
 11:11:42.915         0.016          0.000                    FBS2  1   END 
 11:11:42.915         0.016          0.000                    FBS2  1   BEGN
 11:11:42.915         0.016          0.000                    FBS2  1   END 
 11:11:42.915         0.016          0.000                    FBS2  1   BEGN
 11:11:42.915         0.016          0.000                    FBS2  1   END 
 11:11:42.915         0.016          0.000                    FBS2  1   BEGN
 11:11:42.915         0.016          0.000                    FBS2  1   END 
 11:11:42.915         0.016          0.000                    FBS2  1   BEGN
 11:11:42.915         0.016          0.000                    FBS2  1   END 
 11:11:42.915         0.016          0.000                    FBS2  1   BEGN
 11:11:42.916         0.016          0.000                    FBS2  1   END 
 11:11:42.916         0.016          0.000                    FBS2  1   BEGN
 11:11:42.916         0.016          0.000                    FBS2  1   END 
 11:11:42.916         0.016          0.000                    FBS2  1   BEGN
 11:11:42.916         0.016          0.000                    FBS2  1   END 
 11:11:42.916         0.016          0.000                    FBS2  1   BEGN
 11:11:42.916         0.016          0.000                    FBS2  1   END 
 11:11:42.916         0.016          0.000                    FBS2  1   BEGN
 11:11:42.916         0.016          0.000                    FBS2  1   END 
 11:11:42.916         0.016          0.000                    FBS2  1   BEGN
 11:11:42.916         0.016          0.000                    FBS2  1   END 
 11:11:42.916         0.016          0.000                    FBS2  1   BEGN
 11:11:42.916         0.016          0.000                    FBS2  1   END 
 11:11:42.916         0.016          0.000                    FBS2  1   BEGN
 11:11:42.916         0.016          0.000                    FBS2  1   END 
 11:11:42.916         0.016          0.000                    FBS2  1   BEGN
 11:11:42.916         0.016          0.000                    FBS2  1   END 
 11:11:42.916         0.016          0.000                    FBS2  1   BEGN
 11:11:42.916         0.016          0.000                    FBS2  1   END 
 11:11:42.916         0.016          0.000                    FBS2  1   BEGN
 11:11:42.916         0.016          0.000                    FBS2  1   END 
 11:11:42.916         0.016          0.000                    FBS2  1   BEGN
 11:11:42.916         0.016          0.000                    FBS2  1   END 
 11:11:42.916         0.016          0.000                    FBS2  1   BEGN
 11:11:42.916         0.016          0.000                    FBS2  1   END 
 11:11:42.916         0.016          0.000                    FBS2  1   BEGN
 11:11:42.916         0.016          0.000                    FBS2  1   END 
 11:11:42.916         0.016          0.000                    FBS2  1   BEGN
 11:11:42.916         0.016          0.000                    FBS2  1   END 
 11:11:42.916         0.016          0.000                    FBS2  1   BEGN
 11:11:42.916         0.016          0.000                    FBS2  1   END 
 11:11:42.916         0.016          0.000                    FBS2  1   BEGN
 11:11:42.916         0.016          0.000                    FBS2  1   END 
 11:11:42.916         0.016          0.000                    FBS2  1   BEGN
 11:11:42.916         0.016          0.000                    FBS2  1   END 
 11:11:42.916         0.016          0.000                    FBS2  1   BEGN
 11:11:42.916         0.016          0.000                    FBS2  1   END 
 11:11:42.916         0.016          0.000                    FBS2  1   BEGN
 11:11:42.916         0.016          0.000                    FBS2  1   END 
 11:11:42.916         0.016          0.000                    FBS2  1   BEGN
 11:11:42.916         0.016          0.000                    FBS2  1   END 
 11:11:42.916         0.016          0.000                    FBS2  1   BEGN
 11:11:42.916         0.016          0.000                    FBS2  1   END 
 11:11:42.916         0.016          0.000                    FBS2  1   BEGN
 11:11:42.916         0.016          0.000                    FBS2  1   END 
 11:11:42.916         0.016          0.000                    FBS2  1   BEGN
 11:11:42.916         0.016          0.000                    FBS2  1   END 
 11:11:42.916         0.016          0.000                    FBS2  1   BEGN
 11:11:42.916         0.016          0.000                    FBS2  1   END 
 11:11:42.916         0.016          0.000                    FBS2  1   BEGN
 11:11:42.916         0.016          0.000                    FBS2  1   END 
 11:11:42.916         0.016          0.000                    FBS2  1   BEGN
 11:11:42.916         0.016          0.000                    FBS2  1   END 
 11:11:42.916         0.016          0.000                    FBS2  1   BEGN
 11:11:42.916         0.016          0.000                    FBS2  1   END 
 11:11:42.916         0.016          0.000                    FBS2  1   BEGN
 11:11:42.916         0.016          0.000                    FBS2  1   END 
 11:11:42.916         0.016          0.000                    FBS2  1   BEGN
 11:11:42.916         0.016          0.000                    FBS2  1   END 
 11:11:42.916         0.016          0.000                    FBS2  1   BEGN
 11:11:42.916         0.016          0.000                    FBS2  1   END 
 11:11:42.916         0.016          0.000                    FBS2  1   BEGN
 11:11:42.916         0.016          0.000                    FBS2  1   END 
 11:11:42.916         0.016          0.000                    FBS2  1   BEGN
 11:11:42.916         0.016          0.000                    FBS2  1   END 
 11:11:42.916         0.016          0.000                    FBS2  1   BEGN
 11:11:42.917         0.016          0.000                    FBS2  1   END 
 11:11:42.917         0.016          0.000                    FBS2  1   BEGN
 11:11:42.917         0.016          0.000                    FBS2  1   END 
 11:11:42.917         0.016          0.000                    FBS2  1   BEGN
 11:11:42.917         0.016          0.000                    FBS2  1   END 
 11:11:42.917         0.016          0.000                    FBS2  1   BEGN
 11:11:42.917         0.016          0.000                    FBS2  1   END 
 11:11:42.917         0.016          0.000                    FBS2  1   BEGN
 11:11:42.917         0.016          0.000                    FBS2  1   END 
 11:11:42.917         0.016          0.000                    FBS2  1   BEGN
 11:11:42.917         0.016          0.000                    FBS2  1   END 
 11:11:42.917         0.016          0.000                    FBS2  1   BEGN
 11:11:42.917         0.016          0.000                    FBS2  1   END 
 11:11:42.917         0.016          0.000                    FBS2  1   BEGN
 11:11:42.917         0.016          0.000                    FBS2  1   END 
 11:11:42.917         0.016          0.000                    FBS2  1   BEGN
 11:11:42.917         0.016          0.000                    FBS2  1   END 
 11:11:42.917         0.016          0.000                    FBS2  1   BEGN
 11:11:42.917         0.016          0.000                    FBS2  1   END 
 11:11:42.917         0.016          0.000                    FBS2  1   BEGN
 11:11:42.917         0.016          0.000                    FBS2  1   END 
 11:11:42.917         0.016          0.000                    FBS2  1   BEGN
 11:11:42.917         0.016          0.000                    FBS2  1   END 
 11:11:42.917         0.016          0.000                    FBS2  1   BEGN
 11:11:42.917         0.016          0.000                    FBS2  1   END 
 11:11:42.917         0.016          0.000                    FBS2  1   BEGN
 11:11:42.917         0.016          0.000                    FBS2  1   END 
 11:11:42.917         0.016          0.000                    FBS2  1   BEGN
 11:11:42.917         0.016          0.000                    FBS2  1   END 
 11:11:42.917         0.016          0.000                    FBS2  1   BEGN
 11:11:42.917         0.016          0.000                    FBS2  1   END 
 11:11:42.917         0.016          0.000                    FBS2  1   BEGN
 11:11:42.917         0.031          0.016                    FBS2  1   END 
 11:11:42.917         0.031          0.000                    FBS2  1   BEGN
 11:11:42.917         0.031          0.000                    FBS2  1   END 
 11:11:42.917         0.031          0.000                    FBS2  1   BEGN
 11:11:42.917         0.031          0.000                    FBS2  1   END 
 11:11:42.917         0.031          0.000          0.016       84  TRHT      END 
 11:11:42.917         0.031          0.000                      85  VDR       BEGN
 11:11:42.917         0.031          0.000          0.000       85  VDR       END 
 11:11:42.917         0.031          0.000                      86  COND      BEGN
 11:11:42.917         0.031          0.000          0.000       86  COND      END 
 11:11:42.917         0.031          0.000                      92  PARAM     BEGN
 11:11:42.917         0.031          0.000          0.000       92  PARAM     END 
 11:11:42.917         0.031          0.000                      93  COND      BEGN
 11:11:42.917         0.031          0.000          0.000       93  COND      END 
 11:11:42.917         0.031          0.000                      94  EQUIV     BEGN
 11:11:42.917         0.031          0.000          0.000       94  EQUIV     END 
 11:11:42.917         0.031          0.000                      95  COND      BEGN
 11:11:42.917         0.031          0.000          0.000       95  COND      END 
 11:11:42.917         0.031          0.000                      96  SDR1      BEGN
 11:11:42.917         0.031          0.000                    MMA       BEGN
 11:11:42.917         0.031          0.000                    MMA2  1   BEGN
 11:11:42.918         0.031          0.000                    MMA2  1   END 
   METHOD USED = 21T   ACTUAL NUMBER OF PASSES =   1
 11:11:42.918         0.031          0.000                    MMA       END 
 11:11:42.918         0.031          0.000          0.000       96  SDR1      END 
 11:11:42.918         0.031          0.000                      98  SDR2      BEGN
 11:11:42.918         0.031          0.000          0.000       98  SDR2      END 
 11:11:42.918         0.031          0.000                      99  SDRHT     BEGN
 11:11:42.918         0.031          0.000          0.000       99  SDRHT     END 
 11:11:42.918         0.031          0.000                     100  EQUIV     BEGN
 11:11:42.918         0.031          0.000          0.000      100  EQUIV     END 
 11:11:42.918         0.031          0.000                    XSFA      BEGN
 11:11:42.918         0.031          0.000                    XSFA      END 
 11:11:42.918         0.031          0.000                     101  SDR3      BEGN
 11:11:42.918         0.031          0.000          0.000      101  SDR3      END 
 11:11:42.918         0.031          0.000                     102  OFP       BEGN
 11:11:43.028         0.109          0.078          0.078      102  OFP       END 
 11:11:43.028         0.109          0.000                     103  COND      BEGN
 11:11:43.028         0.109          0.000          0.000      103  COND      END 
 11:11:43.028         0.109          0.000                     107  XYTRAN    BEGN
 11:11:43.028         0.109          0.000          0.000      107  XYTRAN    END 
 11:11:43.028         0.109          0.000                     108  XYPLOT    BEGN
 11:11:43.028         0.109          0.000          0.000      108  XYPLOT    END 
 11:11:43.028         0.109          0.000                     113  JUMP      BEGN
 11:11:43.028         0.109          0.000          0.000      113  JUMP      END 
 11:11:43.028         0.109          0.000                     117  PURGE     BEGN
 11:11:43.028         0.109          0.000          0.000      117  PURGE     END 
 11:11:43.028         0.109          0.000                     118  EXIT      BEGN
1     STATISTICS ON IN-MEMORY DATA BASE AND DISK I/O USAGE

         LENGTH (IN WORDS) OF OPEN CORE ALLOCATED                   2000000
         LENGTH (IN WORDS) OF IN-MEMORY DATA BASE ALLOCATED        12000000
         NUMBER OF BLOCKS USED IN THE IN-MEMORY DATA BASE                70
         NUMBER OF BLOCKS ALLOCATED FOR THE IN-MEMORY DATA            11661
         PERCENTAGE OF IN-MEMORY DATA USED                                0%
         TOTAL BLOCKS WRITTEN TO DISK                              20000002
         BLOCK SIZE (IN WORDS)                                         1024
         NUMBER OF OPENS TO DISK FILES                                    6
         NUMBER OF CLOSES TO DISK FILES                                   6
         NUMBER OF WRITES TO DISK FILES                                   4
         NUMBER OF READS FROM DISK FILES                                  5
         MEMORY (IN WORDS) NOT USED BY IN-MEM. DATA BASE           11973503
