1*****************************************************************************
 *                                                                           *
 *       DATE 12/11/16       LOG OF 95 X86_64 Windows_NT NASTRAN JOB         *
 *                                                                           *
 *****************************************************************************

   WALL               TOTAL       INCREMENTAL      MODULE              MODULE/
   CLOCK               CPU            CPU            CPU             SUBROUTINE
   TIME              SECONDS        SECONDS        SECONDS             STATUS

 ------------------------------------------------------------------------------

 13:24:37.240         0.000          0.000                    SEM1  BEGN
 13:24:37.260         0.000          0.000                    GNFI
 13:24:37.260         0.000          0.000                    TTIO
 13:24:37.266         0.000          0.000                    TTLP
 13:24:37.268         0.000          0.000                    XCSA
 ID    D01151A,NASTRAN                                                   
 13:24:37.295         0.016          0.000                    IFP1
 TITLE    = ASYMMETRIC PRESSURE LOADING OF AN AXISYMMETRIC CYLINDRICAL SH
 13:24:37.305         0.016          0.000                    XSOR
 13:24:37.315         0.016          0.000                    IFP   BEGN
 13:24:37.319         0.016          0.000                    IFP   END 
 13:24:37.320         0.016          0.000                    IFP3  BEGN
 13:24:37.320         0.016          0.000                    IFP3  END 
 13:24:37.320         0.016          0.000                    XGPI
 13:24:37.333         0.016          0.000                    SEM1  END 
 13:24:37.333         0.016          0.000                       4  SETVAL    BEGN
 13:24:37.333         0.016          0.000          0.000        4  SETVAL    END 
 13:24:37.333         0.016          0.000                       5  PARAM     BEGN
 13:24:37.333         0.016          0.000          0.000        5  PARAM     END 
 13:24:37.334         0.016          0.000                    XSFA      BEGN
 13:24:37.336         0.016          0.000                    XSFA      END 
 13:24:37.337         0.016          0.000                      11  GP1       BEGN
 13:24:37.346         0.016          0.000          0.000       11  GP1       END 
 13:24:37.347         0.016          0.000                      12  ANISOP    BEGN
 13:24:37.347         0.016          0.000          0.000       12  ANISOP    END 
 13:24:37.347         0.016          0.000                      13  EQUIV     BEGN
 13:24:37.348         0.016          0.000          0.000       13  EQUIV     END 
 13:24:37.348         0.016          0.000                      14  PLTTRAN   BEGN
 13:24:37.349         0.016          0.000          0.000       14  PLTTRAN   END 
 13:24:37.349         0.016          0.000                      15  GP2       BEGN
 13:24:37.351         0.016          0.000          0.000       15  GP2       END 
 13:24:37.351         0.016          0.000                      16  PARAML    BEGN
 13:24:37.352         0.016          0.000          0.000       16  PARAML    END 
 13:24:37.352         0.016          0.000                      17  PURGE     BEGN
 13:24:37.352         0.016          0.000          0.000       17  PURGE     END 
 13:24:37.352         0.016          0.000                      18  COND      BEGN
 13:24:37.352         0.016          0.000          0.000       18  COND      END 
 13:24:37.353         0.016          0.000                      19  PLTSET    BEGN
 13:24:37.361         0.016          0.000          0.000       19  PLTSET    END 
 13:24:37.361         0.016          0.000                      20  PRTMSG    BEGN
 13:24:37.362         0.016          0.000          0.000       20  PRTMSG    END 
 13:24:37.362         0.016          0.000                      21  PARAM     BEGN
 13:24:37.362         0.016          0.000          0.000       21  PARAM     END 
 13:24:37.362         0.016          0.000                      22  PARAM     BEGN
 13:24:37.362         0.016          0.000          0.000       22  PARAM     END 
 13:24:37.362         0.016          0.000                      23  COND      BEGN
 13:24:37.362         0.016          0.000          0.000       23  COND      END 
 13:24:37.362         0.016          0.000                      24  PLOT      BEGN
 13:24:37.386         0.016          0.000          0.000       24  PLOT      END 
 13:24:37.386         0.016          0.000                      25  PRTMSG    BEGN
 13:24:37.387         0.016          0.000          0.000       25  PRTMSG    END 
 13:24:37.387         0.016          0.000                      27  GP3       BEGN
 13:24:37.391         0.016          0.000          0.000       27  GP3       END 
 13:24:37.391         0.016          0.000                      28  PARAM     BEGN
 13:24:37.391         0.016          0.000          0.000       28  PARAM     END 
 13:24:37.391         0.016          0.000                      29  TA1       BEGN
 13:24:37.396         0.016          0.000          0.000       29  TA1       END 
 13:24:37.397         0.016          0.000                      30  EQUIV     BEGN
 13:24:37.397         0.016          0.000          0.000       30  EQUIV     END 
 13:24:37.397         0.016          0.000                      31  PARAM     BEGN
 13:24:37.397         0.016          0.000          0.000       31  PARAM     END 
 13:24:37.397         0.016          0.000                      32  COND      BEGN
 13:24:37.397         0.016          0.000          0.000       32  COND      END 
 13:24:37.397         0.016          0.000                      33  PURGE     BEGN
 13:24:37.397         0.016          0.000          0.000       33  PURGE     END 
 13:24:37.397         0.016          0.000                      34  OPTPR1    BEGN
 13:24:37.398         0.016          0.000          0.000       34  OPTPR1    END 
 13:24:37.398         0.016          0.000                      36  COND      BEGN
 13:24:37.398         0.016          0.000          0.000       36  COND      END 
 13:24:37.398         0.016          0.000                      37  PARAM     BEGN
 13:24:37.398         0.016          0.000          0.000       37  PARAM     END 
 13:24:37.398         0.016          0.000                      38  EQUIV     BEGN
 13:24:37.398         0.016          0.000          0.000       38  EQUIV     END 
 13:24:37.398         0.016          0.000                      39  EMG       BEGN
 13:24:37.441         0.031          0.016          0.016       39  EMG       END 
 13:24:37.441         0.031          0.000                      40  COND      BEGN
 13:24:37.441         0.031          0.000          0.000       40  COND      END 
 13:24:37.441         0.031          0.000                      41  EMA       BEGN
 13:24:37.470         0.031          0.000          0.000       41  EMA       END 
 13:24:37.470         0.031          0.000                      43  PURGE     BEGN
 13:24:37.470         0.031          0.000          0.000       43  PURGE     END 
 13:24:37.470         0.031          0.000                      44  COND      BEGN
 13:24:37.470         0.031          0.000          0.000       44  COND      END 
 13:24:37.470         0.031          0.000                      48  COND      BEGN
 13:24:37.470         0.031          0.000          0.000       48  COND      END 
 13:24:37.470         0.031          0.000                      53  EQUIV     BEGN
 13:24:37.470         0.031          0.000          0.000       53  EQUIV     END 
 13:24:37.470         0.031          0.000                      54  COND      BEGN
 13:24:37.470         0.031          0.000          0.000       54  COND      END 
 13:24:37.470         0.031          0.000                    XSFA      BEGN
 13:24:37.470         0.031          0.000                    XSFA      END 
 13:24:37.470         0.031          0.000                      57  GPSTGEN   BEGN
 13:24:37.473         0.031          0.000          0.000       57  GPSTGEN   END 
 13:24:37.473         0.031          0.000                      58  PARAM     BEGN
 13:24:37.473         0.031          0.000          0.000       58  PARAM     END 
 13:24:37.473         0.031          0.000                      60  GP4       BEGN
 13:24:37.478         0.031          0.000          0.000       60  GP4       END 
 13:24:37.478         0.031          0.000                      61  OFP       BEGN
 13:24:37.478         0.031          0.000          0.000       61  OFP       END 
 13:24:37.478         0.031          0.000                      62  COND      BEGN
 13:24:37.478         0.031          0.000          0.000       62  COND      END 
 13:24:37.478         0.031          0.000                      63  PARAM     BEGN
 13:24:37.478         0.031          0.000          0.000       63  PARAM     END 
 13:24:37.478         0.031          0.000                      64  PURGE     BEGN
 13:24:37.478         0.031          0.000          0.000       64  PURGE     END 
 13:24:37.478         0.031          0.000                      65  EQUIV     BEGN
 13:24:37.478         0.031          0.000          0.000       65  EQUIV     END 
 13:24:37.478         0.031          0.000                      66  COND      BEGN
 13:24:37.478         0.031          0.000          0.000       66  COND      END 
 13:24:37.478         0.031          0.000                      67  MCE1      BEGN
 13:24:37.484         0.031          0.000          0.000       67  MCE1      END 
 13:24:37.484         0.031          0.000                      68  MCE2      BEGN
 13:24:37.498         0.031          0.000                    MMA       BEGN
       MMA - NULL MATRIX PRODUCT
 13:24:37.500         0.031          0.000                    MMA       END 
 13:24:37.500         0.031          0.000                    MMA       BEGN
       MMA - NULL MATRIX PRODUCT
 13:24:37.507         0.031          0.000                    MMA       END 
 13:24:37.507         0.031          0.000                    MMA       BEGN
       MMA - NULL MATRIX PRODUCT
 13:24:37.514         0.031          0.000                    MMA       END 
 13:24:37.514         0.031          0.000          0.000       68  MCE2      END 
 13:24:37.514         0.031          0.000                      70  EQUIV     BEGN
 13:24:37.514         0.031          0.000          0.000       70  EQUIV     END 
 13:24:37.514         0.031          0.000                      71  COND      BEGN
 13:24:37.514         0.031          0.000          0.000       71  COND      END 
 13:24:37.514         0.031          0.000                      72  SCE1      BEGN
 13:24:37.524         0.031          0.000          0.000       72  SCE1      END 
 13:24:37.524         0.031          0.000                      74  EQUIV     BEGN
 13:24:37.524         0.031          0.000          0.000       74  EQUIV     END 
 13:24:37.524         0.031          0.000                      75  COND      BEGN
 13:24:37.524         0.031          0.000          0.000       75  COND      END 
 13:24:37.525         0.031          0.000                      78  EQUIV     BEGN
 13:24:37.525         0.031          0.000          0.000       78  EQUIV     END 
 13:24:37.525         0.031          0.000                      79  COND      BEGN
 13:24:37.525         0.031          0.000          0.000       79  COND      END 
 13:24:37.525         0.031          0.000                      82  RBMG2     BEGN
 13:24:37.526         0.031          0.000                    SMCO  MP  BEGN          
 13:24:37.538         0.031          0.000                    SMCO  MP  END           
 13:24:37.538         0.031          0.000          0.000       82  RBMG2     END 
 13:24:37.538         0.031          0.000                      83  COND      BEGN
 13:24:37.538         0.031          0.000          0.000       83  COND      END 
 13:24:37.538         0.031          0.000                      86  SSG1      BEGN
 13:24:37.545         0.031          0.000          0.000       86  SSG1      END 
 13:24:37.545         0.031          0.000                      87  EQUIV     BEGN
 13:24:37.545         0.031          0.000          0.000       87  EQUIV     END 
 13:24:37.545         0.031          0.000                      88  COND      BEGN
 13:24:37.545         0.031          0.000          0.000       88  COND      END 
 13:24:37.545         0.031          0.000                      89  SSG2      BEGN
 13:24:37.545         0.031          0.000                    MMA       BEGN
       MMA - NULL MATRIX PRODUCT
 13:24:37.545         0.031          0.000                    MMA       END 
 13:24:37.546         0.031          0.000                    MMA       BEGN
       MMA - NULL MATRIX PRODUCT
 13:24:37.546         0.031          0.000                    MMA       END 
 13:24:37.546         0.031          0.000          0.000       89  SSG2      END 
 13:24:37.546         0.031          0.000                      91  SSG3      BEGN
 13:24:37.548         0.031          0.000                    FBSI  BEGN
 13:24:37.549         0.031          0.000                    FBS2  BEGN
 13:24:37.549         0.031          0.000                    FBS2  END 
 13:24:37.550         0.031          0.000                    FBSI  END 
 13:24:37.550         0.031          0.000                    MMA       BEGN
 13:24:37.550         0.031          0.000                    MMA2  1   BEGN
 13:24:37.552         0.031          0.000                    MMA2  1   END 
   METHOD USED = 21NT  ACTUAL NUMBER OF PASSES =   1
 13:24:37.552         0.031          0.000                    MMA       END 
 13:24:37.552         0.031          0.000          0.000       91  SSG3      END 
 13:24:37.552         0.031          0.000                      92  COND      BEGN
 13:24:37.552         0.031          0.000          0.000       92  COND      END 
 13:24:37.552         0.031          0.000                      96  SDR1      BEGN
 13:24:37.555         0.031          0.000                    MMA       BEGN
 13:24:37.555         0.031          0.000                    MMA2  1   BEGN
 13:24:37.556         0.031          0.000                    MMA2  1   END 
   METHOD USED = 21T   ACTUAL NUMBER OF PASSES =   1
 13:24:37.556         0.031          0.000                    MMA       END 
 13:24:37.557         0.031          0.000                    MMA       BEGN
 13:24:37.557         0.031          0.000                    MMA3  1   BEGN
 13:24:37.559         0.031          0.000                    MMA3  1   END 
   METHOD USED = 31NT  ACTUAL NUMBER OF PASSES =   1
 13:24:37.559         0.031          0.000                    MMA       END 
 13:24:37.560         0.031          0.000          0.000       96  SDR1      END 
 13:24:37.560         0.031          0.000                     100  PARAM     BEGN
 13:24:37.560         0.031          0.000          0.000      100  PARAM     END 
 13:24:37.560         0.031          0.000                     101  COND      BEGN
 13:24:37.560         0.031          0.000          0.000      101  COND      END 
 13:24:37.560         0.031          0.000                     103  GPFDR     BEGN
 13:24:37.561         0.031          0.000          0.000      103  GPFDR     END 
 13:24:37.561         0.031          0.000                     104  PURGE     BEGN
 13:24:37.561         0.031          0.000          0.000      104  PURGE     END 
 13:24:37.561         0.031          0.000                     105  OFP       BEGN
 13:24:37.561         0.031          0.000          0.000      105  OFP       END 
 13:24:37.561         0.031          0.000                     106  COND      BEGN
 13:24:37.561         0.031          0.000          0.000      106  COND      END 
 13:24:37.561         0.031          0.000                     110  SDR2      BEGN
 13:24:37.615         0.031          0.000          0.000      110  SDR2      END 
 13:24:37.615         0.031          0.000                     111  COND      BEGN
 13:24:37.615         0.031          0.000          0.000      111  COND      END 
 13:24:37.615         0.031          0.000                     114  PURGE     BEGN
 13:24:37.615         0.031          0.000          0.000      114  PURGE     END 
 13:24:37.615         0.031          0.000                     115  COND      BEGN
 13:24:37.615         0.031          0.000          0.000      115  COND      END 
 13:24:37.615         0.031          0.000                     120  PURGE     BEGN
 13:24:37.615         0.031          0.000          0.000      120  PURGE     END 
 13:24:37.615         0.031          0.000                     121  COND      BEGN
 13:24:37.615         0.031          0.000          0.000      121  COND      END 
 13:24:37.615         0.031          0.000                     140  PURGE     BEGN
 13:24:37.615         0.031          0.000          0.000      140  PURGE     END 
 13:24:37.615         0.031          0.000                     141  COND      BEGN
 13:24:37.615         0.031          0.000          0.000      141  COND      END 
 13:24:37.615         0.031          0.000                     146  OFP       BEGN
 13:24:38.681         0.641          0.609          0.609      146  OFP       END 
 13:24:38.681         0.641          0.000                     147  OFP       BEGN
 13:24:38.681         0.641          0.000          0.000      147  OFP       END 
 13:24:38.681         0.641          0.000                    XSFA      BEGN
 13:24:38.681         0.641          0.000                    XSFA      END 
 13:24:38.681         0.641          0.000                     148  SCAN      BEGN
 13:24:38.681         0.641          0.000          0.000      148  SCAN      END 
 13:24:38.681         0.641          0.000                     149  OFP       BEGN
 13:24:38.681         0.641          0.000          0.000      149  OFP       END 
 13:24:38.681         0.641          0.000                     150  OFP       BEGN
 13:24:38.681         0.641          0.000          0.000      150  OFP       END 
 13:24:38.681         0.641          0.000                     152  COND      BEGN
 13:24:38.681         0.641          0.000          0.000      152  COND      END 
 13:24:38.681         0.641          0.000                     157  COND      BEGN
 13:24:38.681         0.641          0.000          0.000      157  COND      END 
 13:24:38.681         0.641          0.000                     171  PURGE     BEGN
 13:24:38.681         0.641          0.000          0.000      171  PURGE     END 
 13:24:38.681         0.641          0.000                     228  EXIT      BEGN
1     STATISTICS ON IN-MEMORY DATA BASE AND DISK I/O USAGE

         LENGTH (IN WORDS) OF OPEN CORE ALLOCATED                   2000000
         LENGTH (IN WORDS) OF IN-MEMORY DATA BASE ALLOCATED        12000000
         NUMBER OF BLOCKS USED IN THE IN-MEMORY DATA BASE              2820
         NUMBER OF BLOCKS ALLOCATED FOR THE IN-MEMORY DATA            11661
         PERCENTAGE OF IN-MEMORY DATA USED                               24%
         TOTAL BLOCKS WRITTEN TO DISK                              40000008
         BLOCK SIZE (IN WORDS)                                         1024
         NUMBER OF OPENS TO DISK FILES                                    6
         NUMBER OF CLOSES TO DISK FILES                                   6
         NUMBER OF WRITES TO DISK FILES                                  10
         NUMBER OF READS FROM DISK FILES                                 11
         MEMORY (IN WORDS) NOT USED BY IN-MEM. DATA BASE            9132753
