1*****************************************************************************
 *                                                                           *
 *       DATE 12/11/16       LOG OF 95 X86_64 Windows_NT NASTRAN JOB         *
 *                                                                           *
 *****************************************************************************

   WALL               TOTAL       INCREMENTAL      MODULE              MODULE/
   CLOCK               CPU            CPU            CPU             SUBROUTINE
   TIME              SECONDS        SECONDS        SECONDS             STATUS

 ------------------------------------------------------------------------------

 13:32:55.035         0.000          0.000                    SEM1  BEGN
 13:32:55.036         0.000          0.000                    GNFI
 13:32:55.036         0.000          0.000                    TTIO
 13:32:55.038         0.000          0.000                    TTLP
 13:32:55.038         0.000          0.000                    XCSA
 ID    D01161A,NASTRAN                                                   
 13:32:55.055         0.000          0.000                    IFP1
 TITLE    = FULLY STRESSED DESIGN OF A PLATE WITH A REINFORCED HOLE      
 13:32:55.058         0.000          0.000                    XSOR
 13:32:55.063         0.000          0.000                    IFP   BEGN
 13:32:55.064         0.000          0.000                    IFP   END 
 13:32:55.064         0.000          0.000                    XGPI
 13:32:55.065         0.000          0.000                    BAND  IT  BEGN
 13:32:55.074         0.000          0.000                    BAND  IT  END 
 13:32:55.074         0.000          0.000                    SEM1  END 
 13:32:55.074         0.000          0.000                       4  SETVAL    BEGN
 13:32:55.074         0.000          0.000          0.000        4  SETVAL    END 
 13:32:55.074         0.000          0.000                       5  PARAM     BEGN
 13:32:55.074         0.000          0.000          0.000        5  PARAM     END 
 13:32:55.075         0.000          0.000                    XSFA      BEGN
 13:32:55.075         0.000          0.000                    XSFA      END 
 13:32:55.075         0.000          0.000                      11  GP1       BEGN
 13:32:55.079         0.000          0.000          0.000       11  GP1       END 
 13:32:55.079         0.000          0.000                      12  ANISOP    BEGN
 13:32:55.079         0.000          0.000          0.000       12  ANISOP    END 
 13:32:55.079         0.000          0.000                      13  EQUIV     BEGN
 13:32:55.079         0.000          0.000          0.000       13  EQUIV     END 
 13:32:55.079         0.000          0.000                      14  PLTTRAN   BEGN
 13:32:55.079         0.000          0.000          0.000       14  PLTTRAN   END 
 13:32:55.079         0.000          0.000                      15  GP2       BEGN
 13:32:55.079         0.000          0.000          0.000       15  GP2       END 
 13:32:55.079         0.000          0.000                      16  PARAML    BEGN
 13:32:55.079         0.000          0.000          0.000       16  PARAML    END 
 13:32:55.079         0.000          0.000                      17  PURGE     BEGN
 13:32:55.079         0.000          0.000          0.000       17  PURGE     END 
 13:32:55.079         0.000          0.000                      18  COND      BEGN
 13:32:55.079         0.000          0.000          0.000       18  COND      END 
 13:32:55.079         0.000          0.000                      19  PLTSET    BEGN
 13:32:55.082         0.000          0.000          0.000       19  PLTSET    END 
 13:32:55.082         0.000          0.000                      20  PRTMSG    BEGN
 13:32:55.082         0.000          0.000          0.000       20  PRTMSG    END 
 13:32:55.082         0.000          0.000                      21  PARAM     BEGN
 13:32:55.082         0.000          0.000          0.000       21  PARAM     END 
 13:32:55.082         0.000          0.000                      22  PARAM     BEGN
 13:32:55.082         0.000          0.000          0.000       22  PARAM     END 
 13:32:55.083         0.000          0.000                      23  COND      BEGN
 13:32:55.083         0.000          0.000          0.000       23  COND      END 
 13:32:55.083         0.000          0.000                      24  PLOT      BEGN
 13:32:55.089         0.000          0.000          0.000       24  PLOT      END 
 13:32:55.089         0.000          0.000                      25  PRTMSG    BEGN
 13:32:55.092         0.000          0.000          0.000       25  PRTMSG    END 
 13:32:55.092         0.000          0.000                      27  GP3       BEGN
 13:32:55.092         0.000          0.000          0.000       27  GP3       END 
 13:32:55.092         0.000          0.000                      28  PARAM     BEGN
 13:32:55.092         0.000          0.000          0.000       28  PARAM     END 
 13:32:55.092         0.000          0.000                      29  TA1       BEGN
 13:32:55.092         0.000          0.000          0.000       29  TA1       END 
 13:32:55.092         0.000          0.000                      30  EQUIV     BEGN
 13:32:55.093         0.000          0.000          0.000       30  EQUIV     END 
 13:32:55.093         0.000          0.000                      31  PARAM     BEGN
 13:32:55.093         0.000          0.000          0.000       31  PARAM     END 
 13:32:55.093         0.000          0.000                      32  COND      BEGN
 13:32:55.093         0.000          0.000          0.000       32  COND      END 
 13:32:55.093         0.000          0.000                      33  PURGE     BEGN
 13:32:55.093         0.000          0.000          0.000       33  PURGE     END 
 13:32:55.093         0.000          0.000                      34  OPTPR1    BEGN
 13:32:55.093         0.000          0.000          0.000       34  OPTPR1    END 
 13:32:55.093         0.000          0.000                      36  COND      BEGN
 13:32:55.093         0.000          0.000          0.000       36  COND      END 
 13:32:55.093         0.000          0.000                      37  PARAM     BEGN
 13:32:55.093         0.000          0.000          0.000       37  PARAM     END 
 13:32:55.093         0.000          0.000                      38  EQUIV     BEGN
 13:32:55.093         0.000          0.000          0.000       38  EQUIV     END 
 13:32:55.093         0.000          0.000                      39  EMG       BEGN
 13:32:55.097         0.000          0.000          0.000       39  EMG       END 
 13:32:55.097         0.000          0.000                      40  COND      BEGN
 13:32:55.097         0.000          0.000          0.000       40  COND      END 
 13:32:55.097         0.000          0.000                      41  EMA       BEGN
 13:32:55.098         0.000          0.000          0.000       41  EMA       END 
 13:32:55.098         0.000          0.000                      43  PURGE     BEGN
 13:32:55.098         0.000          0.000          0.000       43  PURGE     END 
 13:32:55.098         0.000          0.000                      44  COND      BEGN
 13:32:55.098         0.000          0.000          0.000       44  COND      END 
 13:32:55.098         0.000          0.000                      45  EMA       BEGN
 13:32:55.099         0.000          0.000          0.000       45  EMA       END 
 13:32:55.099         0.000          0.000                      46  PURGE     BEGN
 13:32:55.099         0.000          0.000          0.000       46  PURGE     END 
 13:32:55.099         0.000          0.000                      48  COND      BEGN
 13:32:55.099         0.000          0.000          0.000       48  COND      END 
 13:32:55.099         0.000          0.000                      49  COND      BEGN
 13:32:55.099         0.000          0.000          0.000       49  COND      END 
 13:32:55.099         0.000          0.000                      50  GPWG      BEGN
 13:32:55.099         0.000          0.000                    TRAN  POSE
 13:32:55.099         0.000          0.000                    TRAN  POSE
 13:32:55.099         0.000          0.000                    MMA       BEGN
 13:32:55.099         0.000          0.000                    MMA3  1   BEGN
 13:32:55.099         0.000          0.000                    MMA3  1   END 
   METHOD USED = 31NT  ACTUAL NUMBER OF PASSES =   1
 13:32:55.099         0.000          0.000                    MMA       END 
 13:32:55.099         0.000          0.000                    MMA       BEGN
 13:32:55.099         0.000          0.000                    MMA3  2   BEGN
 13:32:55.099         0.000          0.000                    MMA3  2   END 
   METHOD USED = 32T   ACTUAL NUMBER OF PASSES =   1
 13:32:55.099         0.000          0.000                    MMA       END 
 13:32:55.099         0.000          0.000          0.000       50  GPWG      END 
 13:32:55.099         0.000          0.000                      51  OFP       BEGN
 13:32:55.100         0.000          0.000          0.000       51  OFP       END 
 13:32:55.100         0.000          0.000                      53  EQUIV     BEGN
 13:32:55.100         0.000          0.000          0.000       53  EQUIV     END 
 13:32:55.100         0.000          0.000                      54  COND      BEGN
 13:32:55.100         0.000          0.000          0.000       54  COND      END 
 13:32:55.100         0.000          0.000                    XSFA      BEGN
 13:32:55.100         0.000          0.000                    XSFA      END 
 13:32:55.100         0.000          0.000                      57  GPSTGEN   BEGN
 13:32:55.100         0.000          0.000          0.000       57  GPSTGEN   END 
 13:32:55.100         0.000          0.000                      58  PARAM     BEGN
 13:32:55.100         0.000          0.000          0.000       58  PARAM     END 
 13:32:55.100         0.000          0.000                      60  GP4       BEGN
 13:32:55.100         0.000          0.000          0.000       60  GP4       END 
 13:32:55.100         0.000          0.000                      61  OFP       BEGN
 13:32:55.100         0.000          0.000          0.000       61  OFP       END 
 13:32:55.100         0.000          0.000                      62  COND      BEGN
 13:32:55.100         0.000          0.000          0.000       62  COND      END 
 13:32:55.100         0.000          0.000                      63  PARAM     BEGN
 13:32:55.100         0.000          0.000          0.000       63  PARAM     END 
 13:32:55.100         0.000          0.000                      64  PURGE     BEGN
 13:32:55.100         0.000          0.000          0.000       64  PURGE     END 
 13:32:55.100         0.000          0.000                      65  EQUIV     BEGN
 13:32:55.100         0.000          0.000          0.000       65  EQUIV     END 
 13:32:55.100         0.000          0.000                      66  COND      BEGN
 13:32:55.100         0.000          0.000          0.000       66  COND      END 
 13:32:55.100         0.000          0.000                      70  EQUIV     BEGN
 13:32:55.100         0.000          0.000          0.000       70  EQUIV     END 
 13:32:55.100         0.000          0.000                      71  COND      BEGN
 13:32:55.100         0.000          0.000          0.000       71  COND      END 
 13:32:55.100         0.000          0.000                      72  SCE1      BEGN
 13:32:55.100         0.000          0.000          0.000       72  SCE1      END 
 13:32:55.101         0.000          0.000                      74  EQUIV     BEGN
 13:32:55.101         0.000          0.000          0.000       74  EQUIV     END 
 13:32:55.101         0.000          0.000                      75  COND      BEGN
 13:32:55.101         0.000          0.000          0.000       75  COND      END 
 13:32:55.101         0.000          0.000                      78  EQUIV     BEGN
 13:32:55.101         0.000          0.000          0.000       78  EQUIV     END 
 13:32:55.101         0.000          0.000                      79  COND      BEGN
 13:32:55.101         0.000          0.000          0.000       79  COND      END 
 13:32:55.101         0.000          0.000                      82  RBMG2     BEGN
 13:32:55.101         0.000          0.000                    SMCO  MP  BEGN          
 13:32:55.101         0.000          0.000                    SMCO  MP  END           
 13:32:55.101         0.000          0.000          0.000       82  RBMG2     END 
 13:32:55.101         0.000          0.000                      83  COND      BEGN
 13:32:55.101         0.000          0.000          0.000       83  COND      END 
 13:32:55.101         0.000          0.000                      86  SSG1      BEGN
 13:32:55.105         0.000          0.000          0.000       86  SSG1      END 
 13:32:55.105         0.000          0.000                      87  EQUIV     BEGN
 13:32:55.105         0.000          0.000          0.000       87  EQUIV     END 
 13:32:55.105         0.000          0.000                      88  COND      BEGN
 13:32:55.105         0.000          0.000          0.000       88  COND      END 
 13:32:55.105         0.000          0.000                      89  SSG2      BEGN
 13:32:55.105         0.000          0.000                    MMA       BEGN
       MMA - NULL MATRIX PRODUCT
 13:32:55.105         0.000          0.000                    MMA       END 
 13:32:55.105         0.000          0.000          0.000       89  SSG2      END 
 13:32:55.105         0.000          0.000                      91  SSG3      BEGN
 13:32:55.105         0.000          0.000                    FBSI  BEGN
 13:32:55.105         0.000          0.000                    FBS2  BEGN
 13:32:55.105         0.000          0.000                    FBS2  END 
 13:32:55.105         0.000          0.000                    FBSI  END 
 13:32:55.105         0.000          0.000                    MMA       BEGN
 13:32:55.105         0.000          0.000                    MMA2  1   BEGN
 13:32:55.105         0.000          0.000                    MMA2  1   END 
   METHOD USED = 21NT  ACTUAL NUMBER OF PASSES =   1
 13:32:55.105         0.000          0.000                    MMA       END 
 13:32:55.105         0.000          0.000          0.000       91  SSG3      END 
 13:32:55.105         0.000          0.000                      92  COND      BEGN
 13:32:55.105         0.000          0.000          0.000       92  COND      END 
 13:32:55.105         0.000          0.000                      96  SDR1      BEGN
 13:32:55.105         0.000          0.000                    MMA       BEGN
 13:32:55.105         0.000          0.000                    MMA2  1   BEGN
 13:32:55.105         0.000          0.000                    MMA2  1   END 
   METHOD USED = 21T   ACTUAL NUMBER OF PASSES =   1
 13:32:55.105         0.000          0.000                    MMA       END 
 13:32:55.106         0.000          0.000          0.000       96  SDR1      END 
 13:32:55.106         0.000          0.000                      97  COND      BEGN
 13:32:55.106         0.000          0.000          0.000       97  COND      END 
 13:32:55.106         0.000          0.000                    XSFA      BEGN
 13:32:55.106         0.000          0.000                    XSFA      END 
 13:32:55.106         0.000          0.000                     103  GPFDR     BEGN
 13:32:55.106         0.000          0.000          0.000      103  GPFDR     END 
 13:32:55.106         0.000          0.000                     104  PURGE     BEGN
 13:32:55.106         0.000          0.000          0.000      104  PURGE     END 
 13:32:55.106         0.000          0.000                     105  OFP       BEGN
 13:32:55.106         0.000          0.000          0.000      105  OFP       END 
 13:32:55.106         0.000          0.000                     106  COND      BEGN
 13:32:55.106         0.000          0.000          0.000      106  COND      END 
 13:32:55.106         0.000          0.000                     110  SDR2      BEGN
 13:32:55.106         0.000          0.000          0.000      110  SDR2      END 
 13:32:55.106         0.000          0.000                     111  COND      BEGN
 13:32:55.106         0.000          0.000          0.000      111  COND      END 
 13:32:55.106         0.000          0.000                     114  PURGE     BEGN
 13:32:55.106         0.000          0.000          0.000      114  PURGE     END 
 13:32:55.106         0.000          0.000                     115  COND      BEGN
 13:32:55.106         0.000          0.000          0.000      115  COND      END 
 13:32:55.106         0.000          0.000                     120  PURGE     BEGN
 13:32:55.106         0.000          0.000          0.000      120  PURGE     END 
 13:32:55.106         0.000          0.000                     121  COND      BEGN
 13:32:55.106         0.000          0.000          0.000      121  COND      END 
 13:32:55.106         0.000          0.000                     140  PURGE     BEGN
 13:32:55.106         0.000          0.000          0.000      140  PURGE     END 
 13:32:55.106         0.000          0.000                     141  COND      BEGN
 13:32:55.106         0.000          0.000          0.000      141  COND      END 
 13:32:55.106         0.000          0.000                    XSFA      BEGN
 13:32:55.106         0.000          0.000                    XSFA      END 
 13:32:55.106         0.000          0.000                     142  OPTPR2    BEGN
 13:32:55.111         0.000          0.000          0.000      142  OPTPR2    END 
 13:32:55.111         0.000          0.000                     143  EQUIV     BEGN
 13:32:55.111         0.000          0.000          0.000      143  EQUIV     END 
 13:32:55.111         0.000          0.000                     144  COND      BEGN
 13:32:55.111         0.000          0.000          0.000      144  COND      END 
 13:32:55.111         0.000          0.000                     146  OFP       BEGN
 13:32:55.139         0.000          0.000          0.000      146  OFP       END 
 13:32:55.139         0.000          0.000                     147  OFP       BEGN
 13:32:55.139         0.000          0.000          0.000      147  OFP       END 
 13:32:55.139         0.000          0.000                    XSFA      BEGN
 13:32:55.139         0.000          0.000                    XSFA      END 
 13:32:55.139         0.000          0.000                     148  SCAN      BEGN
 13:32:55.139         0.000          0.000          0.000      148  SCAN      END 
 13:32:55.139         0.000          0.000                     149  OFP       BEGN
 13:32:55.139         0.000          0.000          0.000      149  OFP       END 
 13:32:55.139         0.000          0.000                     150  OFP       BEGN
 13:32:55.139         0.000          0.000          0.000      150  OFP       END 
 13:32:55.139         0.000          0.000                     152  COND      BEGN
 13:32:55.139         0.000          0.000          0.000      152  COND      END 
 13:32:55.139         0.000          0.000                     153  PLOT      BEGN
 13:32:55.144         0.000          0.000          0.000      153  PLOT      END 
 13:32:55.144         0.000          0.000                     154  PRTMSG    BEGN
 13:32:55.147         0.016          0.000          0.016      154  PRTMSG    END 
 13:32:55.147         0.016          0.000                     157  COND      BEGN
 13:32:55.147         0.016          0.000          0.000      157  COND      END 
 13:32:55.147         0.016          0.000                     158  REPT      BEGN
 13:32:55.147         0.016          0.000          0.000      158  REPT      END 
 13:32:55.147         0.016          0.000                      36  COND      BEGN
 13:32:55.147         0.016          0.000          0.000       36  COND      END 
 13:32:55.147         0.016          0.000                      37  PARAM     BEGN
 13:32:55.147         0.016          0.000          0.000       37  PARAM     END 
 13:32:55.147         0.016          0.000                      38  EQUIV     BEGN
 13:32:55.147         0.016          0.000          0.000       38  EQUIV     END 
 13:32:55.147         0.016          0.000                    XSFA      BEGN
 13:32:55.147         0.016          0.000                    XSFA      END 
 13:32:55.147         0.016          0.000                      39  EMG       BEGN
 13:32:55.152         0.016          0.000          0.000       39  EMG       END 
 13:32:55.152         0.016          0.000                      40  COND      BEGN
 13:32:55.152         0.016          0.000          0.000       40  COND      END 
 13:32:55.152         0.016          0.000                      41  EMA       BEGN
 13:32:55.153         0.016          0.000          0.000       41  EMA       END 
 13:32:55.153         0.016          0.000                      43  PURGE     BEGN
 13:32:55.153         0.016          0.000          0.000       43  PURGE     END 
 13:32:55.153         0.016          0.000                      44  COND      BEGN
 13:32:55.153         0.016          0.000          0.000       44  COND      END 
 13:32:55.153         0.016          0.000                      45  EMA       BEGN
 13:32:55.153         0.016          0.000          0.000       45  EMA       END 
 13:32:55.153         0.016          0.000                      46  PURGE     BEGN
 13:32:55.153         0.016          0.000          0.000       46  PURGE     END 
 13:32:55.153         0.016          0.000                      48  COND      BEGN
 13:32:55.153         0.016          0.000          0.000       48  COND      END 
 13:32:55.153         0.016          0.000                      49  COND      BEGN
 13:32:55.153         0.016          0.000          0.000       49  COND      END 
 13:32:55.154         0.016          0.000                      50  GPWG      BEGN
 13:32:55.154         0.016          0.000                    TRAN  POSE
 13:32:55.154         0.016          0.000                    TRAN  POSE
 13:32:55.154         0.016          0.000                    MMA       BEGN
 13:32:55.154         0.016          0.000                    MMA3  1   BEGN
 13:32:55.154         0.016          0.000                    MMA3  1   END 
   METHOD USED = 31NT  ACTUAL NUMBER OF PASSES =   1
 13:32:55.154         0.016          0.000                    MMA       END 
 13:32:55.154         0.016          0.000                    MMA       BEGN
 13:32:55.154         0.016          0.000                    MMA3  2   BEGN
 13:32:55.154         0.016          0.000                    MMA3  2   END 
   METHOD USED = 32T   ACTUAL NUMBER OF PASSES =   1
 13:32:55.154         0.016          0.000                    MMA       END 
 13:32:55.154         0.016          0.000          0.000       50  GPWG      END 
 13:32:55.154         0.016          0.000                      51  OFP       BEGN
 13:32:55.154         0.016          0.000          0.000       51  OFP       END 
 13:32:55.154         0.016          0.000                      53  EQUIV     BEGN
 13:32:55.154         0.016          0.000          0.000       53  EQUIV     END 
 13:32:55.154         0.016          0.000                      54  COND      BEGN
 13:32:55.154         0.016          0.000          0.000       54  COND      END 
 13:32:55.154         0.016          0.000                    XSFA      BEGN
 13:32:55.154         0.016          0.000                    XSFA      END 
 13:32:55.154         0.016          0.000                      57  GPSTGEN   BEGN
 13:32:55.154         0.016          0.000          0.000       57  GPSTGEN   END 
 13:32:55.154         0.016          0.000                      58  PARAM     BEGN
 13:32:55.154         0.016          0.000          0.000       58  PARAM     END 
 13:32:55.154         0.016          0.000                      60  GP4       BEGN
 13:32:55.155         0.016          0.000          0.000       60  GP4       END 
 13:32:55.155         0.016          0.000                      61  OFP       BEGN
 13:32:55.155         0.016          0.000          0.000       61  OFP       END 
 13:32:55.155         0.016          0.000                      62  COND      BEGN
 13:32:55.155         0.016          0.000          0.000       62  COND      END 
 13:32:55.155         0.016          0.000                      63  PARAM     BEGN
 13:32:55.155         0.016          0.000          0.000       63  PARAM     END 
 13:32:55.155         0.016          0.000                      64  PURGE     BEGN
 13:32:55.155         0.016          0.000          0.000       64  PURGE     END 
 13:32:55.155         0.016          0.000                      65  EQUIV     BEGN
 13:32:55.155         0.016          0.000          0.000       65  EQUIV     END 
 13:32:55.155         0.016          0.000                      66  COND      BEGN
 13:32:55.155         0.016          0.000          0.000       66  COND      END 
 13:32:55.155         0.016          0.000                      70  EQUIV     BEGN
 13:32:55.155         0.016          0.000          0.000       70  EQUIV     END 
 13:32:55.155         0.016          0.000                      71  COND      BEGN
 13:32:55.155         0.016          0.000          0.000       71  COND      END 
 13:32:55.155         0.016          0.000                      72  SCE1      BEGN
 13:32:55.155         0.016          0.000          0.000       72  SCE1      END 
 13:32:55.155         0.016          0.000                      74  EQUIV     BEGN
 13:32:55.155         0.016          0.000          0.000       74  EQUIV     END 
 13:32:55.155         0.016          0.000                      75  COND      BEGN
 13:32:55.155         0.016          0.000          0.000       75  COND      END 
 13:32:55.155         0.016          0.000                      78  EQUIV     BEGN
 13:32:55.155         0.016          0.000          0.000       78  EQUIV     END 
 13:32:55.155         0.016          0.000                      79  COND      BEGN
 13:32:55.155         0.016          0.000          0.000       79  COND      END 
 13:32:55.155         0.016          0.000                      82  RBMG2     BEGN
 13:32:55.155         0.016          0.000                    SMCO  MP  BEGN          
 13:32:55.155         0.016          0.000                    SMCO  MP  END           
 13:32:55.155         0.016          0.000          0.000       82  RBMG2     END 
 13:32:55.155         0.016          0.000                      83  COND      BEGN
 13:32:55.155         0.016          0.000          0.000       83  COND      END 
 13:32:55.155         0.016          0.000                      86  SSG1      BEGN
 13:32:55.159         0.016          0.000          0.000       86  SSG1      END 
 13:32:55.159         0.016          0.000                      87  EQUIV     BEGN
 13:32:55.159         0.016          0.000          0.000       87  EQUIV     END 
 13:32:55.159         0.016          0.000                      88  COND      BEGN
 13:32:55.159         0.016          0.000          0.000       88  COND      END 
 13:32:55.159         0.016          0.000                      89  SSG2      BEGN
 13:32:55.159         0.016          0.000                    MMA       BEGN
       MMA - NULL MATRIX PRODUCT
 13:32:55.159         0.016          0.000                    MMA       END 
 13:32:55.159         0.016          0.000          0.000       89  SSG2      END 
 13:32:55.160         0.016          0.000                      91  SSG3      BEGN
 13:32:55.160         0.016          0.000                    FBSI  BEGN
 13:32:55.160         0.016          0.000                    FBS2  BEGN
 13:32:55.160         0.016          0.000                    FBS2  END 
 13:32:55.160         0.016          0.000                    FBSI  END 
 13:32:55.160         0.016          0.000                    MMA       BEGN
 13:32:55.160         0.016          0.000                    MMA2  1   BEGN
 13:32:55.160         0.016          0.000                    MMA2  1   END 
   METHOD USED = 21NT  ACTUAL NUMBER OF PASSES =   1
 13:32:55.160         0.016          0.000                    MMA       END 
 13:32:55.160         0.016          0.000          0.000       91  SSG3      END 
 13:32:55.160         0.016          0.000                      92  COND      BEGN
 13:32:55.160         0.016          0.000          0.000       92  COND      END 
 13:32:55.160         0.016          0.000                      96  SDR1      BEGN
 13:32:55.160         0.016          0.000                    MMA       BEGN
 13:32:55.160         0.016          0.000                    MMA2  1   BEGN
 13:32:55.160         0.016          0.000                    MMA2  1   END 
   METHOD USED = 21T   ACTUAL NUMBER OF PASSES =   1
 13:32:55.160         0.016          0.000                    MMA       END 
 13:32:55.160         0.016          0.000          0.000       96  SDR1      END 
 13:32:55.160         0.016          0.000                      97  COND      BEGN
 13:32:55.160         0.016          0.000          0.000       97  COND      END 
 13:32:55.160         0.016          0.000                    XSFA      BEGN
 13:32:55.160         0.016          0.000                    XSFA      END 
 13:32:55.160         0.016          0.000                     103  GPFDR     BEGN
 13:32:55.160         0.016          0.000          0.000      103  GPFDR     END 
 13:32:55.160         0.016          0.000                     104  PURGE     BEGN
 13:32:55.160         0.016          0.000          0.000      104  PURGE     END 
 13:32:55.160         0.016          0.000                     105  OFP       BEGN
 13:32:55.160         0.016          0.000          0.000      105  OFP       END 
 13:32:55.160         0.016          0.000                     106  COND      BEGN
 13:32:55.160         0.016          0.000          0.000      106  COND      END 
 13:32:55.160         0.016          0.000                     110  SDR2      BEGN
 13:32:55.161         0.016          0.000          0.000      110  SDR2      END 
 13:32:55.161         0.016          0.000                     111  COND      BEGN
 13:32:55.161         0.016          0.000          0.000      111  COND      END 
 13:32:55.161         0.016          0.000                     114  PURGE     BEGN
 13:32:55.161         0.016          0.000          0.000      114  PURGE     END 
 13:32:55.161         0.016          0.000                     115  COND      BEGN
 13:32:55.161         0.016          0.000          0.000      115  COND      END 
 13:32:55.161         0.016          0.000                     120  PURGE     BEGN
 13:32:55.161         0.016          0.000          0.000      120  PURGE     END 
 13:32:55.161         0.016          0.000                     121  COND      BEGN
 13:32:55.161         0.016          0.000          0.000      121  COND      END 
 13:32:55.161         0.016          0.000                     140  PURGE     BEGN
 13:32:55.161         0.016          0.000          0.000      140  PURGE     END 
 13:32:55.161         0.016          0.000                     141  COND      BEGN
 13:32:55.161         0.016          0.000          0.000      141  COND      END 
 13:32:55.161         0.016          0.000                    XSFA      BEGN
 13:32:55.161         0.016          0.000                    XSFA      END 
 13:32:55.161         0.016          0.000                     142  OPTPR2    BEGN
 13:32:55.166         0.016          0.000          0.000      142  OPTPR2    END 
 13:32:55.166         0.016          0.000                     143  EQUIV     BEGN
 13:32:55.166         0.016          0.000          0.000      143  EQUIV     END 
 13:32:55.166         0.016          0.000                     144  COND      BEGN
 13:32:55.166         0.016          0.000          0.000      144  COND      END 
 13:32:55.166         0.016          0.000                     157  COND      BEGN
 13:32:55.166         0.016          0.000          0.000      157  COND      END 
 13:32:55.166         0.016          0.000                     158  REPT      BEGN
 13:32:55.166         0.016          0.000          0.000      158  REPT      END 
 13:32:55.166         0.016          0.000                      36  COND      BEGN
 13:32:55.166         0.016          0.000          0.000       36  COND      END 
 13:32:55.166         0.016          0.000                      37  PARAM     BEGN
 13:32:55.166         0.016          0.000          0.000       37  PARAM     END 
 13:32:55.166         0.016          0.000                      38  EQUIV     BEGN
 13:32:55.166         0.016          0.000          0.000       38  EQUIV     END 
 13:32:55.166         0.016          0.000                    XSFA      BEGN
 13:32:55.166         0.016          0.000                    XSFA      END 
 13:32:55.166         0.016          0.000                      39  EMG       BEGN
 13:32:55.171         0.016          0.000          0.000       39  EMG       END 
 13:32:55.171         0.016          0.000                      40  COND      BEGN
 13:32:55.171         0.016          0.000          0.000       40  COND      END 
 13:32:55.171         0.016          0.000                      41  EMA       BEGN
 13:32:55.172         0.016          0.000          0.000       41  EMA       END 
 13:32:55.172         0.016          0.000                      43  PURGE     BEGN
 13:32:55.172         0.016          0.000          0.000       43  PURGE     END 
 13:32:55.172         0.016          0.000                      44  COND      BEGN
 13:32:55.172         0.016          0.000          0.000       44  COND      END 
 13:32:55.172         0.016          0.000                      45  EMA       BEGN
 13:32:55.173         0.016          0.000          0.000       45  EMA       END 
 13:32:55.173         0.016          0.000                      46  PURGE     BEGN
 13:32:55.173         0.016          0.000          0.000       46  PURGE     END 
 13:32:55.173         0.016          0.000                      48  COND      BEGN
 13:32:55.173         0.016          0.000          0.000       48  COND      END 
 13:32:55.173         0.016          0.000                      49  COND      BEGN
 13:32:55.173         0.016          0.000          0.000       49  COND      END 
 13:32:55.173         0.016          0.000                      50  GPWG      BEGN
 13:32:55.173         0.016          0.000                    TRAN  POSE
 13:32:55.173         0.016          0.000                    TRAN  POSE
 13:32:55.173         0.016          0.000                    MMA       BEGN
 13:32:55.173         0.016          0.000                    MMA3  1   BEGN
 13:32:55.173         0.016          0.000                    MMA3  1   END 
   METHOD USED = 31NT  ACTUAL NUMBER OF PASSES =   1
 13:32:55.173         0.016          0.000                    MMA       END 
 13:32:55.173         0.016          0.000                    MMA       BEGN
 13:32:55.173         0.016          0.000                    MMA3  2   BEGN
 13:32:55.173         0.016          0.000                    MMA3  2   END 
   METHOD USED = 32T   ACTUAL NUMBER OF PASSES =   1
 13:32:55.173         0.016          0.000                    MMA       END 
 13:32:55.173         0.016          0.000          0.000       50  GPWG      END 
 13:32:55.173         0.016          0.000                      51  OFP       BEGN
 13:32:55.173         0.016          0.000          0.000       51  OFP       END 
 13:32:55.173         0.016          0.000                      53  EQUIV     BEGN
 13:32:55.173         0.016          0.000          0.000       53  EQUIV     END 
 13:32:55.173         0.016          0.000                      54  COND      BEGN
 13:32:55.173         0.016          0.000          0.000       54  COND      END 
 13:32:55.173         0.016          0.000                    XSFA      BEGN
 13:32:55.173         0.016          0.000                    XSFA      END 
 13:32:55.174         0.016          0.000                      57  GPSTGEN   BEGN
 13:32:55.174         0.016          0.000          0.000       57  GPSTGEN   END 
 13:32:55.174         0.016          0.000                      58  PARAM     BEGN
 13:32:55.174         0.016          0.000          0.000       58  PARAM     END 
 13:32:55.174         0.016          0.000                      60  GP4       BEGN
 13:32:55.174         0.016          0.000          0.000       60  GP4       END 
 13:32:55.174         0.016          0.000                      61  OFP       BEGN
 13:32:55.174         0.016          0.000          0.000       61  OFP       END 
 13:32:55.174         0.016          0.000                      62  COND      BEGN
 13:32:55.174         0.016          0.000          0.000       62  COND      END 
 13:32:55.174         0.016          0.000                      63  PARAM     BEGN
 13:32:55.174         0.016          0.000          0.000       63  PARAM     END 
 13:32:55.174         0.016          0.000                      64  PURGE     BEGN
 13:32:55.174         0.016          0.000          0.000       64  PURGE     END 
 13:32:55.174         0.016          0.000                      65  EQUIV     BEGN
 13:32:55.174         0.016          0.000          0.000       65  EQUIV     END 
 13:32:55.174         0.016          0.000                      66  COND      BEGN
 13:32:55.174         0.016          0.000          0.000       66  COND      END 
 13:32:55.174         0.016          0.000                      70  EQUIV     BEGN
 13:32:55.174         0.016          0.000          0.000       70  EQUIV     END 
 13:32:55.174         0.016          0.000                      71  COND      BEGN
 13:32:55.174         0.016          0.000          0.000       71  COND      END 
 13:32:55.174         0.016          0.000                      72  SCE1      BEGN
 13:32:55.174         0.016          0.000          0.000       72  SCE1      END 
 13:32:55.174         0.016          0.000                      74  EQUIV     BEGN
 13:32:55.174         0.016          0.000          0.000       74  EQUIV     END 
 13:32:55.174         0.016          0.000                      75  COND      BEGN
 13:32:55.174         0.016          0.000          0.000       75  COND      END 
 13:32:55.174         0.016          0.000                      78  EQUIV     BEGN
 13:32:55.174         0.016          0.000          0.000       78  EQUIV     END 
 13:32:55.174         0.016          0.000                      79  COND      BEGN
 13:32:55.174         0.016          0.000          0.000       79  COND      END 
 13:32:55.174         0.016          0.000                      82  RBMG2     BEGN
 13:32:55.174         0.016          0.000                    SMCO  MP  BEGN          
 13:32:55.174         0.016          0.000                    SMCO  MP  END           
 13:32:55.174         0.016          0.000          0.000       82  RBMG2     END 
 13:32:55.175         0.016          0.000                      83  COND      BEGN
 13:32:55.175         0.016          0.000          0.000       83  COND      END 
 13:32:55.175         0.016          0.000                      86  SSG1      BEGN
 13:32:55.178         0.016          0.000          0.000       86  SSG1      END 
 13:32:55.178         0.016          0.000                      87  EQUIV     BEGN
 13:32:55.178         0.016          0.000          0.000       87  EQUIV     END 
 13:32:55.178         0.016          0.000                      88  COND      BEGN
 13:32:55.178         0.016          0.000          0.000       88  COND      END 
 13:32:55.178         0.016          0.000                      89  SSG2      BEGN
 13:32:55.178         0.016          0.000                    MMA       BEGN
       MMA - NULL MATRIX PRODUCT
 13:32:55.179         0.016          0.000                    MMA       END 
 13:32:55.179         0.016          0.000          0.000       89  SSG2      END 
 13:32:55.179         0.016          0.000                      91  SSG3      BEGN
 13:32:55.179         0.016          0.000                    FBSI  BEGN
 13:32:55.179         0.016          0.000                    FBS2  BEGN
 13:32:55.179         0.016          0.000                    FBS2  END 
 13:32:55.179         0.016          0.000                    FBSI  END 
 13:32:55.179         0.016          0.000                    MMA       BEGN
 13:32:55.179         0.016          0.000                    MMA2  1   BEGN
 13:32:55.179         0.016          0.000                    MMA2  1   END 
   METHOD USED = 21NT  ACTUAL NUMBER OF PASSES =   1
 13:32:55.179         0.016          0.000                    MMA       END 
 13:32:55.179         0.016          0.000          0.000       91  SSG3      END 
 13:32:55.179         0.016          0.000                      92  COND      BEGN
 13:32:55.179         0.016          0.000          0.000       92  COND      END 
 13:32:55.179         0.016          0.000                      96  SDR1      BEGN
 13:32:55.179         0.016          0.000                    MMA       BEGN
 13:32:55.179         0.016          0.000                    MMA2  1   BEGN
 13:32:55.179         0.016          0.000                    MMA2  1   END 
   METHOD USED = 21T   ACTUAL NUMBER OF PASSES =   1
 13:32:55.179         0.016          0.000                    MMA       END 
 13:32:55.179         0.016          0.000          0.000       96  SDR1      END 
 13:32:55.179         0.016          0.000                      97  COND      BEGN
 13:32:55.179         0.016          0.000          0.000       97  COND      END 
 13:32:55.179         0.016          0.000                    XSFA      BEGN
 13:32:55.179         0.016          0.000                    XSFA      END 
 13:32:55.179         0.016          0.000                     103  GPFDR     BEGN
 13:32:55.179         0.016          0.000          0.000      103  GPFDR     END 
 13:32:55.179         0.016          0.000                     104  PURGE     BEGN
 13:32:55.179         0.016          0.000          0.000      104  PURGE     END 
 13:32:55.179         0.016          0.000                     105  OFP       BEGN
 13:32:55.179         0.016          0.000          0.000      105  OFP       END 
 13:32:55.179         0.016          0.000                     106  COND      BEGN
 13:32:55.179         0.016          0.000          0.000      106  COND      END 
 13:32:55.179         0.016          0.000                     110  SDR2      BEGN
 13:32:55.180         0.016          0.000          0.000      110  SDR2      END 
 13:32:55.180         0.016          0.000                     111  COND      BEGN
 13:32:55.180         0.016          0.000          0.000      111  COND      END 
 13:32:55.180         0.016          0.000                     114  PURGE     BEGN
 13:32:55.180         0.016          0.000          0.000      114  PURGE     END 
 13:32:55.180         0.016          0.000                     115  COND      BEGN
 13:32:55.180         0.016          0.000          0.000      115  COND      END 
 13:32:55.180         0.016          0.000                     120  PURGE     BEGN
 13:32:55.180         0.016          0.000          0.000      120  PURGE     END 
 13:32:55.180         0.016          0.000                     121  COND      BEGN
 13:32:55.180         0.016          0.000          0.000      121  COND      END 
 13:32:55.180         0.016          0.000                     140  PURGE     BEGN
 13:32:55.180         0.016          0.000          0.000      140  PURGE     END 
 13:32:55.180         0.016          0.000                     141  COND      BEGN
 13:32:55.180         0.016          0.000          0.000      141  COND      END 
 13:32:55.180         0.016          0.000                    XSFA      BEGN
 13:32:55.180         0.016          0.000                    XSFA      END 
 13:32:55.180         0.016          0.000                     142  OPTPR2    BEGN
 13:32:55.184         0.016          0.000          0.000      142  OPTPR2    END 
 13:32:55.184         0.016          0.000                     143  EQUIV     BEGN
 13:32:55.184         0.016          0.000          0.000      143  EQUIV     END 
 13:32:55.184         0.016          0.000                     144  COND      BEGN
 13:32:55.184         0.016          0.000          0.000      144  COND      END 
 13:32:55.184         0.016          0.000                     157  COND      BEGN
 13:32:55.184         0.016          0.000          0.000      157  COND      END 
 13:32:55.184         0.016          0.000                     158  REPT      BEGN
 13:32:55.184         0.016          0.000          0.000      158  REPT      END 
 13:32:55.184         0.016          0.000                      36  COND      BEGN
 13:32:55.184         0.016          0.000          0.000       36  COND      END 
 13:32:55.184         0.016          0.000                      37  PARAM     BEGN
 13:32:55.184         0.016          0.000          0.000       37  PARAM     END 
 13:32:55.184         0.016          0.000                      38  EQUIV     BEGN
 13:32:55.184         0.016          0.000          0.000       38  EQUIV     END 
 13:32:55.184         0.016          0.000                    XSFA      BEGN
 13:32:55.185         0.016          0.000                    XSFA      END 
 13:32:55.185         0.016          0.000                      39  EMG       BEGN
 13:32:55.189         0.016          0.000          0.000       39  EMG       END 
 13:32:55.189         0.016          0.000                      40  COND      BEGN
 13:32:55.189         0.016          0.000          0.000       40  COND      END 
 13:32:55.189         0.016          0.000                      41  EMA       BEGN
 13:32:55.190         0.016          0.000          0.000       41  EMA       END 
 13:32:55.190         0.016          0.000                      43  PURGE     BEGN
 13:32:55.190         0.016          0.000          0.000       43  PURGE     END 
 13:32:55.190         0.016          0.000                      44  COND      BEGN
 13:32:55.190         0.016          0.000          0.000       44  COND      END 
 13:32:55.190         0.016          0.000                      45  EMA       BEGN
 13:32:55.191         0.016          0.000          0.000       45  EMA       END 
 13:32:55.191         0.016          0.000                      46  PURGE     BEGN
 13:32:55.191         0.016          0.000          0.000       46  PURGE     END 
 13:32:55.191         0.016          0.000                      48  COND      BEGN
 13:32:55.191         0.016          0.000          0.000       48  COND      END 
 13:32:55.191         0.016          0.000                      49  COND      BEGN
 13:32:55.191         0.016          0.000          0.000       49  COND      END 
 13:32:55.191         0.016          0.000                      50  GPWG      BEGN
 13:32:55.191         0.016          0.000                    TRAN  POSE
 13:32:55.191         0.016          0.000                    TRAN  POSE
 13:32:55.191         0.016          0.000                    MMA       BEGN
 13:32:55.191         0.016          0.000                    MMA3  1   BEGN
 13:32:55.191         0.016          0.000                    MMA3  1   END 
   METHOD USED = 31NT  ACTUAL NUMBER OF PASSES =   1
 13:32:55.191         0.016          0.000                    MMA       END 
 13:32:55.191         0.016          0.000                    MMA       BEGN
 13:32:55.191         0.016          0.000                    MMA3  2   BEGN
 13:32:55.191         0.016          0.000                    MMA3  2   END 
   METHOD USED = 32T   ACTUAL NUMBER OF PASSES =   1
 13:32:55.191         0.016          0.000                    MMA       END 
 13:32:55.191         0.016          0.000          0.000       50  GPWG      END 
 13:32:55.191         0.016          0.000                      51  OFP       BEGN
 13:32:55.191         0.016          0.000          0.000       51  OFP       END 
 13:32:55.191         0.016          0.000                      53  EQUIV     BEGN
 13:32:55.191         0.016          0.000          0.000       53  EQUIV     END 
 13:32:55.191         0.016          0.000                      54  COND      BEGN
 13:32:55.191         0.016          0.000          0.000       54  COND      END 
 13:32:55.191         0.016          0.000                    XSFA      BEGN
 13:32:55.191         0.016          0.000                    XSFA      END 
 13:32:55.191         0.016          0.000                      57  GPSTGEN   BEGN
 13:32:55.191         0.016          0.000          0.000       57  GPSTGEN   END 
 13:32:55.191         0.016          0.000                      58  PARAM     BEGN
 13:32:55.191         0.016          0.000          0.000       58  PARAM     END 
 13:32:55.192         0.016          0.000                      60  GP4       BEGN
 13:32:55.192         0.016          0.000          0.000       60  GP4       END 
 13:32:55.192         0.016          0.000                      61  OFP       BEGN
 13:32:55.192         0.016          0.000          0.000       61  OFP       END 
 13:32:55.192         0.016          0.000                      62  COND      BEGN
 13:32:55.192         0.016          0.000          0.000       62  COND      END 
 13:32:55.192         0.016          0.000                      63  PARAM     BEGN
 13:32:55.192         0.016          0.000          0.000       63  PARAM     END 
 13:32:55.192         0.016          0.000                      64  PURGE     BEGN
 13:32:55.192         0.016          0.000          0.000       64  PURGE     END 
 13:32:55.192         0.016          0.000                      65  EQUIV     BEGN
 13:32:55.192         0.016          0.000          0.000       65  EQUIV     END 
 13:32:55.192         0.016          0.000                      66  COND      BEGN
 13:32:55.192         0.016          0.000          0.000       66  COND      END 
 13:32:55.192         0.016          0.000                      70  EQUIV     BEGN
 13:32:55.192         0.016          0.000          0.000       70  EQUIV     END 
 13:32:55.192         0.016          0.000                      71  COND      BEGN
 13:32:55.192         0.016          0.000          0.000       71  COND      END 
 13:32:55.192         0.016          0.000                      72  SCE1      BEGN
 13:32:55.192         0.016          0.000          0.000       72  SCE1      END 
 13:32:55.192         0.016          0.000                      74  EQUIV     BEGN
 13:32:55.192         0.016          0.000          0.000       74  EQUIV     END 
 13:32:55.192         0.016          0.000                      75  COND      BEGN
 13:32:55.192         0.016          0.000          0.000       75  COND      END 
 13:32:55.192         0.016          0.000                      78  EQUIV     BEGN
 13:32:55.192         0.016          0.000          0.000       78  EQUIV     END 
 13:32:55.192         0.016          0.000                      79  COND      BEGN
 13:32:55.192         0.016          0.000          0.000       79  COND      END 
 13:32:55.192         0.016          0.000                      82  RBMG2     BEGN
 13:32:55.192         0.016          0.000                    SMCO  MP  BEGN          
 13:32:55.192         0.016          0.000                    SMCO  MP  END           
 13:32:55.192         0.016          0.000          0.000       82  RBMG2     END 
 13:32:55.192         0.016          0.000                      83  COND      BEGN
 13:32:55.192         0.016          0.000          0.000       83  COND      END 
 13:32:55.192         0.016          0.000                      86  SSG1      BEGN
 13:32:55.197         0.016          0.000          0.000       86  SSG1      END 
 13:32:55.197         0.016          0.000                      87  EQUIV     BEGN
 13:32:55.197         0.016          0.000          0.000       87  EQUIV     END 
 13:32:55.197         0.016          0.000                      88  COND      BEGN
 13:32:55.197         0.016          0.000          0.000       88  COND      END 
 13:32:55.197         0.016          0.000                      89  SSG2      BEGN
 13:32:55.197         0.016          0.000                    MMA       BEGN
       MMA - NULL MATRIX PRODUCT
 13:32:55.197         0.016          0.000                    MMA       END 
 13:32:55.197         0.016          0.000          0.000       89  SSG2      END 
 13:32:55.198         0.016          0.000                      91  SSG3      BEGN
 13:32:55.198         0.016          0.000                    FBSI  BEGN
 13:32:55.198         0.016          0.000                    FBS2  BEGN
 13:32:55.198         0.016          0.000                    FBS2  END 
 13:32:55.198         0.016          0.000                    FBSI  END 
 13:32:55.198         0.016          0.000                    MMA       BEGN
 13:32:55.198         0.016          0.000                    MMA2  1   BEGN
 13:32:55.198         0.016          0.000                    MMA2  1   END 
   METHOD USED = 21NT  ACTUAL NUMBER OF PASSES =   1
 13:32:55.198         0.016          0.000                    MMA       END 
 13:32:55.198         0.016          0.000          0.000       91  SSG3      END 
 13:32:55.198         0.016          0.000                      92  COND      BEGN
 13:32:55.198         0.016          0.000          0.000       92  COND      END 
 13:32:55.198         0.016          0.000                      96  SDR1      BEGN
 13:32:55.198         0.016          0.000                    MMA       BEGN
 13:32:55.198         0.016          0.000                    MMA2  1   BEGN
 13:32:55.198         0.016          0.000                    MMA2  1   END 
   METHOD USED = 21T   ACTUAL NUMBER OF PASSES =   1
 13:32:55.198         0.016          0.000                    MMA       END 
 13:32:55.198         0.016          0.000          0.000       96  SDR1      END 
 13:32:55.198         0.016          0.000                      97  COND      BEGN
 13:32:55.198         0.016          0.000          0.000       97  COND      END 
 13:32:55.198         0.016          0.000                    XSFA      BEGN
 13:32:55.198         0.016          0.000                    XSFA      END 
 13:32:55.198         0.016          0.000                     103  GPFDR     BEGN
 13:32:55.198         0.016          0.000          0.000      103  GPFDR     END 
 13:32:55.198         0.016          0.000                     104  PURGE     BEGN
 13:32:55.198         0.016          0.000          0.000      104  PURGE     END 
 13:32:55.198         0.016          0.000                     105  OFP       BEGN
 13:32:55.198         0.016          0.000          0.000      105  OFP       END 
 13:32:55.198         0.016          0.000                     106  COND      BEGN
 13:32:55.198         0.016          0.000          0.000      106  COND      END 
 13:32:55.198         0.016          0.000                     110  SDR2      BEGN
 13:32:55.199         0.016          0.000          0.000      110  SDR2      END 
 13:32:55.199         0.016          0.000                     111  COND      BEGN
 13:32:55.199         0.016          0.000          0.000      111  COND      END 
 13:32:55.199         0.016          0.000                     114  PURGE     BEGN
 13:32:55.199         0.016          0.000          0.000      114  PURGE     END 
 13:32:55.199         0.016          0.000                     115  COND      BEGN
 13:32:55.199         0.016          0.000          0.000      115  COND      END 
 13:32:55.199         0.016          0.000                     120  PURGE     BEGN
 13:32:55.199         0.016          0.000          0.000      120  PURGE     END 
 13:32:55.199         0.016          0.000                     121  COND      BEGN
 13:32:55.199         0.016          0.000          0.000      121  COND      END 
 13:32:55.199         0.016          0.000                     140  PURGE     BEGN
 13:32:55.199         0.016          0.000          0.000      140  PURGE     END 
 13:32:55.199         0.016          0.000                     141  COND      BEGN
 13:32:55.199         0.016          0.000          0.000      141  COND      END 
 13:32:55.199         0.016          0.000                    XSFA      BEGN
 13:32:55.199         0.016          0.000                    XSFA      END 
 13:32:55.199         0.016          0.000                     142  OPTPR2    BEGN
 13:32:55.203         0.016          0.000          0.000      142  OPTPR2    END 
 13:32:55.203         0.016          0.000                     143  EQUIV     BEGN
 13:32:55.203         0.016          0.000          0.000      143  EQUIV     END 
 13:32:55.203         0.016          0.000                     144  COND      BEGN
 13:32:55.203         0.016          0.000          0.000      144  COND      END 
 13:32:55.203         0.016          0.000                     157  COND      BEGN
 13:32:55.203         0.016          0.000          0.000      157  COND      END 
 13:32:55.203         0.016          0.000                     158  REPT      BEGN
 13:32:55.203         0.016          0.000          0.000      158  REPT      END 
 13:32:55.203         0.016          0.000                      36  COND      BEGN
 13:32:55.203         0.016          0.000          0.000       36  COND      END 
 13:32:55.203         0.016          0.000                      37  PARAM     BEGN
 13:32:55.203         0.016          0.000          0.000       37  PARAM     END 
 13:32:55.203         0.016          0.000                      38  EQUIV     BEGN
 13:32:55.203         0.016          0.000          0.000       38  EQUIV     END 
 13:32:55.203         0.016          0.000                    XSFA      BEGN
 13:32:55.203         0.016          0.000                    XSFA      END 
 13:32:55.204         0.016          0.000                      39  EMG       BEGN
 13:32:55.208         0.016          0.000          0.000       39  EMG       END 
 13:32:55.208         0.016          0.000                      40  COND      BEGN
 13:32:55.208         0.016          0.000          0.000       40  COND      END 
 13:32:55.208         0.016          0.000                      41  EMA       BEGN
 13:32:55.209         0.016          0.000          0.000       41  EMA       END 
 13:32:55.209         0.016          0.000                      43  PURGE     BEGN
 13:32:55.209         0.016          0.000          0.000       43  PURGE     END 
 13:32:55.209         0.016          0.000                      44  COND      BEGN
 13:32:55.209         0.016          0.000          0.000       44  COND      END 
 13:32:55.209         0.016          0.000                      45  EMA       BEGN
 13:32:55.209         0.016          0.000          0.000       45  EMA       END 
 13:32:55.209         0.016          0.000                      46  PURGE     BEGN
 13:32:55.209         0.016          0.000          0.000       46  PURGE     END 
 13:32:55.209         0.016          0.000                      48  COND      BEGN
 13:32:55.209         0.016          0.000          0.000       48  COND      END 
 13:32:55.209         0.016          0.000                      49  COND      BEGN
 13:32:55.209         0.016          0.000          0.000       49  COND      END 
 13:32:55.209         0.016          0.000                      50  GPWG      BEGN
 13:32:55.209         0.016          0.000                    TRAN  POSE
 13:32:55.209         0.016          0.000                    TRAN  POSE
 13:32:55.209         0.016          0.000                    MMA       BEGN
 13:32:55.210         0.016          0.000                    MMA3  1   BEGN
 13:32:55.210         0.016          0.000                    MMA3  1   END 
   METHOD USED = 31NT  ACTUAL NUMBER OF PASSES =   1
 13:32:55.210         0.016          0.000                    MMA       END 
 13:32:55.210         0.016          0.000                    MMA       BEGN
 13:32:55.210         0.016          0.000                    MMA3  2   BEGN
 13:32:55.210         0.016          0.000                    MMA3  2   END 
   METHOD USED = 32T   ACTUAL NUMBER OF PASSES =   1
 13:32:55.210         0.016          0.000                    MMA       END 
 13:32:55.210         0.016          0.000          0.000       50  GPWG      END 
 13:32:55.210         0.016          0.000                      51  OFP       BEGN
 13:32:55.210         0.016          0.000          0.000       51  OFP       END 
 13:32:55.210         0.016          0.000                      53  EQUIV     BEGN
 13:32:55.210         0.016          0.000          0.000       53  EQUIV     END 
 13:32:55.210         0.016          0.000                      54  COND      BEGN
 13:32:55.210         0.016          0.000          0.000       54  COND      END 
 13:32:55.210         0.016          0.000                    XSFA      BEGN
 13:32:55.210         0.016          0.000                    XSFA      END 
 13:32:55.210         0.016          0.000                      57  GPSTGEN   BEGN
 13:32:55.210         0.016          0.000          0.000       57  GPSTGEN   END 
 13:32:55.210         0.016          0.000                      58  PARAM     BEGN
 13:32:55.210         0.016          0.000          0.000       58  PARAM     END 
 13:32:55.210         0.016          0.000                      60  GP4       BEGN
 13:32:55.210         0.016          0.000          0.000       60  GP4       END 
 13:32:55.210         0.016          0.000                      61  OFP       BEGN
 13:32:55.210         0.016          0.000          0.000       61  OFP       END 
 13:32:55.210         0.016          0.000                      62  COND      BEGN
 13:32:55.210         0.016          0.000          0.000       62  COND      END 
 13:32:55.210         0.016          0.000                      63  PARAM     BEGN
 13:32:55.210         0.016          0.000          0.000       63  PARAM     END 
 13:32:55.210         0.016          0.000                      64  PURGE     BEGN
 13:32:55.210         0.016          0.000          0.000       64  PURGE     END 
 13:32:55.210         0.016          0.000                      65  EQUIV     BEGN
 13:32:55.210         0.016          0.000          0.000       65  EQUIV     END 
 13:32:55.210         0.016          0.000                      66  COND      BEGN
 13:32:55.210         0.016          0.000          0.000       66  COND      END 
 13:32:55.211         0.016          0.000                      70  EQUIV     BEGN
 13:32:55.211         0.016          0.000          0.000       70  EQUIV     END 
 13:32:55.211         0.016          0.000                      71  COND      BEGN
 13:32:55.211         0.016          0.000          0.000       71  COND      END 
 13:32:55.211         0.016          0.000                      72  SCE1      BEGN
 13:32:55.211         0.016          0.000          0.000       72  SCE1      END 
 13:32:55.211         0.016          0.000                      74  EQUIV     BEGN
 13:32:55.211         0.016          0.000          0.000       74  EQUIV     END 
 13:32:55.211         0.016          0.000                      75  COND      BEGN
 13:32:55.211         0.016          0.000          0.000       75  COND      END 
 13:32:55.211         0.016          0.000                      78  EQUIV     BEGN
 13:32:55.211         0.016          0.000          0.000       78  EQUIV     END 
 13:32:55.211         0.016          0.000                      79  COND      BEGN
 13:32:55.211         0.016          0.000          0.000       79  COND      END 
 13:32:55.211         0.016          0.000                      82  RBMG2     BEGN
 13:32:55.211         0.016          0.000                    SMCO  MP  BEGN          
 13:32:55.211         0.016          0.000                    SMCO  MP  END           
 13:32:55.211         0.016          0.000          0.000       82  RBMG2     END 
 13:32:55.211         0.016          0.000                      83  COND      BEGN
 13:32:55.211         0.016          0.000          0.000       83  COND      END 
 13:32:55.211         0.016          0.000                      86  SSG1      BEGN
 13:32:55.215         0.016          0.000          0.000       86  SSG1      END 
 13:32:55.215         0.016          0.000                      87  EQUIV     BEGN
 13:32:55.215         0.016          0.000          0.000       87  EQUIV     END 
 13:32:55.215         0.016          0.000                      88  COND      BEGN
 13:32:55.215         0.016          0.000          0.000       88  COND      END 
 13:32:55.215         0.016          0.000                      89  SSG2      BEGN
 13:32:55.215         0.016          0.000                    MMA       BEGN
       MMA - NULL MATRIX PRODUCT
 13:32:55.215         0.016          0.000                    MMA       END 
 13:32:55.215         0.016          0.000          0.000       89  SSG2      END 
 13:32:55.215         0.016          0.000                      91  SSG3      BEGN
 13:32:55.215         0.016          0.000                    FBSI  BEGN
 13:32:55.215         0.016          0.000                    FBS2  BEGN
 13:32:55.215         0.016          0.000                    FBS2  END 
 13:32:55.215         0.016          0.000                    FBSI  END 
 13:32:55.215         0.016          0.000                    MMA       BEGN
 13:32:55.216         0.016          0.000                    MMA2  1   BEGN
 13:32:55.216         0.016          0.000                    MMA2  1   END 
   METHOD USED = 21NT  ACTUAL NUMBER OF PASSES =   1
 13:32:55.216         0.016          0.000                    MMA       END 
 13:32:55.216         0.016          0.000          0.000       91  SSG3      END 
 13:32:55.216         0.016          0.000                      92  COND      BEGN
 13:32:55.216         0.016          0.000          0.000       92  COND      END 
 13:32:55.216         0.016          0.000                      96  SDR1      BEGN
 13:32:55.216         0.016          0.000                    MMA       BEGN
 13:32:55.216         0.016          0.000                    MMA2  1   BEGN
 13:32:55.216         0.016          0.000                    MMA2  1   END 
   METHOD USED = 21T   ACTUAL NUMBER OF PASSES =   1
 13:32:55.216         0.016          0.000                    MMA       END 
 13:32:55.216         0.016          0.000          0.000       96  SDR1      END 
 13:32:55.216         0.016          0.000                      97  COND      BEGN
 13:32:55.216         0.016          0.000          0.000       97  COND      END 
 13:32:55.216         0.016          0.000                    XSFA      BEGN
 13:32:55.216         0.016          0.000                    XSFA      END 
 13:32:55.216         0.016          0.000                     103  GPFDR     BEGN
 13:32:55.216         0.016          0.000          0.000      103  GPFDR     END 
 13:32:55.216         0.016          0.000                     104  PURGE     BEGN
 13:32:55.216         0.016          0.000          0.000      104  PURGE     END 
 13:32:55.216         0.016          0.000                     105  OFP       BEGN
 13:32:55.216         0.016          0.000          0.000      105  OFP       END 
 13:32:55.216         0.016          0.000                     106  COND      BEGN
 13:32:55.216         0.016          0.000          0.000      106  COND      END 
 13:32:55.216         0.016          0.000                     110  SDR2      BEGN
 13:32:55.216         0.016          0.000          0.000      110  SDR2      END 
 13:32:55.216         0.016          0.000                     111  COND      BEGN
 13:32:55.216         0.016          0.000          0.000      111  COND      END 
 13:32:55.216         0.016          0.000                     114  PURGE     BEGN
 13:32:55.216         0.016          0.000          0.000      114  PURGE     END 
 13:32:55.216         0.016          0.000                     115  COND      BEGN
 13:32:55.216         0.016          0.000          0.000      115  COND      END 
 13:32:55.217         0.016          0.000                     120  PURGE     BEGN
 13:32:55.217         0.016          0.000          0.000      120  PURGE     END 
 13:32:55.217         0.016          0.000                     121  COND      BEGN
 13:32:55.217         0.016          0.000          0.000      121  COND      END 
 13:32:55.217         0.016          0.000                     140  PURGE     BEGN
 13:32:55.217         0.016          0.000          0.000      140  PURGE     END 
 13:32:55.217         0.016          0.000                     141  COND      BEGN
 13:32:55.217         0.016          0.000          0.000      141  COND      END 
 13:32:55.217         0.016          0.000                    XSFA      BEGN
 13:32:55.217         0.016          0.000                    XSFA      END 
 13:32:55.217         0.016          0.000                     142  OPTPR2    BEGN
 13:32:55.221         0.016          0.000          0.000      142  OPTPR2    END 
 13:32:55.221         0.016          0.000                     143  EQUIV     BEGN
 13:32:55.221         0.016          0.000          0.000      143  EQUIV     END 
 13:32:55.221         0.016          0.000                     144  COND      BEGN
 13:32:55.221         0.016          0.000          0.000      144  COND      END 
 13:32:55.221         0.016          0.000                     146  OFP       BEGN
 13:32:55.249         0.031          0.016          0.016      146  OFP       END 
 13:32:55.249         0.031          0.000                     147  OFP       BEGN
 13:32:55.249         0.031          0.000          0.000      147  OFP       END 
 13:32:55.249         0.031          0.000                    XSFA      BEGN
 13:32:55.249         0.031          0.000                    XSFA      END 
 13:32:55.249         0.031          0.000                     148  SCAN      BEGN
 13:32:55.249         0.031          0.000          0.000      148  SCAN      END 
 13:32:55.249         0.031          0.000                     149  OFP       BEGN
 13:32:55.249         0.031          0.000          0.000      149  OFP       END 
 13:32:55.249         0.031          0.000                     150  OFP       BEGN
 13:32:55.249         0.031          0.000          0.000      150  OFP       END 
 13:32:55.249         0.031          0.000                     152  COND      BEGN
 13:32:55.249         0.031          0.000          0.000      152  COND      END 
 13:32:55.249         0.031          0.000                     153  PLOT      BEGN
 13:32:55.255         0.031          0.000          0.000      153  PLOT      END 
 13:32:55.255         0.031          0.000                     154  PRTMSG    BEGN
 13:32:55.257         0.047          0.016          0.016      154  PRTMSG    END 
 13:32:55.257         0.047          0.000                     157  COND      BEGN
 13:32:55.257         0.047          0.000          0.000      157  COND      END 
 13:32:55.257         0.047          0.000                     158  REPT      BEGN
 13:32:55.257         0.047          0.000          0.000      158  REPT      END 
 13:32:55.257         0.047          0.000                      36  COND      BEGN
 13:32:55.257         0.047          0.000          0.000       36  COND      END 
 13:32:55.257         0.047          0.000                      37  PARAM     BEGN
 13:32:55.257         0.047          0.000          0.000       37  PARAM     END 
 13:32:55.257         0.047          0.000                      38  EQUIV     BEGN
 13:32:55.257         0.047          0.000          0.000       38  EQUIV     END 
 13:32:55.257         0.047          0.000                    XSFA      BEGN
 13:32:55.258         0.047          0.000                    XSFA      END 
 13:32:55.258         0.047          0.000                      39  EMG       BEGN
 13:32:55.262         0.047          0.000          0.000       39  EMG       END 
 13:32:55.262         0.047          0.000                      40  COND      BEGN
 13:32:55.262         0.047          0.000          0.000       40  COND      END 
 13:32:55.262         0.047          0.000                      41  EMA       BEGN
 13:32:55.263         0.047          0.000          0.000       41  EMA       END 
 13:32:55.263         0.047          0.000                      43  PURGE     BEGN
 13:32:55.263         0.047          0.000          0.000       43  PURGE     END 
 13:32:55.263         0.047          0.000                      44  COND      BEGN
 13:32:55.263         0.047          0.000          0.000       44  COND      END 
 13:32:55.263         0.047          0.000                      45  EMA       BEGN
 13:32:55.263         0.047          0.000          0.000       45  EMA       END 
 13:32:55.263         0.047          0.000                      46  PURGE     BEGN
 13:32:55.264         0.047          0.000          0.000       46  PURGE     END 
 13:32:55.264         0.047          0.000                      48  COND      BEGN
 13:32:55.264         0.047          0.000          0.000       48  COND      END 
 13:32:55.264         0.047          0.000                      49  COND      BEGN
 13:32:55.264         0.047          0.000          0.000       49  COND      END 
 13:32:55.264         0.047          0.000                      50  GPWG      BEGN
 13:32:55.264         0.047          0.000                    TRAN  POSE
 13:32:55.264         0.047          0.000                    TRAN  POSE
 13:32:55.264         0.047          0.000                    MMA       BEGN
 13:32:55.264         0.047          0.000                    MMA3  1   BEGN
 13:32:55.264         0.047          0.000                    MMA3  1   END 
   METHOD USED = 31NT  ACTUAL NUMBER OF PASSES =   1
 13:32:55.264         0.047          0.000                    MMA       END 
 13:32:55.264         0.047          0.000                    MMA       BEGN
 13:32:55.264         0.047          0.000                    MMA3  2   BEGN
 13:32:55.264         0.047          0.000                    MMA3  2   END 
   METHOD USED = 32T   ACTUAL NUMBER OF PASSES =   1
 13:32:55.264         0.047          0.000                    MMA       END 
 13:32:55.264         0.047          0.000          0.000       50  GPWG      END 
 13:32:55.264         0.047          0.000                      51  OFP       BEGN
 13:32:55.264         0.047          0.000          0.000       51  OFP       END 
 13:32:55.264         0.047          0.000                      53  EQUIV     BEGN
 13:32:55.264         0.047          0.000          0.000       53  EQUIV     END 
 13:32:55.264         0.047          0.000                      54  COND      BEGN
 13:32:55.264         0.047          0.000          0.000       54  COND      END 
 13:32:55.264         0.047          0.000                    XSFA      BEGN
 13:32:55.264         0.047          0.000                    XSFA      END 
 13:32:55.264         0.047          0.000                      57  GPSTGEN   BEGN
 13:32:55.264         0.047          0.000          0.000       57  GPSTGEN   END 
 13:32:55.264         0.047          0.000                      58  PARAM     BEGN
 13:32:55.264         0.047          0.000          0.000       58  PARAM     END 
 13:32:55.264         0.047          0.000                      60  GP4       BEGN
 13:32:55.265         0.047          0.000          0.000       60  GP4       END 
 13:32:55.265         0.047          0.000                      61  OFP       BEGN
 13:32:55.265         0.047          0.000          0.000       61  OFP       END 
 13:32:55.265         0.047          0.000                      62  COND      BEGN
 13:32:55.265         0.047          0.000          0.000       62  COND      END 
 13:32:55.265         0.047          0.000                      63  PARAM     BEGN
 13:32:55.265         0.047          0.000          0.000       63  PARAM     END 
 13:32:55.265         0.047          0.000                      64  PURGE     BEGN
 13:32:55.265         0.047          0.000          0.000       64  PURGE     END 
 13:32:55.265         0.047          0.000                      65  EQUIV     BEGN
 13:32:55.265         0.047          0.000          0.000       65  EQUIV     END 
 13:32:55.265         0.047          0.000                      66  COND      BEGN
 13:32:55.265         0.047          0.000          0.000       66  COND      END 
 13:32:55.265         0.047          0.000                      70  EQUIV     BEGN
 13:32:55.265         0.047          0.000          0.000       70  EQUIV     END 
 13:32:55.265         0.047          0.000                      71  COND      BEGN
 13:32:55.265         0.047          0.000          0.000       71  COND      END 
 13:32:55.265         0.047          0.000                      72  SCE1      BEGN
 13:32:55.265         0.047          0.000          0.000       72  SCE1      END 
 13:32:55.265         0.047          0.000                      74  EQUIV     BEGN
 13:32:55.265         0.047          0.000          0.000       74  EQUIV     END 
 13:32:55.265         0.047          0.000                      75  COND      BEGN
 13:32:55.265         0.047          0.000          0.000       75  COND      END 
 13:32:55.265         0.047          0.000                      78  EQUIV     BEGN
 13:32:55.265         0.047          0.000          0.000       78  EQUIV     END 
 13:32:55.265         0.047          0.000                      79  COND      BEGN
 13:32:55.265         0.047          0.000          0.000       79  COND      END 
 13:32:55.265         0.047          0.000                      82  RBMG2     BEGN
 13:32:55.265         0.047          0.000                    SMCO  MP  BEGN          
 13:32:55.265         0.047          0.000                    SMCO  MP  END           
 13:32:55.265         0.047          0.000          0.000       82  RBMG2     END 
 13:32:55.265         0.047          0.000                      83  COND      BEGN
 13:32:55.265         0.047          0.000          0.000       83  COND      END 
 13:32:55.265         0.047          0.000                      86  SSG1      BEGN
 13:32:55.269         0.047          0.000          0.000       86  SSG1      END 
 13:32:55.269         0.047          0.000                      87  EQUIV     BEGN
 13:32:55.269         0.047          0.000          0.000       87  EQUIV     END 
 13:32:55.269         0.047          0.000                      88  COND      BEGN
 13:32:55.269         0.047          0.000          0.000       88  COND      END 
 13:32:55.269         0.047          0.000                      89  SSG2      BEGN
 13:32:55.269         0.047          0.000                    MMA       BEGN
       MMA - NULL MATRIX PRODUCT
 13:32:55.269         0.047          0.000                    MMA       END 
 13:32:55.269         0.047          0.000          0.000       89  SSG2      END 
 13:32:55.269         0.047          0.000                      91  SSG3      BEGN
 13:32:55.269         0.047          0.000                    FBSI  BEGN
 13:32:55.269         0.047          0.000                    FBS2  BEGN
 13:32:55.269         0.047          0.000                    FBS2  END 
 13:32:55.270         0.047          0.000                    FBSI  END 
 13:32:55.270         0.047          0.000                    MMA       BEGN
 13:32:55.270         0.047          0.000                    MMA2  1   BEGN
 13:32:55.270         0.047          0.000                    MMA2  1   END 
   METHOD USED = 21NT  ACTUAL NUMBER OF PASSES =   1
 13:32:55.270         0.047          0.000                    MMA       END 
 13:32:55.270         0.047          0.000          0.000       91  SSG3      END 
 13:32:55.270         0.047          0.000                      92  COND      BEGN
 13:32:55.270         0.047          0.000          0.000       92  COND      END 
 13:32:55.270         0.047          0.000                      96  SDR1      BEGN
 13:32:55.270         0.047          0.000                    MMA       BEGN
 13:32:55.270         0.047          0.000                    MMA2  1   BEGN
 13:32:55.270         0.047          0.000                    MMA2  1   END 
   METHOD USED = 21T   ACTUAL NUMBER OF PASSES =   1
 13:32:55.270         0.047          0.000                    MMA       END 
 13:32:55.270         0.047          0.000          0.000       96  SDR1      END 
 13:32:55.270         0.047          0.000                      97  COND      BEGN
 13:32:55.270         0.047          0.000          0.000       97  COND      END 
 13:32:55.270         0.047          0.000                    XSFA      BEGN
 13:32:55.270         0.047          0.000                    XSFA      END 
 13:32:55.270         0.047          0.000                     103  GPFDR     BEGN
 13:32:55.270         0.047          0.000          0.000      103  GPFDR     END 
 13:32:55.270         0.047          0.000                     104  PURGE     BEGN
 13:32:55.270         0.047          0.000          0.000      104  PURGE     END 
 13:32:55.270         0.047          0.000                     105  OFP       BEGN
 13:32:55.270         0.047          0.000          0.000      105  OFP       END 
 13:32:55.270         0.047          0.000                     106  COND      BEGN
 13:32:55.270         0.047          0.000          0.000      106  COND      END 
 13:32:55.270         0.047          0.000                     110  SDR2      BEGN
 13:32:55.270         0.047          0.000          0.000      110  SDR2      END 
 13:32:55.271         0.047          0.000                     111  COND      BEGN
 13:32:55.271         0.047          0.000          0.000      111  COND      END 
 13:32:55.271         0.047          0.000                     114  PURGE     BEGN
 13:32:55.271         0.047          0.000          0.000      114  PURGE     END 
 13:32:55.271         0.047          0.000                     115  COND      BEGN
 13:32:55.271         0.047          0.000          0.000      115  COND      END 
 13:32:55.271         0.047          0.000                     120  PURGE     BEGN
 13:32:55.271         0.047          0.000          0.000      120  PURGE     END 
 13:32:55.271         0.047          0.000                     121  COND      BEGN
 13:32:55.271         0.047          0.000          0.000      121  COND      END 
 13:32:55.271         0.047          0.000                     140  PURGE     BEGN
 13:32:55.271         0.047          0.000          0.000      140  PURGE     END 
 13:32:55.271         0.047          0.000                     141  COND      BEGN
 13:32:55.271         0.047          0.000          0.000      141  COND      END 
 13:32:55.271         0.047          0.000                    XSFA      BEGN
 13:32:55.271         0.047          0.000                    XSFA      END 
 13:32:55.271         0.047          0.000                     142  OPTPR2    BEGN
 13:32:55.271         0.047          0.000          0.000      142  OPTPR2    END 
 13:32:55.271         0.047          0.000                     143  EQUIV     BEGN
 13:32:55.271         0.047          0.000          0.000      143  EQUIV     END 
 13:32:55.271         0.047          0.000                     144  COND      BEGN
 13:32:55.271         0.047          0.000          0.000      144  COND      END 
 13:32:55.271         0.047          0.000                     146  OFP       BEGN
 13:32:55.299         0.062          0.016          0.016      146  OFP       END 
 13:32:55.299         0.062          0.000                     147  OFP       BEGN
 13:32:55.299         0.062          0.000          0.000      147  OFP       END 
 13:32:55.299         0.062          0.000                     148  SCAN      BEGN
 13:32:55.299         0.062          0.000          0.000      148  SCAN      END 
 13:32:55.299         0.062          0.000                     149  OFP       BEGN
 13:32:55.299         0.062          0.000          0.000      149  OFP       END 
 13:32:55.299         0.062          0.000                     150  OFP       BEGN
 13:32:55.299         0.062          0.000          0.000      150  OFP       END 
 13:32:55.299         0.062          0.000                     152  COND      BEGN
 13:32:55.299         0.062          0.000          0.000      152  COND      END 
 13:32:55.299         0.062          0.000                     153  PLOT      BEGN
 13:32:55.304         0.062          0.000          0.000      153  PLOT      END 
 13:32:55.304         0.062          0.000                     154  PRTMSG    BEGN
 13:32:55.307         0.062          0.000          0.000      154  PRTMSG    END 
 13:32:55.307         0.062          0.000                     157  COND      BEGN
 13:32:55.307         0.062          0.000          0.000      157  COND      END 
 13:32:55.307         0.062          0.000                     171  PURGE     BEGN
 13:32:55.307         0.062          0.000          0.000      171  PURGE     END 
 13:32:55.307         0.062          0.000                     228  EXIT      BEGN
1     STATISTICS ON IN-MEMORY DATA BASE AND DISK I/O USAGE

         LENGTH (IN WORDS) OF OPEN CORE ALLOCATED                   2000000
         LENGTH (IN WORDS) OF IN-MEMORY DATA BASE ALLOCATED        12000000
         NUMBER OF BLOCKS USED IN THE IN-MEMORY DATA BASE               120
         NUMBER OF BLOCKS ALLOCATED FOR THE IN-MEMORY DATA            11661
         PERCENTAGE OF IN-MEMORY DATA USED                                1%
         TOTAL BLOCKS WRITTEN TO DISK                              40000006
         BLOCK SIZE (IN WORDS)                                         1024
         NUMBER OF OPENS TO DISK FILES                                    6
         NUMBER OF CLOSES TO DISK FILES                                   6
         NUMBER OF WRITES TO DISK FILES                                   8
         NUMBER OF READS FROM DISK FILES                                  9
         MEMORY (IN WORDS) NOT USED BY IN-MEM. DATA BASE           11921853
