1*****************************************************************************
 *                                                                           *
 *       DATE 12/27/16       LOG OF 95 X86_64 Windows_NT NASTRAN JOB         *
 *                                                                           *
 *****************************************************************************

   WALL               TOTAL       INCREMENTAL      MODULE              MODULE/
   CLOCK               CPU            CPU            CPU             SUBROUTINE
   TIME              SECONDS        SECONDS        SECONDS             STATUS

 ------------------------------------------------------------------------------

 10:53:22.829         0.000          0.000                    SEM1  BEGN
 10:53:22.830         0.000          0.000                    GNFI
 10:53:22.831         0.000          0.000                    TTIO
 10:53:22.833         0.000          0.000                    TTLP
 10:53:22.833         0.000          0.000                    XCSA
 ID    D07021A,NASTRAN                                                   
 10:53:22.852         0.000          0.000                    IFP1
 TITLE    = COMPLEX EIGENVALUE ANALYSIS OF A GAS FILLED THIN CYLINDER    
 10:53:22.856         0.000          0.000                    XSOR
 10:53:22.864         0.000          0.000                    IFP   BEGN
 10:53:22.865         0.000          0.000                    IFP   END 
 10:53:22.865         0.000          0.000                    IFP4  BEGN
 10:53:22.865         0.000          0.000                    IFP4  END 
 10:53:22.865         0.000          0.000                    XGPI
 10:53:22.866         0.000          0.000                    SEM1  END 
 10:53:22.866         0.000          0.000                       4  PARAM     BEGN
 10:53:22.866         0.000          0.000          0.000        4  PARAM     END 
 10:53:22.866         0.000          0.000                    XSFA      BEGN
 10:53:22.866         0.000          0.000                    XSFA      END 
 10:53:22.866         0.000          0.000                       5  GP1       BEGN
 10:53:22.874         0.000          0.000          0.000        5  GP1       END 
 10:53:22.874         0.000          0.000                       6  ANISOP    BEGN
 10:53:22.874         0.000          0.000          0.000        6  ANISOP    END 
 10:53:22.874         0.000          0.000                       7  EQUIV     BEGN
 10:53:22.874         0.000          0.000          0.000        7  EQUIV     END 
 10:53:22.874         0.000          0.000                       8  PLTTRAN   BEGN
 10:53:22.874         0.000          0.000          0.000        8  PLTTRAN   END 
 10:53:22.874         0.000          0.000                       9  PURGE     BEGN
 10:53:22.874         0.000          0.000          0.000        9  PURGE     END 
 10:53:22.874         0.000          0.000                      10  COND      BEGN
 10:53:22.874         0.000          0.000          0.000       10  COND      END 
 10:53:22.874         0.000          0.000                      11  GP2       BEGN
 10:53:22.874         0.000          0.000          0.000       11  GP2       END 
 10:53:22.874         0.000          0.000                      12  PARAML    BEGN
 10:53:22.874         0.000          0.000          0.000       12  PARAML    END 
 10:53:22.874         0.000          0.000                      13  PURGE     BEGN
 10:53:22.874         0.000          0.000          0.000       13  PURGE     END 
 10:53:22.874         0.000          0.000                      14  COND      BEGN
 10:53:22.874         0.000          0.000          0.000       14  COND      END 
 10:53:22.874         0.000          0.000                      23  GP3       BEGN
 10:53:22.874         0.000          0.000          0.000       23  GP3       END 
 10:53:22.874         0.000          0.000                      24  TA1       BEGN
 10:53:22.875         0.000          0.000          0.000       24  TA1       END 
 10:53:22.875         0.000          0.000                      25  EQUIV     BEGN
 10:53:22.875         0.000          0.000          0.000       25  EQUIV     END 
 10:53:22.875         0.000          0.000                      26  PURGE     BEGN
 10:53:22.875         0.000          0.000          0.000       26  PURGE     END 
 10:53:22.875         0.000          0.000                      27  COND      BEGN
 10:53:22.875         0.000          0.000          0.000       27  COND      END 
 10:53:22.875         0.000          0.000                      28  PARAM     BEGN
 10:53:22.875         0.000          0.000          0.000       28  PARAM     END 
 10:53:22.875         0.000          0.000                      29  PARAM     BEGN
 10:53:22.875         0.000          0.000          0.000       29  PARAM     END 
 10:53:22.875         0.000          0.000                      30  PARAM     BEGN
 10:53:22.875         0.000          0.000          0.000       30  PARAM     END 
 10:53:22.875         0.000          0.000                      31  PARAM     BEGN
 10:53:22.875         0.000          0.000          0.000       31  PARAM     END 
 10:53:22.875         0.000          0.000                      32  EMG       BEGN
 10:53:22.889         0.000          0.000          0.000       32  EMG       END 
 10:53:22.889         0.000          0.000                      33  PURGE     BEGN
 10:53:22.889         0.000          0.000          0.000       33  PURGE     END 
 10:53:22.890         0.000          0.000                      34  COND      BEGN
 10:53:22.890         0.000          0.000          0.000       34  COND      END 
 10:53:22.890         0.000          0.000                      35  EMA       BEGN
 10:53:22.892         0.000          0.000          0.000       35  EMA       END 
 10:53:22.892         0.000          0.000                      37  COND      BEGN
 10:53:22.892         0.000          0.000          0.000       37  COND      END 
 10:53:22.892         0.000          0.000                      38  EMA       BEGN
 10:53:22.894         0.000          0.000          0.000       38  EMA       END 
 10:53:22.894         0.000          0.000                      39  PURGE     BEGN
 10:53:22.894         0.000          0.000          0.000       39  PURGE     END 
 10:53:22.894         0.000          0.000                      41  COND      BEGN
 10:53:22.894         0.000          0.000          0.000       41  COND      END 
 10:53:22.894         0.000          0.000                      45  COND      BEGN
 10:53:22.894         0.000          0.000          0.000       45  COND      END 
 10:53:22.894         0.000          0.000                      48  PURGE     BEGN
 10:53:22.894         0.000          0.000          0.000       48  PURGE     END 
 10:53:22.894         0.000          0.000                      49  PURGE     BEGN
 10:53:22.894         0.000          0.000          0.000       49  PURGE     END 
 10:53:22.894         0.000          0.000                      50  PURGE     BEGN
 10:53:22.894         0.000          0.000          0.000       50  PURGE     END 
 10:53:22.894         0.000          0.000                      51  COND      BEGN
 10:53:22.894         0.000          0.000          0.000       51  COND      END 
 10:53:22.894         0.000          0.000                      56  EQUIV     BEGN
 10:53:22.894         0.000          0.000          0.000       56  EQUIV     END 
 10:53:22.894         0.000          0.000                      57  COND      BEGN
 10:53:22.894         0.000          0.000          0.000       57  COND      END 
 10:53:22.894         0.000          0.000                      60  GPSTGEN   BEGN
 10:53:22.895         0.000          0.000          0.000       60  GPSTGEN   END 
 10:53:22.895         0.000          0.000                      61  PARAM     BEGN
 10:53:22.895         0.000          0.000          0.000       61  PARAM     END 
 10:53:22.895         0.000          0.000                    XSFA      BEGN
 10:53:22.895         0.000          0.000                    XSFA      END 
 10:53:22.895         0.000          0.000                      62  GP4       BEGN
 10:53:22.895         0.000          0.000          0.000       62  GP4       END 
 10:53:22.895         0.000          0.000                      63  OFP       BEGN
 10:53:22.895         0.000          0.000          0.000       63  OFP       END 
 10:53:22.895         0.000          0.000                      64  PURGE     BEGN
 10:53:22.895         0.000          0.000          0.000       64  PURGE     END 
 10:53:22.895         0.000          0.000                      65  EQUIV     BEGN
 10:53:22.895         0.000          0.000          0.000       65  EQUIV     END 
 10:53:22.895         0.000          0.000                      66  COND      BEGN
 10:53:22.895         0.000          0.000          0.000       66  COND      END 
 10:53:22.895         0.000          0.000                      70  EQUIV     BEGN
 10:53:22.895         0.000          0.000          0.000       70  EQUIV     END 
 10:53:22.895         0.000          0.000                      71  COND      BEGN
 10:53:22.895         0.000          0.000          0.000       71  COND      END 
 10:53:22.895         0.000          0.000                    XSFA      BEGN
 10:53:22.895         0.000          0.000                    XSFA      END 
 10:53:22.895         0.000          0.000                      72  SCE1      BEGN
 10:53:22.897         0.000          0.000          0.000       72  SCE1      END 
 10:53:22.897         0.000          0.000                      74  EQUIV     BEGN
 10:53:22.897         0.000          0.000          0.000       74  EQUIV     END 
 10:53:22.897         0.000          0.000                      75  COND      BEGN
 10:53:22.897         0.000          0.000          0.000       75  COND      END 
 10:53:22.897         0.000          0.000                    XSFA      BEGN
 10:53:22.897         0.000          0.000                    XSFA      END 
 10:53:22.897         0.000          0.000                      86  DPD       BEGN
 10:53:22.897         0.000          0.000          0.000       86  DPD       END 
 10:53:22.897         0.000          0.000                      87  COND      BEGN
 10:53:22.897         0.000          0.000          0.000       87  COND      END 
 10:53:22.897         0.000          0.000                      88  EQUIV     BEGN
 10:53:22.897         0.000          0.000          0.000       88  EQUIV     END 
 10:53:22.897         0.000          0.000                      89  PARAM     BEGN
 10:53:22.897         0.000          0.000          0.000       89  PARAM     END 
 10:53:22.897         0.000          0.000                      90  PARAM     BEGN
 10:53:22.897         0.000          0.000          0.000       90  PARAM     END 
 10:53:22.897         0.000          0.000                      91  BMG       BEGN
 10:53:22.897         0.000          0.000          0.000       91  BMG       END 
 10:53:22.897         0.000          0.000                      92  PARAM     BEGN
 10:53:22.897         0.000          0.000          0.000       92  PARAM     END 
 10:53:22.897         0.000          0.000                      93  PURGE     BEGN
 10:53:22.897         0.000          0.000          0.000       93  PURGE     END 
 10:53:22.897         0.000          0.000                      94  COND      BEGN
 10:53:22.897         0.000          0.000          0.000       94  COND      END 
 10:53:22.897         0.000          0.000                      95  MTRXIN    BEGN
 10:53:22.897         0.000          0.000          0.000       95  MTRXIN    END 
 10:53:22.897         0.000          0.000                      97  PURGE     BEGN
 10:53:22.897         0.000          0.000          0.000       97  PURGE     END 
 10:53:22.897         0.000          0.000                      98  CASE      BEGN
 10:53:22.897         0.000          0.000          0.000       98  CASE      END 
 10:53:22.897         0.000          0.000                      99  MTRXIN    BEGN
 10:53:22.898         0.000          0.000          0.000       99  MTRXIN    END 
 10:53:22.898         0.000          0.000                     100  PARAM     BEGN
 10:53:22.898         0.000          0.000          0.000      100  PARAM     END 
 10:53:22.898         0.000          0.000                     101  PARAM     BEGN
 10:53:22.898         0.000          0.000          0.000      101  PARAM     END 
 10:53:22.898         0.000          0.000                     102  EQUIV     BEGN
 10:53:22.898         0.000          0.000          0.000      102  EQUIV     END 
 10:53:22.898         0.000          0.000                     103  COND      BEGN
 10:53:22.898         0.000          0.000          0.000      103  COND      END 
 10:53:22.898         0.000          0.000                     104  ADD5      BEGN
 10:53:22.899         0.000          0.000          0.000      104  ADD5      END 
 10:53:22.899         0.000          0.000                     105  COND      BEGN
 10:53:22.899         0.000          0.000          0.000      105  COND      END 
 10:53:22.899         0.000          0.000                     106  TRNSP     BEGN
 10:53:22.902         0.000          0.000          0.000      106  TRNSP     END 
 10:53:22.903         0.000          0.000                     107  ADD       BEGN
 10:53:22.904         0.000          0.000          0.000      107  ADD       END 
 10:53:22.904         0.000          0.000                     109  PARAM     BEGN
 10:53:22.904         0.000          0.000          0.000      109  PARAM     END 
 10:53:22.904         0.000          0.000                     110  PARAM     BEGN
 10:53:22.904         0.000          0.000          0.000      110  PARAM     END 
 10:53:22.904         0.000          0.000                     111  PARAM     BEGN
 10:53:22.904         0.000          0.000          0.000      111  PARAM     END 
 10:53:22.904         0.000          0.000                     112  PURGE     BEGN
 10:53:22.904         0.000          0.000          0.000      112  PURGE     END 
 10:53:22.904         0.000          0.000                     113  EQUIV     BEGN
 10:53:22.904         0.000          0.000          0.000      113  EQUIV     END 
 10:53:22.904         0.000          0.000                     114  COND      BEGN
 10:53:22.904         0.000          0.000          0.000      114  COND      END 
 10:53:22.904         0.000          0.000                     115  GKAD      BEGN
 10:53:22.906         0.000          0.000          0.000      115  GKAD      END 
 10:53:22.906         0.000          0.000                     117  EQUIV     BEGN
 10:53:22.906         0.000          0.000          0.000      117  EQUIV     END 
 10:53:22.906         0.000          0.000                    XSFA      BEGN
 10:53:22.906         0.000          0.000                    XSFA      END 
 10:53:22.906         0.000          0.000                     118  CEAD      BEGN
 10:53:22.913         0.000          0.000                    CDCO  MP  BEGN
 10:53:22.943         0.000          0.000                    CDCO  MP  END 
 10:53:22.950         0.000          0.000                    CDCO  MP  BEGN
 10:53:22.980         0.000          0.000                    CDCO  MP  END 
 10:53:22.987         0.000          0.000                    CDCO  MP  BEGN
 10:53:23.020         0.000          0.000                    CDCO  MP  END 
 10:53:23.030         0.000          0.000                    CDCO  MP  BEGN
 10:53:23.066         0.000          0.000                    CDCO  MP  END 
 10:53:23.073         0.000          0.000                    CDCO  MP  BEGN
 10:53:23.104         0.000          0.000                    CDCO  MP  END 
 10:53:23.111         0.000          0.000                    CDCO  MP  BEGN
 10:53:23.142         0.000          0.000                    CDCO  MP  END 
 10:53:23.151         0.000          0.000                    CDCO  MP  BEGN
 10:53:23.180         0.000          0.000                    CDCO  MP  END 
 10:53:23.187         0.000          0.000                    CDCO  MP  BEGN
 10:53:23.216         0.000          0.000                    CDCO  MP  END 
 10:53:23.223         0.000          0.000                    CDCO  MP  BEGN
 10:53:23.256         0.000          0.000                    CDCO  MP  END 
 10:53:23.264         0.000          0.000                    CDCO  MP  BEGN
 10:53:23.294         0.000          0.000                    CDCO  MP  END 
 10:53:23.301         0.000          0.000                    CDCO  MP  BEGN
 10:53:23.332         0.000          0.000                    CDCO  MP  END 
 10:53:23.341         0.000          0.000                    CDCO  MP  BEGN
 10:53:23.375         0.000          0.000                    CDCO  MP  END 
 10:53:23.382         0.000          0.000                    CDCO  MP  BEGN
 10:53:23.413         0.000          0.000                    CDCO  MP  END 
 10:53:23.414         0.000          0.000          0.000      118  CEAD      END 
 10:53:23.414         0.000          0.000                     119  OFP       BEGN
 10:53:23.415         0.000          0.000          0.000      119  OFP       END 
 10:53:23.415         0.000          0.000                     120  COND      BEGN
 10:53:23.415         0.000          0.000          0.000      120  COND      END 
 10:53:23.415         0.000          0.000                     121  VDR       BEGN
 10:53:23.416         0.000          0.000          0.000      121  VDR       END 
 10:53:23.416         0.000          0.000                     122  COND      BEGN
 10:53:23.416         0.000          0.000          0.000      122  COND      END 
 10:53:23.416         0.000          0.000                     125  COND      BEGN
 10:53:23.416         0.000          0.000          0.000      125  COND      END 
 10:53:23.416         0.000          0.000                     126  EQUIV     BEGN
 10:53:23.416         0.000          0.000          0.000      126  EQUIV     END 
 10:53:23.416         0.000          0.000                     127  COND      BEGN
 10:53:23.416         0.000          0.000          0.000      127  COND      END 
 10:53:23.416         0.000          0.000                     128  SDR1      BEGN
 10:53:23.416         0.000          0.000                    MMA       BEGN
 10:53:23.416         0.000          0.000                    MMA2  1   BEGN
 10:53:23.416         0.000          0.000                    MMA2  1   END 
   METHOD USED = 21T   ACTUAL NUMBER OF PASSES =   1
 10:53:23.416         0.000          0.000                    MMA       END 
 10:53:23.416         0.000          0.000          0.000      128  SDR1      END 
 10:53:23.416         0.000          0.000                     130  SDR2      BEGN
 10:53:23.416         0.000          0.000          0.000      130  SDR2      END 
 10:53:23.416         0.000          0.000                     131  OFP       BEGN
 10:53:23.423         0.000          0.000          0.000      131  OFP       END 
 10:53:23.423         0.000          0.000                     136  JUMP      BEGN
 10:53:23.423         0.000          0.000          0.000      136  JUMP      END 
 10:53:23.423         0.000          0.000                     142  PURGE     BEGN
 10:53:23.423         0.000          0.000          0.000      142  PURGE     END 
 10:53:23.423         0.000          0.000                     143  EXIT      BEGN
1     STATISTICS ON IN-MEMORY DATA BASE AND DISK I/O USAGE

         LENGTH (IN WORDS) OF OPEN CORE ALLOCATED                   2000000
         LENGTH (IN WORDS) OF IN-MEMORY DATA BASE ALLOCATED        12000000
         NUMBER OF BLOCKS USED IN THE IN-MEMORY DATA BASE               475
         NUMBER OF BLOCKS ALLOCATED FOR THE IN-MEMORY DATA            11661
         PERCENTAGE OF IN-MEMORY DATA USED                                4%
         TOTAL BLOCKS WRITTEN TO DISK                              20000008
         BLOCK SIZE (IN WORDS)                                         1024
         NUMBER OF OPENS TO DISK FILES                                    6
         NUMBER OF CLOSES TO DISK FILES                                   6
         NUMBER OF WRITES TO DISK FILES                                  10
         NUMBER OF READS FROM DISK FILES                                 11
         MEMORY (IN WORDS) NOT USED BY IN-MEM. DATA BASE           11555138
