1*****************************************************************************
 *                                                                           *
 *       DATE 12/26/16       LOG OF 95 X86_64 Windows_NT NASTRAN JOB         *
 *                                                                           *
 *****************************************************************************

   WALL               TOTAL       INCREMENTAL      MODULE              MODULE/
   CLOCK               CPU            CPU            CPU             SUBROUTINE
   TIME              SECONDS        SECONDS        SECONDS             STATUS

 ------------------------------------------------------------------------------

 19:26:51.972        -0.016          0.000                    SEM1  BEGN
 19:26:51.973        -0.016          0.000                    GNFI
 19:26:51.974        -0.016          0.000                    TTIO
 19:26:51.976        -0.016          0.000                    TTLP
 19:26:51.976        -0.016          0.000                    XCSA
 ID    D03013A,NASTRAN                                                   
 19:26:51.995         0.000          0.016                    IFP1
 TITLE    = VIBRATIONS OF A 10 BY 20 PLATE                               
 19:26:52.000         0.000          0.000                    XSOR
 19:26:52.004         0.000          0.000                    IFP   BEGN
 19:26:52.005         0.000          0.000                    IFP   END 
 19:26:52.005         0.000          0.000                    XGPI
 19:26:52.006         0.000          0.000                    BAND  IT  BEGN
 19:26:52.006         0.000          0.000                    BAND  IT  QUIT
 19:26:52.006         0.000          0.000                    SEM1  END 
 19:26:52.006         0.000          0.000                       1  PARAM     BEGN
 19:26:52.006         0.000          0.000          0.000        1  PARAM     END 
 19:26:52.006         0.000          0.000                    XSFA      BEGN
 19:26:52.007         0.000          0.000                    XSFA      END 
 19:26:52.007         0.000          0.000                       1  INPUT     BEGN
 19:26:52.008         0.000          0.000          0.000        1  INPUT     END 
 19:26:52.008         0.000          0.000                       1  EQUIV     BEGN
 19:26:52.008         0.000          0.000          0.000        1  EQUIV     END 
 19:26:52.008         0.000          0.000                       4  PARAM     BEGN
 19:26:52.008         0.000          0.000          0.000        4  PARAM     END 
 19:26:52.008         0.000          0.000                    XSFA      BEGN
 19:26:52.008         0.000          0.000                    XSFA      END 
 19:26:52.008         0.000          0.000                       5  GP1       BEGN
 19:26:52.015         0.000          0.000          0.000        5  GP1       END 
 19:26:52.015         0.000          0.000                       6  ANISOP    BEGN
 19:26:52.015         0.000          0.000          0.000        6  ANISOP    END 
 19:26:52.015         0.000          0.000                       7  EQUIV     BEGN
 19:26:52.015         0.000          0.000          0.000        7  EQUIV     END 
 19:26:52.015         0.000          0.000                       8  PLTTRAN   BEGN
 19:26:52.015         0.000          0.000          0.000        8  PLTTRAN   END 
 19:26:52.015         0.000          0.000                       9  GP2       BEGN
 19:26:52.015         0.000          0.000          0.000        9  GP2       END 
 19:26:52.015         0.000          0.000                      10  PARAML    BEGN
 19:26:52.015         0.000          0.000          0.000       10  PARAML    END 
 19:26:52.015         0.000          0.000                      11  PURGE     BEGN
 19:26:52.015         0.000          0.000          0.000       11  PURGE     END 
 19:26:52.015         0.000          0.000                      12  COND      BEGN
 19:26:52.015         0.000          0.000          0.000       12  COND      END 
 19:26:52.015         0.000          0.000                      13  PLTSET    BEGN
 19:26:52.018         0.000          0.000          0.000       13  PLTSET    END 
 19:26:52.018         0.000          0.000                      14  PRTMSG    BEGN
 19:26:52.018         0.000          0.000          0.000       14  PRTMSG    END 
 19:26:52.018         0.000          0.000                      15  PARAM     BEGN
 19:26:52.018         0.000          0.000          0.000       15  PARAM     END 
 19:26:52.018         0.000          0.000                      16  PARAM     BEGN
 19:26:52.018         0.000          0.000          0.000       16  PARAM     END 
 19:26:52.018         0.000          0.000                      17  COND      BEGN
 19:26:52.019         0.000          0.000          0.000       17  COND      END 
 19:26:52.019         0.000          0.000                      18  PLOT      BEGN
 19:26:52.024         0.000          0.000          0.000       18  PLOT      END 
 19:26:52.024         0.000          0.000                      19  PRTMSG    BEGN
 19:26:52.025         0.000          0.000          0.000       19  PRTMSG    END 
 19:26:52.025         0.000          0.000                      21  GP3       BEGN
 19:26:52.025         0.000          0.000          0.000       21  GP3       END 
 19:26:52.025         0.000          0.000                      22  TA1       BEGN
 19:26:52.026         0.000          0.000          0.000       22  TA1       END 
 19:26:52.026         0.000          0.000                      23  EQUIV     BEGN
 19:26:52.026         0.000          0.000          0.000       23  EQUIV     END 
 19:26:52.026         0.000          0.000                      24  COND      BEGN
 19:26:52.026         0.000          0.000          0.000       24  COND      END 
 19:26:52.026         0.000          0.000                      25  PARAM     BEGN
 19:26:52.026         0.000          0.000          0.000       25  PARAM     END 
 19:26:52.026         0.000          0.000                      26  PARAM     BEGN
 19:26:52.026         0.000          0.000          0.000       26  PARAM     END 
 19:26:52.026         0.000          0.000                      27  EMG       BEGN
 19:26:52.031         0.000          0.000          0.000       27  EMG       END 
 19:26:52.031         0.000          0.000                      28  PURGE     BEGN
 19:26:52.031         0.000          0.000          0.000       28  PURGE     END 
 19:26:52.031         0.000          0.000                      29  COND      BEGN
 19:26:52.031         0.000          0.000          0.000       29  COND      END 
 19:26:52.031         0.000          0.000                      30  EMA       BEGN
 19:26:52.038         0.000          0.000          0.000       30  EMA       END 
 19:26:52.038         0.000          0.000                      32  COND      BEGN
 19:26:52.038         0.000          0.000          0.000       32  COND      END 
 19:26:52.038         0.000          0.000                      33  EMA       BEGN
 19:26:52.043         0.000          0.000          0.000       33  EMA       END 
 19:26:52.043         0.000          0.000                      34  PURGE     BEGN
 19:26:52.043         0.000          0.000          0.000       34  PURGE     END 
 19:26:52.043         0.000          0.000                      35  COND      BEGN
 19:26:52.043         0.000          0.000          0.000       35  COND      END 
 19:26:52.043         0.000          0.000                      36  GPWG      BEGN
 19:26:52.043         0.000          0.000                    TRAN  POSE
 19:26:52.044         0.000          0.000                    TRAN  POSE
 19:26:52.044         0.000          0.000                    MMA       BEGN
 19:26:52.044         0.000          0.000                    MMA3  1   BEGN
 19:26:52.044         0.000          0.000                    MMA3  1   END 
   METHOD USED = 31NT  ACTUAL NUMBER OF PASSES =   1
 19:26:52.044         0.000          0.000                    MMA       END 
 19:26:52.045         0.000          0.000                    MMA       BEGN
 19:26:52.045         0.000          0.000                    MMA3  2   BEGN
 19:26:52.045         0.000          0.000                    MMA3  2   END 
   METHOD USED = 32T   ACTUAL NUMBER OF PASSES =   1
 19:26:52.045         0.000          0.000                    MMA       END 
 19:26:52.045         0.000          0.000          0.000       36  GPWG      END 
 19:26:52.045         0.000          0.000                      37  OFP       BEGN
 19:26:52.045         0.000          0.000          0.000       37  OFP       END 
 19:26:52.045         0.000          0.000                      39  EQUIV     BEGN
 19:26:52.045         0.000          0.000          0.000       39  EQUIV     END 
 19:26:52.045         0.000          0.000                      40  COND      BEGN
 19:26:52.045         0.000          0.000          0.000       40  COND      END 
 19:26:52.045         0.000          0.000                      43  GPSTGEN   BEGN
 19:26:52.046         0.000          0.000          0.000       43  GPSTGEN   END 
 19:26:52.046         0.000          0.000                      44  PARAM     BEGN
 19:26:52.046         0.000          0.000          0.000       44  PARAM     END 
 19:26:52.046         0.000          0.000                    XSFA      BEGN
 19:26:52.046         0.000          0.000                    XSFA      END 
 19:26:52.046         0.000          0.000                      45  GP4       BEGN
 19:26:52.046         0.000          0.000          0.000       45  GP4       END 
 19:26:52.046         0.000          0.000                      46  OFP       BEGN
 19:26:52.046         0.000          0.000          0.000       46  OFP       END 
 19:26:52.046         0.000          0.000                      47  COND      BEGN
 19:26:52.046         0.000          0.000          0.000       47  COND      END 
 19:26:52.046         0.000          0.000                      48  PURGE     BEGN
 19:26:52.046         0.000          0.000          0.000       48  PURGE     END 
 19:26:52.046         0.000          0.000                      49  EQUIV     BEGN
 19:26:52.046         0.000          0.000          0.000       49  EQUIV     END 
 19:26:52.047         0.000          0.000                      50  COND      BEGN
 19:26:52.047         0.000          0.000          0.000       50  COND      END 
 19:26:52.047         0.000          0.000                      54  EQUIV     BEGN
 19:26:52.047         0.000          0.000          0.000       54  EQUIV     END 
 19:26:52.047         0.000          0.000                      55  COND      BEGN
 19:26:52.047         0.000          0.000          0.000       55  COND      END 
 19:26:52.047         0.000          0.000                    XSFA      BEGN
 19:26:52.047         0.000          0.000                    XSFA      END 
 19:26:52.047         0.000          0.000                      56  SCE1      BEGN
 19:26:52.049         0.000          0.000          0.000       56  SCE1      END 
 19:26:52.049         0.000          0.000                      58  EQUIV     BEGN
 19:26:52.049         0.000          0.000          0.000       58  EQUIV     END 
 19:26:52.049         0.000          0.000                      59  EQUIV     BEGN
 19:26:52.049         0.000          0.000          0.000       59  EQUIV     END 
 19:26:52.049         0.000          0.000                      60  COND      BEGN
 19:26:52.049         0.000          0.000          0.000       60  COND      END 
 19:26:52.049         0.000          0.000                      64  COND      BEGN
 19:26:52.049         0.000          0.000          0.000       64  COND      END 
 19:26:52.049         0.000          0.000                    XSFA      BEGN
 19:26:52.049         0.000          0.000                    XSFA      END 
 19:26:52.049         0.000          0.000                      70  DPD       BEGN
 19:26:52.049         0.000          0.000          0.000       70  DPD       END 
 19:26:52.049         0.000          0.000                      71  COND      BEGN
 19:26:52.049         0.000          0.000          0.000       71  COND      END 
 19:26:52.049         0.000          0.000                      72  PARAM     BEGN
 19:26:52.049         0.000          0.000          0.000       72  PARAM     END 
 19:26:52.049         0.000          0.000                      73  READ      BEGN
 19:26:52.051         0.000          0.000                    SMCO  MP  BEGN          
 19:26:52.055         0.000          0.000                    SMCO  MP  END           
 19:26:52.055         0.000          0.000                    FBS2  BEGN
 19:26:52.055         0.000          0.000                    FBS2  END 
 19:26:52.055         0.000          0.000                    FBS2  BEGN
 19:26:52.055         0.000          0.000                    FBS2  END 
 19:26:52.055         0.000          0.000                    FBS2  BEGN
 19:26:52.056         0.000          0.000                    FBS2  END 
 19:26:52.056         0.000          0.000                    FBS2  BEGN
 19:26:52.056         0.000          0.000                    FBS2  END 
 19:26:52.056         0.000          0.000                    FBS2  BEGN
 19:26:52.056         0.000          0.000                    FBS2  END 
 19:26:52.056         0.000          0.000                    FBS2  BEGN
 19:26:52.057         0.000          0.000                    FBS2  END 
 19:26:52.057         0.000          0.000                    FBS2  BEGN
 19:26:52.057         0.000          0.000                    FBS2  END 
 19:26:52.057         0.000          0.000                    FBS2  BEGN
 19:26:52.057         0.000          0.000                    FBS2  END 
 19:26:52.057         0.000          0.000                    FBS2  BEGN
 19:26:52.058         0.000          0.000                    FBS2  END 
 19:26:52.058         0.000          0.000                    FBS2  BEGN
 19:26:52.058         0.000          0.000                    FBS2  END 
 19:26:52.060         0.000          0.000                    SMCO  MP  BEGN          
 19:26:52.063         0.000          0.000                    SMCO  MP  END           
 19:26:52.063         0.000          0.000                    FBS2  BEGN
 19:26:52.063         0.000          0.000                    FBS2  END 
 19:26:52.063         0.000          0.000                    FBS2  BEGN
 19:26:52.063         0.000          0.000                    FBS2  END 
 19:26:52.064         0.000          0.000                    FBS2  BEGN
 19:26:52.064         0.000          0.000                    FBS2  END 
 19:26:52.064         0.000          0.000                    FBS2  BEGN
 19:26:52.064         0.000          0.000                    FBS2  END 
 19:26:52.064         0.000          0.000                    FBS2  BEGN
 19:26:52.065         0.000          0.000                    FBS2  END 
 19:26:52.065         0.000          0.000                    FBS2  BEGN
 19:26:52.065         0.000          0.000                    FBS2  END 
 19:26:52.066         0.000          0.000                    FBS2  BEGN
 19:26:52.066         0.000          0.000                    FBS2  END 
 19:26:52.066         0.000          0.000                    FBS2  BEGN
 19:26:52.066         0.000          0.000                    FBS2  END 
 19:26:52.066         0.000          0.000                    FBS2  BEGN
 19:26:52.067         0.000          0.000                    FBS2  END 
 19:26:52.067         0.000          0.000                    FBS2  BEGN
 19:26:52.067         0.000          0.000                    FBS2  END 
 19:26:52.067         0.000          0.000                    FBS2  BEGN
 19:26:52.067         0.000          0.000                    FBS2  END 
 19:26:52.068         0.000          0.000                    FBS2  BEGN
 19:26:52.068         0.000          0.000                    FBS2  END 
 19:26:52.068         0.000          0.000                    FBS2  BEGN
 19:26:52.068         0.000          0.000                    FBS2  END 
 19:26:52.071         0.000          0.000                    SMCO  MP  BEGN          
 19:26:52.073         0.000          0.000                    SMCO  MP  END           
 19:26:52.073         0.000          0.000                    FBS2  BEGN
 19:26:52.073         0.000          0.000                    FBS2  END 
 19:26:52.073         0.000          0.000                    FBS2  BEGN
 19:26:52.074         0.000          0.000                    FBS2  END 
 19:26:52.074         0.000          0.000                    FBS2  BEGN
 19:26:52.074         0.000          0.000                    FBS2  END 
 19:26:52.074         0.000          0.000                    MMA       BEGN
 19:26:52.074         0.000          0.000                    MMA2  1   BEGN
 19:26:52.075         0.000          0.000                    MMA2  1   END 
   METHOD USED = 21NT  ACTUAL NUMBER OF PASSES =   1
 19:26:52.075         0.000          0.000                    MMA       END 
 19:26:52.075         0.000          0.000                    MMA       BEGN
 19:26:52.075         0.000          0.000                    MMA1  1   BEGN
 19:26:52.075         0.000          0.000                    MMA1  1   END 
   METHOD USED = 11T   ACTUAL NUMBER OF PASSES =   1
 19:26:52.075         0.000          0.000                    MMA       END 
 19:26:52.075         0.000          0.000          0.000       73  READ      END 
 19:26:52.075         0.000          0.000                      74  OFP       BEGN
 19:26:52.075         0.000          0.000          0.000       74  OFP       END 
 19:26:52.075         0.000          0.000                      75  COND      BEGN
 19:26:52.075         0.000          0.000          0.000       75  COND      END 
 19:26:52.075         0.000          0.000                      76  OFP       BEGN
 19:26:52.075         0.000          0.000          0.000       76  OFP       END 
 19:26:52.076         0.000          0.000                      77  SDR1      BEGN
 19:26:52.076         0.000          0.000                    MMA       BEGN
 19:26:52.076         0.000          0.000                    MMA2  1   BEGN
 19:26:52.076         0.000          0.000                    MMA2  1   END 
   METHOD USED = 21T   ACTUAL NUMBER OF PASSES =   1
 19:26:52.076         0.000          0.000                    MMA       END 
 19:26:52.076         0.000          0.000          0.000       77  SDR1      END 
 19:26:52.077         0.000          0.000                      78  COND      BEGN
 19:26:52.077         0.000          0.000          0.000       78  COND      END 
 19:26:52.077         0.000          0.000                      82  SDR2      BEGN
 19:26:52.077         0.000          0.000          0.000       82  SDR2      END 
 19:26:52.077         0.000          0.000                      83  OFP       BEGN
 19:26:52.139         0.031          0.000          0.031       83  OFP       END 
 19:26:52.139         0.031          0.000                      84  SCAN      BEGN
 19:26:52.139         0.031          0.000          0.000       84  SCAN      END 
 19:26:52.139         0.031          0.000                      85  OFP       BEGN
 19:26:52.139         0.031          0.000          0.000       85  OFP       END 
 19:26:52.139         0.031          0.000                      86  GPFDR     BEGN
 19:26:52.139         0.031          0.000          0.000       86  GPFDR     END 
 19:26:52.139         0.031          0.000                      87  OFP       BEGN
 19:26:52.139         0.031          0.000          0.000       87  OFP       END 
 19:26:52.139         0.031          0.000                      88  PURGE     BEGN
 19:26:52.139         0.031          0.000          0.000       88  PURGE     END 
 19:26:52.139         0.031          0.000                      89  COND      BEGN
 19:26:52.139         0.031          0.000          0.000       89  COND      END 
 19:26:52.139         0.031          0.000                      90  PLOT      BEGN
 19:26:52.143         0.031          0.000          0.000       90  PLOT      END 
 19:26:52.143         0.031          0.000                      91  PRTMSG    BEGN
 19:26:52.145         0.031          0.000          0.000       91  PRTMSG    END 
 19:26:52.145         0.031          0.000                      93  JUMP      BEGN
 19:26:52.145         0.031          0.000          0.000       93  JUMP      END 
 19:26:52.145         0.031          0.000                     103  PURGE     BEGN
 19:26:52.145         0.031          0.000          0.000      103  PURGE     END 
 19:26:52.145         0.031          0.000                     104  EXIT      BEGN
1     STATISTICS ON IN-MEMORY DATA BASE AND DISK I/O USAGE

         LENGTH (IN WORDS) OF OPEN CORE ALLOCATED                   2000000
         LENGTH (IN WORDS) OF IN-MEMORY DATA BASE ALLOCATED        12000000
         NUMBER OF BLOCKS USED IN THE IN-MEMORY DATA BASE               300
         NUMBER OF BLOCKS ALLOCATED FOR THE IN-MEMORY DATA            11661
         PERCENTAGE OF IN-MEMORY DATA USED                                2%
         TOTAL BLOCKS WRITTEN TO DISK                              40000003
         BLOCK SIZE (IN WORDS)                                         1024
         NUMBER OF OPENS TO DISK FILES                                    8
         NUMBER OF CLOSES TO DISK FILES                                   8
         NUMBER OF WRITES TO DISK FILES                                   6
         NUMBER OF READS FROM DISK FILES                                  8
         MEMORY (IN WORDS) NOT USED BY IN-MEM. DATA BASE           11735913
