1*****************************************************************************
 *                                                                           *
 *       DATE 12/27/16       LOG OF 95 X86_64 Windows_NT NASTRAN JOB         *
 *                                                                           *
 *****************************************************************************

   WALL               TOTAL       INCREMENTAL      MODULE              MODULE/
   CLOCK               CPU            CPU            CPU             SUBROUTINE
   TIME              SECONDS        SECONDS        SECONDS             STATUS

 ------------------------------------------------------------------------------

 10:25:52.347         0.016          0.000                    SEM1  BEGN
 10:25:52.348         0.016          0.000                    GNFI
 10:25:52.349         0.016          0.000                    TTIO
 10:25:52.351         0.016          0.000                    TTLP
 10:25:52.351         0.016          0.000                    XCSA
 ID    D03071A,NASTRAN                                                   
 10:25:52.366         0.016          0.000                    IFP1
 TITLE    = VIBRATIONS OF A LINEARLY TAPERED CANTILEVER PLATE            
 10:25:52.369         0.016          0.000                    XSOR
 10:25:52.374         0.016          0.000                    IFP   BEGN
 10:25:52.374         0.016          0.000                    IFP   END 
 10:25:52.375         0.016          0.000                    XGPI
 10:25:52.375         0.016          0.000                    BAND  IT  BEGN
 10:25:52.385         0.016          0.000                    BAND  IT  END 
 10:25:52.385         0.016          0.000                    SEM1  END 
 10:25:52.385         0.016          0.000                       4  PARAM     BEGN
 10:25:52.385         0.016          0.000          0.000        4  PARAM     END 
 10:25:52.385         0.016          0.000                    XSFA      BEGN
 10:25:52.385         0.016          0.000                    XSFA      END 
 10:25:52.385         0.016          0.000                       5  GP1       BEGN
 10:25:52.389         0.016          0.000          0.000        5  GP1       END 
 10:25:52.389         0.016          0.000                       6  ANISOP    BEGN
 10:25:52.389         0.016          0.000          0.000        6  ANISOP    END 
 10:25:52.389         0.016          0.000                       7  EQUIV     BEGN
 10:25:52.390         0.016          0.000          0.000        7  EQUIV     END 
 10:25:52.390         0.016          0.000                       8  PLTTRAN   BEGN
 10:25:52.390         0.016          0.000          0.000        8  PLTTRAN   END 
 10:25:52.390         0.016          0.000                       9  GP2       BEGN
 10:25:52.390         0.016          0.000          0.000        9  GP2       END 
 10:25:52.390         0.016          0.000                      10  PARAML    BEGN
 10:25:52.390         0.016          0.000          0.000       10  PARAML    END 
 10:25:52.390         0.016          0.000                      11  PURGE     BEGN
 10:25:52.390         0.016          0.000          0.000       11  PURGE     END 
 10:25:52.390         0.016          0.000                      12  COND      BEGN
 10:25:52.390         0.016          0.000          0.000       12  COND      END 
 10:25:52.390         0.016          0.000                      21  GP3       BEGN
 10:25:52.390         0.016          0.000          0.000       21  GP3       END 
 10:25:52.390         0.016          0.000                      22  TA1       BEGN
 10:25:52.390         0.016          0.000          0.000       22  TA1       END 
 10:25:52.390         0.016          0.000                      23  EQUIV     BEGN
 10:25:52.390         0.016          0.000          0.000       23  EQUIV     END 
 10:25:52.390         0.016          0.000                      24  COND      BEGN
 10:25:52.390         0.016          0.000          0.000       24  COND      END 
 10:25:52.390         0.016          0.000                      25  PARAM     BEGN
 10:25:52.390         0.016          0.000          0.000       25  PARAM     END 
 10:25:52.390         0.016          0.000                      26  PARAM     BEGN
 10:25:52.390         0.016          0.000          0.000       26  PARAM     END 
 10:25:52.390         0.016          0.000                      27  EMG       BEGN
 10:25:52.398         0.016          0.000          0.000       27  EMG       END 
 10:25:52.399         0.016          0.000                      28  PURGE     BEGN
 10:25:52.399         0.016          0.000          0.000       28  PURGE     END 
 10:25:52.399         0.016          0.000                      29  COND      BEGN
 10:25:52.399         0.016          0.000          0.000       29  COND      END 
 10:25:52.399         0.016          0.000                      30  EMA       BEGN
 10:25:52.400         0.016          0.000          0.000       30  EMA       END 
 10:25:52.400         0.016          0.000                      32  COND      BEGN
 10:25:52.400         0.016          0.000          0.000       32  COND      END 
 10:25:52.400         0.016          0.000                      33  EMA       BEGN
 10:25:52.401         0.016          0.000          0.000       33  EMA       END 
 10:25:52.401         0.016          0.000                      34  PURGE     BEGN
 10:25:52.401         0.016          0.000          0.000       34  PURGE     END 
 10:25:52.401         0.016          0.000                      35  COND      BEGN
 10:25:52.401         0.016          0.000          0.000       35  COND      END 
 10:25:52.401         0.016          0.000                      39  EQUIV     BEGN
 10:25:52.401         0.016          0.000          0.000       39  EQUIV     END 
 10:25:52.401         0.016          0.000                      40  COND      BEGN
 10:25:52.401         0.016          0.000          0.000       40  COND      END 
 10:25:52.401         0.016          0.000                      43  GPSTGEN   BEGN
 10:25:52.402         0.016          0.000          0.000       43  GPSTGEN   END 
 10:25:52.402         0.016          0.000                      44  PARAM     BEGN
 10:25:52.402         0.016          0.000          0.000       44  PARAM     END 
 10:25:52.402         0.016          0.000                    XSFA      BEGN
 10:25:52.402         0.016          0.000                    XSFA      END 
 10:25:52.402         0.016          0.000                      45  GP4       BEGN
 10:25:52.402         0.016          0.000          0.000       45  GP4       END 
 10:25:52.402         0.016          0.000                      46  OFP       BEGN
 10:25:52.402         0.016          0.000          0.000       46  OFP       END 
 10:25:52.402         0.016          0.000                      47  COND      BEGN
 10:25:52.402         0.016          0.000          0.000       47  COND      END 
 10:25:52.402         0.016          0.000                      48  PURGE     BEGN
 10:25:52.402         0.016          0.000          0.000       48  PURGE     END 
 10:25:52.402         0.016          0.000                      49  EQUIV     BEGN
 10:25:52.402         0.016          0.000          0.000       49  EQUIV     END 
 10:25:52.402         0.016          0.000                      50  COND      BEGN
 10:25:52.402         0.016          0.000          0.000       50  COND      END 
 10:25:52.402         0.016          0.000                      54  EQUIV     BEGN
 10:25:52.402         0.016          0.000          0.000       54  EQUIV     END 
 10:25:52.402         0.016          0.000                      55  COND      BEGN
 10:25:52.402         0.016          0.000          0.000       55  COND      END 
 10:25:52.402         0.016          0.000                    XSFA      BEGN
 10:25:52.402         0.016          0.000                    XSFA      END 
 10:25:52.402         0.016          0.000                      56  SCE1      BEGN
 10:25:52.403         0.016          0.000          0.000       56  SCE1      END 
 10:25:52.403         0.016          0.000                      58  EQUIV     BEGN
 10:25:52.403         0.016          0.000          0.000       58  EQUIV     END 
 10:25:52.403         0.016          0.000                      59  EQUIV     BEGN
 10:25:52.403         0.016          0.000          0.000       59  EQUIV     END 
 10:25:52.403         0.016          0.000                      60  COND      BEGN
 10:25:52.403         0.016          0.000          0.000       60  COND      END 
 10:25:52.403         0.016          0.000                      64  COND      BEGN
 10:25:52.403         0.016          0.000          0.000       64  COND      END 
 10:25:52.403         0.016          0.000                      70  DPD       BEGN
 10:25:52.403         0.016          0.000          0.000       70  DPD       END 
 10:25:52.403         0.016          0.000                      71  COND      BEGN
 10:25:52.403         0.016          0.000          0.000       71  COND      END 
 10:25:52.403         0.016          0.000                      72  PARAM     BEGN
 10:25:52.403         0.016          0.000          0.000       72  PARAM     END 
 10:25:52.403         0.016          0.000                    XSFA      BEGN
 10:25:52.403         0.016          0.000                    XSFA      END 
 10:25:52.403         0.016          0.000                      73  READ      BEGN
 10:25:52.404         0.016          0.000                    SMCO  MP  BEGN          
 10:25:52.404         0.016          0.000                    SMCO  MP  END           
 10:25:52.404         0.016          0.000                    FBS2  BEGN
 10:25:52.404         0.016          0.000                    FBS2  END 
 10:25:52.404         0.016          0.000                    FBS2  BEGN
 10:25:52.404         0.016          0.000                    FBS2  END 
 10:25:52.404         0.016          0.000                    FBS2  BEGN
 10:25:52.404         0.016          0.000                    FBS2  END 
 10:25:52.404         0.016          0.000                    FBS2  BEGN
 10:25:52.404         0.016          0.000                    FBS2  END 
 10:25:52.405         0.016          0.000                    FBS2  BEGN
 10:25:52.405         0.016          0.000                    FBS2  END 
 10:25:52.405         0.016          0.000                    FBS2  BEGN
 10:25:52.405         0.016          0.000                    FBS2  END 
 10:25:52.405         0.016          0.000                    FBS2  BEGN
 10:25:52.405         0.016          0.000                    FBS2  END 
 10:25:52.405         0.016          0.000                    FBS2  BEGN
 10:25:52.405         0.016          0.000                    FBS2  END 
 10:25:52.405         0.016          0.000                    FBS2  BEGN
 10:25:52.405         0.016          0.000                    FBS2  END 
 10:25:52.405         0.016          0.000                    FBS2  BEGN
 10:25:52.405         0.016          0.000                    FBS2  END 
 10:25:52.405         0.016          0.000                    SMCO  MP  BEGN          
 10:25:52.406         0.016          0.000                    SMCO  MP  END           
 10:25:52.406         0.016          0.000                    FBS2  BEGN
 10:25:52.406         0.016          0.000                    FBS2  END 
 10:25:52.406         0.016          0.000                    FBS2  BEGN
 10:25:52.406         0.016          0.000                    FBS2  END 
 10:25:52.406         0.016          0.000                    FBS2  BEGN
 10:25:52.406         0.016          0.000                    FBS2  END 
 10:25:52.406         0.016          0.000                    FBS2  BEGN
 10:25:52.406         0.016          0.000                    FBS2  END 
 10:25:52.406         0.016          0.000                    MMA       BEGN
 10:25:52.406         0.016          0.000                    MMA2  1   BEGN
 10:25:52.406         0.016          0.000                    MMA2  1   END 
   METHOD USED = 21NT  ACTUAL NUMBER OF PASSES =   1
 10:25:52.406         0.016          0.000                    MMA       END 
 10:25:52.406         0.016          0.000                    MMA       BEGN
 10:25:52.406         0.016          0.000                    MMA1  1   BEGN
 10:25:52.406         0.016          0.000                    MMA1  1   END 
   METHOD USED = 11T   ACTUAL NUMBER OF PASSES =   1
 10:25:52.406         0.016          0.000                    MMA       END 
 10:25:52.406         0.016          0.000          0.000       73  READ      END 
 10:25:52.406         0.016          0.000                      74  OFP       BEGN
 10:25:52.406         0.016          0.000          0.000       74  OFP       END 
 10:25:52.407         0.016          0.000                      75  COND      BEGN
 10:25:52.407         0.016          0.000          0.000       75  COND      END 
 10:25:52.407         0.016          0.000                      76  OFP       BEGN
 10:25:52.407         0.016          0.000          0.000       76  OFP       END 
 10:25:52.407         0.016          0.000                      77  SDR1      BEGN
 10:25:52.407         0.016          0.000                    MMA       BEGN
 10:25:52.407         0.016          0.000                    MMA2  1   BEGN
 10:25:52.407         0.016          0.000                    MMA2  1   END 
   METHOD USED = 21T   ACTUAL NUMBER OF PASSES =   1
 10:25:52.407         0.016          0.000                    MMA       END 
 10:25:52.407         0.016          0.000          0.000       77  SDR1      END 
 10:25:52.407         0.016          0.000                      78  COND      BEGN
 10:25:52.407         0.016          0.000          0.000       78  COND      END 
 10:25:52.407         0.016          0.000                      82  SDR2      BEGN
 10:25:52.407         0.016          0.000          0.000       82  SDR2      END 
 10:25:52.407         0.016          0.000                      83  OFP       BEGN
 10:25:52.418         0.016          0.000          0.000       83  OFP       END 
 10:25:52.418         0.016          0.000                      84  SCAN      BEGN
 10:25:52.418         0.016          0.000          0.000       84  SCAN      END 
 10:25:52.418         0.016          0.000                      85  OFP       BEGN
 10:25:52.418         0.016          0.000          0.000       85  OFP       END 
 10:25:52.418         0.016          0.000                      86  GPFDR     BEGN
 10:25:52.418         0.016          0.000          0.000       86  GPFDR     END 
 10:25:52.418         0.016          0.000                      87  OFP       BEGN
 10:25:52.418         0.016          0.000          0.000       87  OFP       END 
 10:25:52.418         0.016          0.000                      88  PURGE     BEGN
 10:25:52.418         0.016          0.000          0.000       88  PURGE     END 
 10:25:52.418         0.016          0.000                      89  COND      BEGN
 10:25:52.418         0.016          0.000          0.000       89  COND      END 
 10:25:52.418         0.016          0.000                      93  JUMP      BEGN
 10:25:52.418         0.016          0.000          0.000       93  JUMP      END 
 10:25:52.418         0.016          0.000                     103  PURGE     BEGN
 10:25:52.418         0.016          0.000          0.000      103  PURGE     END 
 10:25:52.418         0.016          0.000                     104  EXIT      BEGN
1     STATISTICS ON IN-MEMORY DATA BASE AND DISK I/O USAGE

         LENGTH (IN WORDS) OF OPEN CORE ALLOCATED                   2000000
         LENGTH (IN WORDS) OF IN-MEMORY DATA BASE ALLOCATED        12000000
         NUMBER OF BLOCKS USED IN THE IN-MEMORY DATA BASE               159
         NUMBER OF BLOCKS ALLOCATED FOR THE IN-MEMORY DATA            11661
         PERCENTAGE OF IN-MEMORY DATA USED                                1%
         TOTAL BLOCKS WRITTEN TO DISK                              20000004
         BLOCK SIZE (IN WORDS)                                         1024
         NUMBER OF OPENS TO DISK FILES                                    6
         NUMBER OF CLOSES TO DISK FILES                                   6
         NUMBER OF WRITES TO DISK FILES                                   6
         NUMBER OF READS FROM DISK FILES                                  7
         MEMORY (IN WORDS) NOT USED BY IN-MEM. DATA BASE           11881566
