1*****************************************************************************
 *                                                                           *
 *       DATE 12/27/16       LOG OF 95 X86_64 Windows_NT NASTRAN JOB         *
 *                                                                           *
 *****************************************************************************

   WALL               TOTAL       INCREMENTAL      MODULE              MODULE/
   CLOCK               CPU            CPU            CPU             SUBROUTINE
   TIME              SECONDS        SECONDS        SECONDS             STATUS

 ------------------------------------------------------------------------------

 12:28:03.167         0.016          0.000                    SEM1  BEGN
 12:28:03.169         0.016          0.000                    GNFI
 12:28:03.169         0.016          0.000                    TTIO
 12:28:03.171         0.016          0.000                    TTLP
 12:28:03.172         0.016          0.000                    XCSA
 ID    D15011A,NASTRAN                                                   
 12:28:03.193         0.016          0.000                    IFP1
 TITLE    = NORMAL MODES ANALYSIS OF A CIRCULAR PLATE                    
 12:28:03.196         0.016          0.000                    XSOR
 12:28:03.201         0.016          0.000                    IFP   BEGN
 12:28:03.202         0.016          0.000                    IFP   END 
 12:28:03.202         0.016          0.000                    XGPI
 12:28:03.203         0.016          0.000                    BAND  IT  BEGN
 12:28:03.213         0.016          0.000                    BAND  IT  END 
 12:28:03.213         0.016          0.000                    SEM1  END 
 12:28:03.213         0.016          0.000                       3  PARAM     BEGN
 12:28:03.213         0.016          0.000          0.000        3  PARAM     END 
 12:28:03.213         0.016          0.000                    XSFA      BEGN
 12:28:03.213         0.016          0.000                    XSFA      END 
 12:28:03.213         0.016          0.000                       4  GP1       BEGN
 12:28:03.217         0.016          0.000          0.000        4  GP1       END 
 12:28:03.217         0.016          0.000                       5  ANISOP    BEGN
 12:28:03.217         0.016          0.000          0.000        5  ANISOP    END 
 12:28:03.217         0.016          0.000                       6  EQUIV     BEGN
 12:28:03.217         0.016          0.000          0.000        6  EQUIV     END 
 12:28:03.217         0.016          0.000                       7  PLTTRAN   BEGN
 12:28:03.217         0.016          0.000          0.000        7  PLTTRAN   END 
 12:28:03.217         0.016          0.000                       8  GP2       BEGN
 12:28:03.217         0.016          0.000          0.000        8  GP2       END 
 12:28:03.217         0.016          0.000                       9  PARAML    BEGN
 12:28:03.217         0.016          0.000          0.000        9  PARAML    END 
 12:28:03.217         0.016          0.000                      10  PURGE     BEGN
 12:28:03.217         0.016          0.000          0.000       10  PURGE     END 
 12:28:03.217         0.016          0.000                      11  COND      BEGN
 12:28:03.217         0.016          0.000          0.000       11  COND      END 
 12:28:03.217         0.016          0.000                      20  GP3       BEGN
 12:28:03.217         0.016          0.000          0.000       20  GP3       END 
 12:28:03.217         0.016          0.000                      21  TA1       BEGN
 12:28:03.217         0.016          0.000          0.000       21  TA1       END 
 12:28:03.217         0.016          0.000                      22  EQUIV     BEGN
 12:28:03.217         0.016          0.000          0.000       22  EQUIV     END 
 12:28:03.217         0.016          0.000                      23  COND      BEGN
 12:28:03.217         0.016          0.000          0.000       23  COND      END 
 12:28:03.217         0.016          0.000                      24  PARAM     BEGN
 12:28:03.217         0.016          0.000          0.000       24  PARAM     END 
 12:28:03.217         0.016          0.000                      25  PARAM     BEGN
 12:28:03.217         0.016          0.000          0.000       25  PARAM     END 
 12:28:03.217         0.016          0.000                      26  EMG       BEGN
 12:28:03.222         0.016          0.000          0.000       26  EMG       END 
 12:28:03.222         0.016          0.000                      27  PURGE     BEGN
 12:28:03.222         0.016          0.000          0.000       27  PURGE     END 
 12:28:03.222         0.016          0.000                      28  COND      BEGN
 12:28:03.222         0.016          0.000          0.000       28  COND      END 
 12:28:03.222         0.016          0.000                      29  EMA       BEGN
 12:28:03.223         0.016          0.000          0.000       29  EMA       END 
 12:28:03.223         0.016          0.000                      30  PURGE     BEGN
 12:28:03.223         0.016          0.000          0.000       30  PURGE     END 
 12:28:03.223         0.016          0.000                      32  COND      BEGN
 12:28:03.223         0.016          0.000          0.000       32  COND      END 
 12:28:03.223         0.016          0.000                      33  EMA       BEGN
 12:28:03.224         0.016          0.000          0.000       33  EMA       END 
 12:28:03.224         0.016          0.000                      34  PURGE     BEGN
 12:28:03.224         0.016          0.000          0.000       34  PURGE     END 
 12:28:03.224         0.016          0.000                      35  COND      BEGN
 12:28:03.224         0.016          0.000          0.000       35  COND      END 
 12:28:03.224         0.016          0.000                      39  EQUIV     BEGN
 12:28:03.224         0.016          0.000          0.000       39  EQUIV     END 
 12:28:03.224         0.016          0.000                      40  COND      BEGN
 12:28:03.224         0.016          0.000          0.000       40  COND      END 
 12:28:03.224         0.016          0.000                      43  GPSTGEN   BEGN
 12:28:03.224         0.016          0.000          0.000       43  GPSTGEN   END 
 12:28:03.224         0.016          0.000                      44  PARAM     BEGN
 12:28:03.224         0.016          0.000          0.000       44  PARAM     END 
 12:28:03.224         0.016          0.000                    XSFA      BEGN
 12:28:03.225         0.016          0.000                    XSFA      END 
 12:28:03.225         0.016          0.000                      45  GP4       BEGN
 12:28:03.225         0.016          0.000          0.000       45  GP4       END 
 12:28:03.225         0.016          0.000                      46  OFP       BEGN
 12:28:03.225         0.016          0.000          0.000       46  OFP       END 
 12:28:03.225         0.016          0.000                      47  COND      BEGN
 12:28:03.225         0.016          0.000          0.000       47  COND      END 
 12:28:03.225         0.016          0.000                      48  PARAM     BEGN
 12:28:03.225         0.016          0.000          0.000       48  PARAM     END 
 12:28:03.225         0.016          0.000                      49  COND      BEGN
 12:28:03.225         0.016          0.000          0.000       49  COND      END 
 12:28:03.225         0.016          0.000                      50  PURGE     BEGN
 12:28:03.225         0.016          0.000          0.000       50  PURGE     END 
 12:28:03.225         0.016          0.000                      51  GPCYC     BEGN
 12:28:03.225         0.016          0.000          0.000       51  GPCYC     END 
 12:28:03.225         0.016          0.000                      52  COND      BEGN
 12:28:03.225         0.016          0.000          0.000       52  COND      END 
 12:28:03.225         0.016          0.000                      53  EQUIV     BEGN
 12:28:03.225         0.016          0.000          0.000       53  EQUIV     END 
 12:28:03.225         0.016          0.000                      54  COND      BEGN
 12:28:03.225         0.016          0.000          0.000       54  COND      END 
 12:28:03.225         0.016          0.000                      58  EQUIV     BEGN
 12:28:03.225         0.016          0.000          0.000       58  EQUIV     END 
 12:28:03.225         0.016          0.000                      59  COND      BEGN
 12:28:03.225         0.016          0.000          0.000       59  COND      END 
 12:28:03.225         0.016          0.000                    XSFA      BEGN
 12:28:03.225         0.016          0.000                    XSFA      END 
 12:28:03.225         0.016          0.000                      60  SCE1      BEGN
 12:28:03.226         0.016          0.000          0.000       60  SCE1      END 
 12:28:03.226         0.016          0.000                      62  EQUIV     BEGN
 12:28:03.226         0.016          0.000          0.000       62  EQUIV     END 
 12:28:03.226         0.016          0.000                      63  EQUIV     BEGN
 12:28:03.226         0.016          0.000          0.000       63  EQUIV     END 
 12:28:03.226         0.016          0.000                      64  COND      BEGN
 12:28:03.226         0.016          0.000          0.000       64  COND      END 
 12:28:03.226         0.016          0.000                    XSFA      BEGN
 12:28:03.226         0.016          0.000                    XSFA      END 
 12:28:03.226         0.016          0.000                      68  DPD       BEGN
 12:28:03.226         0.016          0.000          0.000       68  DPD       END 
 12:28:03.226         0.016          0.000                      69  COND      BEGN
 12:28:03.226         0.016          0.000          0.000       69  COND      END 
 12:28:03.226         0.016          0.000                      70  CYCT2     BEGN
 12:28:03.226         0.016          0.000                    MMA       BEGN
 12:28:03.226         0.016          0.000                    MMA3  1   BEGN
 12:28:03.226         0.016          0.000                    MMA3  1   END 
   METHOD USED = 31NT  ACTUAL NUMBER OF PASSES =   1
 12:28:03.226         0.016          0.000                    MMA       END 
 12:28:03.226         0.016          0.000                    MMA       BEGN
 12:28:03.226         0.016          0.000                    MMA3  2   BEGN
 12:28:03.227         0.016          0.000                    MMA3  2   END 
   METHOD USED = 32T   ACTUAL NUMBER OF PASSES =   1
 12:28:03.227         0.016          0.000                    MMA       END 
 12:28:03.227         0.016          0.000                    MMA       BEGN
 12:28:03.227         0.016          0.000                    MMA3  1   BEGN
 12:28:03.227         0.016          0.000                    MMA3  1   END 
   METHOD USED = 31NT  ACTUAL NUMBER OF PASSES =   1
 12:28:03.227         0.016          0.000                    MMA       END 
 12:28:03.227         0.016          0.000                    MMA       BEGN
 12:28:03.227         0.016          0.000                    MMA3  2   BEGN
 12:28:03.228         0.016          0.000                    MMA3  2   END 
   METHOD USED = 32T   ACTUAL NUMBER OF PASSES =   1
 12:28:03.228         0.016          0.000                    MMA       END 
 12:28:03.228         0.016          0.000                    MMA       BEGN
 12:28:03.228         0.016          0.000                    MMA3  1   BEGN
 12:28:03.228         0.016          0.000                    MMA3  1   END 
   METHOD USED = 31NT  ACTUAL NUMBER OF PASSES =   1
 12:28:03.228         0.016          0.000                    MMA       END 
 12:28:03.228         0.016          0.000                    MMA       BEGN
 12:28:03.228         0.016          0.000                    MMA3  2   BEGN
 12:28:03.228         0.016          0.000                    MMA3  2   END 
   METHOD USED = 32T   ACTUAL NUMBER OF PASSES =   1
 12:28:03.228         0.016          0.000                    MMA       END 
 12:28:03.228         0.016          0.000                    MMA       BEGN
 12:28:03.228         0.016          0.000                    MMA3  1   BEGN
 12:28:03.228         0.016          0.000                    MMA3  1   END 
   METHOD USED = 31NT  ACTUAL NUMBER OF PASSES =   1
 12:28:03.228         0.016          0.000                    MMA       END 
 12:28:03.228         0.016          0.000                    MMA       BEGN
 12:28:03.228         0.016          0.000                    MMA3  2   BEGN
 12:28:03.228         0.016          0.000                    MMA3  2   END 
   METHOD USED = 32T   ACTUAL NUMBER OF PASSES =   1
 12:28:03.228         0.016          0.000                    MMA       END 
 12:28:03.228         0.016          0.000          0.000       70  CYCT2     END 
 12:28:03.228         0.016          0.000                      71  COND      BEGN
 12:28:03.229         0.016          0.000          0.000       71  COND      END 
 12:28:03.229         0.016          0.000                      72  READ      BEGN
 12:28:03.229         0.016          0.000                    SMCO  MP  BEGN          
 12:28:03.230         0.016          0.000                    SMCO  MP  END           
 12:28:03.230         0.016          0.000                    FBS2  BEGN
 12:28:03.230         0.016          0.000                    FBS2  END 
 12:28:03.230         0.016          0.000                    FBS2  BEGN
 12:28:03.230         0.016          0.000                    FBS2  END 
 12:28:03.230         0.016          0.000                    FBS2  BEGN
 12:28:03.230         0.016          0.000                    FBS2  END 
 12:28:03.230         0.016          0.000                    FBS2  BEGN
 12:28:03.231         0.016          0.000                    FBS2  END 
 12:28:03.231         0.016          0.000                    FBS2  BEGN
 12:28:03.231         0.016          0.000                    FBS2  END 
 12:28:03.231         0.016          0.000                    SMCO  MP  BEGN          
 12:28:03.232         0.016          0.000                    SMCO  MP  END           
 12:28:03.232         0.016          0.000                    FBS2  BEGN
 12:28:03.232         0.016          0.000                    FBS2  END 
 12:28:03.232         0.016          0.000                    FBS2  BEGN
 12:28:03.232         0.016          0.000                    FBS2  END 
 12:28:03.232         0.016          0.000                    FBS2  BEGN
 12:28:03.232         0.016          0.000                    FBS2  END 
 12:28:03.233         0.016          0.000                    FBS2  BEGN
 12:28:03.233         0.016          0.000                    FBS2  END 
 12:28:03.233         0.016          0.000                    FBS2  BEGN
 12:28:03.233         0.016          0.000                    FBS2  END 
 12:28:03.233         0.016          0.000                    FBS2  BEGN
 12:28:03.233         0.016          0.000                    FBS2  END 
 12:28:03.233         0.016          0.000                    FBS2  BEGN
 12:28:03.233         0.016          0.000                    FBS2  END 
 12:28:03.234         0.016          0.000                    SMCO  MP  BEGN          
 12:28:03.234         0.016          0.000                    SMCO  MP  END           
 12:28:03.234         0.016          0.000                    FBS2  BEGN
 12:28:03.234         0.016          0.000                    FBS2  END 
 12:28:03.234         0.016          0.000                    FBS2  BEGN
 12:28:03.235         0.016          0.000                    FBS2  END 
 12:28:03.235         0.016          0.000                    FBS2  BEGN
 12:28:03.235         0.016          0.000                    FBS2  END 
 12:28:03.235         0.016          0.000                    FBS2  BEGN
 12:28:03.235         0.016          0.000                    FBS2  END 
 12:28:03.235         0.016          0.000                    FBS2  BEGN
 12:28:03.235         0.016          0.000                    FBS2  END 
 12:28:03.235         0.016          0.000                    FBS2  BEGN
 12:28:03.235         0.016          0.000                    FBS2  END 
 12:28:03.235         0.016          0.000                    FBS2  BEGN
 12:28:03.235         0.016          0.000                    FBS2  END 
 12:28:03.235         0.016          0.000                    FBS2  BEGN
 12:28:03.235         0.016          0.000                    FBS2  END 
 12:28:03.236         0.016          0.000                    SMCO  MP  BEGN          
 12:28:03.237         0.016          0.000                    SMCO  MP  END           
 12:28:03.237         0.016          0.000                    FBS2  BEGN
 12:28:03.237         0.016          0.000                    FBS2  END 
 12:28:03.237         0.016          0.000                    FBS2  BEGN
 12:28:03.237         0.016          0.000                    FBS2  END 
 12:28:03.237         0.016          0.000                    FBS2  BEGN
 12:28:03.237         0.016          0.000                    FBS2  END 
 12:28:03.237         0.016          0.000                    FBS2  BEGN
 12:28:03.237         0.016          0.000                    FBS2  END 
 12:28:03.237         0.016          0.000                    FBS2  BEGN
 12:28:03.237         0.016          0.000                    FBS2  END 
 12:28:03.237         0.016          0.000                    FBS2  BEGN
 12:28:03.238         0.016          0.000                    FBS2  END 
 12:28:03.238         0.016          0.000                    FBS2  BEGN
 12:28:03.238         0.016          0.000                    FBS2  END 
 12:28:03.238         0.016          0.000                    FBS2  BEGN
 12:28:03.238         0.016          0.000                    FBS2  END 
 12:28:03.238         0.016          0.000                    FBS2  BEGN
 12:28:03.238         0.016          0.000                    FBS2  END 
 12:28:03.238         0.016          0.000                    FBS2  BEGN
 12:28:03.238         0.016          0.000                    FBS2  END 
 12:28:03.238         0.016          0.000                    FBS2  BEGN
 12:28:03.238         0.016          0.000                    FBS2  END 
 12:28:03.238         0.016          0.000                    FBS2  BEGN
 12:28:03.238         0.016          0.000                    FBS2  END 
 12:28:03.238         0.016          0.000                    FBS2  BEGN
 12:28:03.238         0.016          0.000                    FBS2  END 
 12:28:03.238         0.016          0.000                    FBS2  BEGN
 12:28:03.239         0.016          0.000                    FBS2  END 
 12:28:03.239         0.016          0.000                    FBS2  BEGN
 12:28:03.239         0.016          0.000                    FBS2  END 
 12:28:03.239         0.016          0.000                    FBS2  BEGN
 12:28:03.239         0.016          0.000                    FBS2  END 
 12:28:03.239         0.016          0.000                    SMCO  MP  BEGN          
 12:28:03.240         0.016          0.000                    SMCO  MP  END           
 12:28:03.240         0.016          0.000                    FBS2  BEGN
 12:28:03.240         0.016          0.000                    FBS2  END 
 12:28:03.240         0.016          0.000                    FBS2  BEGN
 12:28:03.240         0.016          0.000                    FBS2  END 
 12:28:03.241         0.016          0.000                    FBS2  BEGN
 12:28:03.241         0.016          0.000                    FBS2  END 
 12:28:03.241         0.016          0.000                    FBS2  BEGN
 12:28:03.241         0.016          0.000                    FBS2  END 
 12:28:03.241         0.016          0.000                    SMCO  MP  BEGN          
 12:28:03.242         0.016          0.000                    SMCO  MP  END           
 12:28:03.242         0.016          0.000                    FBS2  BEGN
 12:28:03.242         0.016          0.000                    FBS2  END 
 12:28:03.242         0.016          0.000                    FBS2  BEGN
 12:28:03.242         0.016          0.000                    FBS2  END 
 12:28:03.243         0.016          0.000                    MMA       BEGN
 12:28:03.243         0.016          0.000                    MMA2  1   BEGN
 12:28:03.243         0.016          0.000                    MMA2  1   END 
   METHOD USED = 21NT  ACTUAL NUMBER OF PASSES =   1
 12:28:03.243         0.016          0.000                    MMA       END 
 12:28:03.243         0.016          0.000                    MMA       BEGN
 12:28:03.243         0.016          0.000                    MMA1  1   BEGN
 12:28:03.243         0.016          0.000                    MMA1  1   END 
   METHOD USED = 11T   ACTUAL NUMBER OF PASSES =   1
 12:28:03.243         0.016          0.000                    MMA       END 
 12:28:03.243         0.016          0.000          0.000       72  READ      END 
 12:28:03.243         0.016          0.000                      73  OFP       BEGN
 12:28:03.243         0.016          0.000          0.000       73  OFP       END 
 12:28:03.243         0.016          0.000                      74  COND      BEGN
 12:28:03.243         0.016          0.000          0.000       74  COND      END 
 12:28:03.243         0.016          0.000                      75  OFP       BEGN
 12:28:03.244         0.016          0.000          0.000       75  OFP       END 
 12:28:03.244         0.016          0.000                      76  CYCT2     BEGN
 12:28:03.244         0.016          0.000                    MMA       BEGN
 12:28:03.244         0.016          0.000                    MMA2  1   BEGN
 12:28:03.244         0.016          0.000                    MMA2  1   END 
   METHOD USED = 21NT  ACTUAL NUMBER OF PASSES =   1
 12:28:03.244         0.016          0.000                    MMA       END 
 12:28:03.244         0.016          0.000                    MMA       BEGN
 12:28:03.244         0.016          0.000                    MMA2  1   BEGN
 12:28:03.244         0.016          0.000                    MMA2  1   END 
   METHOD USED = 21NT  ACTUAL NUMBER OF PASSES =   1
 12:28:03.244         0.016          0.000                    MMA       END 
 12:28:03.244         0.016          0.000          0.000       76  CYCT2     END 
 12:28:03.244         0.016          0.000                      77  COND      BEGN
 12:28:03.244         0.016          0.000          0.000       77  COND      END 
 12:28:03.244         0.016          0.000                      78  SDR1      BEGN
 12:28:03.244         0.016          0.000                    MMA       BEGN
 12:28:03.244         0.016          0.000                    MMA2  1   BEGN
 12:28:03.244         0.016          0.000                    MMA2  1   END 
   METHOD USED = 21T   ACTUAL NUMBER OF PASSES =   1
 12:28:03.244         0.016          0.000                    MMA       END 
 12:28:03.245         0.016          0.000          0.000       78  SDR1      END 
 12:28:03.245         0.016          0.000                      79  COND      BEGN
 12:28:03.245         0.016          0.000          0.000       79  COND      END 
 12:28:03.245         0.016          0.000                      83  SDR2      BEGN
 12:28:03.245         0.016          0.000          0.000       83  SDR2      END 
 12:28:03.245         0.016          0.000                      84  OFP       BEGN
 12:28:03.317         0.031          0.016          0.016       84  OFP       END 
 12:28:03.317         0.031          0.000                      85  OFP       BEGN
 12:28:03.317         0.031          0.000          0.000       85  OFP       END 
 12:28:03.317         0.031          0.000                      86  SCAN      BEGN
 12:28:03.317         0.031          0.000          0.000       86  SCAN      END 
 12:28:03.317         0.031          0.000                      87  OFP       BEGN
 12:28:03.317         0.031          0.000          0.000       87  OFP       END 
 12:28:03.317         0.031          0.000                      88  COND      BEGN
 12:28:03.317         0.031          0.000          0.000       88  COND      END 
 12:28:03.317         0.031          0.000                      92  JUMP      BEGN
 12:28:03.317         0.031          0.000          0.000       92  JUMP      END 
 12:28:03.317         0.031          0.000                     106  PURGE     BEGN
 12:28:03.317         0.031          0.000          0.000      106  PURGE     END 
 12:28:03.317         0.031          0.000                     107  EXIT      BEGN
1     STATISTICS ON IN-MEMORY DATA BASE AND DISK I/O USAGE

         LENGTH (IN WORDS) OF OPEN CORE ALLOCATED                   2000000
         LENGTH (IN WORDS) OF IN-MEMORY DATA BASE ALLOCATED        12000000
         NUMBER OF BLOCKS USED IN THE IN-MEMORY DATA BASE                84
         NUMBER OF BLOCKS ALLOCATED FOR THE IN-MEMORY DATA            11661
         PERCENTAGE OF IN-MEMORY DATA USED                                0%
         TOTAL BLOCKS WRITTEN TO DISK                              40000004
         BLOCK SIZE (IN WORDS)                                         1024
         NUMBER OF OPENS TO DISK FILES                                    6
         NUMBER OF CLOSES TO DISK FILES                                   6
         NUMBER OF WRITES TO DISK FILES                                   6
         NUMBER OF READS FROM DISK FILES                                  7
         MEMORY (IN WORDS) NOT USED BY IN-MEM. DATA BASE           11959041
