1*****************************************************************************
 *                                                                           *
 *       DATE 12/26/16       LOG OF 95 X86_64 Windows_NT NASTRAN JOB         *
 *                                                                           *
 *****************************************************************************

   WALL               TOTAL       INCREMENTAL      MODULE              MODULE/
   CLOCK               CPU            CPU            CPU             SUBROUTINE
   TIME              SECONDS        SECONDS        SECONDS             STATUS

 ------------------------------------------------------------------------------

 16:47:10.852         0.000          0.000                    SEM1  BEGN
 16:47:10.854         0.000          0.000                    GNFI
 16:47:10.854         0.000          0.000                    TTIO
 16:47:10.857         0.000          0.000                    TTLP
 16:47:10.857         0.000          0.000                    XCSA
 ID    D02031A,NASTRAN                                                   
 16:47:10.871         0.000          0.000                    ASDM  BEGN
 16:47:10.880         0.016          0.000                    ASDM  END 
 16:47:10.880         0.016          0.000                    IFP1
 TITLE    = TRUSS DYNAMIC ANALYSIS USING AUTOMATED MODAL SYNTHESIS       
 16:47:10.883         0.016          0.000                    XSOR
 16:47:10.889         0.016          0.000                    IFP   BEGN
 16:47:10.889         0.016          0.000                    IFP   END 
 16:47:10.889         0.016          0.000                    XGPI
 16:47:10.891         0.016          0.000                    BAND  IT  BEGN
 16:47:10.900         0.016          0.000                    BAND  IT  END 
 16:47:10.900         0.016          0.000                    SEM1  END 
 16:47:10.900         0.016          0.000                       4  PARAM     BEGN
 16:47:10.900         0.016          0.000          0.000        4  PARAM     END 
 16:47:10.900         0.016          0.000                       4  PARAM     BEGN
 16:47:10.900         0.016          0.000          0.000        4  PARAM     END 
 16:47:10.900         0.016          0.000                    XSFA      BEGN
 16:47:10.900         0.016          0.000                    XSFA      END 
 16:47:10.900         0.016          0.000                       4  SGEN      BEGN
 16:47:10.900         0.016          0.000          0.000        4  SGEN      END 
 16:47:10.900         0.016          0.000                       4  EQUIV     BEGN
 16:47:10.900         0.016          0.000          0.000        4  EQUIV     END 
 16:47:10.900         0.016          0.000                    XSFA      BEGN
 16:47:10.900         0.016          0.000                    XSFA      END 
 16:47:10.901         0.016          0.000                       5  GP1       BEGN
 16:47:10.906         0.016          0.000          0.000        5  GP1       END 
 16:47:10.906         0.016          0.000                       6  ANISOP    BEGN
 16:47:10.906         0.016          0.000          0.000        6  ANISOP    END 
 16:47:10.906         0.016          0.000                       7  EQUIV     BEGN
 16:47:10.906         0.016          0.000          0.000        7  EQUIV     END 
 16:47:10.906         0.016          0.000                       8  PLTTRAN   BEGN
 16:47:10.906         0.016          0.000          0.000        8  PLTTRAN   END 
 16:47:10.906         0.016          0.000                       9  GP2       BEGN
 16:47:10.906         0.016          0.000          0.000        9  GP2       END 
 16:47:10.906         0.016          0.000                      10  PARAML    BEGN
 16:47:10.906         0.016          0.000          0.000       10  PARAML    END 
 16:47:10.906         0.016          0.000                      11  PURGE     BEGN
 16:47:10.906         0.016          0.000          0.000       11  PURGE     END 
 16:47:10.906         0.016          0.000                      12  COND      BEGN
 16:47:10.906         0.016          0.000          0.000       12  COND      END 
 16:47:10.906         0.016          0.000                      21  GP3       BEGN
 16:47:10.906         0.016          0.000          0.000       21  GP3       END 
 16:47:10.906         0.016          0.000                      22  TA1       BEGN
 16:47:10.906         0.016          0.000          0.000       22  TA1       END 
 16:47:10.906         0.016          0.000                      23  EQUIV     BEGN
 16:47:10.906         0.016          0.000          0.000       23  EQUIV     END 
 16:47:10.906         0.016          0.000                      24  COND      BEGN
 16:47:10.906         0.016          0.000          0.000       24  COND      END 
 16:47:10.906         0.016          0.000                      25  PARAM     BEGN
 16:47:10.906         0.016          0.000          0.000       25  PARAM     END 
 16:47:10.907         0.016          0.000                      26  PARAM     BEGN
 16:47:10.907         0.016          0.000          0.000       26  PARAM     END 
 16:47:10.907         0.016          0.000                      27  EMG       BEGN
 16:47:10.912         0.016          0.000          0.000       27  EMG       END 
 16:47:10.912         0.016          0.000                      28  PURGE     BEGN
 16:47:10.912         0.016          0.000          0.000       28  PURGE     END 
 16:47:10.912         0.016          0.000                      29  COND      BEGN
 16:47:10.912         0.016          0.000          0.000       29  COND      END 
 16:47:10.912         0.016          0.000                      30  EMA       BEGN
 16:47:10.912         0.016          0.000          0.000       30  EMA       END 
 16:47:10.912         0.016          0.000                      31  PURGE     BEGN
 16:47:10.912         0.016          0.000          0.000       31  PURGE     END 
 16:47:10.912         0.016          0.000                      33  COND      BEGN
 16:47:10.912         0.016          0.000          0.000       33  COND      END 
 16:47:10.912         0.016          0.000                      34  EMA       BEGN
 16:47:10.912         0.016          0.000          0.000       34  EMA       END 
 16:47:10.912         0.016          0.000                      35  PURGE     BEGN
 16:47:10.912         0.016          0.000          0.000       35  PURGE     END 
 16:47:10.912         0.016          0.000                      36  COND      BEGN
 16:47:10.912         0.016          0.000          0.000       36  COND      END 
 16:47:10.912         0.016          0.000                      40  EQUIV     BEGN
 16:47:10.912         0.016          0.000          0.000       40  EQUIV     END 
 16:47:10.912         0.016          0.000                      41  COND      BEGN
 16:47:10.912         0.016          0.000          0.000       41  COND      END 
 16:47:10.912         0.016          0.000                      44  GPSTGEN   BEGN
 16:47:10.912         0.016          0.000          0.000       44  GPSTGEN   END 
 16:47:10.912         0.016          0.000                      45  PARAM     BEGN
 16:47:10.912         0.016          0.000          0.000       45  PARAM     END 
 16:47:10.912         0.016          0.000                    XSFA      BEGN
 16:47:10.912         0.016          0.000                    XSFA      END 
 16:47:10.912         0.016          0.000                      47  GP4       BEGN
 16:47:10.913         0.016          0.000          0.000       47  GP4       END 
 16:47:10.913         0.016          0.000                      48  OFP       BEGN
 16:47:10.913         0.016          0.000          0.000       48  OFP       END 
 16:47:10.913         0.016          0.000                      49  COND      BEGN
 16:47:10.913         0.016          0.000          0.000       49  COND      END 
 16:47:10.913         0.016          0.000                      50  PARAM     BEGN
 16:47:10.913         0.016          0.000          0.000       50  PARAM     END 
 16:47:10.913         0.016          0.000                      50  COND      BEGN
 16:47:10.913         0.016          0.000          0.000       50  COND      END 
 16:47:10.913         0.016          0.000                      51  PURGE     BEGN
 16:47:10.913         0.016          0.000          0.000       51  PURGE     END 
 16:47:10.913         0.016          0.000                      52  EQUIV     BEGN
 16:47:10.913         0.016          0.000          0.000       52  EQUIV     END 
 16:47:10.913         0.016          0.000                      53  COND      BEGN
 16:47:10.913         0.016          0.000          0.000       53  COND      END 
 16:47:10.913         0.016          0.000                      57  EQUIV     BEGN
 16:47:10.913         0.016          0.000          0.000       57  EQUIV     END 
 16:47:10.913         0.016          0.000                      58  COND      BEGN
 16:47:10.913         0.016          0.000          0.000       58  COND      END 
 16:47:10.913         0.016          0.000                    XSFA      BEGN
 16:47:10.913         0.016          0.000                    XSFA      END 
 16:47:10.913         0.016          0.000                      59  SCE1      BEGN
 16:47:10.913         0.016          0.000          0.000       59  SCE1      END 
 16:47:10.913         0.016          0.000                      61  EQUIV     BEGN
 16:47:10.913         0.016          0.000          0.000       61  EQUIV     END 
 16:47:10.913         0.016          0.000                      62  COND      BEGN
 16:47:10.913         0.016          0.000          0.000       62  COND      END 
 16:47:10.913         0.016          0.000                    XSFA      BEGN
 16:47:10.913         0.016          0.000                    XSFA      END 
 16:47:10.913         0.016          0.000                      69  SSG1      BEGN
 16:47:10.913         0.016          0.000                    MMA       BEGN
 16:47:10.913         0.016          0.000                    MMA3  1   BEGN
 16:47:10.913         0.016          0.000                    MMA3  1   END 
   METHOD USED = 31NT  ACTUAL NUMBER OF PASSES =   1
 16:47:10.913         0.016          0.000                    MMA       END 
 16:47:10.917         0.016          0.000          0.000       69  SSG1      END 
 16:47:10.917         0.016          0.000                      97  SUBPH1    BEGN
 16:47:10.922         0.016          0.000          0.000       97  SUBPH1    END 
 16:47:10.922         0.016          0.000                      97  COND      BEGN
 16:47:10.922         0.016          0.000          0.000       97  COND      END 
 16:47:10.922         0.016          0.000                      97  EQUIV     BEGN
 16:47:10.922         0.016          0.000          0.000       97  EQUIV     END 
 16:47:10.922         0.016          0.000                      97  COND      BEGN
 16:47:10.922         0.016          0.000          0.000       97  COND      END 
 16:47:10.922         0.016          0.000                      97  SSG2      BEGN
 16:47:10.922         0.016          0.000                    MMA       BEGN
       MMA - NULL MATRIX PRODUCT
 16:47:10.922         0.016          0.000                    MMA       END 
 16:47:10.922         0.016          0.000          0.000       97  SSG2      END 
 16:47:10.922         0.016          0.000                      97  SOFO      BEGN
 16:47:10.926         0.016          0.000          0.000       97  SOFO      END 
 16:47:10.926         0.016          0.000                      97  EQUIV     BEGN
 16:47:10.926         0.016          0.000          0.000       97  EQUIV     END 
 16:47:10.927         0.016          0.000                      97  SOFUT     BEGN
 16:47:10.931         0.016          0.000          0.000       97  SOFUT     END 
 16:47:10.931         0.016          0.000                      97  JUMP      BEGN
 16:47:10.931         0.016          0.000          0.000       97  JUMP      END 
 16:47:10.931         0.016          0.000                     111  PURGE     BEGN
 16:47:10.931         0.016          0.000          0.000      111  PURGE     END 
 16:47:10.931         0.016          0.000                     112  EXIT      BEGN
1     STATISTICS ON IN-MEMORY DATA BASE AND DISK I/O USAGE

         LENGTH (IN WORDS) OF OPEN CORE ALLOCATED                   2000000
         LENGTH (IN WORDS) OF IN-MEMORY DATA BASE ALLOCATED        12000000
         NUMBER OF BLOCKS USED IN THE IN-MEMORY DATA BASE                46
         NUMBER OF BLOCKS ALLOCATED FOR THE IN-MEMORY DATA            11661
         PERCENTAGE OF IN-MEMORY DATA USED                                0%
         TOTAL BLOCKS WRITTEN TO DISK                              40000003
         BLOCK SIZE (IN WORDS)                                         1024
         NUMBER OF OPENS TO DISK FILES                                   14
         NUMBER OF CLOSES TO DISK FILES                                  14
         NUMBER OF WRITES TO DISK FILES                                  30
         NUMBER OF READS FROM DISK FILES                                 31
         MEMORY (IN WORDS) NOT USED BY IN-MEM. DATA BASE           11998295
