1*****************************************************************************
 *                                                                           *
 *       DATE 12/27/16       LOG OF 95 X86_64 Windows_NT NASTRAN JOB         *
 *                                                                           *
 *****************************************************************************

   WALL               TOTAL       INCREMENTAL      MODULE              MODULE/
   CLOCK               CPU            CPU            CPU             SUBROUTINE
   TIME              SECONDS        SECONDS        SECONDS             STATUS

 ------------------------------------------------------------------------------

 11:31:58.586         0.000          0.000                    SEM1  BEGN
 11:31:58.587         0.000          0.000                    GNFI
 11:31:58.588         0.000          0.000                    TTIO
 11:31:58.590         0.000          0.000                    TTLP
 11:31:58.590         0.000          0.000                    XCSA
 ID    D10022A,NASTRAN                                                   
 11:31:58.630         0.016          0.000                    IFP1
 TITLE    = AEROELASTIC FLUTTER ANALYSIS OF A FIFTEEN DEGREE SWEPT WING  
 11:31:58.634         0.016          0.000                    XSOR
 11:31:58.639         0.031          0.016                    IFP   BEGN
 11:31:58.640         0.031          0.000                    IFP   END 
 11:31:58.640         0.031          0.000                    XGPI
 11:31:58.642         0.031          0.000                    BAND  IT  BEGN
 11:31:58.642         0.031          0.000                    BAND  IT  QUIT
 11:31:58.642         0.031          0.000                    SEM1  END 
 11:31:58.642         0.031          0.000                       4  PARAM     BEGN
 11:31:58.642         0.031          0.000          0.000        4  PARAM     END 
 11:31:58.642         0.031          0.000                    XSFA      BEGN
 11:31:58.642         0.031          0.000                    XSFA      END 
 11:31:58.642         0.031          0.000                       5  GP1       BEGN
 11:31:58.648         0.031          0.000          0.000        5  GP1       END 
 11:31:58.648         0.031          0.000                       6  ANISOP    BEGN
 11:31:58.648         0.031          0.000          0.000        6  ANISOP    END 
 11:31:58.648         0.031          0.000                       7  EQUIV     BEGN
 11:31:58.648         0.031          0.000          0.000        7  EQUIV     END 
 11:31:58.648         0.031          0.000                       8  COND      BEGN
 11:31:58.648         0.031          0.000          0.000        8  COND      END 
 11:31:58.648         0.031          0.000                       9  GP2       BEGN
 11:31:58.649         0.031          0.000          0.000        9  GP2       END 
 11:31:58.649         0.031          0.000                      10  PARAML    BEGN
 11:31:58.649         0.031          0.000          0.000       10  PARAML    END 
 11:31:58.649         0.031          0.000                      11  GP3       BEGN
 11:31:58.649         0.031          0.000          0.000       11  GP3       END 
 11:31:58.649         0.031          0.000                      12  TA1       BEGN
 11:31:58.649         0.031          0.000          0.000       12  TA1       END 
 11:31:58.649         0.031          0.000                      13  EQUIV     BEGN
 11:31:58.649         0.031          0.000          0.000       13  EQUIV     END 
 11:31:58.649         0.031          0.000                      14  COND      BEGN
 11:31:58.649         0.031          0.000          0.000       14  COND      END 
 11:31:58.649         0.031          0.000                      15  PARAM     BEGN
 11:31:58.649         0.031          0.000          0.000       15  PARAM     END 
 11:31:58.649         0.031          0.000                      16  PARAM     BEGN
 11:31:58.649         0.031          0.000          0.000       16  PARAM     END 
 11:31:58.649         0.031          0.000                      17  EMG       BEGN
 11:31:58.654         0.031          0.000          0.000       17  EMG       END 
 11:31:58.654         0.031          0.000                      18  PURGE     BEGN
 11:31:58.654         0.031          0.000          0.000       18  PURGE     END 
 11:31:58.654         0.031          0.000                      19  COND      BEGN
 11:31:58.654         0.031          0.000          0.000       19  COND      END 
 11:31:58.654         0.031          0.000                      20  EMA       BEGN
 11:31:58.654         0.031          0.000          0.000       20  EMA       END 
 11:31:58.654         0.031          0.000                      21  PURGE     BEGN
 11:31:58.654         0.031          0.000          0.000       21  PURGE     END 
 11:31:58.654         0.031          0.000                      23  COND      BEGN
 11:31:58.654         0.031          0.000          0.000       23  COND      END 
 11:31:58.654         0.031          0.000                      24  EMA       BEGN
 11:31:58.655         0.031          0.000          0.000       24  EMA       END 
 11:31:58.655         0.031          0.000                      25  PURGE     BEGN
 11:31:58.655         0.031          0.000          0.000       25  PURGE     END 
 11:31:58.655         0.031          0.000                      26  COND      BEGN
 11:31:58.655         0.031          0.000          0.000       26  COND      END 
 11:31:58.655         0.031          0.000                      30  EQUIV     BEGN
 11:31:58.655         0.031          0.000          0.000       30  EQUIV     END 
 11:31:58.655         0.031          0.000                      31  COND      BEGN
 11:31:58.655         0.031          0.000          0.000       31  COND      END 
 11:31:58.655         0.031          0.000                      34  GPSTGEN   BEGN
 11:31:58.655         0.031          0.000          0.000       34  GPSTGEN   END 
 11:31:58.655         0.031          0.000                    XSFA      BEGN
 11:31:58.655         0.031          0.000                    XSFA      END 
 11:31:58.655         0.031          0.000                      35  GP4       BEGN
 11:31:58.655         0.031          0.000          0.000       35  GP4       END 
 11:31:58.655         0.031          0.000                      36  OFP       BEGN
 11:31:58.655         0.031          0.000          0.000       36  OFP       END 
 11:31:58.655         0.031          0.000                      37  EQUIV     BEGN
 11:31:58.655         0.031          0.000          0.000       37  EQUIV     END 
 11:31:58.655         0.031          0.000                      38  PURGE     BEGN
 11:31:58.655         0.031          0.000          0.000       38  PURGE     END 
 11:31:58.655         0.031          0.000                      39  COND      BEGN
 11:31:58.655         0.031          0.000          0.000       39  COND      END 
 11:31:58.655         0.031          0.000                      43  EQUIV     BEGN
 11:31:58.655         0.031          0.000          0.000       43  EQUIV     END 
 11:31:58.655         0.031          0.000                      44  COND      BEGN
 11:31:58.655         0.031          0.000          0.000       44  COND      END 
 11:31:58.655         0.031          0.000                    XSFA      BEGN
 11:31:58.655         0.031          0.000                    XSFA      END 
 11:31:58.655         0.031          0.000                      45  SCE1      BEGN
 11:31:58.656         0.031          0.000          0.000       45  SCE1      END 
 11:31:58.656         0.031          0.000                      47  EQUIV     BEGN
 11:31:58.656         0.031          0.000          0.000       47  EQUIV     END 
 11:31:58.656         0.031          0.000                      48  PURGE     BEGN
 11:31:58.656         0.031          0.000          0.000       48  PURGE     END 
 11:31:58.656         0.031          0.000                      49  COND      BEGN
 11:31:58.656         0.031          0.000          0.000       49  COND      END 
 11:31:58.656         0.031          0.000                      54  COND      BEGN
 11:31:58.656         0.031          0.000          0.000       54  COND      END 
 11:31:58.656         0.031          0.000                    XSFA      BEGN
 11:31:58.656         0.031          0.000                    XSFA      END 
 11:31:58.656         0.031          0.000                      60  DPD       BEGN
 11:31:58.656         0.031          0.000          0.000       60  DPD       END 
 11:31:58.656         0.031          0.000                      61  COND      BEGN
 11:31:58.656         0.031          0.000          0.000       61  COND      END 
 11:31:58.656         0.031          0.000                      62  EQUIV     BEGN
 11:31:58.656         0.031          0.000          0.000       62  EQUIV     END 
 11:31:58.656         0.031          0.000                      63  READ      BEGN
 11:31:58.656         0.031          0.000                    GIVE  NS  BEGI  NS  
 11:31:58.656         0.031          0.000                    SMCO  MP  BEGN          
 11:31:58.656         0.031          0.000                    SMCO  MP  END           
 11:31:58.656         0.031          0.000                    TRAN  POSE
 11:31:58.656         0.031          0.000                    TRAN  POSE
 11:31:58.656         0.031          0.000                    MMA       BEGN
 11:31:58.656         0.031          0.000                    MMA3  1   BEGN
 11:31:58.656         0.031          0.000                    MMA3  1   END 
   METHOD USED = 31NT  ACTUAL NUMBER OF PASSES =   1
 11:31:58.656         0.031          0.000                    MMA       END 
 11:31:58.656         0.031          0.000                    MMA       BEGN
 11:31:58.656         0.031          0.000                    MMA3  2   BEGN
 11:31:58.657         0.031          0.000                    MMA3  2   END 
   METHOD USED = 32T   ACTUAL NUMBER OF PASSES =   1
 11:31:58.657         0.031          0.000                    MMA       END 
 11:31:58.657         0.031          0.000                    VALV  EC  BEGN
 11:31:58.657         0.031          0.000                    TRID  I   BEGN
 11:31:58.657         0.031          0.000                    TRID  I   END 
 11:31:58.657         0.031          0.000                    QRIT  ER  BEGN
 11:31:58.657         0.031          0.000                    QRIT  ER  END 
 11:31:58.657         0.031          0.000                    WILV  EC  BEGN
 11:31:58.657         0.031          0.000                    WILV  EC  END 
 11:31:58.657         0.031          0.000                    VALV  EC  END 
 11:31:58.657         0.031          0.000                    MMA       BEGN
 11:31:58.657         0.031          0.000                    MMA2  1   BEGN
 11:31:58.657         0.031          0.000                    MMA2  1   END 
   METHOD USED = 21NT  ACTUAL NUMBER OF PASSES =   1
 11:31:58.657         0.031          0.000                    MMA       END 
 11:31:58.657         0.031          0.000                    GIVE  NS  ENDS
 11:31:58.657         0.031          0.000                    MMA       BEGN
 11:31:58.657         0.031          0.000                    MMA2  1   BEGN
 11:31:58.657         0.031          0.000                    MMA2  1   END 
   METHOD USED = 21NT  ACTUAL NUMBER OF PASSES =   1
 11:31:58.657         0.031          0.000                    MMA       END 
 11:31:58.657         0.031          0.000                    MMA       BEGN
 11:31:58.657         0.031          0.000                    MMA1  0   BEGN
 11:31:58.657         0.031          0.000                    MMA1  0   END 
   METHOD USED = 10T   ACTUAL NUMBER OF PASSES =   1
 11:31:58.657         0.031          0.000                    MMA       END 
 11:31:58.657         0.031          0.000          0.000       63  READ      END 
 11:31:58.657         0.031          0.000                      64  OFP       BEGN
 11:31:58.657         0.031          0.000          0.000       64  OFP       END 
 11:31:58.657         0.031          0.000                      65  COND      BEGN
 11:31:58.657         0.031          0.000          0.000       65  COND      END 
 11:31:58.657         0.031          0.000                      66  OFP       BEGN
 11:31:58.663         0.031          0.000          0.000       66  OFP       END 
 11:31:58.663         0.031          0.000                      66  MATGPR    BEGN
 11:31:58.664         0.031          0.000          0.000       66  MATGPR    END 
 11:31:58.664         0.031          0.000                      67  MTRXIN    BEGN
 11:31:58.664         0.031          0.000          0.000       67  MTRXIN    END 
 11:31:58.664         0.031          0.000                      68  EQUIV     BEGN
 11:31:58.664         0.031          0.000          0.000       68  EQUIV     END 
 11:31:58.664         0.031          0.000                      69  GKAD      BEGN
 11:31:58.664         0.031          0.000          0.000       69  GKAD      END 
 11:31:58.664         0.031          0.000                      70  GKAM      BEGN
 11:31:58.664         0.031          0.000          0.000       70  GKAM      END 
 11:31:58.664         0.031          0.000                      71  APD       BEGN
 11:31:58.664         0.031          0.000          0.000       71  APD       END 
 11:31:58.664         0.031          0.000                      72  PARAM     BEGN
 11:31:58.664         0.031          0.000          0.000       72  PARAM     END 
 11:31:58.664         0.031          0.000                      73  PURGE     BEGN
 11:31:58.664         0.031          0.000          0.000       73  PURGE     END 
 11:31:58.664         0.031          0.000                      74  COND      BEGN
 11:31:58.664         0.031          0.000          0.000       74  COND      END 
 11:31:58.664         0.031          0.000                      82  COND      BEGN
 11:31:58.664         0.031          0.000          0.000       82  COND      END 
 11:31:58.664         0.031          0.000                      83  GI        BEGN
 11:31:58.666         0.031          0.000          0.000       83  GI        END 
 11:31:58.666         0.031          0.000                      84  PARAM     BEGN
 11:31:58.666         0.031          0.000          0.000       84  PARAM     END 
 11:31:58.666         0.031          0.000                    XSFA      BEGN
 11:31:58.666         0.031          0.000                    XSFA      END 
 11:31:58.666         0.031          0.000                      85  AMG       BEGN
 11:31:58.669         0.031          0.000          0.000       85  AMG       END 
 11:31:58.669         0.031          0.000                      86  COND      BEGN
 11:31:58.669         0.031          0.000          0.000       86  COND      END 
 11:31:58.669         0.031          0.000                      89  PARAM     BEGN
 11:31:58.669         0.031          0.000          0.000       89  PARAM     END 
 11:31:58.669         0.031          0.000                      90  AMP       BEGN
 11:31:58.669         0.031          0.000                    MMA       BEGN
 11:31:58.669         0.031          0.000                    MMA1  0   BEGN
 11:31:58.669         0.031          0.000                    MMA1  0   END 
   METHOD USED = 10T   ACTUAL NUMBER OF PASSES =   1
 11:31:58.669         0.031          0.000                    MMA       END 
 11:31:58.669         0.031          0.000                    MMA       BEGN
 11:31:58.669         0.031          0.000                    MMA2  1   BEGN
 11:31:58.669         0.031          0.000                    MMA2  1   END 
   METHOD USED = 21T   ACTUAL NUMBER OF PASSES =   1
 11:31:58.669         0.031          0.000                    MMA       END 
 11:31:58.669         0.031          0.000                    MMA       BEGN
 11:31:58.669         0.031          0.000                    MMA2  1   BEGN
 11:31:58.669         0.031          0.000                    MMA2  1   END 
   METHOD USED = 21T   ACTUAL NUMBER OF PASSES =   1
 11:31:58.669         0.031          0.000                    MMA       END 
 11:31:58.669         0.031          0.000                    TRAN  POSE
 11:31:58.669         0.031          0.000                    TRAN  POSE
 11:31:58.669         0.031          0.000                    CDCO  MP  BEGN
 11:31:58.669         0.031          0.000                    CDCO  MP  END 
 11:31:58.669         0.031          0.000                    GFBS  BEGN
 11:31:58.670         0.031          0.000                    GFBS  END 
 11:31:58.670         0.031          0.000                    MMA       BEGN
 11:31:58.670         0.031          0.000                    MMA2  1   BEGN
 11:31:58.670         0.031          0.000                    MMA2  1   END 
   METHOD USED = 21NT  ACTUAL NUMBER OF PASSES =   1
 11:31:58.670         0.031          0.000                    MMA       END 
 11:31:58.670         0.031          0.000                    MMA       BEGN
 11:31:58.670         0.031          0.000                    MMA1  0   BEGN
 11:31:58.670         0.031          0.000                    MMA1  0   END 
   METHOD USED = 10T   ACTUAL NUMBER OF PASSES =   1
 11:31:58.670         0.031          0.000                    MMA       END 
 11:31:58.670         0.031          0.000                    TRAN  POSE
 11:31:58.670         0.031          0.000                    TRAN  POSE
 11:31:58.670         0.031          0.000                    CDCO  MP  BEGN
 11:31:58.670         0.031          0.000                    CDCO  MP  END 
 11:31:58.670         0.031          0.000                    GFBS  BEGN
 11:31:58.670         0.031          0.000                    GFBS  END 
 11:31:58.670         0.031          0.000                    MMA       BEGN
 11:31:58.670         0.031          0.000                    MMA2  1   BEGN
 11:31:58.670         0.031          0.000                    MMA2  1   END 
   METHOD USED = 21NT  ACTUAL NUMBER OF PASSES =   1
 11:31:58.670         0.031          0.000                    MMA       END 
 11:31:58.670         0.031          0.000                    MMA       BEGN
 11:31:58.670         0.031          0.000                    MMA1  0   BEGN
 11:31:58.670         0.031          0.000                    MMA1  0   END 
   METHOD USED = 10T   ACTUAL NUMBER OF PASSES =   1
 11:31:58.670         0.031          0.000                    MMA       END 
 11:31:58.670         0.031          0.000                    TRAN  POSE
 11:31:58.670         0.031          0.000                    TRAN  POSE
 11:31:58.670         0.031          0.000                    CDCO  MP  BEGN
 11:31:58.671         0.031          0.000                    CDCO  MP  END 
 11:31:58.671         0.031          0.000                    GFBS  BEGN
 11:31:58.671         0.031          0.000                    GFBS  END 
 11:31:58.671         0.031          0.000                    MMA       BEGN
 11:31:58.671         0.031          0.000                    MMA2  1   BEGN
 11:31:58.671         0.031          0.000                    MMA2  1   END 
   METHOD USED = 21NT  ACTUAL NUMBER OF PASSES =   1
 11:31:58.671         0.031          0.000                    MMA       END 
 11:31:58.671         0.031          0.000                    MMA       BEGN
 11:31:58.671         0.031          0.000                    MMA1  0   BEGN
 11:31:58.671         0.031          0.000                    MMA1  0   END 
   METHOD USED = 10T   ACTUAL NUMBER OF PASSES =   1
 11:31:58.671         0.031          0.000                    MMA       END 
 11:31:58.671         0.031          0.000          0.000       90  AMP       END 
 11:31:58.671         0.031          0.000                      91  PARAM     BEGN
 11:31:58.671         0.031          0.000          0.000       91  PARAM     END 
 11:31:58.671         0.031          0.000                      93  FA1       BEGN
 11:31:58.671         0.031          0.000                    MMA       BEGN
 11:31:58.671         0.031          0.000                    MMA1  0   BEGN
 11:31:58.671         0.031          0.000                    MMA1  0   END 
   METHOD USED = 10NT  ACTUAL NUMBER OF PASSES =   1
 11:31:58.671         0.031          0.000                    MMA       END 
 11:31:58.671         0.031          0.000          0.000       93  FA1       END 
 11:31:58.671         0.031          0.000                      94  EQUIV     BEGN
 11:31:58.671         0.031          0.000          0.000       94  EQUIV     END 
 11:31:58.671         0.031          0.000                      95  COND      BEGN
 11:31:58.671         0.031          0.000          0.000       95  COND      END 
 11:31:58.671         0.031          0.000                      96  CEAD      BEGN
 11:31:58.671         0.031          0.000                    CDCO  MP  BEGN
 11:31:58.671         0.031          0.000                    CDCO  MP  END 
 11:31:58.671         0.031          0.000                    GFBS  BEGN
 11:31:58.671         0.031          0.000                    GFBS  END 
 11:31:58.671         0.031          0.000          0.000       96  CEAD      END 
 11:31:58.671         0.031          0.000                      97  COND      BEGN
 11:31:58.671         0.031          0.000          0.000       97  COND      END 
 11:31:58.671         0.031          0.000                      99  VDR       BEGN
 11:31:58.672         0.031          0.000          0.000       99  VDR       END 
 11:31:58.672         0.031          0.000                     100  COND      BEGN
 11:31:58.672         0.031          0.000          0.000      100  COND      END 
 11:31:58.672         0.031          0.000                     103  FA2       BEGN
 11:31:58.672         0.031          0.000          0.000      103  FA2       END 
 11:31:58.672         0.031          0.000                     104  COND      BEGN
 11:31:58.672         0.031          0.000          0.000      104  COND      END 
 11:31:58.672         0.031          0.000                     106  COND      BEGN
 11:31:58.672         0.031          0.000          0.000      106  COND      END 
 11:31:58.672         0.031          0.000                     107  REPT      BEGN
 11:31:58.672         0.031          0.000          0.000      107  REPT      END 
 11:31:58.672         0.031          0.000                    XSFA      BEGN
 11:31:58.672         0.031          0.000                    XSFA      END 
 11:31:58.672         0.031          0.000                      93  FA1       BEGN
 11:31:58.672         0.031          0.000          0.000       93  FA1       END 
 11:31:58.672         0.031          0.000                      94  EQUIV     BEGN
 11:31:58.672         0.031          0.000          0.000       94  EQUIV     END 
 11:31:58.672         0.031          0.000                      95  COND      BEGN
 11:31:58.672         0.031          0.000          0.000       95  COND      END 
 11:31:58.672         0.031          0.000                      96  CEAD      BEGN
 11:31:58.672         0.031          0.000                    CDCO  MP  BEGN
 11:31:58.672         0.031          0.000                    CDCO  MP  END 
 11:31:58.672         0.031          0.000                    GFBS  BEGN
 11:31:58.672         0.031          0.000                    GFBS  END 
 11:31:58.672         0.031          0.000          0.000       96  CEAD      END 
 11:31:58.672         0.031          0.000                      97  COND      BEGN
 11:31:58.672         0.031          0.000          0.000       97  COND      END 
 11:31:58.672         0.031          0.000                      99  VDR       BEGN
 11:31:58.672         0.031          0.000          0.000       99  VDR       END 
 11:31:58.672         0.031          0.000                     100  COND      BEGN
 11:31:58.672         0.031          0.000          0.000      100  COND      END 
 11:31:58.672         0.031          0.000                     103  FA2       BEGN
 11:31:58.672         0.031          0.000          0.000      103  FA2       END 
 11:31:58.672         0.031          0.000                     104  COND      BEGN
 11:31:58.672         0.031          0.000          0.000      104  COND      END 
 11:31:58.672         0.031          0.000                     106  COND      BEGN
 11:31:58.672         0.031          0.000          0.000      106  COND      END 
 11:31:58.672         0.031          0.000                     107  REPT      BEGN
 11:31:58.672         0.031          0.000          0.000      107  REPT      END 
 11:31:58.672         0.031          0.000                    XSFA      BEGN
 11:31:58.673         0.031          0.000                    XSFA      END 
 11:31:58.673         0.031          0.000                      93  FA1       BEGN
 11:31:58.673         0.031          0.000          0.000       93  FA1       END 
 11:31:58.673         0.031          0.000                      94  EQUIV     BEGN
 11:31:58.673         0.031          0.000          0.000       94  EQUIV     END 
 11:31:58.673         0.031          0.000                      95  COND      BEGN
 11:31:58.673         0.031          0.000          0.000       95  COND      END 
 11:31:58.673         0.031          0.000                      96  CEAD      BEGN
 11:31:58.673         0.031          0.000                    CDCO  MP  BEGN
 11:31:58.673         0.031          0.000                    CDCO  MP  END 
 11:31:58.673         0.031          0.000                    GFBS  BEGN
 11:31:58.673         0.031          0.000                    GFBS  END 
 11:31:58.673         0.031          0.000          0.000       96  CEAD      END 
 11:31:58.673         0.031          0.000                      97  COND      BEGN
 11:31:58.673         0.031          0.000          0.000       97  COND      END 
 11:31:58.673         0.031          0.000                      99  VDR       BEGN
 11:31:58.673         0.031          0.000          0.000       99  VDR       END 
 11:31:58.673         0.031          0.000                     100  COND      BEGN
 11:31:58.673         0.031          0.000          0.000      100  COND      END 
 11:31:58.673         0.031          0.000                     103  FA2       BEGN
 11:31:58.673         0.031          0.000          0.000      103  FA2       END 
 11:31:58.673         0.031          0.000                     104  COND      BEGN
 11:31:58.673         0.031          0.000          0.000      104  COND      END 
 11:31:58.673         0.031          0.000                     106  COND      BEGN
 11:31:58.673         0.031          0.000          0.000      106  COND      END 
 11:31:58.673         0.031          0.000                     107  REPT      BEGN
 11:31:58.673         0.031          0.000          0.000      107  REPT      END 
 11:31:58.673         0.031          0.000                    XSFA      BEGN
 11:31:58.673         0.031          0.000                    XSFA      END 
 11:31:58.673         0.031          0.000                      93  FA1       BEGN
 11:31:58.673         0.031          0.000          0.000       93  FA1       END 
 11:31:58.673         0.031          0.000                      94  EQUIV     BEGN
 11:31:58.673         0.031          0.000          0.000       94  EQUIV     END 
 11:31:58.673         0.031          0.000                      95  COND      BEGN
 11:31:58.673         0.031          0.000          0.000       95  COND      END 
 11:31:58.673         0.031          0.000                      96  CEAD      BEGN
 11:31:58.673         0.031          0.000                    CDCO  MP  BEGN
 11:31:58.673         0.031          0.000                    CDCO  MP  END 
 11:31:58.674         0.031          0.000                    GFBS  BEGN
 11:31:58.674         0.031          0.000                    GFBS  END 
 11:31:58.674         0.031          0.000          0.000       96  CEAD      END 
 11:31:58.674         0.031          0.000                      97  COND      BEGN
 11:31:58.674         0.031          0.000          0.000       97  COND      END 
 11:31:58.674         0.031          0.000                      99  VDR       BEGN
 11:31:58.674         0.031          0.000          0.000       99  VDR       END 
 11:31:58.674         0.031          0.000                     100  COND      BEGN
 11:31:58.674         0.031          0.000          0.000      100  COND      END 
 11:31:58.674         0.031          0.000                     103  FA2       BEGN
 11:31:58.674         0.031          0.000          0.000      103  FA2       END 
 11:31:58.674         0.031          0.000                     104  COND      BEGN
 11:31:58.674         0.031          0.000          0.000      104  COND      END 
 11:31:58.674         0.031          0.000                     106  COND      BEGN
 11:31:58.674         0.031          0.000          0.000      106  COND      END 
 11:31:58.674         0.031          0.000                     107  REPT      BEGN
 11:31:58.674         0.031          0.000          0.000      107  REPT      END 
 11:31:58.674         0.031          0.000                    XSFA      BEGN
 11:31:58.674         0.031          0.000                    XSFA      END 
 11:31:58.674         0.031          0.000                      93  FA1       BEGN
 11:31:58.674         0.031          0.000          0.000       93  FA1       END 
 11:31:58.674         0.031          0.000                      94  EQUIV     BEGN
 11:31:58.674         0.031          0.000          0.000       94  EQUIV     END 
 11:31:58.674         0.031          0.000                      95  COND      BEGN
 11:31:58.674         0.031          0.000          0.000       95  COND      END 
 11:31:58.674         0.031          0.000                      96  CEAD      BEGN
 11:31:58.674         0.031          0.000                    CDCO  MP  BEGN
 11:31:58.674         0.031          0.000                    CDCO  MP  END 
 11:31:58.674         0.031          0.000                    GFBS  BEGN
 11:31:58.674         0.031          0.000                    GFBS  END 
 11:31:58.674         0.031          0.000          0.000       96  CEAD      END 
 11:31:58.674         0.031          0.000                      97  COND      BEGN
 11:31:58.674         0.031          0.000          0.000       97  COND      END 
 11:31:58.674         0.031          0.000                      99  VDR       BEGN
 11:31:58.674         0.031          0.000          0.000       99  VDR       END 
 11:31:58.674         0.031          0.000                     100  COND      BEGN
 11:31:58.674         0.031          0.000          0.000      100  COND      END 
 11:31:58.674         0.031          0.000                     103  FA2       BEGN
 11:31:58.674         0.031          0.000          0.000      103  FA2       END 
 11:31:58.674         0.031          0.000                     104  COND      BEGN
 11:31:58.675         0.031          0.000          0.000      104  COND      END 
 11:31:58.675         0.031          0.000                     106  COND      BEGN
 11:31:58.675         0.031          0.000          0.000      106  COND      END 
 11:31:58.675         0.031          0.000                     107  REPT      BEGN
 11:31:58.675         0.031          0.000          0.000      107  REPT      END 
 11:31:58.675         0.031          0.000                    XSFA      BEGN
 11:31:58.675         0.031          0.000                    XSFA      END 
 11:31:58.675         0.031          0.000                      93  FA1       BEGN
 11:31:58.675         0.031          0.000          0.000       93  FA1       END 
 11:31:58.675         0.031          0.000                      94  EQUIV     BEGN
 11:31:58.675         0.031          0.000          0.000       94  EQUIV     END 
 11:31:58.675         0.031          0.000                      95  COND      BEGN
 11:31:58.675         0.031          0.000          0.000       95  COND      END 
 11:31:58.675         0.031          0.000                      96  CEAD      BEGN
 11:31:58.675         0.031          0.000                    CDCO  MP  BEGN
 11:31:58.675         0.031          0.000                    CDCO  MP  END 
 11:31:58.675         0.031          0.000                    GFBS  BEGN
 11:31:58.675         0.031          0.000                    GFBS  END 
 11:31:58.675         0.031          0.000          0.000       96  CEAD      END 
 11:31:58.675         0.031          0.000                      97  COND      BEGN
 11:31:58.675         0.031          0.000          0.000       97  COND      END 
 11:31:58.675         0.031          0.000                      99  VDR       BEGN
 11:31:58.675         0.031          0.000          0.000       99  VDR       END 
 11:31:58.675         0.031          0.000                     100  COND      BEGN
 11:31:58.675         0.031          0.000          0.000      100  COND      END 
 11:31:58.675         0.031          0.000                     103  FA2       BEGN
 11:31:58.675         0.031          0.000          0.000      103  FA2       END 
 11:31:58.675         0.031          0.000                     104  COND      BEGN
 11:31:58.675         0.031          0.000          0.000      104  COND      END 
 11:31:58.675         0.031          0.000                     106  COND      BEGN
 11:31:58.675         0.031          0.000          0.000      106  COND      END 
 11:31:58.675         0.031          0.000                     110  PARAML    BEGN
 11:31:58.675         0.031          0.000          0.000      110  PARAML    END 
 11:31:58.675         0.031          0.000                     111  COND      BEGN
 11:31:58.675         0.031          0.000          0.000      111  COND      END 
 11:31:58.675         0.031          0.000                    XSFA      BEGN
 11:31:58.675         0.031          0.000                    XSFA      END 
 11:31:58.675         0.031          0.000                     112  XYTRAN    BEGN
 11:31:58.676         0.031          0.000          0.000      112  XYTRAN    END 
 11:31:58.676         0.031          0.000                     113  COND      BEGN
 11:31:58.676         0.031          0.000          0.000      113  COND      END 
 11:31:58.676         0.031          0.000                     114  XYPLOT    BEGN
 11:31:58.676         0.031          0.000          0.000      114  XYPLOT    END 
 11:31:58.676         0.031          0.000                     116  PARAM     BEGN
 11:31:58.676         0.031          0.000          0.000      116  PARAM     END 
 11:31:58.676         0.031          0.000                     117  COND      BEGN
 11:31:58.676         0.031          0.000          0.000      117  COND      END 
 11:31:58.676         0.031          0.000                     152  PURGE     BEGN
 11:31:58.676         0.031          0.000          0.000      152  PURGE     END 
 11:31:58.676         0.031          0.000                     153  EXIT      BEGN
1     STATISTICS ON IN-MEMORY DATA BASE AND DISK I/O USAGE

         LENGTH (IN WORDS) OF OPEN CORE ALLOCATED                   2000000
         LENGTH (IN WORDS) OF IN-MEMORY DATA BASE ALLOCATED        12000000
         NUMBER OF BLOCKS USED IN THE IN-MEMORY DATA BASE                62
         NUMBER OF BLOCKS ALLOCATED FOR THE IN-MEMORY DATA            11661
         PERCENTAGE OF IN-MEMORY DATA USED                                0%
         TOTAL BLOCKS WRITTEN TO DISK                              20000003
         BLOCK SIZE (IN WORDS)                                         1024
         NUMBER OF OPENS TO DISK FILES                                    8
         NUMBER OF CLOSES TO DISK FILES                                   8
         NUMBER OF WRITES TO DISK FILES                                   6
         NUMBER OF READS FROM DISK FILES                                  8
         MEMORY (IN WORDS) NOT USED BY IN-MEM. DATA BASE           11981767
