1*****************************************************************************
 *                                                                           *
 *       DATE  9/ 4/16       LOG OF 95 X86_64 Windows_NT NASTRAN JOB         *
 *                                                                           *
 *****************************************************************************

   WALL               TOTAL       INCREMENTAL      MODULE              MODULE/
   CLOCK               CPU            CPU            CPU             SUBROUTINE
   TIME              SECONDS        SECONDS        SECONDS             STATUS

 ------------------------------------------------------------------------------

 22:10:14.588         0.000          0.000                    SEM1  BEGN
 22:10:14.589         0.000          0.000                    GNFI
 22:10:14.589         0.000          0.000                    TTIO
 22:10:14.591         0.000          0.000                    TTLP
 22:10:14.592         0.000          0.000                    XCSA
 ID    D01011B,RESTART                                                   
 22:10:14.638         0.000          0.000                    IFP1
 TITLE    = DELTA WING             RESTART                               
 22:10:14.656         0.000          0.000                    XSOR
 22:10:14.678         0.000          0.000                    IFP   BEGN
 22:10:14.679         0.000          0.000                    IFP   END 
 22:10:14.679         0.000          0.000                    XGPI
 22:10:14.682         0.000          0.000                    BAND  IT  BEGN
 22:10:14.682         0.000          0.000                    BAND  IT  QUIT
 22:10:14.682         0.000          0.000                    SEM1  END 
 22:10:14.682         0.000          0.000                       4  SETVAL    BEGN
 22:10:14.682         0.000          0.000          0.000        4  SETVAL    END 
 22:10:14.682         0.000          0.000                       5  PARAM     BEGN
 22:10:14.682         0.000          0.000          0.000        5  PARAM     END 
 22:10:14.682         0.000          0.000                      30  EQUIV     BEGN
 22:10:14.682         0.000          0.000          0.000       30  EQUIV     END 
 22:10:14.682         0.000          0.000                      58  PARAM     BEGN
 22:10:14.682         0.000          0.000          0.000       58  PARAM     END 
 22:10:14.682         0.000          0.000                    XSFA      BEGN
 22:10:14.683         0.000          0.000                    XSFA      END 
 22:10:14.683         0.000          0.000                      60  GP4       BEGN
 22:10:14.683         0.000          0.000          0.000       60  GP4       END 
 22:10:14.683         0.000          0.000                      62  COND      BEGN
 22:10:14.683         0.000          0.000          0.000       62  COND      END 
 22:10:14.683         0.000          0.000                      63  PARAM     BEGN
 22:10:14.683         0.000          0.000          0.000       63  PARAM     END 
 22:10:14.683         0.000          0.000                      64  PURGE     BEGN
 22:10:14.683         0.000          0.000          0.000       64  PURGE     END 
 22:10:14.683         0.000          0.000                      86  SSG1      BEGN
 22:10:14.689         0.000          0.000          0.000       86  SSG1      END 
 22:10:14.689         0.000          0.000                      87  EQUIV     BEGN
 22:10:14.689         0.000          0.000          0.000       87  EQUIV     END 
 22:10:14.689         0.000          0.000                      88  COND      BEGN
 22:10:14.689         0.000          0.000          0.000       88  COND      END 
 22:10:14.689         0.000          0.000                      89  SSG2      BEGN
 22:10:14.689         0.000          0.000                    MMA       BEGN
       MMA - NULL MATRIX PRODUCT
 22:10:14.689         0.000          0.000                    MMA       END 
 22:10:14.689         0.000          0.000          0.000       89  SSG2      END 
 22:10:14.689         0.000          0.000                      91  SSG3      BEGN
 22:10:14.689         0.000          0.000                    FBSI  BEGN
 22:10:14.689         0.000          0.000                    FBS2  BEGN
 22:10:14.689         0.000          0.000                    FBS2  END 
 22:10:14.689         0.000          0.000                    FBSI  END 
 22:10:14.689         0.000          0.000                    MMA       BEGN
 22:10:14.689         0.000          0.000                    MMA2  1   BEGN
 22:10:14.689         0.000          0.000                    MMA2  1   END 
   METHOD USED = 21NT  ACTUAL NUMBER OF PASSES =   1
 22:10:14.689         0.000          0.000                    MMA       END 
 22:10:14.689         0.000          0.000          0.000       91  SSG3      END 
 22:10:14.690         0.016          0.000                      92  COND      BEGN
 22:10:14.690         0.016          0.000          0.000       92  COND      END 
 22:10:14.690         0.016          0.000                      93  MATGPR    BEGN
 22:10:14.690         0.016          0.000          0.000       93  MATGPR    END 
 22:10:14.690         0.016          0.000                      94  MATGPR    BEGN
 22:10:14.690         0.016          0.000          0.000       94  MATGPR    END 
 22:10:14.690         0.016          0.000                      96  SDR1      BEGN
 22:10:14.690         0.016          0.000                    MMA       BEGN
 22:10:14.690         0.016          0.000                    MMA2  1   BEGN
 22:10:14.690         0.016          0.000                    MMA2  1   END 
   METHOD USED = 21T   ACTUAL NUMBER OF PASSES =   1
 22:10:14.690         0.016          0.000                    MMA       END 
 22:10:14.690         0.016          0.000          0.000       96  SDR1      END 
 22:10:14.690         0.016          0.000                     103  GPFDR     BEGN
 22:10:14.690         0.016          0.000          0.000      103  GPFDR     END 
 22:10:14.690         0.016          0.000                     104  PURGE     BEGN
 22:10:14.690         0.016          0.000          0.000      104  PURGE     END 
 22:10:14.690         0.016          0.000                     105  OFP       BEGN
 22:10:14.690         0.016          0.000          0.000      105  OFP       END 
 22:10:14.690         0.016          0.000                    XSFA      BEGN
 22:10:14.690         0.016          0.000                    XSFA      END 
 22:10:14.690         0.016          0.000                     110  SDR2      BEGN
 22:10:14.691         0.016          0.000          0.000      110  SDR2      END 
 22:10:14.691         0.016          0.000                     111  COND      BEGN
 22:10:14.691         0.016          0.000          0.000      111  COND      END 
 22:10:14.691         0.016          0.000                     114  PURGE     BEGN
 22:10:14.691         0.016          0.000          0.000      114  PURGE     END 
 22:10:14.691         0.016          0.000                     115  COND      BEGN
 22:10:14.691         0.016          0.000          0.000      115  COND      END 
 22:10:14.691         0.016          0.000                     120  PURGE     BEGN
 22:10:14.691         0.016          0.000          0.000      120  PURGE     END 
 22:10:14.691         0.016          0.000                     121  COND      BEGN
 22:10:14.691         0.016          0.000          0.000      121  COND      END 
 22:10:14.691         0.016          0.000                     140  PURGE     BEGN
 22:10:14.691         0.016          0.000          0.000      140  PURGE     END 
 22:10:14.691         0.016          0.000                     141  COND      BEGN
 22:10:14.691         0.016          0.000          0.000      141  COND      END 
 22:10:14.691         0.016          0.000                     146  OFP       BEGN
 22:10:14.709         0.016          0.000          0.000      146  OFP       END 
 22:10:14.709         0.016          0.000                     147  OFP       BEGN
 22:10:14.709         0.016          0.000          0.000      147  OFP       END 
 22:10:14.709         0.016          0.000                     148  SCAN      BEGN
 22:10:14.709         0.016          0.000          0.000      148  SCAN      END 
 22:10:14.709         0.016          0.000                     149  OFP       BEGN
 22:10:14.709         0.016          0.000          0.000      149  OFP       END 
 22:10:14.709         0.016          0.000                     150  OFP       BEGN
 22:10:14.709         0.016          0.000          0.000      150  OFP       END 
 22:10:14.709         0.016          0.000                     159  JUMP      BEGN
 22:10:14.709         0.016          0.000          0.000      159  JUMP      END 
 22:10:14.709         0.016          0.000                     171  PURGE     BEGN
 22:10:14.709         0.016          0.000          0.000      171  PURGE     END 
 22:10:14.709         0.016          0.000                     228  EXIT      BEGN
1     STATISTICS ON IN-MEMORY DATA BASE AND DISK I/O USAGE

         LENGTH (IN WORDS) OF OPEN CORE ALLOCATED                   2000000
         LENGTH (IN WORDS) OF IN-MEMORY DATA BASE ALLOCATED        12000000
         NUMBER OF BLOCKS USED IN THE IN-MEMORY DATA BASE                76
         NUMBER OF BLOCKS ALLOCATED FOR THE IN-MEMORY DATA            11661
         PERCENTAGE OF IN-MEMORY DATA USED                                0%
         TOTAL BLOCKS WRITTEN TO DISK                              20000006
         BLOCK SIZE (IN WORDS)                                         1024
         NUMBER OF OPENS TO DISK FILES                                   14
         NUMBER OF CLOSES TO DISK FILES                                  14
         NUMBER OF WRITES TO DISK FILES                                   9
         NUMBER OF READS FROM DISK FILES                                 94
         MEMORY (IN WORDS) NOT USED BY IN-MEM. DATA BASE           11967305
