1*****************************************************************************
 *                                                                           *
 *       DATE 12/26/16       LOG OF 95 X86_64 Windows_NT NASTRAN JOB         *
 *                                                                           *
 *****************************************************************************

   WALL               TOTAL       INCREMENTAL      MODULE              MODULE/
   CLOCK               CPU            CPU            CPU             SUBROUTINE
   TIME              SECONDS        SECONDS        SECONDS             STATUS

 ------------------------------------------------------------------------------

 16:43:02.274         0.000          0.000                    SEM1  BEGN
 16:43:02.275         0.000          0.000                    GNFI
 16:43:02.276         0.000          0.000                    TTIO
 16:43:02.278         0.000          0.000                    TTLP
 16:43:02.279         0.000          0.000                    XCSA
 ID    D02026A,NASTRAN                                                   
 16:43:02.295         0.000          0.000                    ASDM  BEGN
 16:43:02.309         0.000          0.000                    ASDM  END 
 16:43:02.309         0.000          0.000                    IFP1
 TITLE    = WINDMILL PANEL SECTIONS FOR AUTOMATED MULTI-STAGE SUBSTRUCTUR
 16:43:02.314         0.000          0.000                    XSOR
 16:43:02.319         0.000          0.000                    IFP   BEGN
 16:43:02.320         0.000          0.000                    IFP   END 
 16:43:02.320         0.000          0.000                    XGPI
 16:43:02.323         0.000          0.000                    BAND  IT  BEGN
 16:43:02.334         0.000          0.000                    BAND  IT  END 
 16:43:02.334         0.000          0.000                    SEM1  END 
 16:43:02.335         0.000          0.000                       4  SETVAL    BEGN
 16:43:02.335         0.000          0.000          0.000        4  SETVAL    END 
 16:43:02.335         0.000          0.000                       5  PARAM     BEGN
 16:43:02.335         0.000          0.000          0.000        5  PARAM     END 
 16:43:02.335         0.000          0.000                    XSFA      BEGN
 16:43:02.335         0.000          0.000                    XSFA      END 
 16:43:02.335         0.000          0.000                      11  GP1       BEGN
 16:43:02.339         0.000          0.000          0.000       11  GP1       END 
 16:43:02.339         0.000          0.000                      12  ANISOP    BEGN
 16:43:02.339         0.000          0.000          0.000       12  ANISOP    END 
 16:43:02.339         0.000          0.000                      13  EQUIV     BEGN
 16:43:02.339         0.000          0.000          0.000       13  EQUIV     END 
 16:43:02.339         0.000          0.000                      14  PLTTRAN   BEGN
 16:43:02.339         0.000          0.000          0.000       14  PLTTRAN   END 
 16:43:02.339         0.000          0.000                      15  GP2       BEGN
 16:43:02.339         0.000          0.000          0.000       15  GP2       END 
 16:43:02.339         0.000          0.000                      16  PARAML    BEGN
 16:43:02.339         0.000          0.000          0.000       16  PARAML    END 
 16:43:02.339         0.000          0.000                      17  PURGE     BEGN
 16:43:02.339         0.000          0.000          0.000       17  PURGE     END 
 16:43:02.339         0.000          0.000                      18  COND      BEGN
 16:43:02.339         0.000          0.000          0.000       18  COND      END 
 16:43:02.339         0.000          0.000                      27  GP3       BEGN
 16:43:02.339         0.000          0.000          0.000       27  GP3       END 
 16:43:02.339         0.000          0.000                      28  PARAM     BEGN
 16:43:02.339         0.000          0.000          0.000       28  PARAM     END 
 16:43:02.340         0.000          0.000                      29  TA1       BEGN
 16:43:02.340         0.000          0.000          0.000       29  TA1       END 
 16:43:02.340         0.000          0.000                      30  EQUIV     BEGN
 16:43:02.340         0.000          0.000          0.000       30  EQUIV     END 
 16:43:02.340         0.000          0.000                      31  PARAM     BEGN
 16:43:02.340         0.000          0.000          0.000       31  PARAM     END 
 16:43:02.340         0.000          0.000                      32  COND      BEGN
 16:43:02.340         0.000          0.000          0.000       32  COND      END 
 16:43:02.340         0.000          0.000                      33  PURGE     BEGN
 16:43:02.340         0.000          0.000          0.000       33  PURGE     END 
 16:43:02.340         0.000          0.000                      34  OPTPR1    BEGN
 16:43:02.340         0.000          0.000          0.000       34  OPTPR1    END 
 16:43:02.340         0.000          0.000                      36  COND      BEGN
 16:43:02.340         0.000          0.000          0.000       36  COND      END 
 16:43:02.340         0.000          0.000                      37  PARAM     BEGN
 16:43:02.340         0.000          0.000          0.000       37  PARAM     END 
 16:43:02.340         0.000          0.000                      38  EQUIV     BEGN
 16:43:02.340         0.000          0.000          0.000       38  EQUIV     END 
 16:43:02.340         0.000          0.000                      39  EMG       BEGN
 16:43:02.345         0.000          0.000          0.000       39  EMG       END 
 16:43:02.345         0.000          0.000                      40  COND      BEGN
 16:43:02.345         0.000          0.000          0.000       40  COND      END 
 16:43:02.345         0.000          0.000                      41  EMA       BEGN
 16:43:02.345         0.000          0.000          0.000       41  EMA       END 
 16:43:02.345         0.000          0.000                      43  PURGE     BEGN
 16:43:02.345         0.000          0.000          0.000       43  PURGE     END 
 16:43:02.345         0.000          0.000                      44  COND      BEGN
 16:43:02.345         0.000          0.000          0.000       44  COND      END 
 16:43:02.345         0.000          0.000                      45  EMA       BEGN
 16:43:02.346         0.000          0.000          0.000       45  EMA       END 
 16:43:02.346         0.000          0.000                      46  PURGE     BEGN
 16:43:02.346         0.000          0.000          0.000       46  PURGE     END 
 16:43:02.346         0.000          0.000                      48  COND      BEGN
 16:43:02.346         0.000          0.000          0.000       48  COND      END 
 16:43:02.346         0.000          0.000                      53  EQUIV     BEGN
 16:43:02.346         0.000          0.000          0.000       53  EQUIV     END 
 16:43:02.346         0.000          0.000                      54  COND      BEGN
 16:43:02.346         0.000          0.000          0.000       54  COND      END 
 16:43:02.346         0.000          0.000                    XSFA      BEGN
 16:43:02.346         0.000          0.000                    XSFA      END 
 16:43:02.346         0.000          0.000                      57  GPSTGEN   BEGN
 16:43:02.346         0.000          0.000          0.000       57  GPSTGEN   END 
 16:43:02.346         0.000          0.000                      58  PARAM     BEGN
 16:43:02.346         0.000          0.000          0.000       58  PARAM     END 
 16:43:02.346         0.000          0.000                      60  GP4       BEGN
 16:43:02.346         0.000          0.000          0.000       60  GP4       END 
 16:43:02.346         0.000          0.000                      61  OFP       BEGN
 16:43:02.346         0.000          0.000          0.000       61  OFP       END 
 16:43:02.346         0.000          0.000                      62  COND      BEGN
 16:43:02.346         0.000          0.000          0.000       62  COND      END 
 16:43:02.347         0.000          0.000                      63  PARAM     BEGN
 16:43:02.347         0.000          0.000          0.000       63  PARAM     END 
 16:43:02.347         0.000          0.000                      64  PURGE     BEGN
 16:43:02.347         0.000          0.000          0.000       64  PURGE     END 
 16:43:02.347         0.000          0.000                      65  EQUIV     BEGN
 16:43:02.347         0.000          0.000          0.000       65  EQUIV     END 
 16:43:02.347         0.000          0.000                      66  COND      BEGN
 16:43:02.347         0.000          0.000          0.000       66  COND      END 
 16:43:02.347         0.000          0.000                      70  EQUIV     BEGN
 16:43:02.347         0.000          0.000          0.000       70  EQUIV     END 
 16:43:02.347         0.000          0.000                      71  COND      BEGN
 16:43:02.347         0.000          0.000          0.000       71  COND      END 
 16:43:02.347         0.000          0.000                      72  SCE1      BEGN
 16:43:02.347         0.000          0.000          0.000       72  SCE1      END 
 16:43:02.347         0.000          0.000                      74  EQUIV     BEGN
 16:43:02.347         0.000          0.000          0.000       74  EQUIV     END 
 16:43:02.347         0.000          0.000                      75  COND      BEGN
 16:43:02.347         0.000          0.000          0.000       75  COND      END 
 16:43:02.347         0.000          0.000                      85  PARAM     BEGN
 16:43:02.347         0.000          0.000          0.000       85  PARAM     END 
 16:43:02.347         0.000          0.000                      85  SOFUT     BEGN
 16:43:02.353         0.000          0.000          0.000       85  SOFUT     END 
 16:43:02.353         0.000          0.000                      86  SSG1      BEGN
 16:43:02.357         0.000          0.000          0.000       86  SSG1      END 
 16:43:02.357         0.000          0.000                      87  EQUIV     BEGN
 16:43:02.357         0.000          0.000          0.000       87  EQUIV     END 
 16:43:02.357         0.000          0.000                      95  PARAM     BEGN
 16:43:02.357         0.000          0.000          0.000       95  PARAM     END 
 16:43:02.357         0.000          0.000                      95  SSG2      BEGN
 16:43:02.357         0.000          0.000                    MMA       BEGN
       MMA - NULL MATRIX PRODUCT
 16:43:02.357         0.000          0.000                    MMA       END 
 16:43:02.357         0.000          0.000          0.000       95  SSG2      END 
 16:43:02.357         0.000          0.000                      95  RCOVR3    BEGN
 16:43:02.357         0.000          0.000                    MMA       BEGN
       MMA - NULL MATRIX PRODUCT
 16:43:02.357         0.000          0.000                    MMA       END 
 16:43:02.357         0.000          0.000                    MMA       BEGN
       MMA - NULL MATRIX PRODUCT
 16:43:02.357         0.000          0.000                    MMA       END 
 16:43:02.360         0.000          0.000          0.000       95  RCOVR3    END 
 16:43:02.360         0.000          0.000                      95  EQUIV     BEGN
 16:43:02.360         0.000          0.000          0.000       95  EQUIV     END 
 16:43:02.360         0.000          0.000                      95  EQUIV     BEGN
 16:43:02.360         0.000          0.000          0.000       95  EQUIV     END 
 16:43:02.360         0.000          0.000                      95  EQUIV     BEGN
 16:43:02.360         0.000          0.000          0.000       95  EQUIV     END 
 16:43:02.360         0.000          0.000                      95  EQUIV     BEGN
 16:43:02.360         0.000          0.000          0.000       95  EQUIV     END 
 16:43:02.360         0.000          0.000                      95  COND      BEGN
 16:43:02.360         0.000          0.000          0.000       95  COND      END 
 16:43:02.360         0.000          0.000                      96  SDR1      BEGN
 16:43:02.360         0.000          0.000                    MMA       BEGN
 16:43:02.360         0.000          0.000                    MMA3  2   BEGN
 16:43:02.360         0.000          0.000                    MMA3  2   END 
   METHOD USED = 32T   ACTUAL NUMBER OF PASSES =   1
 16:43:02.360         0.000          0.000                    MMA       END 
 16:43:02.360         0.000          0.000          0.000       96  SDR1      END 
 16:43:02.360         0.000          0.000                      96  UMERGE    BEGN
 16:43:02.360         0.000          0.000          0.000       96  UMERGE    END 
 16:43:02.360         0.000          0.000                      96  ADD       BEGN
 16:43:02.360         0.000          0.000          0.000       96  ADD       END 
 16:43:02.360         0.000          0.000                      96  EQUIV     BEGN
 16:43:02.360         0.000          0.000          0.000       96  EQUIV     END 
 16:43:02.360         0.000          0.000                      97  COND      BEGN
 16:43:02.360         0.000          0.000          0.000       97  COND      END 
 16:43:02.360         0.000          0.000                    XSFA      BEGN
 16:43:02.360         0.000          0.000                    XSFA      END 
 16:43:02.361         0.000          0.000                     103  GPFDR     BEGN
 16:43:02.361         0.000          0.000          0.000      103  GPFDR     END 
 16:43:02.361         0.000          0.000                     104  PURGE     BEGN
 16:43:02.361         0.000          0.000          0.000      104  PURGE     END 
 16:43:02.361         0.000          0.000                     105  OFP       BEGN
 16:43:02.361         0.000          0.000          0.000      105  OFP       END 
 16:43:02.361         0.000          0.000                     106  COND      BEGN
 16:43:02.361         0.000          0.000          0.000      106  COND      END 
 16:43:02.361         0.000          0.000                     110  SDR2      BEGN
 16:43:02.361         0.000          0.000          0.000      110  SDR2      END 
 16:43:02.361         0.000          0.000                     111  COND      BEGN
 16:43:02.361         0.000          0.000          0.000      111  COND      END 
 16:43:02.361         0.000          0.000                     114  PURGE     BEGN
 16:43:02.361         0.000          0.000          0.000      114  PURGE     END 
 16:43:02.361         0.000          0.000                     115  COND      BEGN
 16:43:02.361         0.000          0.000          0.000      115  COND      END 
 16:43:02.361         0.000          0.000                     120  PURGE     BEGN
 16:43:02.361         0.000          0.000          0.000      120  PURGE     END 
 16:43:02.361         0.000          0.000                     121  COND      BEGN
 16:43:02.361         0.000          0.000          0.000      121  COND      END 
 16:43:02.361         0.000          0.000                     140  PURGE     BEGN
 16:43:02.361         0.000          0.000          0.000      140  PURGE     END 
 16:43:02.361         0.000          0.000                     141  COND      BEGN
 16:43:02.361         0.000          0.000          0.000      141  COND      END 
 16:43:02.361         0.000          0.000                     146  OFP       BEGN
 16:43:02.394         0.016          0.000          0.016      146  OFP       END 
 16:43:02.394         0.016          0.000                     147  OFP       BEGN
 16:43:02.394         0.016          0.000          0.000      147  OFP       END 
 16:43:02.394         0.016          0.000                    XSFA      BEGN
 16:43:02.394         0.016          0.000                    XSFA      END 
 16:43:02.395         0.016          0.000                     148  SCAN      BEGN
 16:43:02.395         0.016          0.000          0.000      148  SCAN      END 
 16:43:02.395         0.016          0.000                     149  OFP       BEGN
 16:43:02.395         0.016          0.000          0.000      149  OFP       END 
 16:43:02.395         0.016          0.000                     150  OFP       BEGN
 16:43:02.395         0.016          0.000          0.000      150  OFP       END 
 16:43:02.395         0.016          0.000                     152  COND      BEGN
 16:43:02.395         0.016          0.000          0.000      152  COND      END 
 16:43:02.395         0.016          0.000                     157  COND      BEGN
 16:43:02.395         0.016          0.000          0.000      157  COND      END 
 16:43:02.395         0.016          0.000                     171  PURGE     BEGN
 16:43:02.395         0.016          0.000          0.000      171  PURGE     END 
 16:43:02.395         0.016          0.000                     228  EXIT      BEGN
1     STATISTICS ON IN-MEMORY DATA BASE AND DISK I/O USAGE

         LENGTH (IN WORDS) OF OPEN CORE ALLOCATED                   2000000
         LENGTH (IN WORDS) OF IN-MEMORY DATA BASE ALLOCATED        12000000
         NUMBER OF BLOCKS USED IN THE IN-MEMORY DATA BASE                89
         NUMBER OF BLOCKS ALLOCATED FOR THE IN-MEMORY DATA            11661
         PERCENTAGE OF IN-MEMORY DATA USED                                0%
         TOTAL BLOCKS WRITTEN TO DISK                              40000004
         BLOCK SIZE (IN WORDS)                                         1024
         NUMBER OF OPENS TO DISK FILES                                   13
         NUMBER OF CLOSES TO DISK FILES                                  13
         NUMBER OF WRITES TO DISK FILES                                  11
         NUMBER OF READS FROM DISK FILES                                 27
         MEMORY (IN WORDS) NOT USED BY IN-MEM. DATA BASE           11953876
