     NASTRAN  BULKDATA = -3, TITLEOPT = 0                                            
1                                                                       / 95 X86_64 Windows_NT NASTRAN     / SEP  4, 16 / PAGE     2
                                                                                                                                    
0                                                                                                                                   
                                                                                                         
                                                                                                         
                         INSTALLATION CENTER USER INFORMATION GIVEN IN THIS SECTION                      
                                                                                                         
                                     *********************************************                       
                                     *                                           *                       
                                     *  PLEASE READ THE COMMENT IN DEMO PROBLEM  *                       
                                     *  D01002A ABOUT SYSTEM TIMING CONSTANTS    *                       
                                     *                                           *                       
                                     *********************************************                       
                                                                                                         
                         ===X=    TOP OF PAGE REQUEST IF 'X' IS REPLACED BY '='                          
                                                                                                         
1                                                                       / 95 X86_64 Windows_NT NASTRAN     / SEP  4, 16 / PAGE     3
                                                                                                                                    
0                                                                                                                                   
0*** USER INFORMATION MESSAGE 225, GINO TIME CONSTANTS ARE BEING COMPUTED
     (SEE NASINFO FILE FOR ELIMINATION OF THESE COMPUTATIONS)
0*** NASTRAN SYSTEM MESSAGE. IF THESE  16 NEW TIMING CONSTANTS ARE HARD-CODED INTO THE LABEL COMMON /NTIME/ OF
     SUBROUTINE SEMDBD, COMPILE, AND RE-LINKE LINK 1, THE COMPUTATIONS OF THESE CONSTANTS IN ALL NASTRAN JOBS WILL
     BE ELIMINATED.
     OR TO ACCOMPLISH THE SAME RESULT, EDIT THE TIM-LINE IN THE NASINFO FILE TO INCLUDE THESE  16 NEW
     TIMING CONSTANTS

        0.001   0.001   0.001   0.001   0.001   0.001   0.001   0.001   0.001
        0.001   0.001   0.001   0.001   0.001   0.001   0.001






                                        * * * END OF JOB * * *
1
 JOB TITLE =                                                                     
 DATE:  9/ 4/16
 END TIME: 20:22:41
 TOTAL WALL CLOCK TIME      0 SEC.
 
